-7.66974 -7.67169
-7.78123 -7.78291
-8.05117 -8.05107
-7.61493 -7.61979
-7.76778 -7.76761
-8.03842 -8.03846
-7.77354 -7.7744
-8.06113 -8.06099
-7.88459 -7.88494
-7.68665 -7.68216
-8.02604 -8.02551
-8.01741 -8.01726
-7.77385 -7.77053
-7.63521 -7.63128
-7.83635 -7.8361
-7.94831 -7.94857
-8.03902 -8.03883
-8.02142 -8.02114
-7.96603 -7.96691
-7.77026 -7.76945
-7.61142 -7.61548
-7.8038 -7.80764
-7.96591 -7.96606
-8.02661 -8.02638
-8.03037 -8.03001
-8.00371 -8.00327
-7.68422 -7.68584
-7.87222 -7.87032
-7.76168 -7.76117
-7.69862 -7.69785
-7.6228 -7.62843
-7.96827 -7.9683
-7.72353 -7.72341
-7.62375 -7.62002
-7.92802 -7.92843
-8.06183 -8.06159
-8.03083 -8.03093
-8.04044 -8.04002
-7.59643 -7.60396
-7.94188 -7.94135
-7.86999 -7.86728
-7.57232 -7.57858
-7.78213 -7.78151
-7.77192 -7.77263
-7.92491 -7.92406
-7.6911 -7.68273
-7.80687 -7.80894
-7.77064 -7.77008
-7.60545 -7.59396
-8.03764 -8.03725
-7.65466 -7.65292
-8.03726 -8.03714
-7.93246 -7.934
-8.03247 -8.03218
-7.77306 -7.77313
-7.87348 -7.87422
-7.88399 -7.88608
-8.01886 -8.01911
-7.7184 -7.71746
-7.63096 -7.63216
-7.96669 -7.96745
-8.05979 -8.05957
-7.76756 -7.76961
-8.05877 -8.05858
-7.71001 -7.71216
-7.88413 -7.88444
-8.02876 -8.02825
-7.95378 -7.95329
-7.70623 -7.70025
-7.98975 -7.99039
-8.0334 -8.03327
-8.05911 -8.05895
-7.83294 -7.83357
-8.06446 -8.06426
-7.76602 -7.76853
-7.92661 -7.92728
-7.75804 -7.75872
-7.96014 -7.96024
-7.64206 -7.6424
-8.03078 -8.0307
-7.70176 -7.70177
-7.63299 -7.63089
-7.76131 -7.76264
-7.87522 -7.87403
-7.84389 -7.84641
-7.77433 -7.77548
-7.77713 -7.77746
-8.06155 -8.06138
-7.77758 -7.77483
-8.01437 -8.01422
-8.03106 -8.03092
-7.66004 -7.66028
-7.92108 -7.9213
-7.9648 -7.96402
-8.0472 -8.04712
-8.02241 -8.02201
-7.71404 -7.71364
-8.06276 -8.06256
-7.79426 -7.79591
-8.05473 -8.05451
-7.92207 -7.92284
-7.55982 -7.56076
-7.97256 -7.97349
-7.89602 -7.89789
-8.03351 -8.033
-7.83307 -7.83541
-8.05735 -8.0572
-7.62994 -7.62814
-7.77858 -7.7802
-8.0649 -8.06472
-8.0631 -8.06291
-7.6481 -7.64814
-7.93357 -7.93536
-8.01181 -8.01167
-7.92594 -7.92539
-8.05317 -8.05306
-8.04581 -8.04569
-8.0624 -8.06224
-8.04636 -8.04623
-8.02861 -8.02877
-8.0514 -8.05125
-7.94169 -7.94338
-8.02621 -8.02564
-8.03596 -8.03603
-7.98003 -7.97945
-7.71065 -7.71559
-7.77898 -7.77793
-8.05898 -8.05876
-8.02047 -8.01992
-8.04978 -8.0494
-8.01463 -8.01448
-8.01485 -8.01498
-7.58704 -7.57541
-7.77309 -7.77471
-7.85087 -7.84961
-8.04133 -8.04083
-7.76751 -7.76753
-7.95845 -7.95829
-7.5371 -7.54063
-8.0548 -8.05467
-7.88635 -7.88769
-7.76079 -7.76057
-8.0616 -8.06145
-8.02088 -8.02116
-8.04587 -8.04555
-8.05563 -8.05544
-7.94756 -7.94596
-7.95743 -7.95824
-7.79915 -7.79441
-7.58938 -7.5962
-7.64891 -7.6492
-8.06386 -8.06367
-8.02898 -8.02884
-8.05797 -8.05782
-8.05233 -8.05219
-8.01187 -8.01222
-8.05827 -8.05811
-7.99864 -7.99797
-7.77392 -7.77676
-7.91276 -7.91379
-7.71285 -7.71604
-7.88444 -7.88387
-8.06033 -8.06018
-7.77091 -7.76947
-7.80688 -7.80895
-8.0654 -8.06521
-8.05447 -8.05435
-7.96823 -7.96905
-7.99742 -7.99727
-8.06463 -8.06444
-7.95306 -7.95419
-7.91822 -7.91866
-7.98526 -7.98596
-7.59917 -7.60149
-7.57032 -7.56313
-7.59304 -7.59411
-8.02455 -8.02419
-7.77957 -7.78168
-7.66382 -7.65332
-7.91325 -7.9113
-7.99948 -7.99927
-7.86376 -7.86236
-7.90741 -7.90765
-7.95912 -7.95855
-7.61811 -7.61182
-8.01839 -8.01753
-8.0343 -8.03421
-7.78546 -7.78641
-8.03559 -8.03547
-8.04956 -8.04948
-8.02415 -8.02332
-8.01282 -8.01259
-7.77537 -7.7756
-7.77595 -7.778
-8.00886 -8.00871
-7.98549 -7.98565
-7.77223 -7.77317
-7.91279 -7.9138
-7.68584 -7.68611
-7.5058 -7.50942
-7.62362 -7.61792
-7.78327 -7.78199
-7.91733 -7.91749
-7.92127 -7.91952
-7.79794 -7.79961
-8.02238 -8.0219
-8.06263 -8.06241
-8.0243 -8.0235
-7.59753 -7.59835
-8.03381 -8.03374
-7.66193 -7.66341
-7.70192 -7.70389
-7.70008 -7.69945
-8.04104 -8.04102
-8.0481 -8.04798
-8.06308 -8.06291
-8.06233 -8.06218
-7.6138 -7.60784
-8.04716 -8.04711
-8.05143 -8.05111
-8.04051 -8.04053
-8.0652 -8.06501
-8.03775 -8.03775
-7.92012 -7.92003
-7.62364 -7.62333
-7.88268 -7.88206
-7.56189 -7.55587
-7.61941 -7.62718
-7.63933 -7.63217
-8.01832 -8.01864
-7.72065 -7.71804
-8.05607 -8.05593
-7.59701 -7.60129
-8.03663 -8.03603
-7.7629 -7.76536
-8.06234 -8.06217
-8.04242 -8.04239
-7.77522 -7.77301
-8.03804 -8.03791
-7.77326 -7.7748
-8.01855 -8.01792
-8.03128 -8.03039
-7.98146 -7.98221
-7.81969 -7.82088
-7.77403 -7.7731
-7.59395 -7.58718
-7.5957 -7.59592
-8.05903 -8.05881
-7.93786 -7.93859
-8.06147 -8.06125
-8.02215 -8.02203
-8.05987 -8.05967
-7.77701 -7.77622
-7.62195 -7.62272
-8.06371 -8.06352
-7.92692 -7.92731
-7.62537 -7.62643
-8.03222 -8.03207
-7.7676 -7.76855
-7.98108 -7.98184
-7.80682 -7.80888
-7.76814 -7.76936
-8.05486 -8.05474
-7.80686 -7.80893
-7.76768 -7.76628
-7.56635 -7.56533
-7.77104 -7.77341
-7.56043 -7.56053
-8.06082 -8.06065
-8.03614 -8.03584
-7.66204 -7.66124
-8.05089 -8.05067
-7.75953 -7.75985
-8.03771 -8.03758
-7.76703 -7.76914
-7.97695 -7.97679
-7.76786 -7.76867
-8.03173 -8.03108
-8.01208 -8.01183
-8.02744 -8.02741
-7.93032 -7.92995
-7.68318 -7.68432
-7.87997 -7.88146
-7.9229 -7.92319
-7.80687 -7.80894
-7.85149 -7.85533
-8.04624 -8.04617
-8.04111 -8.04098
-7.95698 -7.95779
-7.76801 -7.77061
-7.86522 -7.86327
-8.04523 -8.04517
-7.76533 -7.76655
-8.02384 -8.02362
-8.02167 -8.02191
-8.01933 -8.01912
-8.0233 -8.02346
-7.62626 -7.62464
-7.98909 -7.98787
-7.96365 -7.96446
-7.94802 -7.94828
-7.7644 -7.76578
-8.024 -8.02344
-7.9936 -7.99318
-7.6404 -7.64862
-7.69515 -7.69735
-7.78202 -7.78417
-7.62784 -7.62907
-7.76775 -7.76814
-7.63137 -7.63106
-7.616 -7.61585
-7.91394 -7.91451
-7.7554 -7.75715
-7.9117 -7.91168
-8.05966 -8.05949
-7.95649 -7.95664
-7.70028 -7.70241
-7.96391 -7.96191
-8.06509 -8.0649
-7.72368 -7.72467
-7.8879 -7.88805
-8.02292 -8.02314
-7.89843 -7.89932
-7.77318 -7.77345
-7.80656 -7.80848
-8.03528 -8.03474
-8.03743 -8.03726
-8.06267 -8.06252
-7.76313 -7.76524
-7.77473 -7.77634
-8.0263 -8.02604
-7.77656 -7.77661
-8.00111 -8.00089
-7.6905 -7.68877
-7.77317 -7.77437
-7.6936 -7.69194
-7.77703 -7.77848
-8.02189 -8.02168
-7.72828 -7.72889
-7.9119 -7.91197
-7.47767 -7.47717
-8.05769 -8.05754
-8.05542 -8.05527
-8.03449 -8.03419
-7.98909 -7.98901
-7.60613 -7.60941
-8.02401 -8.02365
-7.83588 -7.83807
-7.65593 -7.65297
-7.68153 -7.68407
-7.79116 -7.79506
-7.99597 -7.99464
-7.64499 -7.64774
-7.76229 -7.76227
-7.93449 -7.9346
-7.80664 -7.80862
-7.72033 -7.721
-7.87738 -7.87704
-7.99757 -7.99811
-7.65123 -7.64953
-8.0448 -8.04404
-7.60302 -7.60822
-7.77146 -7.77274
-7.83188 -7.83076
-7.6285 -7.6279
-7.77115 -7.7725
-7.90532 -7.90704
-7.72654 -7.72815
-8.0588 -8.05864
-8.05079 -8.05068
-7.58467 -7.58306
-8.01714 -8.01683
-7.80662 -7.80857
-8.04507 -8.04459
-8.01516 -8.01547
-7.70619 -7.70475
-7.77252 -7.77363
-8.06117 -8.06096
-8.06491 -8.06473
-8.0501 -8.04969
-8.02174 -8.02197
-8.02536 -8.02514
-7.62452 -7.62605
-7.61378 -7.61479
-8.04952 -8.04922
-7.8066 -7.80854
-7.9366 -7.93769
-8.0325 -8.03237
-7.91253 -7.91356
-7.6886 -7.68677
-7.76804 -7.76634
-7.76838 -7.76953
-7.90095 -7.90078
-7.78427 -7.78454
-7.81331 -7.81507
-7.77484 -7.77698
-7.72195 -7.72175
-8.03873 -8.0384
-7.77283 -7.77354
-8.02767 -8.02737
-8.04283 -8.04266
-7.98635 -7.98534
-8.01028 -8.00983
-8.03188 -8.03135
-8.03062 -8.03027
-7.58193 -7.58223
-8.037 -8.03705
-7.91346 -7.91291
-7.78135 -7.78187
-7.99613 -7.9967
-7.77408 -7.77418
-8.00484 -8.00435
-8.05379 -8.05364
-8.04007 -8.03995
-7.80673 -7.80875
-8.01813 -8.01836
-7.77337 -7.77455
-7.71222 -7.71107
-8.05091 -8.05078
-7.94216 -7.94155
-7.8645 -7.86606
-7.60262 -7.59443
-7.77511 -7.77764
-7.98954 -7.98943
-7.70726 -7.70692
-8.04744 -8.04693
-7.96395 -7.96381
-8.02984 -8.03003
-7.75909 -7.76082
-7.62492 -7.62115
-7.94247 -7.94283
-7.7087 -7.70714
-7.77047 -7.77236
-7.72838 -7.72935
-7.77781 -7.77951
-7.80684 -7.8089
-7.89831 -7.89918
-8.01217 -8.01144
-7.99967 -7.99953
-8.04602 -8.04562
-7.89189 -7.89264
-7.77163 -7.7718
-7.84634 -7.84613
-7.91703 -7.91673
-7.8459 -7.84495
-8.05514 -8.05501
-8.05362 -8.05351
-7.77861 -7.7782
-7.68471 -7.68309
-7.64352 -7.64106
-7.83275 -7.83326
-7.94457 -7.94342
-8.00847 -8.00887
-8.02583 -8.02602
-7.66078 -7.65492
-7.94878 -7.94819
-7.80599 -7.80708
-7.9807 -7.98145
-7.93551 -7.93598
-7.59942 -7.59115
-7.78059 -7.78329
-7.67868 -7.68085
-7.98026 -7.97961
-7.76716 -7.76907
-8.01712 -8.017
-7.51754 -7.51447
-8.02659 -8.02621
-8.06494 -8.06477
-7.9441 -7.94477
-7.76867 -7.76989
-8.06363 -8.06345
-7.66627 -7.66867
-7.92006 -7.91908
-8.05122 -8.05112
-7.98956 -7.98945
-7.6191 -7.6197
-8.03313 -8.03322
-7.85128 -7.84926
-7.9167 -7.91794
-8.02923 -8.02935
-8.04871 -8.04864
-8.02529 -8.02515
-7.76721 -7.76876
-7.99195 -7.99082
-8.03818 -8.03791
-7.80678 -7.80882
-7.97571 -7.97568
-8.01835 -8.01863
-7.93564 -7.93689
-8.065 -8.0648
-8.00052 -8.00088
-7.86423 -7.86416
-7.84403 -7.8454
-7.97618 -7.97615
-8.0537 -8.05354
-7.77399 -7.77482
-7.68412 -7.68752
-7.7081 -7.70971
-7.87411 -7.87614
-8.05082 -8.05071
-7.76311 -7.76473
-8.03477 -8.03464
-8.01433 -8.01419
-7.98773 -7.98713
-7.60514 -7.59952
-8.04827 -8.04809
-7.96827 -7.96907
-8.0307 -8.03043
-8.05829 -8.0581
-7.68619 -7.68361
-7.80298 -7.8069
-8.04644 -8.04613
-7.89198 -7.89328
-7.77446 -7.77536
-8.06155 -8.06141
-8.06412 -8.06394
-7.86879 -7.86732
-7.61466 -7.61196
-7.8967 -7.89868
-7.90591 -7.90572
-7.90859 -7.90876
-8.06157 -8.06135
-7.92172 -7.92215
-7.99725 -7.99779
-8.01174 -8.01113
-8.04756 -8.04717
-8.00208 -8.00153
-7.82197 -7.82534
-7.92841 -7.92879
-7.78057 -7.78089
-7.76438 -7.76644
-7.88781 -7.88708
-8.0227 -8.02282
-7.65001 -7.65161
-7.99469 -7.99405
-7.88938 -7.89128
-8.04569 -8.04526
-7.89889 -7.89826
-8.01391 -8.01428
-8.03807 -8.03789
-7.68633 -7.68584
-8.06544 -8.06526
-7.893 -7.89629
-7.58466 -7.58615
-7.94024 -7.94057
-7.93554 -7.93602
-7.6249 -7.62184
-7.99964 -7.9991
-8.02934 -8.02878
-8.06338 -8.0632
-7.70234 -7.70208
-7.69696 -7.696
-7.65917 -7.6565
-7.87526 -7.87405
-8.0338 -8.03311
-7.91392 -7.91479
-7.80669 -7.80869
-7.62923 -7.62885
-8.05514 -8.05502
-8.02565 -8.02546
-7.58885 -7.58663
-8.0053 -8.00436
-7.85975 -7.861
-7.87018 -7.87167
-8.06204 -8.06189
-7.92452 -7.92559
-8.02132 -8.02137
-8.04072 -8.04074
-8.06301 -8.06285
-7.80634 -7.80805
-7.91164 -7.91165
-8.05539 -8.05526
-8.03365 -8.03352
-7.77792 -7.77876
-7.94123 -7.94157
-8.03694 -8.03682
-7.99314 -7.99312
-8.06229 -8.06208
-8.02951 -8.02966
-8.04521 -8.04517
-8.03904 -8.03892
-7.60192 -7.60609
-8.0456 -8.04518
-8.05402 -8.05367
-7.76602 -7.76599
-8.06087 -8.06064
-7.69318 -7.6933
-7.99376 -7.99432
-8.02354 -8.02271
-7.76987 -7.76979
-7.75763 -7.75663
-8.0473 -8.04683
-8.05788 -8.05775
-7.60655 -7.60669
-8.051 -8.05064
-7.77375 -7.77342
-8.05764 -8.05751
-8.00131 -8.0018
-7.77069 -7.77128
-8.04846 -8.04816
-7.97797 -7.97874
-7.93817 -7.93966
-8.03659 -8.03624
-8.06389 -8.06372
-7.85924 -7.85827
-8.03959 -8.03924
-7.9974 -7.99715
-7.99324 -7.99253
-7.77391 -7.7768
-8.03139 -8.03125
-7.97338 -7.97417
-7.55857 -7.55673
-8.02251 -8.02232
-7.9311 -7.93167
-8.05224 -8.05204
-8.05761 -8.05749
-7.77725 -7.77873
-7.58174 -7.58531
-7.85217 -7.8531
-8.04327 -8.04269
-7.92245 -7.92333
-7.9997 -7.99957
-7.97503 -7.9751
-7.96992 -7.96998
-7.95486 -7.95483
-7.57198 -7.57395
-7.95937 -7.95954
-8.02536 -8.02473
-8.03072 -8.03064
-7.61077 -7.6152
-8.04505 -8.04461
-7.99937 -7.99923
-7.66732 -7.66654
-7.92433 -7.92401
-7.92082 -7.92188
-8.02114 -8.0206
-7.74954 -7.75051
-8.02992 -8.02964
-7.6259 -7.61752
-7.86416 -7.86643
-7.99726 -7.99609
-7.69395 -7.69497
-8.06114 -8.06097
-7.77672 -7.77744
-7.79047 -7.79339
-7.87398 -7.87373
-8.06395 -8.06376
-7.60688 -7.60572
-7.97546 -7.97542
-7.96979 -7.96927
-7.71268 -7.71394
-8.06444 -8.06425
-7.93263 -7.93263
-7.95325 -7.95238
-7.97355 -7.97381
-8.05332 -8.05316
-8.02687 -8.02606
-7.91758 -7.91887
-7.64423 -7.63964
-8.03264 -8.03228
-7.95189 -7.95096
-7.77211 -7.77327
-8.02869 -8.02858
-7.77819 -7.78047
-7.67959 -7.67919
-8.00189 -8.00085
-7.77208 -7.77081
-8.02165 -8.02146
-7.74226 -7.74263
-7.79915 -7.79441
-8.06111 -8.06088
-8.05317 -8.05306
-8.06305 -8.0629
-7.95411 -7.95487
-7.71529 -7.71985
-7.59096 -7.58848
-7.95714 -7.95768
-8.02975 -8.0299
-8.02026 -8.02048
-8.03877 -8.03878
-7.69855 -7.69789
-7.72182 -7.72455
-7.78137 -7.78092
-8.06272 -8.06254
-8.03481 -8.03489
-8.04208 -8.04208
-7.77326 -7.77352
-7.80663 -7.80859
-8.04107 -8.04095
-8.03788 -8.03762
-8.01379 -8.014
-8.05872 -8.05859
-7.7688 -7.76895
-7.68204 -7.68065
-7.97143 -7.97119
-7.99371 -7.9943
-7.77647 -7.77834
-7.77749 -7.77883
-7.70547 -7.70311
-7.69316 -7.69319
-7.77297 -7.77562
-7.80642 -7.80822
-8.04319 -8.04316
-7.79614 -7.79262
-8.00012 -7.99995
-8.06123 -8.061
-7.63575 -7.63449
-7.66132 -7.6682
-7.92007 -7.91926
-7.76368 -7.76505
-8.0458 -8.04568
-8.06453 -8.06434
-7.93911 -7.93825
-7.95652 -7.95668
-8.01164 -8.01148
-7.86183 -7.86012
-7.9287 -7.92929
-7.61592 -7.61946
-7.9221 -7.92287
-8.06517 -8.06498
-7.993 -7.99244
-7.76086 -7.76177
-7.70062 -7.69863
-7.72003 -7.71746
-8.04927 -8.04914
-7.76809 -7.76848
-7.98171 -7.98185
-8.02251 -8.0217
-8.04691 -8.04639
-8.04067 -8.04045
-7.70344 -7.70423
-7.96414 -7.9642
-7.77173 -7.7705
-8.02249 -8.02256
-8.03586 -8.03574
-7.62938 -7.62928
-7.778 -7.77963
-7.71293 -7.71336
-8.05936 -8.05919
-7.61419 -7.61456
-7.69432 -7.69116
-7.99812 -7.9979
-7.93055 -7.93081
-7.89272 -7.89316
-7.80681 -7.80887
-7.72858 -7.73071
-7.58676 -7.5889
-8.05355 -8.05343
-8.05765 -8.0575
-7.94365 -7.94279
-7.76199 -7.76052
-7.67438 -7.67162
-7.8065 -7.80837
-8.0373 -8.03713
-7.61641 -7.61971
-7.88032 -7.88181
-7.61751 -7.61869
-7.59541 -7.59476
-7.66902 -7.66881
-7.90491 -7.90609
-7.89996 -7.89963
-7.78317 -7.78528
-8.00474 -8.00455
-8.0028 -8.00266
-8.0312 -8.03076
-7.99957 -8.0001
-7.95551 -7.9544
-7.76589 -7.7689
-7.77288 -7.77464
-7.96439 -7.96445
-7.6078 -7.60016
-7.92458 -7.92485
-8.03589 -8.03577
-7.68608 -7.68815
-8.06212 -8.06194
-7.93479 -7.93492
-7.62435 -7.62527
-7.97934 -7.97929
-7.93988 -7.94027
-8.0442 -8.04417
-7.80685 -7.80892
-7.77458 -7.77538
-8.04419 -8.04416
-7.90021 -7.90062
-7.59788 -7.59328
-7.89399 -7.89344
-7.76796 -7.76988
-7.77559 -7.77638
-7.9169 -7.91706
-7.86875 -7.8673
-7.98302 -7.9829
-8.04177 -8.0416
-7.92854 -7.92911
-8.02688 -8.02668
-7.88416 -7.88485
-8.03659 -8.03633
-7.88437 -7.88628
-8.00537 -8.00461
-7.96049 -7.96031
-7.80682 -7.80887
-7.88452 -7.88779
-8.04639 -8.04593
-8.03988 -8.03992
-8.04048 -8.0399
-8.06186 -8.06163
-8.05558 -8.05538
-7.77518 -7.7753
-7.66926 -7.66691
-7.93855 -7.93932
-7.62998 -7.63085
-8.03753 -8.03724
-7.6058 -7.60415
-7.61167 -7.60743
-7.67856 -7.67985
-7.70074 -7.70141
-7.87676 -7.87808
-7.65037 -7.65065
-7.95597 -7.95646
-8.06269 -8.06253
-7.96417 -7.96423
-7.82446 -7.82571
-8.02696 -8.02713
-7.96235 -7.96163
-8.06514 -8.06494
-8.04957 -8.04949
-7.79915 -7.79441
-8.06399 -8.06379
-7.80687 -7.80895
-8.02421 -8.02437
-7.76779 -7.76809
-7.90749 -7.90728
-8.01863 -8.01825
-7.61966 -7.62226
-7.75256 -7.7511
-7.71671 -7.71512
-8.03505 -8.03484
-7.88589 -7.88646
-8.05676 -8.05658
-7.99018 -7.98909
-7.70108 -7.70274
-8.04323 -8.04278
-8.05285 -8.05273
-7.94379 -7.94446
-7.80669 -7.80868
-7.92228 -7.92277
-7.80671 -7.80872
-8.02541 -8.0256
-7.76265 -7.7619
-8.01947 -8.01886
-7.80685 -7.80891
-7.98156 -7.9817
-7.64903 -7.64943
-8.03122 -8.03068
-8.01525 -8.01487
-7.91552 -7.91637
-7.69336 -7.69439
-7.87284 -7.8731
-7.8719 -7.87322
-7.77195 -7.77304
-8.06499 -8.0648
-7.63561 -7.63063
-8.02273 -8.02259
-8.06444 -8.06425
-7.70786 -7.70443
-7.69509 -7.69697
-8.02556 -8.02584
-7.99745 -7.99713
-7.75953 -7.75991
-7.95864 -7.95942
-8.05641 -8.05627
-7.7683 -7.76935
-7.68511 -7.68704
-8.06431 -8.06413
-7.85562 -7.85657
-7.66525 -7.66596
-7.62393 -7.62105
-7.61855 -7.61529
-7.97007 -7.96909
-7.80675 -7.80877
-7.78026 -7.78042
-7.98118 -7.98193
-8.03027 -8.03039
-8.05607 -8.05594
-7.68905 -7.69039
-8.06194 -8.06172
-7.69415 -7.69604
-8.0398 -8.03916
-8.05192 -8.05173
-7.76954 -7.77074
-7.91016 -7.90946
-7.92995 -7.9296
-7.77045 -7.77138
-7.72881 -7.73062
-7.8066 -7.80853
-8.05318 -8.053
-7.53041 -7.53191
-7.99944 -7.9993
-8.06154 -8.0614
-7.80679 -7.80883
-7.69211 -7.69335
-8.02219 -8.0215
-8.04809 -8.04803
-8.02376 -8.02296
-7.68277 -7.68501
-8.04638 -8.04584
-8.03493 -8.03473
-7.91848 -7.91704
-7.77643 -7.77773
-7.97189 -7.97189
-7.93497 -7.93628
-8.00325 -8.00303
-8.02724 -8.02742
-8.01293 -8.01262
-8.00886 -8.00872
-8.03545 -8.03526
-7.92877 -7.92926
-7.87814 -7.87728
-7.9679 -7.96788
-7.98771 -7.98684
-7.57265 -7.5799
-7.77534 -7.77553
-8.05055 -8.05043
-8.00653 -8.00531
-7.67353 -7.67568
-8.02731 -8.0268
-8.06478 -8.06461
-8.05201 -8.05191
-8.06496 -8.06477
-7.65865 -7.66038
-8.00133 -8.00181
-8.0046 -8.00505
-7.92095 -7.92214
-7.96769 -7.96824
-8.02587 -8.02571
-7.90299 -7.90405
-8.05825 -8.05807
-8.05394 -8.05382
-8.00164 -8.0007
-8.03901 -8.03882
-7.98963 -7.98997
-8.01967 -8.01994
-7.91903 -7.91833
-8.04603 -8.04565
-8.01696 -8.01626
-7.62724 -7.63094
-8.04416 -8.04366
-8.05993 -8.05968
-7.81361 -7.81428
-7.95383 -7.95406
-7.65184 -7.65373
-7.89395 -7.89342
-8.0531 -8.05295
-8.04514 -8.04468
-7.86216 -7.86045
-7.57822 -7.57389
-7.78284 -7.7802
-7.61022 -7.60978
-7.85567 -7.85909
-7.68522 -7.68433
-8.06496 -8.06477
-7.91046 -7.90832
-8.04016 -8.03992
-7.88276 -7.88338
-8.06538 -8.06519
-8.06198 -8.06183
-7.69846 -7.69644
-7.65905 -7.6589
-8.06246 -8.06228
-7.70731 -7.70783
-7.62012 -7.62397
-7.80675 -7.80878
-7.77051 -7.77027
-7.80685 -7.80891
-7.91848 -7.91929
-7.76466 -7.76402
-8.0462 -8.04616
-8.06082 -8.06067
-7.84293 -7.8428
-7.93252 -7.93274
-8.06544 -8.06526
-8.03394 -8.03365
-7.96499 -7.96501
-7.87921 -7.8799
-7.59911 -7.60806
-8.05701 -8.05688
-8.01289 -8.01242
-7.89969 -7.89793
-8.06122 -8.06106
-7.77317 -7.77373
-8.03908 -8.03895
-8.04349 -8.04314
-7.77067 -7.77252
-7.92637 -7.92704
-8.05821 -8.05807
-7.80677 -7.80881
-8.02131 -8.02046
-7.80613 -7.80751
-7.53088 -7.53079
-8.06064 -8.06048
-8.0317 -8.03116
-8.01728 -8.01715
-8.02532 -8.02521
-8.05308 -8.05297
-7.59727 -7.59861
-8.03385 -8.03366
-8.03823 -8.03813
-8.06306 -8.06288
-8.03873 -8.0386
-7.94804 -7.94829
-8.01187 -8.01223
-7.87895 -7.87759
-7.62362 -7.61797
-8.0262 -8.02519
-7.71698 -7.71683
-8.00567 -8.00553
-8.03904 -8.03893
-7.98587 -7.98578
-8.05855 -8.05839
-8.0237 -8.02322
-8.02021 -8.01928
-7.64124 -7.64348
-7.70606 -7.7042
-7.63692 -7.63581
-8.04638 -8.04612
-7.89996 -7.89962
-7.77844 -7.77827
-7.95041 -7.9489
-7.95734 -7.95823
-7.89472 -7.89698
-7.60371 -7.60798
-7.64944 -7.64047
-7.99757 -7.99811
-7.80688 -7.80895
-8.06025 -8.06004
-7.65216 -7.65145
-8.05882 -8.05861
-8.04312 -8.04271
-8.05965 -8.05943
-8.06111 -8.06094
-8.03164 -8.03161
-8.05794 -8.05774
-7.68421 -7.68477
-8.06535 -8.06516
-8.03976 -8.03942
-7.77342 -7.77377
-7.96528 -7.96353
-7.76903 -7.7684
-7.84453 -7.84656
-8.04051 -8.03998
-7.70646 -7.70595
-7.76932 -7.76972
-7.91885 -7.91804
-7.98172 -7.98137
-7.97688 -7.97767
-8.02493 -8.02479
-7.8059 -7.80624
-7.94456 -7.94483
-7.92644 -7.92739
-8.01915 -8.01916
-8.04904 -8.04895
-8.05928 -8.05914
-7.87122 -7.87238
-7.71899 -7.71845
-8.02206 -8.02161
-8.05786 -8.05773
-7.68264 -7.67474
-7.94014 -7.93979
-7.75748 -7.757
-7.77555 -7.77648
-7.773 -7.77232
-7.77544 -7.77619
-7.61953 -7.62837
-7.9789 -7.97741
-8.06533 -8.06514
-8.03215 -8.03207
-7.77933 -7.78003
-7.85584 -7.85654
-8.04259 -8.04255
-7.9232 -7.92338
-7.93611 -7.93569
-8.02408 -8.02428
-7.70147 -7.70418
-7.64684 -7.64821
-7.76882 -7.77086
-8.05238 -8.05226
-8.00141 -8.00189
-7.62233 -7.6266
-8.04847 -8.04831
-7.93181 -7.9309
-7.77157 -7.77342
-8.04986 -8.04965
-7.86208 -7.86218
-8.04013 -8.03994
-8.03097 -8.0311
-7.77499 -7.7757
-7.76967 -7.77034
-7.98974 -7.99039
-7.7677 -7.76981
-8.05832 -8.05811
-8.06544 -8.06526
-7.98169 -7.98111
-7.77099 -7.77068
-8.0433 -8.04294
-8.04104 -8.04075
-7.77232 -7.77335
-7.96558 -7.96488
-8.01172 -8.01207
-8.04589 -8.04585
-8.03333 -8.03317
-8.05978 -8.05958
-8.00939 -8.00895
-8.04483 -8.04461
-7.65352 -7.65188
-7.99773 -7.99745
-7.77572 -7.77422
-7.62075 -7.62116
-8.03266 -8.03253
-8.03022 -8.03021
-8.02297 -8.02277
-8.0201 -8.01996
-8.06537 -8.06518
-8.05924 -8.05911
-7.93313 -7.93238
-7.88686 -7.88701
-7.76138 -7.76138
-8.03433 -8.03413
-7.98986 -7.98976
-8.04923 -8.04912
-7.76755 -7.76865
-8.00049 -7.9999
-7.95278 -7.95294
-8.02447 -8.02403
-7.90698 -7.90835
-7.90199 -7.90188
-7.69612 -7.69413
-7.90941 -7.91052
-8.0436 -8.04309
-8.0498 -8.04959
-7.76939 -7.77139
-7.77179 -7.77346
-8.01966 -8.01945
-7.7748 -7.77658
-8.0576 -8.05741
-7.89821 -7.8981
-8.06302 -8.06285
-7.64085 -7.64165
-7.85068 -7.84795
-7.77813 -7.77905
-7.60005 -7.60045
-8.01274 -8.01221
-7.59623 -7.59695
-8.0382 -8.03776
-8.01717 -8.01702
-7.70429 -7.7034
-8.0308 -8.03063
-7.76414 -7.76429
-8.03104 -8.03111
-7.77452 -7.77642
-8.02752 -8.02738
-7.98842 -7.98737
-8.0313 -8.03099
-8.03218 -8.03205
-7.7897 -7.79434
-7.7812 -7.7818
-7.70287 -7.70515
-7.70093 -7.69944
-8.06111 -8.06094
-7.90148 -7.90319
-8.06426 -8.06408
-7.95659 -7.95619
-7.95247 -7.95267
-7.7682 -7.76962
-7.92633 -7.927
-8.03975 -8.03957
-8.02173 -8.02095
-8.01839 -8.01864
-7.69104 -7.68539
-7.63903 -7.63635
-8.0645 -8.06432
-8.04989 -8.0498
-8.02689 -8.0263
-8.02534 -8.0247
-8.01463 -8.01465
-7.76995 -7.77156
-7.76587 -7.76661
-8.02982 -8.02962
-7.98652 -7.98682
-7.83069 -7.83186
-8.04379 -8.0436
-8.03982 -8.03919
-8.0597 -8.05948
-7.71322 -7.71565
-7.66492 -7.66627
-8.04654 -8.04645
-7.86768 -7.86931
-7.92663 -7.9273
-7.88188 -7.88418
-7.9053 -7.90681
-7.60119 -7.60792
-7.68751 -7.68956
-7.98527 -7.98597
-8.05637 -8.0562
-7.7799 -7.78131
-8.01427 -8.01377
-7.77038 -7.77303
-7.92461 -7.92622
-8.03899 -8.03881
-7.89039 -7.8915
-8.018 -8.01827
-8.05467 -8.05454
-7.98644 -7.98636
-8.05203 -8.0519
-8.06236 -8.06221
-7.98933 -7.98956
-7.97201 -7.97201
-7.76083 -7.76354
-8.0634 -8.06322
-7.69413 -7.69609
-8.04328 -8.04311
-7.62654 -7.63079
-7.71204 -7.70776
-7.63301 -7.62839
-7.87087 -7.86972
-7.63664 -7.62935
-7.727 -7.72883
-7.89413 -7.89585
-8.03516 -8.03496
-7.92665 -7.92731
-7.77031 -7.77138
-7.92736 -7.92632
-7.89952 -7.90252
-7.87239 -7.87495
-8.06163 -8.06145
-7.80684 -7.8089
-7.79915 -7.79441
-7.77058 -7.77286
-8.0645 -8.06431
-7.91746 -7.91835
-8.0059 -8.00576
-7.71219 -7.71023
-7.77013 -7.77092
-8.04107 -8.04095
-7.80629 -7.80758
-8.06362 -8.06345
-7.99711 -7.99765
-7.71814 -7.71692
-7.67475 -7.67208
-7.88463 -7.88331
-7.66039 -7.658
-8.05041 -8.05024
-7.70132 -7.70115
-7.66698 -7.66371
-7.68529 -7.68612
-7.98598 -7.98583
-7.66112 -7.6604
-7.96844 -7.96784
-8.01976 -8.01974
-8.02963 -8.02915
-7.61327 -7.61117
-8.03184 -8.03152
-7.88733 -7.88661
-7.61737 -7.61773
-7.95217 -7.953
-7.88785 -7.88741
-7.96437 -7.96528
-8.06451 -8.06431
-7.76715 -7.76863
-7.89534 -7.89491
-8.02725 -8.0273
-7.77518 -7.77627
-7.9981 -7.99789
-8.00364 -8.00402
-7.95889 -7.9597
-8.04899 -8.0485
-7.8775 -7.87849
-7.702 -7.70217
-8.02936 -8.02921
-7.82794 -7.82723
-8.05701 -8.05689
-7.98553 -7.98552
-8.044 -8.04388
-8.01174 -8.01156
-8.04459 -8.04385
-8.06141 -8.06119
-8.04865 -8.04857
-7.6642 -7.66261
-8.04864 -8.04847
-7.98155 -7.9806
-7.80629 -7.80795
-8.041 -8.04102
-8.05733 -8.0572
-8.02746 -8.02732
-8.02594 -8.02592
-7.63471 -7.64065
-7.94879 -7.94828
-7.97995 -7.98025
-7.77491 -7.77246
-7.94863 -7.94937
-7.93237 -7.93287
-8.06333 -8.06315
-7.65702 -7.65752
-7.86668 -7.86482
-8.05514 -8.05497
-8.06481 -8.06462
-7.66801 -7.67114
-8.05311 -8.05299
-7.91425 -7.91269
-7.62582 -7.62835
-7.71023 -7.71262
-8.04389 -8.04375
-7.51424 -7.51361
-8.02484 -8.02503
-8.06505 -8.06487
-7.54904 -7.54411
-7.99773 -7.99704
-7.69809 -7.69436
-7.9964 -7.9962
-7.70138 -7.7001
-7.71446 -7.71821
-7.81855 -7.81856
-8.06503 -8.06484
-8.04775 -8.04769
-7.76324 -7.76459
-7.80319 -7.8048
-7.75088 -7.75122
-7.91015 -7.90915
-8.02181 -8.02153
-8.05134 -8.05122
-8.03441 -8.03389
-8.0561 -8.05595
-8.00722 -8.00633
-8.03751 -8.03695
-7.85747 -7.85585
-8.02504 -8.0249
-8.03497 -8.03456
-8.05642 -8.05628
-7.98291 -7.98284
-8.01079 -8.01025
-7.55914 -7.56473
-7.6217 -7.62623
-7.87299 -7.87436
-8.05859 -8.05841
-7.64852 -7.65246
-7.59631 -7.59634
-7.60198 -7.59961
-7.93072 -7.93102
-7.7601 -7.75838
-7.94588 -7.94547
-7.96716 -7.96662
-7.96944 -7.97011
-7.77095 -7.77353
-7.91119 -7.9112
-7.70134 -7.70041
-7.69278 -7.68833
-7.99878 -7.99836
-7.76997 -7.77179
-7.99156 -7.99078
-8.05886 -8.0587
-8.058 -8.05783
-8.05664 -8.05644
-7.69362 -7.69052
-7.80686 -7.80893
-8.0271 -8.02708
-7.69803 -7.69696
-8.02429 -8.02395
-8.04806 -8.04798
-7.84647 -7.84479
-7.79915 -7.79441
-7.91126 -7.91262
-8.00783 -8.00765
-7.91143 -7.91121
-7.95207 -7.95227
-8.04738 -8.04705
-7.76345 -7.76176
-7.99606 -7.99517
-8.03227 -8.03214
-7.92881 -7.92798
-7.99447 -7.99385
-7.94154 -7.94257
-8.02868 -8.02841
-7.77996 -7.78271
-8.06151 -8.06128
-7.60049 -7.59365
-7.44271 -7.43733
-7.95121 -7.95084
-7.96783 -7.96767
-8.06544 -8.06526
-7.61418 -7.61116
-8.06138 -8.06113
-7.65945 -7.66179
-8.06496 -8.06477
-8.02853 -8.02868
-7.57121 -7.57187
-8.02789 -8.0276
-7.76696 -7.76853
-7.77748 -7.77717
-7.99762 -7.99813
-7.89785 -7.89891
-7.76483 -7.7632
-7.8138 -7.81458
-7.81397 -7.81564
-7.76608 -7.7664
-8.05157 -8.05124
-7.68535 -7.683
-7.67951 -7.67688
-7.77384 -7.77499
-7.89418 -7.8959
-8.06272 -8.06256
-7.76456 -7.7639
-7.71565 -7.71436
-7.99333 -7.99394
-8.0071 -8.0072
-7.65816 -7.65637
-8.02291 -8.02314
-7.80685 -7.80892
-7.97652 -7.97728
-7.9618 -7.96259
-7.76355 -7.75865
-7.95901 -7.95921
-8.05915 -8.05897
-7.70295 -7.69568
-7.59908 -7.59801
-7.95869 -7.95958
-8.02042 -8.02019
-8.0526 -8.05245
-7.82183 -7.82475
-8.01137 -8.01142
-7.73168 -7.7284
-8.04078 -8.04066
-8.04677 -8.04662
-7.69235 -7.69401
-8.06544 -8.06526
-7.63282 -7.63475
-7.75265 -7.75492
-7.93338 -7.93268
-7.77401 -7.77263
-7.71011 -7.71112
-7.86174 -7.86003
-7.77882 -7.78047
-7.71084 -7.70922
-7.66893 -7.66647
-7.94395 -7.94412
-7.81671 -7.81814
-7.99372 -7.9943
-8.02696 -8.02669
-7.77788 -7.77947
-7.6966 -7.6967
-7.8562 -7.85761
-7.93127 -7.9303
-8.02114 -8.02117
-8.05641 -8.05629
-7.63473 -7.63145
-7.90168 -7.90294
-7.7665 -7.76725
-8.02079 -8.02016
-8.06109 -8.06086
-8.05235 -8.05223
-7.6312 -7.62933
-7.67338 -7.67401
-8.06404 -8.06384
-8.05579 -8.05567
-7.5728 -7.57745
-8.06466 -8.06447
-8.04167 -8.04121
-8.03389 -8.03399
-8.06034 -8.06011
-8.03424 -8.03364
-7.9157 -7.91641
-8.02449 -8.02438
-7.69186 -7.68881
-8.05862 -8.05841
-7.88104 -7.8801
-8.04326 -8.04287
-7.64148 -7.64112
-7.85012 -7.84737
-8.02192 -8.02103
-8.0642 -8.06401
-8.0479 -8.04752
-7.56744 -7.57994
-7.53613 -7.53381
-7.58914 -7.58911
-7.80676 -7.80879
-7.63545 -7.63164
-7.7399 -7.74041
-8.02989 -8.02892
-7.77775 -7.77737
-7.91325 -7.91456
-7.76845 -7.77076
-7.80687 -7.80895
-8.06491 -8.06473
-7.80618 -7.80766
-7.97676 -7.97755
-7.61864 -7.61909
-7.61007 -7.60898
-8.02142 -8.02166
-7.77252 -7.77274
-8.00269 -8.00204
-7.69192 -7.69267
-7.6201 -7.62224
-7.69077 -7.69593
-8.02998 -8.03013
-7.6047 -7.60539
-7.87621 -7.87631
-7.77394 -7.7737
-7.76607 -7.76659
-7.91858 -7.91765
-8.01766 -8.01751
-7.99476 -7.99408
-8.02232 -8.02155
-7.69892 -7.70273
-7.77444 -7.7752
-8.0279 -8.02748
-8.03393 -8.03399
-7.94001 -7.94051
-7.62056 -7.60815
-8.01834 -8.01862
-7.91166 -7.91166
-7.99323 -7.99383
-8.05595 -8.05577
-7.96297 -7.96225
-7.77006 -7.77157
-7.92517 -7.92527
-8.06457 -8.06439
-7.8672 -7.86684
-8.04902 -8.04888
-7.95266 -7.95268
-8.06509 -8.0649
-7.93166 -7.93331
-7.61813 -7.61861
-7.6362 -7.63476
-7.964 -7.96394
-7.89048 -7.89078
-7.60642 -7.60992
-8.06082 -8.06067
-7.96915 -7.97001
-8.05941 -8.05924
-7.76934 -7.76767
-7.71215 -7.71363
-7.81621 -7.81948
-7.69817 -7.70067
-8.03047 -8.0301
-7.76443 -7.76666
-7.97593 -7.97584
-7.77081 -7.77229
-7.88781 -7.88708
-8.04809 -8.0479
-8.06023 -8.06009
-7.77463 -7.77468
-8.06074 -8.06051
-7.76744 -7.76817
-8.03347 -8.03306
-7.98864 -7.98737
-8.031 -8.0307
-7.64208 -7.64318
-8.01451 -8.01445
-8.02309 -8.02305
-8.0236 -8.02344
-7.99317 -7.99306
-7.66079 -7.65775
-7.70964 -7.70802
-7.90733 -7.90706
-7.99967 -7.99954
-7.90476 -7.9065
-7.83341 -7.83398
-8.06299 -8.06281
-8.0323 -8.03241
-8.06392 -8.06376
-8.03756 -8.03762
-7.96986 -7.97044
-7.62976 -7.63122
-7.64356 -7.65036
-8.0376 -8.03762
-7.61249 -7.61309
-7.79253 -7.79521
-7.91208 -7.91203
-8.01944 -8.01904
-8.03748 -8.03731
-7.78367 -7.78573
-7.8818 -7.88106
-7.76409 -7.76302
-7.6711 -7.67232
-8.01629 -8.01611
-7.57233 -7.57519
-7.74355 -7.74188
-7.76109 -7.76072
-7.76724 -7.77028
-7.91084 -7.91276
-7.97269 -7.97265
-7.79762 -7.79687
-7.80624 -7.80783
-8.06239 -8.0622
-7.96047 -7.96057
-7.7394 -7.74278
-7.96848 -7.96823
-7.88448 -7.88633
-8.00071 -8.0002
-7.76983 -7.77128
-7.77889 -7.77674
-8.0044 -8.00486
-7.57675 -7.57104
-7.9389 -7.93778
-7.96009 -7.95964
-7.8062 -7.80771
-8.06003 -8.05981
-8.0045 -8.00413
-7.69048 -7.69304
-7.98612 -7.98602
-7.7733 -7.77428
-7.79114 -7.79299
-8.05159 -8.05149
-7.77411 -7.77463
-7.76055 -7.76135
-7.96256 -7.96333
-8.02719 -8.02701
-8.03695 -8.03683
-8.01374 -8.01403
-8.06511 -8.06492
-7.94975 -7.94857
-8.06543 -8.06524
-8.01062 -8.00966
-8.05992 -8.05975
-8.00762 -8.00803
-7.76752 -7.76518
-7.77696 -7.77743
-8.01674 -8.01711
-8.04143 -8.04093
-7.96144 -7.96151
-7.92384 -7.9243
-7.86831 -7.86687
-7.80488 -7.8061
-8.02044 -8.02031
-7.99116 -7.99041
-7.98012 -7.98078
-7.62363 -7.62671
-7.75177 -7.74955
-7.91434 -7.91525
-7.77046 -7.77185
-8.06228 -8.06205
-7.61319 -7.60533
-7.76017 -7.76031
-7.77885 -7.77981
-7.68199 -7.67959
-8.03165 -8.03185
-7.76677 -7.76724
-8.04989 -8.04981
-7.94659 -7.94603
-8.03981 -8.03969
-8.02532 -8.02493
-8.03358 -8.03367
-8.06395 -8.06376
-8.06091 -8.06068
-7.99822 -7.99794
-7.76794 -7.77007
-7.91719 -7.91664
-8.01756 -8.01696
-8.01766 -8.01812
-7.63359 -7.63101
-8.01268 -8.01207
-8.03135 -8.03121
-7.77189 -7.77381
-7.72964 -7.73078
-7.65641 -7.65207
-7.64241 -7.64619
-8.0273 -8.02726
-7.89121 -7.88991
-7.96787 -7.96784
-7.81138 -7.81184
-7.95349 -7.95351
-7.76672 -7.76764
-7.8836 -7.8829
-8.01295 -8.012
-7.95852 -7.95933
-7.77195 -7.77191
-8.05999 -8.05977
-8.02898 -8.02885
-7.94178 -7.94119
-7.66372 -7.6613
-7.77761 -7.77832
-7.70639 -7.70681
-7.76646 -7.76869
-8.03265 -8.03272
-8.04894 -8.04882
-8.04669 -8.04657
-8.00889 -8.00875
-7.77553 -7.77712
-7.77771 -7.77689
-8.01149 -8.01134
-8.06157 -8.06138
-7.95369 -7.95338
-7.77736 -7.77823
-7.69459 -7.69081
-7.9857 -7.98637
-8.02919 -8.029
-7.62561 -7.62749
-7.7027 -7.7041
-7.8541 -7.85419
-8.0193 -8.01889
-8.06206 -8.06191
-8.00499 -8.00541
-7.76075 -7.76411
-7.96 -7.96065
-8.01838 -8.01796
-7.77311 -7.77275
-8.0484 -8.0483
-7.87687 -7.8776
-7.71043 -7.71146
-7.87726 -7.87857
-7.63127 -7.63406
-8.04591 -8.04538
-7.76924 -7.77107
-8.05086 -8.05074
-7.86874 -7.8673
-7.9584 -7.95921
-7.55739 -7.5486
-8.05513 -8.055
-8.06306 -8.06288
-7.88119 -7.88024
-7.7672 -7.7682
-7.65336 -7.65497
-8.03857 -8.03829
-7.84249 -7.84309
-7.87465 -7.87348
-7.93437 -7.93283
-7.72037 -7.71773
-7.60213 -7.59601
-8.03945 -8.03918
-7.79138 -7.79324
-7.77268 -7.77468
-8.01371 -8.01412
-7.92806 -7.92891
-7.71639 -7.71797
-8.02924 -8.02915
-7.641 -7.63954
-7.66647 -7.66515
-8.01379 -8.01285
-7.76849 -7.77009
-7.7658 -7.76665
-8.04979 -8.04967
-7.94835 -7.94859
-8.06365 -8.0635
-8.06196 -8.06178
-8.05212 -8.05202
-8.05906 -8.05887
-8.02111 -8.02136
-7.96836 -7.96926
-7.83215 -7.83423
-7.80674 -7.80876
-7.93961 -7.94001
-8.0516 -8.05148
-7.58449 -7.58564
-8.05579 -8.05566
-7.62909 -7.6283
-7.77192 -7.77265
-8.0591 -8.05894
-7.76122 -7.76412
-7.63849 -7.64038
-8.01029 -8.01067
-8.06158 -8.06135
-7.77162 -7.77232
-7.92569 -7.92484
-8.05129 -8.05111
-8.01714 -8.01699
-8.06464 -8.06444
-7.89947 -7.89915
-7.74299 -7.74541
-7.73823 -7.74092
-7.68762 -7.68322
-8.04583 -8.04571
-7.95009 -7.95108
-7.94247 -7.94216
-7.76425 -7.76548
-7.87318 -7.87336
-8.02618 -8.02609
-8.02619 -8.0257
-7.78574 -7.788
-7.98565 -7.98635
-7.81999 -7.82211
-7.77619 -7.77854
-7.8887 -7.88579
-7.93083 -7.93141
-8.04316 -8.04252
-8.01972 -8.0195
-8.05965 -8.05948
-8.06232 -8.06217
-7.98602 -7.98584
-7.69472 -7.69503
-7.6893 -7.69289
-7.64938 -7.64642
-7.59035 -7.59213
-8.03628 -8.03569
-8.02014 -8.02
-7.99582 -7.99524
-7.58481 -7.58554
-8.03327 -8.03281
-7.6568 -7.65674
-7.65341 -7.65221
-8.03959 -8.03963
-7.92796 -7.92838
-7.71478 -7.71436
-7.62666 -7.62564
-7.77375 -7.77667
-7.76067 -7.76211
-8.03886 -8.03889
-8.03683 -8.03668
-8.06155 -8.0614
-7.98172 -7.98247
-7.61095 -7.60747
-7.68405 -7.68054
-7.94367 -7.94435
-7.90712 -7.90719
-7.76862 -7.77058
-8.00818 -8.0075
-7.7633 -7.76161
-7.68314 -7.67708
-8.00558 -8.00543
-8.06195 -8.06174
-7.60279 -7.60435
-8.03159 -8.03139
-7.98689 -7.98662
-7.59073 -7.59003
-8.02546 -8.02565
-7.78545 -7.78764
-8.06502 -8.06483
-7.9555 -7.95506
-7.78424 -7.78434
-7.65301 -7.65392
-8.0044 -8.00444
-7.89511 -7.89484
-8.06529 -8.0651
-7.68042 -7.68205
-7.94834 -7.9486
-8.01016 -8.00952
-7.80687 -7.80894
-7.61129 -7.61252
-7.6886 -7.69227
-7.76891 -7.76718
-7.79895 -7.80003
-7.59924 -7.59787
-7.99376 -7.99282
-8.06342 -8.06322
-8.02023 -8.02048
-7.97149 -7.97189
-7.86475 -7.86585
-7.98936 -7.99001
-7.87975 -7.88132
-7.7752 -7.77585
-7.78106 -7.78203
-7.91428 -7.91529
-8.03368 -8.03374
-7.706 -7.70627
-8.04653 -8.04616
-8.0385 -8.03799
-7.98953 -7.98932
-8.03638 -8.0363
-7.66816 -7.6656
-8.0326 -8.0326
-7.65718 -7.65655
-8.03048 -8.02993
-7.80688 -7.80896
-7.71217 -7.71227
-7.98727 -7.9873
-8.06436 -8.06418
-7.96824 -7.96826
-8.06227 -8.06211
-8.04793 -8.04757
-7.76924 -7.76983
-8.05287 -8.05255
-8.06474 -8.06456
-7.63469 -7.63383
-7.77643 -7.77682
-7.71203 -7.71531
-7.7654 -7.76468
-8.03135 -8.03144
-8.03609 -8.03616
-7.98912 -7.98873
-8.03756 -8.03762
-7.76362 -7.76514
-7.77497 -7.77505
-7.52048 -7.51377
-7.73738 -7.73976
-7.968 -7.96802
-8.04653 -8.04606
-8.05398 -8.05384
-8.05969 -8.05951
-7.77002 -7.77123
-8.02597 -8.02555
-7.71198 -7.71043
-8.06158 -8.06144
-7.73911 -7.73577
-8.06417 -8.06401
-8.01304 -8.01262
-7.70327 -7.69646
-8.04901 -8.04894
-8.03568 -8.03581
-8.03949 -8.03914
-7.94381 -7.94326
-7.77802 -7.77744
-7.93373 -7.93424
-8.04642 -8.0463
-8.06064 -8.06042
-8.04163 -8.04084
-8.06405 -8.06385
-7.9844 -7.98512
-7.70925 -7.7114
-8.03816 -8.03806
-7.86838 -7.86694
-8.06195 -8.0618
-8.06458 -8.0644
-8.04988 -8.04939
-7.77429 -7.77524
-7.63998 -7.63443
-7.91417 -7.91437
-7.66089 -7.66078
-7.96798 -7.96801
-8.06159 -8.0614
-8.06482 -8.06464
-7.94331 -7.94328
-7.88903 -7.88864
-7.91959 -7.91997
-7.78055 -7.78301
-7.9552 -7.95567
-7.59902 -7.59872
-7.60081 -7.60297
-7.90999 -7.91082
-7.80653 -7.80843
-8.06277 -8.0626
-7.95014 -7.94836
-7.80595 -7.80664
-7.64907 -7.64652
-7.96716 -7.967
-8.05378 -8.05367
-7.92997 -7.93071
-7.98783 -7.98654
-8.01767 -8.01823
-7.71223 -7.71149
-7.90043 -7.90229
-8.03449 -8.0343
-8.00021 -7.99968
-7.76515 -7.76724
-7.68371 -7.68294
-7.7682 -7.76996
-7.52795 -7.50716
-7.76282 -7.7628
-7.89377 -7.89454
-8.03873 -8.03878
-7.99622 -7.99609
-7.88157 -7.88062
-8.0329 -8.03274
-7.76545 -7.76679
-8.02882 -8.02856
-7.7654 -7.76602
-7.88209 -7.88253
-7.70012 -7.6987
-7.99901 -7.99812
-7.77779 -7.7785
-7.6819 -7.68532
-8.005 -8.00463
-7.98198 -7.98172
-7.64171 -7.64302
-8.0278 -8.02767
-7.8071 -7.80935
-7.63755 -7.63611
-7.764 -7.76449
-8.04005 -8.04006
-7.83265 -7.83198
-7.62554 -7.62834
-7.78001 -7.77996
-8.0304 -8.02986
-7.7743 -7.77243
-7.71138 -7.71109
-8.02116 -8.02033
-7.77541 -7.77679
-8.06362 -8.06344
-8.06513 -8.06493
-7.59259 -7.58628
-8.00629 -8.00598
-7.68256 -7.68474
-8.05704 -8.05683
-7.6445 -7.63889
-7.94415 -7.94447
-7.91748 -7.91836
-8.03982 -8.0397
-7.77289 -7.77474
-7.78274 -7.78296
-7.74844 -7.74867
-7.76906 -7.77055
-7.9383 -7.9367
-8.06131 -8.06108
-7.77263 -7.7723
-7.95559 -7.95461
-7.94084 -7.94117
-7.77546 -7.77543
-7.77059 -7.76963
-7.76759 -7.76927
-7.85148 -7.85033
-7.69396 -7.69258
-7.70445 -7.70564
-7.58072 -7.57895
-8.05672 -8.05659
-7.95894 -7.95817
-7.98888 -7.98953
-8.03992 -8.03991
-7.97619 -7.97505
-8.02691 -8.02707
-8.01466 -8.01452
-8.05945 -8.05931
-7.90409 -7.90262
-7.60536 -7.60329
-7.65507 -7.65284
-7.99405 -7.99246
-8.02442 -8.02459
-7.92247 -7.92277
-7.98642 -7.98627
-7.77701 -7.77722
-7.64036 -7.64278
-8.04179 -8.04179
-7.77123 -7.77253
-7.98221 -7.98111
-7.56575 -7.56187
-7.76834 -7.76995
-7.66361 -7.66668
-7.93204 -7.93256
-7.85612 -7.85332
-7.66834 -7.66856
-8.03907 -8.03861
-8.02753 -8.02721
-7.88115 -7.88253
-8.01167 -8.01132
-7.75895 -7.75885
-7.96092 -7.96166
-8.06269 -8.06251
-7.76652 -7.76735
-7.9775 -7.97706
-8.03682 -8.03662
-8.06184 -8.06161
-7.9218 -7.92258
-8.02178 -8.02087
-7.80688 -7.80896
-7.71088 -7.70975
-7.75455 -7.75381
-8.05243 -8.05231
-7.71066 -7.71165
-8.06541 -8.06522
-7.70198 -7.70167
-7.97938 -7.97933
-8.02553 -8.02572
-7.80687 -7.80895
-7.65693 -7.65736
-7.614 -7.61486
-8.04668 -8.0465
-7.60868 -7.61036
-7.88436 -7.88436
-7.88957 -7.88914
-8.01622 -8.0159
-7.72582 -7.72886
-7.71526 -7.71329
-8.04071 -8.0403
-8.05351 -8.05339
-8.04186 -8.04174
-8.04088 -8.04059
-7.71158 -7.7086
-7.77505 -7.77652
-8.02896 -8.02852
-7.76886 -7.77063
-8.02006 -8.02023
-7.76519 -7.76685
-7.6687 -7.67231
-7.61295 -7.6056
-8.05418 -8.05406
-7.85254 -7.8556
-7.62841 -7.6319
-7.65127 -7.64778
-7.57594 -7.57386
-7.86361 -7.86229
-8.05948 -8.05923
-7.62335 -7.62313
-7.9807 -7.98043
-8.05338 -8.0532
-7.99297 -7.99285
-8.02374 -8.02339
-7.63541 -7.63602
-7.69323 -7.6926
-7.68805 -7.68814
-8.06544 -8.06526
-8.06474 -8.06455
-7.91721 -7.91811
-7.98641 -7.98632
-7.68022 -7.68241
-8.03299 -8.03296
-7.90575 -7.90589
-7.92252 -7.92489
-7.9206 -7.92041
-8.04993 -8.04978
-7.70707 -7.70113
-7.7166 -7.71589
-7.77239 -7.77196
-7.76977 -7.77158
-7.58283 -7.57949
-7.77916 -7.78051
-7.76349 -7.76635
-7.76926 -7.77271
-7.77215 -7.7739
-7.80646 -7.80831
-7.96308 -7.96395
-7.93372 -7.93422
-7.8414 -7.84139
-8.05275 -8.05264
-7.7049 -7.70376
-7.58754 -7.58433
-8.02977 -8.02998
-8.04813 -8.04799
-7.98581 -7.986
-8.04206 -8.04194
-7.91332 -7.91622
-7.65622 -7.65806
-7.76964 -7.77051
-8.04913 -8.04874
-7.64445 -7.64166
-7.67058 -7.66767
-8.03485 -8.0349
-7.90595 -7.90529
-7.56193 -7.55564
-8.01154 -8.0119
-7.95892 -7.9592
-8.00496 -8.0054
-7.76014 -7.76297
-8.00241 -8.00227
-7.78393 -7.78313
-8.05322 -8.05309
-8.05978 -8.05964
-7.61406 -7.61363
-8.041 -8.04102
-8.06113 -8.06099
-7.79915 -7.79441
-7.69035 -7.69094
-7.7604 -7.7624
-8.02532 -8.02519
-8.04275 -8.04273
-8.02048 -8.02013
-7.79915 -7.79441
-7.85835 -7.85978
-7.86561 -7.86634
-7.95767 -7.95672
-8.06494 -8.06475
-7.98283 -7.98267
-7.89879 -7.89974
-7.76554 -7.76537
-7.98291 -7.98284
-8.03342 -8.03279
-8.03647 -8.03615
-8.01265 -8.01274
-7.80224 -7.80523
-8.03286 -8.03204
-8.04256 -8.04199
-7.77563 -7.77788
-7.76887 -7.77025
-8.05818 -8.05805
-7.92821 -7.92897
-7.7392 -7.73656
-7.8068 -7.80886
-8.0421 -8.04209
-8.04868 -8.04858
-7.77208 -7.77325
-7.86461 -7.86812
-7.70141 -7.7047
-7.76781 -7.77023
-7.95407 -7.95484
-8.03036 -8.03045
-7.71564 -7.71904
-7.98146 -7.9822
-7.91767 -7.91695
-7.60538 -7.60735
-8.05903 -8.05883
-7.78523 -7.78641
-7.76959 -7.77083
-7.77588 -7.77715
-7.88656 -7.8853
-8.06534 -8.06515
-7.96442 -7.96362
-7.82786 -7.82915
-7.62785 -7.62336
-7.8068 -7.80885
-8.06026 -8.06012
-8.04465 -8.04453
-8.06496 -8.06477
-7.90363 -7.90427
-7.91499 -7.916
-8.04365 -8.04339
-7.93897 -7.93956
-7.69643 -7.69461
-8.02575 -8.02556
-8.06505 -8.06486
-8.02828 -8.02844
-8.01744 -8.0173
-7.89974 -7.90027
-7.80628 -7.80792
-7.92021 -7.9208
-8.03924 -8.03868
-7.99546 -7.99475
-7.98826 -7.98763
-7.99395 -7.99453
-8.02244 -8.022
-7.77885 -7.77935
-8.03874 -8.03878
-8.0182 -8.0179
-7.61844 -7.61265
-7.75786 -7.75933
-7.97808 -7.97682
-7.77421 -7.77473
-7.85871 -7.85707
-8.02866 -8.02878
-8.02777 -8.02764
-7.9992 -7.99874
-8.01037 -8.00988
-8.0603 -8.06013
-7.68525 -7.68912
-7.64358 -7.64587
-8.05517 -8.055
-8.02836 -8.028
-7.60012 -7.59624
-8.03027 -8.02987
-7.92369 -7.92442
-7.69268 -7.69359
-7.99977 -7.99959
-7.70241 -7.70497
-7.62915 -7.62992
-7.94304 -7.94419
-7.80623 -7.80781
-8.03568 -8.03559
-7.69423 -7.69422
-8.03021 -8.03008
-7.75156 -7.75454
-8.038 -8.03788
-8.06464 -8.06446
-8.05525 -8.05508
-7.69132 -7.6926
-7.94157 -7.94018
-8.03756 -8.03691
-7.77647 -7.77684
-7.70605 -7.70281
-7.7767 -7.77825
-8.02885 -8.02843
-7.57765 -7.57457
-7.91649 -7.91875
-8.04622 -8.04615
-8.05645 -8.05632
-8.0355 -8.03541
-7.7701 -7.77059
-7.7796 -7.78046
-7.65269 -7.65174
-7.96749 -7.96786
-7.92149 -7.91957
-7.91258 -7.91053
-8.02679 -8.02697
-7.5806 -7.57782
-7.93345 -7.93392
-7.93926 -7.93894
-8.0325 -8.03237
-8.05855 -8.0584
-7.96147 -7.96121
-7.64022 -7.63082
-7.59361 -7.59579
-8.04759 -8.04747
-8.04168 -8.04143
-7.59383 -7.5923
-8.0555 -8.05537
-7.80667 -7.80866
-7.95382 -7.95358
-8.06065 -8.06049
-8.05517 -8.05505
-7.93901 -7.93959
-7.88786 -7.8871
-8.06332 -8.06314
-7.87069 -7.87177
-8.06155 -8.06138
-7.96361 -7.96444
-7.77983 -7.78133
-8.02213 -8.02228
-7.77174 -7.77342
-7.65262 -7.64824
-7.77086 -7.77155
-7.98877 -7.98742
-7.78128 -7.78324
-7.77692 -7.77771
-7.7553 -7.75341
-7.86106 -7.86135
-7.77038 -7.77157
-7.95649 -7.95664
-8.04898 -8.04886
-8.05918 -8.05898
-8.04811 -8.04805
-8.03058 -8.03044
-7.60792 -7.60993
-8.05459 -8.05443
-7.64225 -7.6414
-7.70659 -7.7044
-7.85587 -7.85964
-7.9328 -7.9332
-8.04715 -8.0471
-8.01269 -8.01271
-8.06496 -8.06477
-8.04036 -8.04005
-8.00864 -8.00849
-8.03479 -8.03467
-7.87664 -7.87712
-8.01787 -8.01814
-8.06539 -8.06519
-8.06362 -8.06345
-8.0332 -8.03301
-8.05771 -8.05752
-8.05235 -8.05223
-7.6595 -7.65547
-7.79102 -7.79047
-7.77419 -7.77347
-7.90498 -7.90682
-8.06154 -8.06132
-7.86779 -7.86904
-7.78 -7.78074
-8.00095 -8.00144
-7.87786 -7.87634
-7.94379 -7.94423
-7.59363 -7.59739
-7.71507 -7.71587
-7.6794 -7.67824
-8.04756 -8.04744
-8.02297 -8.02308
-8.06542 -8.06523
-8.01438 -8.01423
-7.96314 -7.96397
-8.01524 -8.01501
-7.9396 -7.94
-7.96333 -7.96393
-7.77274 -7.77314
-7.82544 -7.82382
-8.03726 -8.03664
-8.03637 -8.03642
-7.76498 -7.76397
-8.04 -8.03968
-7.96081 -7.96157
-7.76724 -7.76618
-7.69259 -7.69381
-8.02404 -8.02425
-8.02717 -8.02643
-8.05845 -8.05831
-7.91716 -7.91805
-7.70975 -7.70935
-7.91903 -7.91986
-8.04482 -8.04476
-7.90262 -7.90325
-7.88458 -7.88627
-7.70159 -7.70243
-7.64341 -7.64184
-8.02925 -8.02835
-8.03732 -8.03735
-8.05413 -8.05401
-8.04035 -8.04026
-8.0172 -8.01714
-8.03284 -8.03228
-8.05121 -8.05088
-7.96398 -7.96397
-8.03243 -8.03223
-7.61009 -7.61056
-7.73614 -7.73552
-7.76505 -7.76447
-8.05865 -8.05844
-8.04109 -8.0411
-8.05471 -8.05457
-7.75337 -7.75276
-7.99025 -7.99014
-8.05044 -8.05035
-7.64453 -7.64819
-7.68228 -7.6869
-8.01859 -8.01841
-7.88547 -7.88794
-7.78024 -7.78255
-8.04902 -8.04875
-7.66148 -7.66027
-8.04432 -8.04379
-7.80862 -7.80944
-7.95916 -7.96002
-7.67965 -7.68112
-8.04669 -8.04658
-8.01521 -8.0155
-7.7747 -7.77716
-8.03885 -8.03864
-7.94073 -7.94143
-7.92385 -7.92434
-8.0511 -8.05077
-7.70528 -7.70495
-7.76156 -7.76339
-7.62349 -7.61307
-7.77018 -7.77083
-7.79915 -7.79441
-8.01609 -8.01621
-7.64784 -7.64338
-8.0271 -8.02632
-8.05055 -8.05043
-7.7742 -7.77503
-7.95214 -7.95234
-7.77369 -7.77466
-7.93986 -7.94025
-7.62257 -7.62372
-8.04302 -8.0429
-7.77281 -7.7751
-8.0654 -8.06521
-7.76283 -7.76391
-7.80999 -7.8139
-7.9022 -7.90383
-7.90122 -7.90174
-7.97237 -7.97319
-8.02292 -8.02292
-7.62234 -7.61686
-8.0472 -8.04678
-7.7722 -7.77041
-7.76197 -7.76402
-8.06235 -8.06217
-7.77668 -7.77626
-8.02276 -8.02263
-7.76978 -7.77009
-7.75913 -7.7603
-8.02758 -8.02722
-7.59036 -7.58498
-8.04619 -8.04615
-8.06068 -8.0605
-7.99649 -7.99637
-7.9278 -7.92972
-8.00283 -8.0027
-7.93113 -7.9317
-7.77133 -7.77157
-7.69739 -7.69733
-8.06541 -8.06522
-8.06484 -8.06465
-8.04556 -8.04549
-7.9866 -7.98576
-7.77126 -7.7721
-7.92209 -7.9202
-8.05539 -8.05526
-7.60586 -7.60531
-7.95244 -7.95264
-8.04391 -8.04389
-8.00085 -7.99963
-7.76797 -7.76578
-7.67176 -7.67069
-7.58896 -7.58227
-8.03482 -8.0349
-7.77634 -7.77747
-7.7132 -7.71496
-8.04986 -8.04957
-7.81557 -7.81609
-7.81411 -7.81382
-7.94775 -7.94693
-7.95889 -7.9597
-7.76761 -7.76972
-7.70279 -7.70398
-7.77409 -7.77647
-8.02864 -8.0285
-7.96788 -7.96823
-7.9273 -7.92661
-7.99188 -7.99133
-7.99424 -7.99387
-7.95861 -7.95909
-8.03646 -8.03649
-7.77812 -7.77884
-7.61569 -7.61642
-7.71077 -7.70872
-7.89492 -7.89548
-8.05676 -8.0566
-7.85131 -7.85576
-7.66198 -7.66081
-8.02438 -8.02458
-8.05796 -8.05781
-7.95316 -7.95284
-7.94963 -7.95012
-7.77208 -7.77244
-7.96552 -7.96562
-8.04841 -8.04829
-7.91879 -7.91961
-8.04423 -8.04419
-7.93645 -7.93704
-7.69265 -7.69095
-7.91931 -7.91958
-7.66295 -7.66309
-8.02225 -8.02188
-7.74755 -7.74827
-7.92599 -7.92735
-7.69277 -7.69105
-7.94136 -7.94132
-7.58112 -7.5817
-8.01395 -8.01441
-8.06489 -8.0647
-8.06544 -8.06526
-7.71193 -7.71289
-7.69722 -7.69807
-7.62848 -7.62871
-8.00587 -8.00573
-7.69577 -7.69634
-7.63607 -7.63384
-8.02185 -8.02137
-8.00246 -8.00228
-8.01674 -8.01606
-8.06498 -8.06479
-7.61209 -7.61372
-7.60968 -7.61179
-7.76692 -7.76924
-7.61546 -7.61029
-7.73036 -7.73213
-8.03434 -8.03363
-7.61115 -7.60881
-7.94387 -7.94465
-7.92295 -7.92321
-8.06002 -8.0598
-7.67318 -7.67412
-7.70215 -7.70093
-8.05734 -8.05715
-8.06031 -8.06014
-8.0602 -8.06002
-8.02458 -8.02448
-7.64792 -7.64772
-7.62381 -7.62338
-8.04684 -8.04679
-7.62978 -7.62549
-7.69317 -7.6964
-7.77544 -7.77583
-7.7728 -7.77747
-7.97274 -7.97355
-8.04645 -8.04626
-8.05163 -8.05151
-7.77064 -7.77151
-7.55225 -7.55195
-8.04168 -8.0413
-8.04275 -8.04263
-7.98637 -7.98571
-8.04936 -8.04925
-7.67467 -7.67477
-7.91738 -7.91751
-8.05028 -8.04988
-8.0528 -8.05269
-7.95369 -7.95447
-8.04699 -8.04661
-7.76078 -7.76192
-7.9487 -7.94892
-7.76697 -7.7671
-7.61348 -7.61306
-7.80638 -7.80815
-7.97087 -7.97222
-7.95762 -7.95728
-7.59899 -7.60098
-7.69903 -7.70259
-7.76113 -7.75942
-8.01668 -8.01605
-7.99946 -7.99969
-8.04988 -8.04956
-7.60867 -7.60962
-8.0503 -8.05
-7.90992 -7.91073
-7.96823 -7.96906
-7.66312 -7.66067
-7.7622 -7.7614
-7.80679 -7.80884
-7.6253 -7.62804
-7.67283 -7.67566
-8.05946 -8.05932
-8.03948 -8.03936
-7.717 -7.71467
-7.70555 -7.70593
-8.0608 -8.06063
-7.69777 -7.69596
-8.03367 -8.03355
-7.70699 -7.7065
-7.79053 -7.79222
-8.04289 -8.04245
-8.06473 -8.06453
-7.80642 -7.80823
-7.96197 -7.96161
-7.56084 -7.55343
-8.06332 -8.06315
-7.61234 -7.60942
-8.06 -8.05986
-7.97904 -7.97898
-8.0201 -8.01996
-8.02959 -8.02961
-7.68906 -7.69567
-7.56419 -7.57301
-7.68859 -7.68566
-8.01236 -8.01243
-7.77103 -7.76843
-7.64835 -7.64791
-7.85456 -7.85345
-7.71973 -7.71758
-8.01138 -8.01057
-7.69199 -7.69172
-7.76536 -7.76633
-8.04591 -8.04587
-7.77977 -7.78004
-7.59349 -7.5981
-7.77368 -7.77192
-8.04755 -8.04713
-7.77554 -7.77659
-8.04706 -8.04664
-8.05579 -8.05567
-7.70461 -7.70006
-7.98995 -7.98943
-7.67128 -7.66814
-7.595 -7.59037
-8.0484 -8.04829
-8.02048 -8.01984
-8.05531 -8.05514
-7.67224 -7.67193
-8.0313 -8.0313
-7.9678 -7.96863
-8.01424 -8.01378
-8.06436 -8.06417
-7.8051 -7.80586
-7.5898 -7.5908
-8.04228 -8.04165
-8.04372 -8.0436
-8.03448 -8.03434
-7.68031 -7.67676
-7.76794 -7.76711
-8.02777 -8.02763
-7.84272 -7.84107
-8.06016 -8.06
-8.01596 -8.01507
-8.01827 -8.01759
-7.68031 -7.68166
-7.91213 -7.91065
-7.92837 -7.92878
-7.60094 -7.59804
-7.5944 -7.59504
-8.05307 -8.05296
-8.00655 -8.00567
-7.84525 -7.85058
-7.963 -7.96213
-8.00108 -8.00004
-7.99038 -7.98949
-7.61225 -7.61058
-7.77569 -7.77445
-8.02937 -8.0292
-7.71074 -7.70881
-7.87679 -7.8759
-7.76907 -7.76892
-7.80686 -7.80893
-7.71351 -7.7095
-7.94584 -7.94559
-8.0504 -8.05031
-8.03489 -8.03473
-7.91927 -7.91961
-7.9731 -7.97268
-7.9224 -7.92271
-7.99065 -7.99075
-8.0654 -8.06521
-7.77782 -7.77693
-8.04489 -8.04478
-8.04111 -8.04098
-7.77571 -7.77361
-8.05882 -8.05859
-8.04174 -8.04161
-7.86497 -7.86423
-7.78058 -7.78039
-8.03331 -8.03306
-7.76667 -7.76756
-7.77185 -7.77126
-8.03018 -8.03004
-7.98567 -7.98452
-7.78233 -7.78172
-7.81122 -7.81682
-7.97234 -7.97316
-8.06414 -8.06396
-7.89333 -7.8925
-7.64944 -7.64246
-8.04771 -8.04765
-7.60861 -7.60166
-7.62846 -7.62968
-7.94189 -7.94182
-7.77545 -7.77507
-8.02601 -8.02617
-8.01703 -8.01671
-8.02831 -8.02847
-8.0432 -8.04268
-7.98149 -7.98222
-7.70906 -7.71366
-8.04302 -8.0429
-7.68544 -7.68745
-7.77373 -7.77445
-8.05728 -8.0571
-7.67686 -7.67819
-8.03481 -8.03436
-8.01402 -8.01433
-8.04823 -8.04782
-7.99273 -7.99256
-7.76878 -7.77046
-8.01424 -8.01423
-8.05677 -8.05664
-7.93754 -7.93489
-7.76752 -7.76827
-7.70643 -7.70573
-7.71526 -7.71709
-7.93531 -7.9358
-7.88478 -7.88606
-7.77244 -7.77496
-7.76251 -7.76148
-7.9441 -7.94476
-7.80688 -7.80895
-7.96546 -7.96537
-8.0339 -8.03399
-8.06043 -8.06028
-7.80608 -7.80731
-8.05826 -8.0581
-7.8827 -7.88456
-7.93926 -7.93766
-7.84316 -7.84027
-7.58732 -7.5795
-7.52048 -7.53141
-8.01813 -8.01794
-7.86215 -7.86044
-8.05975 -8.05961
-7.7421 -7.74295
-7.97343 -7.97248
-7.85024 -7.84819
-7.981 -7.98106
-7.80321 -7.80276
-7.58042 -7.58311
-7.76197 -7.76058
-7.76564 -7.76558
-8.03586 -8.03574
-7.77694 -7.77896
-7.60688 -7.60348
-7.93644 -7.93786
-7.98092 -7.9814
-7.80682 -7.80888
-8.0076 -8.0075
-7.69246 -7.69173
-8.04913 -8.0489
-8.02637 -8.02634
-8.03444 -8.03427
-7.75989 -7.76058
-7.64475 -7.63735
-7.77099 -7.76925
-7.77612 -7.77565
-8.02913 -8.028
-8.06027 -8.06004
-7.92293 -7.92483
-7.7673 -7.76745
-7.89897 -7.89923
-7.99582 -7.9964
-8.06507 -8.06488
-8.05153 -8.05139
-7.67671 -7.67276
-7.61511 -7.61683
-7.90587 -7.90571
-7.96049 -7.96044
-8.06537 -8.06518
-7.86732 -7.86519
-7.69229 -7.69232
-8.02517 -8.02543
-7.76554 -7.76744
-8.02438 -8.02459
-8.03743 -8.03714
-7.62307 -7.62036
-7.93919 -7.93764
-8.03152 -8.03067
-7.66171 -7.65528
-7.95244 -7.95264
-7.70936 -7.70663
-7.71405 -7.71346
-7.71686 -7.71463
-7.76942 -7.77135
-7.89352 -7.893
-7.98936 -7.99001
-8.02063 -8.02077
-7.91169 -7.91196
-8.04744 -8.04705
-7.77517 -7.77442
-7.59834 -7.59465
-8.03381 -8.03368
-7.97879 -7.97865
-7.93853 -7.93913
-8.00877 -8.00817
-7.77709 -7.77816
-7.86015 -7.86482
-7.88486 -7.88581
-8.02529 -8.02515
-7.91257 -7.91263
-8.03816 -8.038
-8.04492 -8.04474
-8.05925 -8.05912
-8.03014 -8.02997
-8.038 -8.03788
-7.68922 -7.68992
-8.02672 -8.02624
-7.77665 -7.77704
-8.03261 -8.03272
-7.77807 -7.77805
-7.7796 -7.78014
-8.04346 -8.04321
-8.04168 -8.04107
-7.69326 -7.6944
-8.05676 -8.05657
-8.04538 -8.04494
-7.96512 -7.96465
-7.61199 -7.61518
-8.03948 -8.03907
-8.02699 -8.02696
-8.02999 -8.03012
-7.68227 -7.68431
-8.05378 -8.05366
-8.01178 -8.01163
-8.03739 -8.03744
-7.71449 -7.71801
-7.9722 -7.97273
-7.69846 -7.69832
-7.62668 -7.62551
-7.77951 -7.7812
-7.92209 -7.92325
-7.97572 -7.97568
-7.97694 -7.97808
-7.80605 -7.80718
-8.06544 -8.06526
-7.63844 -7.6374
-8.02841 -8.02824
-7.92043 -7.92156
-7.95841 -7.95823
-7.64347 -7.64153
-7.98565 -7.98635
-8.03994 -8.03949
-7.93128 -7.93138
-7.77234 -7.77385
-7.58316 -7.57938
-8.04492 -8.04489
-7.77373 -7.77532
-8.06508 -8.06489
-7.62249 -7.61873
-8.02914 -8.02898
-7.70108 -7.70242
-7.91383 -7.91496
-7.60486 -7.60666
-7.63618 -7.63556
-7.9113 -7.91131
-8.05897 -8.05884
-8.06167 -8.06143
-8.04753 -8.0472
-7.97165 -7.97164
-7.77616 -7.77793
-7.98295 -7.98288
-8.02889 -8.02896
-7.99572 -7.99513
-8.0317 -8.03153
-8.04765 -8.04711
-8.0557 -8.05556
-7.77167 -7.77361
-7.93285 -7.9338
-8.06526 -8.06508
-8.04558 -8.04546
-7.77504 -7.77642
-8.06532 -8.06513
-8.06474 -8.06456
-7.92174 -7.92345
-7.69911 -7.70339
-7.66942 -7.66707
-7.6194 -7.62411
-7.65216 -7.65053
-8.04678 -8.04673
-7.75893 -7.76143
-7.7543 -7.755
-7.76557 -7.76732
-7.66744 -7.67167
-8.06414 -8.06397
-8.02978 -8.02998
-7.68572 -7.6838
-7.70615 -7.70052
-8.02106 -8.02109
-8.05732 -8.05719
-7.97897 -7.97888
-8.04983 -8.04971
-7.93704 -7.93864
-8.06165 -8.06142
-7.61199 -7.61136
-8.01473 -8.01505
-8.04634 -8.04591
-7.55027 -7.55233
-7.89252 -7.89213
-8.04398 -8.04386
-7.765 -7.7628
-7.77464 -7.77349
-8.04382 -8.04363
-7.99509 -7.99463
-8.03057 -8.03019
-7.96824 -7.96826
-7.6491 -7.64311
-7.92701 -7.92761
-8.03074 -8.03049
-7.87517 -7.87594
-7.68887 -7.68833
-7.65872 -7.65803
-7.7665 -7.76727
-7.79915 -7.79441
-7.70214 -7.70043
-7.72023 -7.72103
-7.76049 -7.7632
-7.93714 -7.93755
-8.06509 -8.0649
-8.06524 -8.06504
-7.80683 -7.80889
-8.04169 -8.04166
-7.64511 -7.6413
-8.03874 -8.03839
-8.05975 -8.05953
-7.77299 -7.77549
-8.04007 -8.03995
-8.03335 -8.03321
-7.92172 -7.9225
-7.6936 -7.69274
-7.68195 -7.68038
-7.60306 -7.60657
-8.05199 -8.05186
-8.03254 -8.03241
-8.02247 -8.0227
-7.79915 -7.79441
-8.03903 -8.03851
-7.77114 -7.77257
-7.59365 -7.59286
-7.63374 -7.6329
-7.62271 -7.61552
-8.04972 -8.04933
-7.97901 -7.97895
-7.93807 -7.93818
-7.68382 -7.6848
-7.94078 -7.94263
-8.00817 -8.00857
-7.66878 -7.67029
-8.05162 -8.05151
-7.5837 -7.58203
-8.02531 -8.02473
-8.0093 -8.00914
-7.99093 -7.99018
-7.89748 -7.89943
-7.60798 -7.60672
-7.62242 -7.61564
-7.9124 -7.91343
-7.78252 -7.78484
-8.02457 -8.02477
-8.04179 -8.04179
-7.97036 -7.96973
-7.79915 -7.79441
-7.98581 -7.98567
-8.00847 -8.00887
-7.90282 -7.90415
-8.06533 -8.06515
-8.02661 -8.02657
-7.85278 -7.8529
-7.93277 -7.93329
-8.04219 -8.04186
-8.02902 -8.02892
-7.97719 -7.97795
-7.76241 -7.76528
-8.01796 -8.01824
-8.062 -8.06181
-8.04302 -8.04284
-8.03641 -8.03644
-7.94378 -7.9441
-7.76394 -7.76724
-7.97763 -7.97717
-8.04664 -8.04617
-7.73007 -7.73027
-7.97507 -7.97422
-7.55882 -7.55494
-8.059 -8.05887
-7.61414 -7.61262
-8.0639 -8.06372
-7.66688 -7.67022
-7.7445 -7.74381
-8.02482 -8.02474
-7.90482 -7.9039
-7.73721 -7.73637
-8.06301 -8.06284
-8.06529 -8.06511
-7.64119 -7.64572
-8.0634 -8.06321
-7.98138 -7.98127
-7.99695 -7.99668
-8.05435 -8.05419
-8.05468 -8.0545
-7.73741 -7.73711
-7.69647 -7.69912
-7.76653 -7.76792
-7.77486 -7.77618
-8.023 -8.02252
-7.76617 -7.76853
-7.76443 -7.76807
-7.90363 -7.90556
-8.06352 -8.06334
-8.04696 -8.04652
-7.77557 -7.77766
-8.03895 -8.03866
-7.70513 -7.70558
-7.76667 -7.76903
-8.02806 -8.02745
-7.93555 -7.93621
-8.02705 -8.02677
-8.0644 -8.06423
-8.02375 -8.02352
-8.02893 -8.02871
-7.69696 -7.69786
-8.0652 -8.06501
-7.58182 -7.58016
-7.59284 -7.60283
-8.04844 -8.04832
-7.76809 -7.76678
-7.77247 -7.76957
-8.0646 -8.06443
-7.71786 -7.7189
-7.88096 -7.88168
-8.02249 -8.02272
-7.90546 -7.90531
-7.78882 -7.78878
-7.98152 -7.98048
-7.98584 -7.98655
-8.05974 -8.05961
-8.05628 -8.0561
-8.03261 -8.03272
-7.78115 -7.78148
-8.0009 -7.99989
-7.77238 -7.77322
-8.06516 -8.06497
-7.76706 -7.76908
-7.78026 -7.77716
-7.62553 -7.62317
-8.0237 -8.02336
-8.03638 -8.03579
-7.9008 -7.9027
-7.87071 -7.87378
-7.97559 -7.97499
-7.80684 -7.80891
-7.77971 -7.78148
-7.65961 -7.65722
-7.67643 -7.67471
-8.0201 -8.0198
-7.59637 -7.59078
-7.77779 -7.7779
-7.77748 -7.7785
-8.03514 -8.03522
-7.88895 -7.89148
-7.9973 -7.99668
-8.02812 -8.02776
-7.8658 -7.86305
-7.59344 -7.58918
-7.69995 -7.7019
-8.00193 -8.00099
-7.93642 -7.93608
-8.02862 -8.02878
-8.0148 -8.01443
-7.68625 -7.68808
-7.90078 -7.90091
-8.02873 -8.02859
-8.03456 -8.03465
-8.00697 -8.00636
-8.0401 -8.03998
-7.6285 -7.62717
-8.05994 -8.0598
-8.06436 -8.06418
-7.94254 -7.94106
-8.03231 -8.03243
-7.60905 -7.60717
-7.96068 -7.96113
-7.61518 -7.61523
-7.70657 -7.70924
-8.02662 -8.02642
-8.06333 -8.06316
-8.00851 -8.00888
-7.62451 -7.62322
-8.05075 -8.05045
-7.93613 -7.93655
-7.99645 -7.99633
-7.80584 -7.80672
-7.90172 -7.9018
-8.05159 -8.05147
-7.8066 -7.80792
-7.77807 -7.7787
-7.98035 -7.98028
-7.72904 -7.72939
-8.01907 -8.01846
-7.80615 -7.80755
-7.77668 -7.7779
-7.93851 -7.93915
-7.9023 -7.90337
-8.03131 -8.03144
-8.01611 -8.01643
-7.58007 -7.57725
-8.06482 -8.06463
-7.77178 -7.77199
-8.05447 -8.05435
-8.02101 -8.02126
-7.77223 -7.77021
-7.98975 -7.99039
-7.95727 -7.95585
-7.98197 -7.98143
-7.56166 -7.54671
-7.8067 -7.80871
-7.97205 -7.97204
-7.65094 -7.65129
-8.06246 -8.06225
-8.0606 -8.06037
-7.56215 -7.56044
-8.06262 -8.06244
-7.94869 -7.94943
-7.77159 -7.7717
-8.01981 -8.01966
-8.01803 -8.01761
-8.04755 -8.04743
-7.9569 -7.957
-7.77557 -7.77554
-7.9724 -7.97327
-8.04553 -8.04541
-7.7653 -7.76517
-7.77885 -7.78118
-7.56466 -7.56493
-7.64122 -7.6456
-8.04213 -8.0421
-8.0473 -8.04689
-7.85984 -7.8586
-7.79915 -7.79441
-8.06221 -8.062
-8.06368 -8.06349
-7.76982 -7.76804
-7.80687 -7.80894
-7.81151 -7.81027
-8.04731 -8.04719
-7.76938 -7.76903
-7.97691 -7.97781
-8.03841 -8.03846
-7.74708 -7.74569
-8.00751 -8.00671
-7.95198 -7.95283
-8.06121 -8.06106
-7.79922 -7.8018
-7.87067 -7.87143
-8.06116 -8.06102
-8.03666 -8.03654
-8.04506 -8.04456
-7.80609 -7.80491
-7.86252 -7.8617
-8.04015 -8.03982
-8.03436 -8.03358
-7.82395 -7.8225
-7.76753 -7.76642
-7.92514 -7.92328
-7.94915 -7.94988
-8.00222 -8.00129
-7.77632 -7.77673
-7.61523 -7.61496
-7.9995 -7.99958
-8.05739 -8.05723
-8.03608 -8.03572
-7.87727 -7.87545
-8.05898 -8.05874
-8.04993 -8.04983
-7.64885 -7.64935
-8.01477 -8.01508
-8.03561 -8.03503
-8.06389 -8.06373
-7.98272 -7.98265
-8.0504 -8.05021
-7.66019 -7.65654
-7.55006 -7.55301
-7.77257 -7.77538
-7.95626 -7.95641
-7.69896 -7.69916
-8.02061 -8.02052
-7.69959 -7.70289
-8.0271 -8.02642
-8.0058 -8.00486
-7.89877 -7.90012
-7.64447 -7.64839
-7.97301 -7.97389
-8.02206 -8.02229
-8.06462 -8.06443
-7.77116 -7.7722
-8.04813 -8.04805
-7.59965 -7.60147
-8.0551 -8.05492
-7.93915 -7.9399
-8.02634 -8.0257
-8.03988 -8.03991
-8.05788 -8.05767
-8.0333 -8.03328
-7.98385 -7.98276
-8.05301 -8.05286
-8.06354 -8.06336
-8.06544 -8.06526
-7.85405 -7.85501
-8.04489 -8.04478
-7.77348 -7.77624
-7.8055 -7.80555
-7.702 -7.70296
-7.61943 -7.61257
-8.00093 -7.99991
-7.96442 -7.96449
-7.80978 -7.80916
-7.89301 -7.89297
-7.90867 -7.90893
-8.03923 -8.03851
-7.87993 -7.88267
-7.87398 -7.87348
-8.05103 -8.05091
-7.87927 -7.88048
-7.66754 -7.66164
-8.05113 -8.0507
-8.03428 -8.03439
-8.0437 -8.04365
-7.87142 -7.87027
-7.94957 -7.95044
-7.9567 -7.95634
-7.63479 -7.63602
-7.95727 -7.95808
-7.77684 -7.77735
-7.70885 -7.70472
-7.90586 -7.9057
-8.02589 -8.02522
-8.0271 -8.02661
-8.0345 -8.03411
-8.04585 -8.04567
-8.02988 -8.02974
-7.95369 -7.95447
-7.76895 -7.76871
-7.90966 -7.91074
-7.96051 -7.96061
-8.04316 -8.04315
-8.02788 -8.0278
-8.03899 -8.03866
-7.93793 -7.93621
-8.00162 -8.00105
-8.03816 -8.03768
-7.73189 -7.73281
-8.05606 -8.05593
-8.02947 -8.0295
-7.63932 -7.63677
-8.03715 -8.03722
-8.04209 -8.04196
-7.62415 -7.62029
-7.80633 -7.80804
-8.00587 -8.00572
-7.88397 -7.88533
-7.67492 -7.6724
-8.01045 -8.01058
-7.90813 -7.90928
-8.03918 -8.03917
-7.63223 -7.62096
-7.96322 -7.96404
-7.96136 -7.95952
-7.80869 -7.80562
-8.01793 -8.01747
-7.93768 -7.93505
-8.03001 -8.03012
-7.95408 -7.95485
-7.76254 -7.76301
-8.0648 -8.06461
-7.96901 -7.97028
-8.03338 -8.03347
-7.96873 -7.96809
-7.65837 -7.65854
-7.88943 -7.88896
-7.76342 -7.7658
-7.82309 -7.82629
-8.06458 -8.0644
-7.97388 -7.97387
-8.03101 -8.03114
-7.99681 -7.99663
-7.66851 -7.66445
-7.95683 -7.95746
-8.06526 -8.06508
-8.05987 -8.05971
-8.04206 -8.04194
-8.06423 -8.06404
-8.03538 -8.03464
-8.05875 -8.05862
-7.94902 -7.94905
-8.0372 -8.03726
-8.04673 -8.04641
-7.7158 -7.71489
-8.0367 -8.03615
-7.61798 -7.61787
-7.86983 -7.87304
-8.02748 -8.02668
-7.65613 -7.65108
-8.02143 -8.02147
-8.05382 -8.0537
-8.06389 -8.06371
-7.77471 -7.77441
