    3.0490024406e+02    1.3778242835e+03   -1.9588824592e+05   -1.0369276738e+00   -1.0526723600e-01   -1.9604492876e-01    5.3400632317e+02    2.5043664169e+02    5.2500000000e+00
    2.9691241481e+02    1.3417278050e+03   -1.9584229376e+05   -1.2129475252e+00   -1.9073094399e-01   -3.4531396603e-01    5.3400632317e+02    2.5043664169e+02    5.2500000000e+00
    3.0059061084e+02    1.3583493326e+03   -1.9586130024e+05   -1.0502171994e+00   -1.1574083873e-01   -1.0660183328e-01    5.3400632317e+02    2.5043664169e+02    5.2500000000e+00
    2.9966986654e+02    1.3541885492e+03   -1.9586108387e+05   -9.0843744818e-01   -3.7554412179e-02    1.8676281949e-01    5.3400632317e+02    2.5043664169e+02    5.2500000000e+00
    3.0099506074e+02    1.3601770152e+03   -1.9586199286e+05   -9.3713404162e-01   -6.2547081103e-02    9.8395069639e-02    5.3400632317e+02    2.5043664169e+02    5.2500000000e+00
    2.9944129783e+02    1.3531556621e+03   -1.9585690726e+05   -1.0432518637e+00   -1.0864094131e-01   -4.5107792620e-02    5.3400632317e+02    2.5043664169e+02    5.2500000000e+00
    3.0038651078e+02    1.3574270177e+03   -1.9585673598e+05   -1.0267018453e+00   -1.0648571776e-01   -6.9771155283e-02    5.3400632317e+02    2.5043664169e+02    5.2500000000e+00
    3.0133851365e+02    1.3617290565e+03   -1.9586893107e+05   -9.5962610025e-01   -5.4574157444e-02    1.8832966281e-02    5.3400632317e+02    2.5043664169e+02    5.2500000000e+00
    3.0072243060e+02    1.3589450174e+03   -1.9586051666e+05   -9.3626576884e-01   -5.4509197441e-02    5.8155487644e-02    5.3400632317e+02    2.5043664169e+02    5.2500000000e+00
    2.9987233988e+02    1.3551035130e+03   -1.9585826243e+05   -1.0114784513e+00   -9.3557092231e-02    7.2805774392e-02    5.3400632317e+02    2.5043664169e+02    5.2500000000e+00
    2.9837584344e+02    1.3483409434e+03   -1.9584978050e+05   -9.8170691566e-01   -7.7443952636e-02    7.4313942760e-03    5.3400632317e+02    2.5043664169e+02    5.2500000000e+00
    2.9904701026e+02    1.3513739024e+03   -1.9585933303e+05   -1.0145218499e+00   -7.3857670493e-02   -2.0064463365e-02    5.3400632317e+02    2.5043664169e+02    5.2500000000e+00
    3.0045687282e+02    1.3577449792e+03   -1.9586350857e+05   -9.6785934430e-01   -4.5569289028e-02    3.2876002370e-02    5.3400632317e+02    2.5043664169e+02    5.2500000000e+00
    2.9859910471e+02    1.3493498465e+03   -1.9585611985e+05   -9.7203892477e-01   -5.3921361304e-02    3.1055128006e-02    5.3400632317e+02    2.5043664169e+02    5.2500000000e+00
    2.9887101196e+02    1.3505785775e+03   -1.9585528096e+05   -9.8127212057e-01   -6.1668639622e-02    1.3440028255e-02    5.3400632317e+02    2.5043664169e+02    5.2500000000e+00
    2.9969788670e+02    1.3543151705e+03   -1.9585893029e+05   -9.9063074414e-01   -7.6511765761e-02   -1.8849654444e-02    5.3400632317e+02    2.5043664169e+02    5.2500000000e+00
    2.9992797205e+02    1.3553549112e+03   -1.9585995010e+05   -9.7586970563e-01   -6.7618651623e-02    2.5302453945e-02    5.3400632317e+02    2.5043664169e+02    5.2500000000e+00
    2.9973673643e+02    1.3544907299e+03   -1.9585420591e+05   -9.7156924705e-01   -7.7738754429e-02    5.7864942628e-02    5.3400632317e+02    2.5043664169e+02    5.2500000000e+00
    3.0033108250e+02    1.3571765410e+03   -1.9586119698e+05   -9.8991938902e-01   -7.0823667730e-02    3.4401527999e-02    5.3400632317e+02    2.5043664169e+02    5.2500000000e+00
    3.0022326508e+02    1.3566893211e+03   -1.9586183762e+05   -9.9922029065e-01   -7.8569193531e-02   -4.2716805596e-02    5.3400632317e+02    2.5043664169e+02    5.2500000000e+00
    3.0000733087e+02    1.3557135285e+03   -1.9586103210e+05   -9.9078437071e-01   -8.8311107737e-02   -4.5374720677e-03    5.3400632317e+02    2.5043664169e+02    5.2500000000e+00
    3.0146987601e+02    1.3623226744e+03   -1.9586519156e+05   -9.6528582928e-01   -8.1649559644e-02    6.7579854591e-02    5.3400632317e+02    2.5043664169e+02    5.2500000000e+00
    3.0160522138e+02    1.3629342913e+03   -1.9586972449e+05   -9.7372861152e-01   -6.8865505514e-02    5.9062663754e-02    5.3400632317e+02    2.5043664169e+02    5.2500000000e+00
    2.9958858953e+02    1.3538212637e+03   -1.9585744029e+05   -9.7394550351e-01   -7.6821398765e-02   -4.7732039804e-02    5.3400632317e+02    2.5043664169e+02    5.2500000000e+00
    3.0060552644e+02    1.3584167352e+03   -1.9586146011e+05   -9.7508426277e-01   -6.4727704757e-02   -3.4662207145e-02    5.3400632317e+02    2.5043664169e+02    5.2500000000e+00
    3.0074230187e+02    1.3590348144e+03   -1.9586459537e+05   -9.4933826522e-01   -4.8959729297e-02    2.9249358525e-03    5.3400632317e+02    2.5043664169e+02    5.2500000000e+00
    2.9950685336e+02    1.3534519033e+03   -1.9585876778e+05   -9.8072779898e-01   -4.5713838509e-02    3.9080791897e-02    5.3400632317e+02    2.5043664169e+02    5.2500000000e+00
    2.9972869837e+02    1.3544544064e+03   -1.9585950195e+05   -9.3470104648e-01   -2.6449692583e-02    4.5961017356e-02    5.3400632317e+02    2.5043664169e+02    5.2500000000e+00
    2.9974654765e+02    1.3545350662e+03   -1.9585996715e+05   -9.5101519847e-01   -4.2402280646e-02    2.4405587965e-02    5.3400632317e+02    2.5043664169e+02    5.2500000000e+00
    3.0118010610e+02    1.3610132231e+03   -1.9586579956e+05   -9.8263068978e-01   -7.2359552442e-02    2.5007669002e-03    5.3400632317e+02    2.5043664169e+02    5.2500000000e+00
    2.9940156782e+02    1.3529761248e+03   -1.9585777411e+05   -9.6474211767e-01   -4.7563805492e-02   -4.9870154651e-02    5.3400632317e+02    2.5043664169e+02    5.2500000000e+00
    3.0061582566e+02    1.3584632767e+03   -1.9586235618e+05   -9.3869516840e-01   -4.2341769685e-02    3.1665098695e-02    5.3400632317e+02    2.5043664169e+02    5.2500000000e+00
    3.0029578389e+02    1.3570170288e+03   -1.9586135415e+05   -9.3956723686e-01   -4.0235614932e-02    6.0222496838e-02    5.3400632317e+02    2.5043664169e+02    5.2500000000e+00
    2.9934072908e+02    1.3527011985e+03   -1.9585634265e+05   -9.9806380904e-01   -8.1559253124e-02    6.1862400646e-03    5.3400632317e+02    2.5043664169e+02    5.2500000000e+00
    3.0043401255e+02    1.3576416751e+03   -1.9586209826e+05   -9.5750123994e-01   -6.2763849848e-02   -1.3127830154e-04    5.3400632317e+02    2.5043664169e+02    5.2500000000e+00
    2.9955053812e+02    1.3536493119e+03   -1.9585635452e+05   -9.7086860055e-01   -8.0122263669e-02    4.3242708982e-03    5.3400632317e+02    2.5043664169e+02    5.2500000000e+00
    3.0140318858e+02    1.3620213183e+03   -1.9586413415e+05   -1.0018700797e+00   -8.5843449408e-02    1.4285317798e-02    5.3400632317e+02    2.5043664169e+02    5.2500000000e+00
    2.9957453525e+02    1.3537577534e+03   -1.9585995915e+05   -9.3690892852e-01   -5.5929963566e-02    3.3035787558e-02    5.3400632317e+02    2.5043664169e+02    5.2500000000e+00
    3.0006685847e+02    1.3559825298e+03   -1.9586039793e+05   -9.6118118579e-01   -5.5898802826e-02    2.4401460849e-02    5.3400632317e+02    2.5043664169e+02    5.2500000000e+00
    3.0055547018e+02    1.3581905342e+03   -1.9586379516e+05   -9.7041819686e-01   -5.7972693131e-02   -5.2789598263e-02    5.3400632317e+02    2.5043664169e+02    5.2500000000e+00
    3.0096057640e+02    1.3600211828e+03   -1.9586407030e+05   -9.7651283134e-01   -6.1752938482e-02   -6.6544878836e-03    5.3400632317e+02    2.5043664169e+02    5.2500000000e+00
    2.9994910352e+02    1.3554504029e+03   -1.9585769066e+05   -9.5008716311e-01   -5.5591989559e-02    4.2152861765e-02    5.3400632317e+02    2.5043664169e+02    5.2500000000e+00
    3.0062763865e+02    1.3585166588e+03   -1.9586320434e+05   -9.6556263431e-01   -5.8842468670e-02    2.4581845957e-03    5.3400632317e+02    2.5043664169e+02    5.2500000000e+00
    2.9974505311e+02    1.3545283124e+03   -1.9586282463e+05   -9.8262404356e-01   -6.1563133843e-02   -1.7186626323e-02    5.3400632317e+02    2.5043664169e+02    5.2500000000e+00
    2.9954003558e+02    1.3536018516e+03   -1.9585494884e+05   -9.8141095202e-01   -7.3360871944e-02    3.4194497275e-02    5.3400632317e+02    2.5043664169e+02    5.2500000000e+00
    2.9849490546e+02    1.3488789769e+03   -1.9585279569e+05   -9.4652914567e-01   -6.0366059975e-02    8.3778132662e-03    5.3400632317e+02    2.5043664169e+02    5.2500000000e+00
    3.0049734109e+02    1.3579278526e+03   -1.9586161215e+05   -9.6196321235e-01   -8.0503027968e-02   -1.5311141795e-02    5.3400632317e+02    2.5043664169e+02    5.2500000000e+00
    3.0085343210e+02    1.3595370046e+03   -1.9586413479e+05   -9.6446492678e-01   -8.2175195434e-02   -2.1450285562e-04    5.3400632317e+02    2.5043664169e+02    5.2500000000e+00
    2.9934280848e+02    1.3527105952e+03   -1.9585574220e+05   -9.6821068353e-01   -7.3325162121e-02   -1.6574819444e-02    5.3400632317e+02    2.5043664169e+02    5.2500000000e+00
    3.0043013340e+02    1.3576241455e+03   -1.9586035480e+05   -9.8902031030e-01   -8.0918638802e-02    3.5657546867e-02    5.3400632317e+02    2.5043664169e+02    5.2500000000e+00
    2.9987829014e+02    1.3551304019e+03   -1.9585830150e+05   -9.4459274380e-01   -5.4778810377e-02    1.9000553161e-02    5.3400632317e+02    2.5043664169e+02    5.2500000000e+00
    2.9929160779e+02    1.3524792226e+03   -1.9585964164e+05   -9.6912918579e-01   -3.6656873000e-02    4.7014437926e-02    5.3400632317e+02    2.5043664169e+02    5.2500000000e+00
    2.9985827048e+02    1.3550399343e+03   -1.9585953228e+05   -9.5012232497e-01   -5.4395729759e-02   -4.0874588005e-02    5.3400632317e+02    2.5043664169e+02    5.2500000000e+00
    2.9956695182e+02    1.3537234843e+03   -1.9585993658e+05   -1.0027398332e+00   -6.5007748174e-02   -1.1697116086e-02    5.3400632317e+02    2.5043664169e+02    5.2500000000e+00
    3.0134601331e+02    1.3617629470e+03   -1.9586741240e+05   -9.1367566644e-01   -3.2626455688e-02    2.0031756854e-02    5.3400632317e+02    2.5043664169e+02    5.2500000000e+00
    3.0057554215e+02    1.3582812381e+03   -1.9586375720e+05   -9.6042282421e-01   -4.9184136081e-02    5.0198486831e-02    5.3400632317e+02    2.5043664169e+02    5.2500000000e+00
    3.0044967147e+02    1.3577124367e+03   -1.9586128647e+05   -9.5050528909e-01   -4.4420274010e-02   -5.1368460767e-02    5.3400632317e+02    2.5043664169e+02    5.2500000000e+00
    3.0099278953e+02    1.3601667518e+03   -1.9586519197e+05   -9.5844228230e-01   -4.1546509047e-02    3.6061159807e-02    5.3400632317e+02    2.5043664169e+02    5.2500000000e+00
    3.0152435457e+02    1.3625688595e+03   -1.9586551212e+05   -9.1676525347e-01   -3.3938259115e-02    3.8240011710e-02    5.3400632317e+02    2.5043664169e+02    5.2500000000e+00
    3.0049033951e+02    1.3578962130e+03   -1.9586319655e+05   -9.7537370227e-01   -5.3378882311e-02    1.8814668009e-02    5.3400632317e+02    2.5043664169e+02    5.2500000000e+00
    2.9866924095e+02    1.3496667875e+03   -1.9585563158e+05   -9.5773826729e-01   -5.5684460358e-02   -2.7868412283e-02    5.3400632317e+02    2.5043664169e+02    5.2500000000e+00
    3.0026481923e+02    1.3568771016e+03   -1.9586003500e+05   -9.9880259002e-01   -8.5728097040e-02    2.7867882861e-03    5.3400632317e+02    2.5043664169e+02    5.2500000000e+00
    3.0345209707e+02    1.3712802019e+03   -1.9587560060e+05   -9.0239927110e-01   -3.1009156901e-02    6.5003108735e-02    5.3400632317e+02    2.5043664169e+02    5.2500000000e+00
    2.9992186982e+02    1.3553273356e+03   -1.9586173386e+05   -9.5860153962e-01   -4.9288373793e-02    6.6823073756e-03    5.3400632317e+02    2.5043664169e+02    5.2500000000e+00
    2.9910291843e+02    1.3516265478e+03   -1.9585480298e+05   -9.9994076851e-01   -6.9288723030e-02   -1.2913828153e-02    5.3400632317e+02    2.5043664169e+02    5.2500000000e+00
    3.0099819668e+02    1.3601911863e+03   -1.9586300865e+05   -9.4329681989e-01   -4.5385421587e-02    1.6734633588e-02    5.3400632317e+02    2.5043664169e+02    5.2500000000e+00
    3.0060394298e+02    1.3584095797e+03   -1.9586152306e+05   -9.7568292462e-01   -5.1343525280e-02    5.5039868475e-02    5.3400632317e+02    2.5043664169e+02    5.2500000000e+00
    2.9887358728e+02    1.3505902153e+03   -1.9585289415e+05   -9.6180009535e-01   -6.4356221465e-02   -2.4718329887e-03    5.3400632317e+02    2.5043664169e+02    5.2500000000e+00
    3.0055977421e+02    1.3582099838e+03   -1.9586189583e+05   -9.4557020390e-01   -5.2291624281e-02   -4.5312931321e-02    5.3400632317e+02    2.5043664169e+02    5.2500000000e+00
    3.0053304069e+02    1.3580891768e+03   -1.9586083771e+05   -9.6220023901e-01   -5.7256264264e-02    4.6331329476e-02    5.3400632317e+02    2.5043664169e+02    5.2500000000e+00
    3.0058362954e+02    1.3583177845e+03   -1.9586289808e+05   -9.4301703196e-01   -4.2170150137e-02    1.5913192996e-02    5.3400632317e+02    2.5043664169e+02    5.2500000000e+00
    2.9853421755e+02    1.3490566256e+03   -1.9585272031e+05   -9.3857679706e-01   -4.4015381643e-02    1.0333431445e-02    5.3400632317e+02    2.5043664169e+02    5.2500000000e+00
    2.9879085046e+02    1.3502163330e+03   -1.9585728475e+05   -9.4610000363e-01   -4.4639299931e-02    1.0626450044e-02    5.3400632317e+02    2.5043664169e+02    5.2500000000e+00
    3.0062847295e+02    1.3585204290e+03   -1.9586074897e+05   -9.4547889094e-01   -6.5553997864e-02    7.2447238838e-03    5.3400632317e+02    2.5043664169e+02    5.2500000000e+00
    2.9826385156e+02    1.3478348594e+03   -1.9585294021e+05   -9.3832456579e-01   -3.9064805588e-02    2.1805783445e-02    5.3400632317e+02    2.5043664169e+02    5.2500000000e+00
    3.0030475380e+02    1.3570575633e+03   -1.9585870494e+05   -9.4516546004e-01   -6.3153071201e-02    2.7014623606e-02    5.3400632317e+02    2.5043664169e+02    5.2500000000e+00
    2.9880197488e+02    1.3502666035e+03   -1.9585301061e+05   -1.0003638742e+00   -8.0089629271e-02   -3.6517958909e-03    5.3400632317e+02    2.5043664169e+02    5.2500000000e+00
    3.0051668378e+02    1.3580152610e+03   -1.9586174783e+05   -9.4507271328e-01   -4.6916378435e-02    1.0313964493e-02    5.3400632317e+02    2.5043664169e+02    5.2500000000e+00
    3.0041962684e+02    1.3575766670e+03   -1.9586267655e+05   -9.2326021698e-01   -4.4559385408e-02   -3.4397283426e-03    5.3400632317e+02    2.5043664169e+02    5.2500000000e+00
    3.0081592983e+02    1.3593675344e+03   -1.9586520317e+05   -9.7084599998e-01   -4.9575199933e-02    1.3609903001e-02    5.3400632317e+02    2.5043664169e+02    5.2500000000e+00
    3.0004079559e+02    1.3558647534e+03   -1.9586314885e+05   -9.1761366591e-01   -4.2857716515e-02   -2.8898987011e-02    5.3400632317e+02    2.5043664169e+02    5.2500000000e+00
    3.0042922130e+02    1.3576200238e+03   -1.9585888135e+05   -9.5003261740e-01   -5.9123907814e-02    1.3236879528e-02    5.3400632317e+02    2.5043664169e+02    5.2500000000e+00
    3.0072071156e+02    1.3589372492e+03   -1.9586263045e+05   -9.4970814742e-01   -4.7618671017e-02    3.2077198291e-02    5.3400632317e+02    2.5043664169e+02    5.2500000000e+00
    2.9924288934e+02    1.3522590672e+03   -1.9585845132e+05   -9.3216945452e-01   -2.9904111368e-02    3.5468128496e-02    5.3400632317e+02    2.5043664169e+02    5.2500000000e+00
    2.9939956171e+02    1.3529670593e+03   -1.9585724200e+05   -9.3337287808e-01   -4.1995162413e-02    2.3727461963e-03    5.3400632317e+02    2.5043664169e+02    5.2500000000e+00
    3.0021709886e+02    1.3566614563e+03   -1.9585991593e+05   -9.6922446008e-01   -5.4196217621e-02    5.2006440570e-03    5.3400632317e+02    2.5043664169e+02    5.2500000000e+00
    3.0006227165e+02    1.3559618023e+03   -1.9586096491e+05   -9.4046575940e-01   -3.9575986814e-02    2.5224253050e-02    5.3400632317e+02    2.5043664169e+02    5.2500000000e+00
    3.0118346637e+02    1.3610284080e+03   -1.9586484984e+05   -9.5285702795e-01   -5.8450418085e-02    4.8364858388e-02    5.3400632317e+02    2.5043664169e+02    5.2500000000e+00
    2.9829459181e+02    1.3479737726e+03   -1.9585161242e+05   -9.8789046929e-01   -8.0966385952e-02   -1.6766196763e-02    5.3400632317e+02    2.5043664169e+02    5.2500000000e+00
    2.9986479185e+02    1.3550694040e+03   -1.9585882165e+05   -9.4412707350e-01   -5.9727317151e-02   -2.4338681211e-02    5.3400632317e+02    2.5043664169e+02    5.2500000000e+00
    3.0009490317e+02    1.3561092620e+03   -1.9585863013e+05   -9.6684927238e-01   -6.6819682516e-02    5.2205426220e-02    5.3400632317e+02    2.5043664169e+02    5.2500000000e+00
    3.0028741652e+02    1.3569792172e+03   -1.9586173465e+05   -9.2280160527e-01   -1.9586504443e-02   -1.1631446539e-02    5.3400632317e+02    2.5043664169e+02    5.2500000000e+00
    2.9814152771e+02    1.3472820859e+03   -1.9585308928e+05   -9.4630799319e-01   -2.1168170686e-02    2.2387389013e-02    5.3400632317e+02    2.5043664169e+02    5.2500000000e+00
    2.9991866821e+02    1.3553128677e+03   -1.9585875579e+05   -9.2557772804e-01   -2.6277995133e-02    4.6599990663e-02    5.3400632317e+02    2.5043664169e+02    5.2500000000e+00
    3.0200624321e+02    1.3647464828e+03   -1.9586883883e+05   -9.2696165771e-01   -2.3704436352e-02    2.8365818611e-02    5.3400632317e+02    2.5043664169e+02    5.2500000000e+00
    3.0021930552e+02    1.3566714281e+03   -1.9586191024e+05   -9.5824697923e-01   -3.3449111408e-02   -2.3600189123e-02    5.3400632317e+02    2.5043664169e+02    5.2500000000e+00
    3.0088032664e+02    1.3596585393e+03   -1.9586242313e+05   -9.2580636810e-01   -2.4015867468e-02    3.5675249033e-02    5.3400632317e+02    2.5043664169e+02    5.2500000000e+00
    2.9866791704e+02    1.3496608049e+03   -1.9585607968e+05   -9.4008846792e-01   -2.8005267887e-02    6.3860721479e-02    5.3400632317e+02    2.5043664169e+02    5.2500000000e+00
    2.9958338006e+02    1.3537977225e+03   -1.9585490856e+05   -9.7346787703e-01   -4.9642322687e-02   -2.7761682301e-03    5.3400632317e+02    2.5043664169e+02    5.2500000000e+00
    3.0080670690e+02    1.3593258566e+03   -1.9586177092e+05   -9.5535772582e-01   -6.8294448470e-02   -4.2537624630e-02    5.3400632317e+02    2.5043664169e+02    5.2500000000e+00
    3.0614323702e+02    1.3834412875e+03   -1.9589413012e+05   -1.0852774956e+00   -1.2979759083e-01   -1.6802805589e-01    5.3400632317e+02    2.5043664169e+02    5.2500000000e+00
    2.9942475047e+02    1.3530808857e+03   -1.9585136259e+05   -1.1937961000e+00   -2.1105960562e-01   -3.5974578750e-01    5.3400632317e+02    2.5043664169e+02    5.2500000000e+00
    2.9987601923e+02    1.3551201397e+03   -1.9585879848e+05   -1.0867866305e+00   -1.4925513674e-01   -9.6369927889e-02    5.3400632317e+02    2.5043664169e+02    5.2500000000e+00
    3.0094696064e+02    1.3599596540e+03   -1.9586510013e+05   -8.9831319258e-01   -6.5744895462e-02    1.6956163749e-01    5.3400632317e+02    2.5043664169e+02    5.2500000000e+00
    3.0231359516e+02    1.3661353861e+03   -1.9586893743e+05   -9.5538906409e-01   -7.9101395325e-02    1.5135537345e-01    5.3400632317e+02    2.5043664169e+02    5.2500000000e+00
    2.9796668363e+02    1.3464919769e+03   -1.9584923653e+05   -1.0403163031e+00   -1.2815835170e-01   -7.3962602323e-02    5.3400632317e+02    2.5043664169e+02    5.2500000000e+00
    3.0001225455e+02    1.3557357783e+03   -1.9586163777e+05   -1.0709285111e+00   -1.1780412626e-01   -8.4345506900e-02    5.3400632317e+02    2.5043664169e+02    5.2500000000e+00
    3.0002609839e+02    1.3557983377e+03   -1.9585944960e+05   -1.0049282763e+00   -9.8532456048e-02   -2.5269405316e-02    5.3400632317e+02    2.5043664169e+02    5.2500000000e+00
    2.9905109606e+02    1.3513923659e+03   -1.9585376306e+05   -9.7815478442e-01   -9.3034194908e-02    8.9707968694e-02    5.3400632317e+02    2.5043664169e+02    5.2500000000e+00
    3.0003568127e+02    1.3558416421e+03   -1.9586116319e+05   -9.4753099182e-01   -6.7202033830e-02    2.1869259121e-02    5.3400632317e+02    2.5043664169e+02    5.2500000000e+00
    3.0010269204e+02    1.3561444594e+03   -1.9586073473e+05   -1.0169906887e+00   -8.6639339623e-02    3.8865548047e-03    5.3400632317e+02    2.5043664169e+02    5.2500000000e+00
    3.0023720797e+02    1.3567523281e+03   -1.9585893548e+05   -1.0199730359e+00   -1.0401278961e-01   -5.9785230569e-03    5.3400632317e+02    2.5043664169e+02    5.2500000000e+00
    2.9877642926e+02    1.3501511645e+03   -1.9585375661e+05   -9.8627311348e-01   -8.1063003239e-02    2.1888654861e-02    5.3400632317e+02    2.5043664169e+02    5.2500000000e+00
    3.0009779625e+02    1.3561223356e+03   -1.9586048396e+05   -9.9589135153e-01   -9.9970129615e-02    3.9236188459e-02    5.3400632317e+02    2.5043664169e+02    5.2500000000e+00
    2.9925881311e+02    1.3523310256e+03   -1.9585542747e+05   -1.0018752274e+00   -1.0386722850e-01    3.6451954063e-02    5.3400632317e+02    2.5043664169e+02    5.2500000000e+00
    2.9998243159e+02    1.3556010102e+03   -1.9586060419e+05   -9.9665012209e-01   -1.0320927253e-01   -1.7649028612e-02    5.3400632317e+02    2.5043664169e+02    5.2500000000e+00
    3.0105609102e+02    1.3604528071e+03   -1.9586533622e+05   -1.0011597614e+00   -1.1512016874e-01   -3.1065593555e-02    5.3400632317e+02    2.5043664169e+02    5.2500000000e+00
    3.0038431919e+02    1.3574171141e+03   -1.9586168237e+05   -9.6657103145e-01   -8.4524907282e-02    3.3389359814e-02    5.3400632317e+02    2.5043664169e+02    5.2500000000e+00
    2.9902491817e+02    1.3512740697e+03   -1.9585627551e+05   -9.6870030711e-01   -8.1250993258e-02    3.5281547720e-02    5.3400632317e+02    2.5043664169e+02    5.2500000000e+00
    2.9978903048e+02    1.3547270433e+03   -1.9586038315e+05   -9.9468408948e-01   -8.1596878133e-02   -4.3957345938e-02    5.3400632317e+02    2.5043664169e+02    5.2500000000e+00
    3.0222977336e+02    1.3657566009e+03   -1.9587076259e+05   -1.0020199785e+00   -9.2325230138e-02   -5.4251186916e-02    5.3400632317e+02    2.5043664169e+02    5.2500000000e+00
    3.0080830054e+02    1.3593330581e+03   -1.9586133495e+05   -9.4628875436e-01   -7.7248940235e-02    5.6792718969e-02    5.3400632317e+02    2.5043664169e+02    5.2500000000e+00
    2.9939672318e+02    1.3529542322e+03   -1.9585743885e+05   -9.4768284951e-01   -7.4981389945e-02    3.3924482025e-02    5.3400632317e+02    2.5043664169e+02    5.2500000000e+00
    3.0007619173e+02    1.3560247062e+03   -1.9586258557e+05   -9.8339114554e-01   -7.7053965846e-02   -3.0899655230e-02    5.3400632317e+02    2.5043664169e+02    5.2500000000e+00
    3.0033175742e+02    1.3571795909e+03   -1.9586317970e+05   -1.0230729413e+00   -9.0659888942e-02   -4.5448897989e-02    5.3400632317e+02    2.5043664169e+02    5.2500000000e+00
    3.0075703535e+02    1.3591013940e+03   -1.9586154041e+05   -9.6690465003e-01   -8.6739215546e-02   -1.2586504971e-02    5.3400632317e+02    2.5043664169e+02    5.2500000000e+00
    3.0000395694e+02    1.3556982819e+03   -1.9586218865e+05   -9.9599452286e-01   -9.0483247210e-02    4.6791388154e-02    5.3400632317e+02    2.5043664169e+02    5.2500000000e+00
    2.9973620940e+02    1.3544883483e+03   -1.9585810071e+05   -9.5731505073e-01   -7.6788124675e-02   -2.3797032652e-02    5.3400632317e+02    2.5043664169e+02    5.2500000000e+00
    2.9968163642e+02    1.3542417365e+03   -1.9585787114e+05   -1.0414411468e+00   -1.1137873979e-01    9.7181387457e-03    5.3400632317e+02    2.5043664169e+02    5.2500000000e+00
    2.9989266093e+02    1.3551953425e+03   -1.9586101661e+05   -9.3196341098e-01   -8.1699377269e-02   -2.4879326463e-02    5.3400632317e+02    2.5043664169e+02    5.2500000000e+00
    2.9990491612e+02    1.3552507229e+03   -1.9585642529e+05   -9.9502521055e-01   -9.8468560167e-02    3.9020564868e-02    5.3400632317e+02    2.5043664169e+02    5.2500000000e+00
    2.9971535601e+02    1.3543941132e+03   -1.9585924176e+05   -9.3953542733e-01   -5.4381740743e-02    1.9637836693e-02    5.3400632317e+02    2.5043664169e+02    5.2500000000e+00
    2.9927418479e+02    1.3524004892e+03   -1.9585759148e+05   -9.9051874750e-01   -9.0055546085e-02    2.4790080001e-02    5.3400632317e+02    2.5043664169e+02    5.2500000000e+00
    3.0030721726e+02    1.3570686955e+03   -1.9586131856e+05   -9.7972819446e-01   -6.3544982682e-02   -6.8806942557e-04    5.3400632317e+02    2.5043664169e+02    5.2500000000e+00
    3.0144221450e+02    1.3621976739e+03   -1.9586930174e+05   -9.6878984689e-01   -7.5213278247e-02   -2.7023264547e-02    5.3400632317e+02    2.5043664169e+02    5.2500000000e+00
    2.9822149705e+02    1.3476434621e+03   -1.9584831428e+05   -9.6526517872e-01   -7.4626459075e-02    5.1237447035e-02    5.3400632317e+02    2.5043664169e+02    5.2500000000e+00
    2.9889257806e+02    1.3506760334e+03   -1.9585730921e+05   -9.2787329886e-01   -5.6423416347e-02    5.8719905187e-02    5.3400632317e+02    2.5043664169e+02    5.2500000000e+00
    2.9984481726e+02    1.3549791401e+03   -1.9585988254e+05   -9.7500009139e-01   -9.5028655747e-02   -2.8484506848e-02    5.3400632317e+02    2.5043664169e+02    5.2500000000e+00
    2.9822274436e+02    1.3476490987e+03   -1.9585182137e+05   -1.0013559762e+00   -1.0412545961e-01   -7.4383124670e-02    5.3400632317e+02    2.5043664169e+02    5.2500000000e+00
    2.9899444456e+02    1.3511363614e+03   -1.9585627896e+05   -9.7571134591e-01   -7.2733083178e-02   -4.3603921961e-03    5.3400632317e+02    2.5043664169e+02    5.2500000000e+00
    3.0095696841e+02    1.3600048785e+03   -1.9586772957e+05   -9.4739813415e-01   -5.5022604059e-02    5.0349749374e-02    5.3400632317e+02    2.5043664169e+02    5.2500000000e+00
    3.0019408224e+02    1.3565574457e+03   -1.9586251326e+05   -9.6369558996e-01   -7.2926586949e-02    2.8854985906e-02    5.3400632317e+02    2.5043664169e+02    5.2500000000e+00
    3.0171523392e+02    1.3634314308e+03   -1.9586848299e+05   -9.4556234307e-01   -6.5544665845e-02    1.2028264832e-02    5.3400632317e+02    2.5043664169e+02    5.2500000000e+00
    3.0012898776e+02    1.3562632880e+03   -1.9586119349e+05   -9.7829891165e-01   -8.9573178403e-02   -9.6955123101e-03    5.3400632317e+02    2.5043664169e+02    5.2500000000e+00
    2.9973936014e+02    1.3545025863e+03   -1.9585943311e+05   -9.6857830939e-01   -7.0328940465e-02    2.5388332916e-03    5.3400632317e+02    2.5043664169e+02    5.2500000000e+00
    2.9956309164e+02    1.3537060404e+03   -1.9585596689e+05   -9.5287953186e-01   -8.0577414693e-02   -2.5618999080e-03    5.3400632317e+02    2.5043664169e+02    5.2500000000e+00
    2.9963375021e+02    1.3540253419e+03   -1.9585684560e+05   -9.9946309151e-01   -9.0918542469e-02    1.4366020260e-02    5.3400632317e+02    2.5043664169e+02    5.2500000000e+00
    2.9955770902e+02    1.3536817167e+03   -1.9585844884e+05   -9.4884122431e-01   -6.6595790860e-02    2.5981345895e-02    5.3400632317e+02    2.5043664169e+02    5.2500000000e+00
    2.9874401773e+02    1.3500046989e+03   -1.9585329254e+05   -9.5421024215e-01   -7.8875134287e-02    5.0642020028e-02    5.3400632317e+02    2.5043664169e+02    5.2500000000e+00
    3.0105736400e+02    1.3604585596e+03   -1.9586521940e+05   -9.6107034783e-01   -8.4726303139e-02    1.9646628961e-03    5.3400632317e+02    2.5043664169e+02    5.2500000000e+00
    3.0002213476e+02    1.3557804263e+03   -1.9586015745e+05   -9.9563644369e-01   -9.6259599908e-02   -6.5676698530e-03    5.3400632317e+02    2.5043664169e+02    5.2500000000e+00
    2.9995572886e+02    1.3554803424e+03   -1.9585768881e+05   -9.6048905268e-01   -8.0769362279e-02   -2.1271818708e-03    5.3400632317e+02    2.5043664169e+02    5.2500000000e+00
    3.0010762391e+02    1.3561667462e+03   -1.9586028946e+05   -9.6327470047e-01   -6.8307806840e-02    2.8968699919e-02    5.3400632317e+02    2.5043664169e+02    5.2500000000e+00
    2.9823587636e+02    1.3477084413e+03   -1.9585486388e+05   -9.4024376106e-01   -5.2097032976e-02   -5.8615370754e-03    5.3400632317e+02    2.5043664169e+02    5.2500000000e+00
    3.0069521165e+02    1.3588220168e+03   -1.9586318914e+05   -9.6917853758e-01   -6.9364039648e-02    4.8397190557e-02    5.3400632317e+02    2.5043664169e+02    5.2500000000e+00
    2.9825795218e+02    1.3478082005e+03   -1.9585285467e+05   -9.3875059394e-01   -4.9142564076e-02    2.0881659370e-04    5.3400632317e+02    2.5043664169e+02    5.2500000000e+00
    2.9958329863e+02    1.3537973545e+03   -1.9585724025e+05   -9.7479916541e-01   -7.7569362476e-02   -7.3981990221e-03    5.3400632317e+02    2.5043664169e+02    5.2500000000e+00
    3.0103223912e+02    1.3603450219e+03   -1.9586513495e+05   -9.6005060687e-01   -8.0371253449e-02    1.8250104392e-02    5.3400632317e+02    2.5043664169e+02    5.2500000000e+00
    3.0111150746e+02    1.3607032304e+03   -1.9586397523e+05   -9.5049302055e-01   -6.2287170705e-02    1.7723136441e-02    5.3400632317e+02    2.5043664169e+02    5.2500000000e+00
    3.0114767204e+02    1.3608666557e+03   -1.9586300630e+05   -9.8051775872e-01   -8.9219620511e-02    3.1086984705e-03    5.3400632317e+02    2.5043664169e+02    5.2500000000e+00
    2.9916362265e+02    1.3519008661e+03   -1.9585629478e+05   -9.5331422414e-01   -6.5570606528e-02    3.4621639403e-02    5.3400632317e+02    2.5043664169e+02    5.2500000000e+00
    3.0013569815e+02    1.3562936118e+03   -1.9585988355e+05   -9.7306590734e-01   -8.5435554782e-02    1.9419887406e-03    5.3400632317e+02    2.5043664169e+02    5.2500000000e+00
    2.9987263800e+02    1.3551048602e+03   -1.9585712604e+05   -1.0012625521e+00   -9.8877604559e-02   -2.4397371381e-02    5.3400632317e+02    2.5043664169e+02    5.2500000000e+00
    3.0019499636e+02    1.3565615766e+03   -1.9586094335e+05   -9.3964686383e-01   -6.5567333307e-02    9.6103400781e-03    5.3400632317e+02    2.5043664169e+02    5.2500000000e+00
    2.9924710274e+02    1.3522781072e+03   -1.9585527788e+05   -9.6579814496e-01   -7.4273685663e-02    4.3304526792e-02    5.3400632317e+02    2.5043664169e+02    5.2500000000e+00
    2.9989017332e+02    1.3551841012e+03   -1.9586006259e+05   -9.4618928546e-01   -6.0243357441e-02   -1.4569762981e-02    5.3400632317e+02    2.5043664169e+02    5.2500000000e+00
    2.9909510158e+02    1.3515912239e+03   -1.9585721273e+05   -9.6218565574e-01   -5.4485049744e-02    2.7016168489e-02    5.3400632317e+02    2.5043664169e+02    5.2500000000e+00
    2.9956045951e+02    1.3536941460e+03   -1.9585659042e+05   -9.2742635213e-01   -4.8668592702e-02    3.6711706445e-02    5.3400632317e+02    2.5043664169e+02    5.2500000000e+00
    3.0025982122e+02    1.3568545159e+03   -1.9586045676e+05   -9.4252500567e-01   -3.9153048059e-02    2.6919133594e-02    5.3400632317e+02    2.5043664169e+02    5.2500000000e+00
    3.0102798325e+02    1.3603257899e+03   -1.9586668634e+05   -9.3963430354e-01   -4.4195760965e-02    5.8765913974e-03    5.3400632317e+02    2.5043664169e+02    5.2500000000e+00
    2.9990168485e+02    1.3552361210e+03   -1.9585936112e+05   -9.4889732803e-01   -7.5420402199e-02   -6.1446247678e-04    5.3400632317e+02    2.5043664169e+02    5.2500000000e+00
    2.9930622171e+02    1.3525452620e+03   -1.9585425729e+05   -9.5429575512e-01   -8.0613765524e-02    1.4301006500e-02    5.3400632317e+02    2.5043664169e+02    5.2500000000e+00
    2.9779900361e+02    1.3457342419e+03   -1.9584621868e+05   -9.6858650170e-01   -8.4797378750e-02    4.0024375035e-02    5.3400632317e+02    2.5043664169e+02    5.2500000000e+00
    2.9911598644e+02    1.3516856012e+03   -1.9585438891e+05   -9.6500650731e-01   -7.8753893982e-02   -2.7162136722e-02    5.3400632317e+02    2.5043664169e+02    5.2500000000e+00
    3.0004899657e+02    1.3559018130e+03   -1.9585925263e+05   -9.7235624680e-01   -5.9317047390e-02    8.4597835177e-03    5.3400632317e+02    2.5043664169e+02    5.2500000000e+00
    2.9889341078e+02    1.3506797964e+03   -1.9585770653e+05   -9.2782819779e-01   -4.5871279645e-02    1.8107020803e-02    5.3400632317e+02    2.5043664169e+02    5.2500000000e+00
    3.0044109167e+02    1.3576736652e+03   -1.9586168978e+05   -9.5240126781e-01   -4.7000431753e-02    4.2594101726e-02    5.3400632317e+02    2.5043664169e+02    5.2500000000e+00
    3.0057739653e+02    1.3582896180e+03   -1.9586231132e+05   -9.3367766198e-01   -2.7844319219e-02    1.6194799775e-03    5.3400632317e+02    2.5043664169e+02    5.2500000000e+00
    2.9993983902e+02    1.3554085372e+03   -1.9586069198e+05   -9.9892822268e-01   -5.2223149868e-02    2.6352262538e-02    5.3400632317e+02    2.5043664169e+02    5.2500000000e+00
    2.9982069168e+02    1.3548701182e+03   -1.9585851622e+05   -9.1644910966e-01   -4.2889481366e-02   -2.7137868131e-02    5.3400632317e+02    2.5043664169e+02    5.2500000000e+00
    3.0065265877e+02    1.3586297231e+03   -1.9586203931e+05   -9.6587153480e-01   -6.9246340052e-02    2.3387627240e-02    5.3400632317e+02    2.5043664169e+02    5.2500000000e+00
    3.0109811828e+02    1.3606427255e+03   -1.9586572387e+05   -9.4479786199e-01   -6.1681710527e-02    2.2708445571e-02    5.3400632317e+02    2.5043664169e+02    5.2500000000e+00
    2.9965494478e+02    1.3541211187e+03   -1.9585909542e+05   -9.4585030731e-01   -6.1628237051e-02    2.5377223331e-02    5.3400632317e+02    2.5043664169e+02    5.2500000000e+00
    2.9978986436e+02    1.3547308115e+03   -1.9585927668e+05   -9.7049323482e-01   -9.4491115287e-02    2.7262412475e-02    5.3400632317e+02    2.5043664169e+02    5.2500000000e+00
    2.9972792748e+02    1.3544509228e+03   -1.9585711933e+05   -9.7961921747e-01   -9.6156906200e-02   -5.4573031077e-02    5.3400632317e+02    2.5043664169e+02    5.2500000000e+00
    2.9933539340e+02    1.3526770870e+03   -1.9585447352e+05   -9.7370315605e-01   -7.8068729171e-02    6.5399533815e-03    5.3400632317e+02    2.5043664169e+02    5.2500000000e+00
    3.0019836740e+02    1.3565768101e+03   -1.9586276558e+05   -9.0327288945e-01   -3.0874855240e-02    9.9273486151e-03    5.3400632317e+02    2.5043664169e+02    5.2500000000e+00
    3.0058057040e+02    1.3583039605e+03   -1.9586365437e+05   -9.3924431582e-01   -5.2777767291e-02    3.2105011588e-02    5.3400632317e+02    2.5043664169e+02    5.2500000000e+00
    2.9980118811e+02    1.3547819828e+03   -1.9585823202e+05   -9.5513396773e-01   -5.5218241762e-02   -2.6362481291e-02    5.3400632317e+02    2.5043664169e+02    5.2500000000e+00
    2.9925861565e+02    1.3523301333e+03   -1.9585491531e+05   -9.7223033159e-01   -6.7215218465e-02   -4.9186589079e-02    5.3400632317e+02    2.5043664169e+02    5.2500000000e+00
    2.9988294540e+02    1.3551514387e+03   -1.9585758121e+05   -9.1955837879e-01   -4.5556654402e-02    3.3138218921e-03    5.3400632317e+02    2.5043664169e+02    5.2500000000e+00
    3.0003505509e+02    1.3558388124e+03   -1.9586033547e+05   -9.1814583681e-01   -2.8099359021e-02    5.8282283951e-02    5.3400632317e+02    2.5043664169e+02    5.2500000000e+00
    2.9896735134e+02    1.3510139289e+03   -1.9585706013e+05   -9.1942394069e-01   -2.3997468904e-02    2.0136009671e-02    5.3400632317e+02    2.5043664169e+02    5.2500000000e+00
    3.0160065995e+02    1.3629136785e+03   -1.9586862693e+05   -9.8194674898e-01   -6.6252045452e-02   -3.5708975129e-02    5.3400632317e+02    2.5043664169e+02    5.2500000000e+00
    3.0009838888e+02    1.3561250137e+03   -1.9586066750e+05   -9.5556709891e-01   -6.1559333371e-02   -2.9504294302e-02    5.3400632317e+02    2.5043664169e+02    5.2500000000e+00
    3.0031159665e+02    1.3570884857e+03   -1.9585896044e+05   -9.4189330388e-01   -6.0393206594e-02    3.6261371172e-02    5.3400632317e+02    2.5043664169e+02    5.2500000000e+00
    3.0016070008e+02    1.3564065939e+03   -1.9585880629e+05   -9.4083863607e-01   -6.5477997378e-02    5.9997614577e-02    5.3400632317e+02    2.5043664169e+02    5.2500000000e+00
    2.9903828512e+02    1.3513344741e+03   -1.9585638599e+05   -9.4355547637e-01   -6.4240546574e-02   -1.4602492549e-02    5.3400632317e+02    2.5043664169e+02    5.2500000000e+00
    2.9836470423e+02    1.3482906060e+03   -1.9584991577e+05   -9.7548357813e-01   -8.1468701319e-02    2.6642953025e-02    5.3400632317e+02    2.5043664169e+02    5.2500000000e+00
    2.9985365375e+02    1.3550190716e+03   -1.9585815106e+05   -9.5206099048e-01   -7.7919883290e-02   -8.6101567348e-03    5.3400632317e+02    2.5043664169e+02    5.2500000000e+00
    3.0593157843e+02    1.3824848162e+03   -1.9589330744e+05   -1.0627442780e+00   -1.2976126380e-01   -2.6270147003e-01    5.3400632317e+02    2.5043664169e+02    5.2500000000e+00
    2.9686020951e+02    1.3414918927e+03   -1.9584193355e+05   -1.2124138440e+00   -2.1546462682e-01   -3.2819703281e-01    5.3400632317e+02    2.5043664169e+02    5.2500000000e+00
    3.0044798777e+02    1.3577048282e+03   -1.9585816689e+05   -1.0649611525e+00   -1.3091713061e-01   -8.3484254584e-02    5.3400632317e+02    2.5043664169e+02    5.2500000000e+00
    3.0144787189e+02    1.3622232392e+03   -1.9586691982e+05   -8.8417639844e-01   -3.2729061783e-02    2.3022434108e-01    5.3400632317e+02    2.5043664169e+02    5.2500000000e+00
    3.0103103502e+02    1.3603395807e+03   -1.9586292263e+05   -9.1633889531e-01   -6.3146991059e-02    1.2466380758e-01    5.3400632317e+02    2.5043664169e+02    5.2500000000e+00
    2.9898018552e+02    1.3510719258e+03   -1.9585351117e+05   -1.0899098364e+00   -1.5326605105e-01   -5.9717453116e-02    5.3400632317e+02    2.5043664169e+02    5.2500000000e+00
    3.0017725305e+02    1.3564813957e+03   -1.9585956199e+05   -1.0097011594e+00   -9.6739228196e-02   -1.1706504703e-01    5.3400632317e+02    2.5043664169e+02    5.2500000000e+00
    3.0024573000e+02    1.3567908386e+03   -1.9586313997e+05   -9.9959192606e-01   -8.1426834370e-02    2.3267007186e-02    5.3400632317e+02    2.5043664169e+02    5.2500000000e+00
    3.0041465435e+02    1.3575541967e+03   -1.9586017309e+05   -9.3788299723e-01   -6.9959861945e-02    6.8120658824e-02    5.3400632317e+02    2.5043664169e+02    5.2500000000e+00
    2.9858060799e+02    1.3492662610e+03   -1.9585391782e+05   -9.9365728839e-01   -8.9641431746e-02    2.4791133847e-02    5.3400632317e+02    2.5043664169e+02    5.2500000000e+00
    2.9888451954e+02    1.3506396174e+03   -1.9585777359e+05   -1.0008106913e+00   -8.3760445024e-02   -3.8549562569e-02    5.3400632317e+02    2.5043664169e+02    5.2500000000e+00
    2.9977852697e+02    1.3546795786e+03   -1.9585655743e+05   -1.0172836640e+00   -9.4696381318e-02   -1.1661745039e-02    5.3400632317e+02    2.5043664169e+02    5.2500000000e+00
    3.0027394520e+02    1.3569183412e+03   -1.9586289730e+05   -9.6703648749e-01   -6.2914340445e-02    4.6606298574e-02    5.3400632317e+02    2.5043664169e+02    5.2500000000e+00
    2.9967629886e+02    1.3542176165e+03   -1.9585897562e+05   -9.5286710849e-01   -7.7570640410e-02   -2.6705369266e-02    5.3400632317e+02    2.5043664169e+02    5.2500000000e+00
    2.9978006623e+02    1.3546865344e+03   -1.9585795477e+05   -9.9124691612e-01   -8.9105423376e-02    7.5718625539e-03    5.3400632317e+02    2.5043664169e+02    5.2500000000e+00
    2.9931314154e+02    1.3525765322e+03   -1.9585630945e+05   -9.7467641043e-01   -8.6872585162e-02    7.9045547658e-03    5.3400632317e+02    2.5043664169e+02    5.2500000000e+00
    2.9948257046e+02    1.3533421705e+03   -1.9585850266e+05   -9.5332179749e-01   -7.5085977920e-02    1.8499511962e-02    5.3400632317e+02    2.5043664169e+02    5.2500000000e+00
    3.0059943239e+02    1.3583891966e+03   -1.9586164348e+05   -9.9667054690e-01   -9.7751562112e-02    2.5428078645e-02    5.3400632317e+02    2.5043664169e+02    5.2500000000e+00
    3.0052453644e+02    1.3580507466e+03   -1.9586360839e+05   -9.5089207407e-01   -7.1354982415e-02   -4.6565842291e-02    5.3400632317e+02    2.5043664169e+02    5.2500000000e+00
    3.0084518105e+02    1.3594997187e+03   -1.9586364246e+05   -1.0051099346e+00   -8.7428200849e-02    3.2275467684e-02    5.3400632317e+02    2.5043664169e+02    5.2500000000e+00
    2.9868039230e+02    1.3497171798e+03   -1.9585165616e+05   -9.4257269338e-01   -6.7004533847e-02    4.9825584342e-02    5.3400632317e+02    2.5043664169e+02    5.2500000000e+00
    2.9880010726e+02    1.3502581638e+03   -1.9585116341e+05   -9.8436644723e-01   -1.0633286864e-01   -8.9576091597e-03    5.3400632317e+02    2.5043664169e+02    5.2500000000e+00
    3.0065494874e+02    1.3586400713e+03   -1.9586125975e+05   -9.9444010446e-01   -9.7191838455e-02    8.0033792596e-03    5.3400632317e+02    2.5043664169e+02    5.2500000000e+00
    3.0260536778e+02    1.3674538875e+03   -1.9587261257e+05   -9.6473976185e-01   -6.7290173894e-02   -1.0617816279e-02    5.3400632317e+02    2.5043664169e+02    5.2500000000e+00
    3.0071633734e+02    1.3589174824e+03   -1.9586276101e+05   -9.8794520923e-01   -7.5247933386e-02    6.6524156739e-02    5.3400632317e+02    2.5043664169e+02    5.2500000000e+00
    2.9875943017e+02    1.3500743468e+03   -1.9585579591e+05   -9.6997972143e-01   -6.8575495561e-02    1.2122985713e-02    5.3400632317e+02    2.5043664169e+02    5.2500000000e+00
    2.9930843600e+02    1.3525552682e+03   -1.9585879924e+05   -1.0068749759e+00   -6.7989042566e-02   -3.1487752868e-03    5.3400632317e+02    2.5043664169e+02    5.2500000000e+00
    3.0008789509e+02    1.3560775929e+03   -1.9585902030e+05   -9.4307189255e-01   -6.6893361650e-02   -1.3734478035e-02    5.3400632317e+02    2.5043664169e+02    5.2500000000e+00
    3.0104073699e+02    1.3603834232e+03   -1.9586512235e+05   -9.8361774318e-01   -7.3075058567e-02    5.8026743469e-02    5.3400632317e+02    2.5043664169e+02    5.2500000000e+00
    3.0017470215e+02    1.3564698684e+03   -1.9585968858e+05   -9.2965638947e-01   -5.6269034200e-02   -2.0277097961e-02    5.3400632317e+02    2.5043664169e+02    5.2500000000e+00
    3.0032881655e+02    1.3571663013e+03   -1.9586235339e+05   -9.8859797457e-01   -7.3317733621e-02    3.3789895453e-02    5.3400632317e+02    2.5043664169e+02    5.2500000000e+00
    3.0116230674e+02    1.3609327890e+03   -1.9586705637e+05   -9.3716996281e-01   -4.4512503024e-02    4.5853629617e-03    5.3400632317e+02    2.5043664169e+02    5.2500000000e+00
    2.9970230115e+02    1.3543351191e+03   -1.9586051672e+05   -9.9504898085e-01   -6.8772158125e-02    7.6111220155e-03    5.3400632317e+02    2.5043664169e+02    5.2500000000e+00
    3.0101490500e+02    1.3602666902e+03   -1.9586391594e+05   -9.4413427741e-01   -5.5779532337e-02   -1.7449362387e-02    5.3400632317e+02    2.5043664169e+02    5.2500000000e+00
    3.0127182689e+02    1.3614277034e+03   -1.9586538828e+05   -9.9990949752e-01   -8.5242797138e-02   -8.1645467138e-03    5.3400632317e+02    2.5043664169e+02    5.2500000000e+00
    2.9987084283e+02    1.3550967480e+03   -1.9586188539e+05   -9.5461343141e-01   -5.3619598416e-02    2.1929352240e-02    5.3400632317e+02    2.5043664169e+02    5.2500000000e+00
    3.0215944979e+02    1.3654388133e+03   -1.9587009236e+05   -9.2339524431e-01   -3.2738240771e-02    5.1165927241e-02    5.3400632317e+02    2.5043664169e+02    5.2500000000e+00
    2.9957015579e+02    1.3537379628e+03   -1.9585991213e+05   -9.7293860144e-01   -5.7249899558e-02    4.0077934082e-02    5.3400632317e+02    2.5043664169e+02    5.2500000000e+00
    3.0050806013e+02    1.3579762913e+03   -1.9586193806e+05   -9.7732781677e-01   -6.3992673125e-02   -2.5494839624e-02    5.3400632317e+02    2.5043664169e+02    5.2500000000e+00
    2.9880509041e+02    1.3502806824e+03   -1.9585475845e+05   -9.7948880676e-01   -5.0000506338e-02   -3.4395637752e-02    5.3400632317e+02    2.5043664169e+02    5.2500000000e+00
    3.0040778262e+02    1.3575231438e+03   -1.9586184111e+05   -9.4165157154e-01   -4.8748735990e-02   -2.5337764058e-03    5.3400632317e+02    2.5043664169e+02    5.2500000000e+00
    2.9893782812e+02    1.3508805154e+03   -1.9585544516e+05   -9.5972444756e-01   -5.1837344051e-02    4.1308744750e-02    5.3400632317e+02    2.5043664169e+02    5.2500000000e+00
    3.0032069332e+02    1.3571295929e+03   -1.9586098206e+05   -9.4215376973e-01   -4.5519691196e-02    7.9220880502e-03    5.3400632317e+02    2.5043664169e+02    5.2500000000e+00
    2.9976403263e+02    1.3546140796e+03   -1.9585871540e+05   -9.6695453592e-01   -4.6130316780e-02    1.9909714918e-02    5.3400632317e+02    2.5043664169e+02    5.2500000000e+00
    3.0082926827e+02    1.3594278099e+03   -1.9586252224e+05   -9.2901935574e-01   -4.4439677049e-02    4.5063885077e-02    5.3400632317e+02    2.5043664169e+02    5.2500000000e+00
    2.9932142725e+02    1.3526139748e+03   -1.9585836014e+05   -9.5551277449e-01   -4.8147670526e-02    8.6455796509e-03    5.3400632317e+02    2.5043664169e+02    5.2500000000e+00
    2.9927188380e+02    1.3523900912e+03   -1.9585676935e+05   -9.3561943633e-01   -4.9465730458e-02    2.5768059938e-02    5.3400632317e+02    2.5043664169e+02    5.2500000000e+00
    2.9944980324e+02    1.3531940975e+03   -1.9585909961e+05   -9.7756959667e-01   -7.0547038919e-02    2.2544203573e-02    5.3400632317e+02    2.5043664169e+02    5.2500000000e+00
    3.0171637798e+02    1.3634366007e+03   -1.9587013176e+05   -9.3851281198e-01   -4.4850354555e-02   -3.4284338032e-03    5.3400632317e+02    2.5043664169e+02    5.2500000000e+00
    2.9889697442e+02    1.3506959002e+03   -1.9585355039e+05   -9.6354286259e-01   -6.2570996202e-02    6.8693099271e-02    5.3400632317e+02    2.5043664169e+02    5.2500000000e+00
    3.0140032645e+02    1.3620083845e+03   -1.9586383334e+05   -9.5530802090e-01   -7.5519081467e-02    3.5124097308e-03    5.3400632317e+02    2.5043664169e+02    5.2500000000e+00
    3.0006410669e+02    1.3559700947e+03   -1.9585725919e+05   -9.7981215179e-01   -7.9350685304e-02   -8.8212422592e-03    5.3400632317e+02    2.5043664169e+02    5.2500000000e+00
    3.0075333625e+02    1.3590846780e+03   -1.9586493494e+05   -9.7787838712e-01   -6.8970410428e-02   -3.8886881842e-02    5.3400632317e+02    2.5043664169e+02    5.2500000000e+00
    3.0032408710e+02    1.3571449292e+03   -1.9586358719e+05   -9.3985367723e-01   -5.1279087158e-02    2.0744360260e-02    5.3400632317e+02    2.5043664169e+02    5.2500000000e+00
    2.9958691275e+02    1.3538136865e+03   -1.9585872235e+05   -9.4553658328e-01   -6.6089548374e-02    2.5560068896e-02    5.3400632317e+02    2.5043664169e+02    5.2500000000e+00
    3.0179547557e+02    1.3637940376e+03   -1.9587041064e+05   -9.6846716905e-01   -7.2982828052e-02   -1.8006531091e-03    5.3400632317e+02    2.5043664169e+02    5.2500000000e+00
    3.0035160122e+02    1.3572692637e+03   -1.9586047199e+05   -9.6740463157e-01   -7.5254203599e-02   -5.8526511897e-02    5.3400632317e+02    2.5043664169e+02    5.2500000000e+00
    2.9981076441e+02    1.3548252575e+03   -1.9585973465e+05   -9.8632502444e-01   -7.5265729063e-02    1.1469621389e-02    5.3400632317e+02    2.5043664169e+02    5.2500000000e+00
    3.0067443206e+02    1.3587281152e+03   -1.9586366098e+05   -9.3309464348e-01   -5.2267884582e-02    3.8307316860e-02    5.3400632317e+02    2.5043664169e+02    5.2500000000e+00
    2.9964960293e+02    1.3540969793e+03   -1.9585760376e+05   -9.6664892953e-01   -7.4539370612e-02   -2.1218764080e-03    5.3400632317e+02    2.5043664169e+02    5.2500000000e+00
    2.9888695903e+02    1.3506506413e+03   -1.9585620832e+05   -1.0017804053e+00   -8.2835138144e-02    1.1646836418e-02    5.3400632317e+02    2.5043664169e+02    5.2500000000e+00
    3.0116761041e+02    1.3609567559e+03   -1.9586429015e+05   -9.7000978196e-01   -7.9016431343e-02   -3.1203209783e-02    5.3400632317e+02    2.5043664169e+02    5.2500000000e+00
    3.0085599500e+02    1.3595485862e+03   -1.9586298238e+05   -9.6927167180e-01   -7.5108649636e-02    3.2688554813e-02    5.3400632317e+02    2.5043664169e+02    5.2500000000e+00
    3.0083287447e+02    1.3594441061e+03   -1.9586112375e+05   -9.4595630541e-01   -7.1682788526e-02    8.8801725478e-03    5.3400632317e+02    2.5043664169e+02    5.2500000000e+00
    3.0025600617e+02    1.3568372759e+03   -1.9585833141e+05   -9.6785824076e-01   -7.9176965209e-02    2.6828112252e-02    5.3400632317e+02    2.5043664169e+02    5.2500000000e+00
    3.0057399604e+02    1.3582742513e+03   -1.9586214475e+05   -9.4942107193e-01   -6.9153731090e-02   -2.3036782499e-02    5.3400632317e+02    2.5043664169e+02    5.2500000000e+00
    3.0060037615e+02    1.3583934613e+03   -1.9586238933e+05   -9.7958926127e-01   -6.0351236132e-02    8.7555276976e-03    5.3400632317e+02    2.5043664169e+02    5.2500000000e+00
    3.0069433084e+02    1.3588180364e+03   -1.9585987459e+05   -9.6702822793e-01   -5.7840416947e-02    2.7223155208e-02    5.3400632317e+02    2.5043664169e+02    5.2500000000e+00
    3.0024932127e+02    1.3568070673e+03   -1.9586294668e+05   -9.3665442687e-01   -4.1170996008e-02    2.4493723944e-02    5.3400632317e+02    2.5043664169e+02    5.2500000000e+00
    2.9994459277e+02    1.3554300191e+03   -1.9586097791e+05   -9.6771626475e-01   -6.1055437641e-02    6.2671074364e-03    5.3400632317e+02    2.5043664169e+02    5.2500000000e+00
    2.9982903699e+02    1.3549078301e+03   -1.9585886798e+05   -9.5417261205e-01   -5.8340958806e-02   -1.1172359630e-02    5.3400632317e+02    2.5043664169e+02    5.2500000000e+00
    2.9961737196e+02    1.3539513297e+03   -1.9585718073e+05   -9.6768991543e-01   -6.2357565472e-02   -7.8103429957e-03    5.3400632317e+02    2.5043664169e+02    5.2500000000e+00
    2.9946738203e+02    1.3532735349e+03   -1.9585478320e+05   -9.2107821805e-01   -4.5599346668e-02    9.3336412851e-02    5.3400632317e+02    2.5043664169e+02    5.2500000000e+00
    2.9987614766e+02    1.3551207201e+03   -1.9586020325e+05   -9.0543057176e-01   -2.0481967495e-02    3.8478007443e-02    5.3400632317e+02    2.5043664169e+02    5.2500000000e+00
    2.9955992946e+02    1.3536917507e+03   -1.9585697361e+05   -1.0097190857e+00   -8.6691664600e-02   -6.7384102578e-02    5.3400632317e+02    2.5043664169e+02    5.2500000000e+00
    2.9981919945e+02    1.3548633749e+03   -1.9585989578e+05   -9.5026312483e-01   -5.3990251674e-02   -5.3519470453e-02    5.3400632317e+02    2.5043664169e+02    5.2500000000e+00
    2.9983556340e+02    1.3549373225e+03   -1.9585788804e+05   -9.3284386522e-01   -3.9844462703e-02    6.3701265257e-02    5.3400632317e+02    2.5043664169e+02    5.2500000000e+00
    3.0067626227e+02    1.3587363858e+03   -1.9586218045e+05   -9.0825270784e-01   -1.9170907205e-02    4.8365581422e-02    5.3400632317e+02    2.5043664169e+02    5.2500000000e+00
    3.0117318081e+02    1.3609819282e+03   -1.9586669957e+05   -9.3114721655e-01   -3.2415324186e-02   -5.7866990163e-03    5.3400632317e+02    2.5043664169e+02    5.2500000000e+00
    2.9933033546e+02    1.3526542305e+03   -1.9585839060e+05   -9.7124960826e-01   -3.9066421791e-02   -5.2093522405e-02    5.3400632317e+02    2.5043664169e+02    5.2500000000e+00
    2.9987797009e+02    1.3551289556e+03   -1.9586088130e+05   -9.3486514715e-01   -2.5019311620e-02    2.0295707016e-02    5.3400632317e+02    2.5043664169e+02    5.2500000000e+00
    3.0020451470e+02    1.3566045893e+03   -1.9586069642e+05   -9.3254909263e-01   -4.3611067779e-02    2.3556584782e-02    5.3400632317e+02    2.5043664169e+02    5.2500000000e+00
    3.0022911653e+02    1.3567157634e+03   -1.9585884805e+05   -9.7717776283e-01   -5.7830554646e-02    7.7670669862e-03    5.3400632317e+02    2.5043664169e+02    5.2500000000e+00
    2.9945131202e+02    1.3532009156e+03   -1.9585588997e+05   -9.5202463373e-01   -6.1070036401e-02    3.8636821426e-02    5.3400632317e+02    2.5043664169e+02    5.2500000000e+00
    3.0048639442e+02    1.3578783854e+03   -1.9586231438e+05   -9.6057966211e-01   -4.8668522822e-02    1.5163365551e-03    5.3400632317e+02    2.5043664169e+02    5.2500000000e+00
    3.0044129808e+02    1.3576745979e+03   -1.9586119177e+05   -9.3996888987e-01   -3.5882528844e-02   -2.5782504114e-02    5.3400632317e+02    2.5043664169e+02    5.2500000000e+00
    3.0086931306e+02    1.3596087697e+03   -1.9586524171e+05   -9.4704791256e-01   -3.0901186072e-02    8.0740877176e-03    5.3400632317e+02    2.5043664169e+02    5.2500000000e+00
    3.0102413389e+02    1.3603083949e+03   -1.9586482782e+05   -9.4683681189e-01   -4.7232005738e-02    2.1340952301e-02    5.3400632317e+02    2.5043664169e+02    5.2500000000e+00
    3.0072362292e+02    1.3589504054e+03   -1.9586190724e+05   -9.4727575857e-01   -5.2334377250e-02   -1.8078689461e-02    5.3400632317e+02    2.5043664169e+02    5.2500000000e+00
    2.9874006592e+02    1.3499868410e+03   -1.9585274526e+05   -9.5885122239e-01   -5.9437137237e-02   -1.1755504156e-04    5.3400632317e+02    2.5043664169e+02    5.2500000000e+00
    3.0137552699e+02    1.3618963174e+03   -1.9586398785e+05   -9.5742311389e-01   -6.4767913951e-02    2.6448500182e-02    5.3400632317e+02    2.5043664169e+02    5.2500000000e+00
    2.9880359921e+02    1.3502739437e+03   -1.9585446823e+05   -9.2328107402e-01   -3.4198883718e-02   -1.6388549051e-03    5.3400632317e+02    2.5043664169e+02    5.2500000000e+00
    3.0034836328e+02    1.3572546317e+03   -1.9586247244e+05   -9.8223127579e-01   -6.2851595553e-02    7.7040806078e-04    5.3400632317e+02    2.5043664169e+02    5.2500000000e+00
    2.9984780533e+02    1.3549926430e+03   -1.9585906794e+05   -9.2570594608e-01   -3.6559584373e-02    2.6407856394e-02    5.3400632317e+02    2.5043664169e+02    5.2500000000e+00
    2.9893316837e+02    1.3508594583e+03   -1.9585675357e+05   -9.4142480208e-01   -3.2025956481e-02    6.9665871726e-02    5.3400632317e+02    2.5043664169e+02    5.2500000000e+00
    2.9908079477e+02    1.3515265724e+03   -1.9585417849e+05   -9.0307699436e-01   -3.6334041714e-02    3.0939584274e-02    5.3400632317e+02    2.5043664169e+02    5.2500000000e+00
    2.9916477858e+02    1.3519060897e+03   -1.9585608437e+05   -9.5791622396e-01   -5.5190204420e-02   -7.3778661150e-03    5.3400632317e+02    2.5043664169e+02    5.2500000000e+00
    2.9931845760e+02    1.3526005552e+03   -1.9585752293e+05   -9.7421774926e-01   -5.8168447782e-02   -4.6009012055e-03    5.3400632317e+02    2.5043664169e+02    5.2500000000e+00
    2.9961314907e+02    1.3539322467e+03   -1.9585748106e+05   -9.2304799761e-01   -5.5091628092e-02   -2.5324298264e-02    5.3400632317e+02    2.5043664169e+02    5.2500000000e+00
    3.0004137091e+02    1.3558673532e+03   -1.9585907685e+05   -9.5216887251e-01   -6.9098578180e-02    3.4885358588e-02    5.3400632317e+02    2.5043664169e+02    5.2500000000e+00
    3.0429589117e+02    1.3750932523e+03   -1.9588653191e+05   -1.0669393996e+00   -1.2366439664e-01   -1.9221534617e-01    5.3400632317e+02    2.5043664169e+02    5.2500000000e+00
    2.9595479301e+02    1.3374003746e+03   -1.9584013559e+05   -1.1941709644e+00   -1.9846481191e-01   -3.1525993964e-01    5.3400632317e+02    2.5043664169e+02    5.2500000000e+00
    2.9842435742e+02    1.3485601749e+03   -1.9584803867e+05   -1.0827991880e+00   -1.6796821439e-01   -1.2501843717e-01    5.3400632317e+02    2.5043664169e+02    5.2500000000e+00
    3.0203619732e+02    1.3648818434e+03   -1.9587182067e+05   -9.4007828582e-01   -8.9229094026e-02    1.5310344855e-01    5.3400632317e+02    2.5043664169e+02    5.2500000000e+00
    3.0038062782e+02    1.3574004330e+03   -1.9586085588e+05   -9.4037109060e-01   -9.8998931022e-02    1.7376958956e-01    5.3400632317e+02    2.5043664169e+02    5.2500000000e+00
    2.9969569309e+02    1.3543052577e+03   -1.9585694448e+05   -1.0619940044e+00   -1.7300163524e-01   -2.2990931603e-02    5.3400632317e+02    2.5043664169e+02    5.2500000000e+00
    2.9842085994e+02    1.3485443700e+03   -1.9585040800e+05   -1.0869579689e+00   -1.8381062109e-01   -1.1681948528e-01    5.3400632317e+02    2.5043664169e+02    5.2500000000e+00
    2.9956920735e+02    1.3537336769e+03   -1.9586120748e+05   -1.0150534699e+00   -1.4812566703e-01   -3.2899641198e-02    5.3400632317e+02    2.5043664169e+02    5.2500000000e+00
    3.0030150885e+02    1.3570428996e+03   -1.9585954906e+05   -1.0037695503e+00   -1.4064018460e-01    6.5232446296e-02    5.3400632317e+02    2.5043664169e+02    5.2500000000e+00
    2.9998782193e+02    1.3556253689e+03   -1.9586162016e+05   -9.7260635065e-01   -1.2691985184e-01    4.8226269738e-02    5.3400632317e+02    2.5043664169e+02    5.2500000000e+00
    3.0087485437e+02    1.3596338105e+03   -1.9586307864e+05   -1.0103730435e+00   -1.4115175155e-01   -2.0884553457e-02    5.3400632317e+02    2.5043664169e+02    5.2500000000e+00
    3.0155420091e+02    1.3627037331e+03   -1.9586443744e+05   -1.0322785177e+00   -1.4722832751e-01   -3.3210254389e-02    5.3400632317e+02    2.5043664169e+02    5.2500000000e+00
    2.9902258460e+02    1.3512635244e+03   -1.9585843832e+05   -1.0029135058e+00   -1.3435291865e-01   -1.5834341849e-02    5.3400632317e+02    2.5043664169e+02    5.2500000000e+00
    3.0100806023e+02    1.3602357591e+03   -1.9586233327e+05   -1.0092206767e+00   -1.5091756529e-01    4.3365524503e-02    5.3400632317e+02    2.5043664169e+02    5.2500000000e+00
    2.9948781187e+02    1.3533658561e+03   -1.9585642617e+05   -9.9736075918e-01   -1.4491400939e-01    3.4341819505e-02    5.3400632317e+02    2.5043664169e+02    5.2500000000e+00
    2.9782721297e+02    1.3458617181e+03   -1.9585346522e+05   -9.9996250375e-01   -1.4361226154e-01   -8.3428134791e-03    5.3400632317e+02    2.5043664169e+02    5.2500000000e+00
    2.9797046935e+02    1.3465090844e+03   -1.9584939463e+05   -1.0131235321e+00   -1.5900114951e-01   -1.7762700281e-02    5.3400632317e+02    2.5043664169e+02    5.2500000000e+00
    2.9957082012e+02    1.3537409649e+03   -1.9585469647e+05   -1.0016251762e+00   -1.6341342494e-01    9.0812898046e-03    5.3400632317e+02    2.5043664169e+02    5.2500000000e+00
    3.0069878343e+02    1.3588381574e+03   -1.9586273543e+05   -1.0262346689e+00   -1.6486818313e-01    3.2036670898e-02    5.3400632317e+02    2.5043664169e+02    5.2500000000e+00
    3.0049768514e+02    1.3579294074e+03   -1.9586291795e+05   -9.7187670585e-01   -1.1852411682e-01    2.9837457783e-02    5.3400632317e+02    2.5043664169e+02    5.2500000000e+00
    3.0066502994e+02    1.3586856276e+03   -1.9585996251e+05   -1.0010376894e+00   -1.4144028007e-01    2.8803433569e-02    5.3400632317e+02    2.5043664169e+02    5.2500000000e+00
    3.0022164801e+02    1.3566820136e+03   -1.9586203016e+05   -9.6884685216e-01   -1.3047805931e-01   -5.1490352875e-02    5.3400632317e+02    2.5043664169e+02    5.2500000000e+00
    3.0118867362e+02    1.3610519392e+03   -1.9586363002e+05   -1.0382490212e+00   -1.5036747049e-01    2.6545129811e-03    5.3400632317e+02    2.5043664169e+02    5.2500000000e+00
    2.9951712843e+02    1.3534983357e+03   -1.9586059473e+05   -9.6932516878e-01   -8.2436659873e-02    4.3964052254e-04    5.3400632317e+02    2.5043664169e+02    5.2500000000e+00
    3.0050546861e+02    1.3579645804e+03   -1.9586407710e+05   -9.6523037226e-01   -9.1299227750e-02    6.0053159240e-02    5.3400632317e+02    2.5043664169e+02    5.2500000000e+00
    3.0120715442e+02    1.3611354527e+03   -1.9586564091e+05   -9.8766511017e-01   -8.4575618554e-02    5.3355880720e-03    5.3400632317e+02    2.5043664169e+02    5.2500000000e+00
    2.9895452992e+02    1.3509559898e+03   -1.9585714926e+05   -9.9531891668e-01   -8.6071865963e-02   -3.8853534840e-02    5.3400632317e+02    2.5043664169e+02    5.2500000000e+00
    3.0075115751e+02    1.3590748325e+03   -1.9586372086e+05   -9.7036530924e-01   -8.5007549428e-02   -1.5331096516e-02    5.3400632317e+02    2.5043664169e+02    5.2500000000e+00
    3.0078104601e+02    1.3592098967e+03   -1.9586389826e+05   -1.0108132407e+00   -1.0757437130e-01    6.9713948961e-02    5.3400632317e+02    2.5043664169e+02    5.2500000000e+00
    3.0012932624e+02    1.3562648176e+03   -1.9586061607e+05   -9.5696886933e-01   -9.6418742642e-02    2.4263953728e-02    5.3400632317e+02    2.5043664169e+02    5.2500000000e+00
    2.9937053825e+02    1.3528359042e+03   -1.9585647114e+05   -1.0021820455e+00   -1.0935491057e-01    2.3994948911e-02    5.3400632317e+02    2.5043664169e+02    5.2500000000e+00
    2.9963838043e+02    1.3540462655e+03   -1.9586065452e+05   -9.7669164329e-01   -8.8714637680e-02   -2.4600142875e-02    5.3400632317e+02    2.5043664169e+02    5.2500000000e+00
    2.9986073358e+02    1.3550510649e+03   -1.9585950576e+05   -1.0125444065e+00   -1.1681034160e-01   -3.5820932799e-03    5.3400632317e+02    2.5043664169e+02    5.2500000000e+00
    2.9939982927e+02    1.3529682684e+03   -1.9585922094e+05   -9.5934502882e-01   -8.9951823961e-02    1.2595009055e-02    5.3400632317e+02    2.5043664169e+02    5.2500000000e+00
    3.0146266453e+02    1.3622900862e+03   -1.9586507125e+05   -9.6488294950e-01   -1.0794932869e-01   -8.4945652876e-03    5.3400632317e+02    2.5043664169e+02    5.2500000000e+00
    3.0044180698e+02    1.3576768976e+03   -1.9586274414e+05   -1.0059022287e+00   -1.1476019667e-01   -1.4704886021e-02    5.3400632317e+02    2.5043664169e+02    5.2500000000e+00
    3.0025588459e+02    1.3568367265e+03   -1.9586087787e+05   -9.7562844387e-01   -1.0711699670e-01    1.7895768261e-02    5.3400632317e+02    2.5043664169e+02    5.2500000000e+00
    2.9954814244e+02    1.3536384860e+03   -1.9585761715e+05   -9.6585511828e-01   -9.2385641755e-02    4.6681773101e-02    5.3400632317e+02    2.5043664169e+02    5.2500000000e+00
    2.9985495865e+02    1.3550249684e+03   -1.9586092734e+05   -9.8041162672e-01   -9.1106072872e-02    2.9216106070e-02    5.3400632317e+02    2.5043664169e+02    5.2500000000e+00
    3.0076467884e+02    1.3591359345e+03   -1.9586206742e+05   -1.0077299402e+00   -1.2580726731e-01   -2.1972244871e-02    5.3400632317e+02    2.5043664169e+02    5.2500000000e+00
    3.0048729016e+02    1.3578824332e+03   -1.9585925952e+05   -9.9426995718e-01   -1.3032047802e-01   -5.3365882799e-03    5.3400632317e+02    2.5043664169e+02    5.2500000000e+00
    2.9969945257e+02    1.3543222466e+03   -1.9585793507e+05   -9.8110310955e-01   -1.2809556094e-01    5.4139448388e-03    5.3400632317e+02    2.5043664169e+02    5.2500000000e+00
    2.9985602383e+02    1.3550297819e+03   -1.9586022810e+05   -9.6337466107e-01   -1.1170921341e-01    3.5567785536e-02    5.3400632317e+02    2.5043664169e+02    5.2500000000e+00
    3.0139332574e+02    1.3619767488e+03   -1.9586560897e+05   -1.0086829640e+00   -1.3844383408e-01    2.2026260987e-02    5.3400632317e+02    2.5043664169e+02    5.2500000000e+00
    2.9945644690e+02    1.3532241198e+03   -1.9585763430e+05   -9.6721241075e-01   -1.1621570985e-01   -1.6322319358e-02    5.3400632317e+02    2.5043664169e+02    5.2500000000e+00
    3.0040645596e+02    1.3575171487e+03   -1.9586066271e+05   -1.0140655726e+00   -1.5371978638e-01   -1.0784773295e-02    5.3400632317e+02    2.5043664169e+02    5.2500000000e+00
    2.9984027656e+02    1.3549586210e+03   -1.9585768213e+05   -1.0063076714e+00   -1.4563679499e-01   -9.6022372682e-03    5.3400632317e+02    2.5043664169e+02    5.2500000000e+00
    2.9960283620e+02    1.3538856435e+03   -1.9585802954e+05   -9.8430011566e-01   -1.2521679407e-01    4.6029712016e-02    5.3400632317e+02    2.5043664169e+02    5.2500000000e+00
    2.9985258162e+02    1.3550142267e+03   -1.9585893728e+05   -9.4665494286e-01   -1.1143067653e-01    4.0816310302e-02    5.3400632317e+02    2.5043664169e+02    5.2500000000e+00
    2.9959599372e+02    1.3538547228e+03   -1.9585803061e+05   -1.0062802084e+00   -1.1640149148e-01   -5.3421452086e-04    5.3400632317e+02    2.5043664169e+02    5.2500000000e+00
    3.0032509495e+02    1.3571494836e+03   -1.9586154506e+05   -9.9636402320e-01   -1.3115226064e-01   -6.2332822088e-02    5.3400632317e+02    2.5043664169e+02    5.2500000000e+00
    3.0087286458e+02    1.3596248188e+03   -1.9586340003e+05   -1.0124273247e+00   -1.1669029346e-01    4.2018199645e-02    5.3400632317e+02    2.5043664169e+02    5.2500000000e+00
    2.9995411816e+02    1.3554730637e+03   -1.9586165723e+05   -9.3423067914e-01   -6.7474034277e-02    2.6967656409e-02    5.3400632317e+02    2.5043664169e+02    5.2500000000e+00
    3.0048736205e+02    1.3578827580e+03   -1.9586325030e+05   -9.4396141402e-01   -7.7608908470e-02    2.3431840567e-02    5.3400632317e+02    2.5043664169e+02    5.2500000000e+00
    2.9938943308e+02    1.3529212887e+03   -1.9585727409e+05   -9.8264819328e-01   -8.7982650217e-02    1.4955440544e-02    5.3400632317e+02    2.5043664169e+02    5.2500000000e+00
    2.9994836841e+02    1.3554470810e+03   -1.9585977617e+05   -9.5276478296e-01   -6.8859360970e-02    4.2238987717e-02    5.3400632317e+02    2.5043664169e+02    5.2500000000e+00
    2.9929937789e+02    1.3525143352e+03   -1.9585809160e+05   -9.5888313663e-01   -7.3466286514e-02    2.3750492263e-02    5.3400632317e+02    2.5043664169e+02    5.2500000000e+00
    2.9879777928e+02    1.3502476438e+03   -1.9585534138e+05   -9.6041822286e-01   -7.7333081265e-02    1.2208201756e-02    5.3400632317e+02    2.5043664169e+02    5.2500000000e+00
    3.0019657447e+02    1.3565687079e+03   -1.9586062997e+05   -9.9874083671e-01   -1.0121747758e-01   -5.1606176636e-03    5.3400632317e+02    2.5043664169e+02    5.2500000000e+00
    2.9999658125e+02    1.3556649517e+03   -1.9586157858e+05   -9.6076110981e-01   -1.0104643787e-01   -3.5322590218e-02    5.3400632317e+02    2.5043664169e+02    5.2500000000e+00
    3.0112670166e+02    1.3607718920e+03   -1.9586654468e+05   -9.7903347271e-01   -1.0782831310e-01    6.2452568107e-03    5.3400632317e+02    2.5043664169e+02    5.2500000000e+00
    2.9893118994e+02    1.3508505179e+03   -1.9585373363e+05   -9.9263932236e-01   -1.2194275862e-01    5.7524429955e-03    5.3400632317e+02    2.5043664169e+02    5.2500000000e+00
    3.0070419402e+02    1.3588626075e+03   -1.9586273924e+05   -9.4657008998e-01   -9.3091409286e-02    2.9348545470e-02    5.3400632317e+02    2.5043664169e+02    5.2500000000e+00
    3.0120818993e+02    1.3611401321e+03   -1.9586365933e+05   -9.5898380136e-01   -8.4866075235e-02    6.6861427313e-02    5.3400632317e+02    2.5043664169e+02    5.2500000000e+00
    3.0075292831e+02    1.3590828346e+03   -1.9586337233e+05   -1.0030531873e+00   -1.1313676143e-01   -1.0023424562e-02    5.3400632317e+02    2.5043664169e+02    5.2500000000e+00
    3.0057483847e+02    1.3582780582e+03   -1.9586049743e+05   -1.0000878600e+00   -1.1416570718e-01   -4.8308216576e-02    5.3400632317e+02    2.5043664169e+02    5.2500000000e+00
    3.0083742736e+02    1.3594646803e+03   -1.9586594237e+05   -9.9259280146e-01   -1.0030361048e-01   -1.9119013141e-03    5.3400632317e+02    2.5043664169e+02    5.2500000000e+00
    2.9962956955e+02    1.3540064497e+03   -1.9585965707e+05   -9.3885938449e-01   -8.5314265499e-02    2.1505002768e-02    5.3400632317e+02    2.5043664169e+02    5.2500000000e+00
    2.9967907582e+02    1.3542301654e+03   -1.9585830562e+05   -9.5926127229e-01   -1.0308560507e-01    5.8444439548e-02    5.3400632317e+02    2.5043664169e+02    5.2500000000e+00
    2.9949442105e+02    1.3533957225e+03   -1.9585804392e+05   -9.6008985483e-01   -9.9379213856e-02    2.3335644955e-02    5.3400632317e+02    2.5043664169e+02    5.2500000000e+00
    2.9994783073e+02    1.3554446513e+03   -1.9585875123e+05   -9.6583005033e-01   -1.0394351512e-01   -4.2594748643e-02    5.3400632317e+02    2.5043664169e+02    5.2500000000e+00
    3.0083019633e+02    1.3594320038e+03   -1.9586001646e+05   -1.0033469006e+00   -1.3808414151e-01   -8.7239921701e-03    5.3400632317e+02    2.5043664169e+02    5.2500000000e+00
    3.0080710231e+02    1.3593276434e+03   -1.9586140689e+05   -9.7299933514e-01   -1.3613008719e-01    1.6386922897e-03    5.3400632317e+02    2.5043664169e+02    5.2500000000e+00
    3.0048363316e+02    1.3578659074e+03   -1.9586277215e+05   -9.5073841488e-01   -9.2592998954e-02    5.4992582313e-02    5.3400632317e+02    2.5043664169e+02    5.2500000000e+00
    2.9969384499e+02    1.3542969063e+03   -1.9585681785e+05   -9.6077542643e-01   -1.0651105761e-01    6.5383813299e-03    5.3400632317e+02    2.5043664169e+02    5.2500000000e+00
    2.9994917146e+02    1.3554507099e+03   -1.9585870470e+05   -9.9386792254e-01   -1.1417247862e-01   -2.7620686097e-02    5.3400632317e+02    2.5043664169e+02    5.2500000000e+00
    2.9990786594e+02    1.3552640530e+03   -1.9585765775e+05   -9.8476468984e-01   -9.8493279126e-02    3.7519568326e-03    5.3400632317e+02    2.5043664169e+02    5.2500000000e+00
    2.9970743696e+02    1.3543583275e+03   -1.9586122323e+05   -9.2825956316e-01   -6.4406460420e-02    2.4378468376e-02    5.3400632317e+02    2.5043664169e+02    5.2500000000e+00
    2.9960719714e+02    1.3539053503e+03   -1.9585615137e+05   -9.5052653826e-01   -7.6130471565e-02    4.0150979292e-02    5.3400632317e+02    2.5043664169e+02    5.2500000000e+00
    2.9919524491e+02    1.3520437651e+03   -1.9585777669e+05   -9.8836410717e-01   -1.0642470181e-01   -4.6819266492e-02    5.3400632317e+02    2.5043664169e+02    5.2500000000e+00
    3.0005667755e+02    1.3559365229e+03   -1.9585911045e+05   -9.8638011057e-01   -1.0061746558e-01   -3.8315153619e-02    5.3400632317e+02    2.5043664169e+02    5.2500000000e+00
    3.0255402494e+02    1.3672218726e+03   -1.9587122000e+05   -9.4066672800e-01   -5.9242130563e-02    3.7482803707e-02    5.3400632317e+02    2.5043664169e+02    5.2500000000e+00
    3.0040385480e+02    1.3575053942e+03   -1.9586589639e+05   -9.3771017618e-01   -5.6066656716e-02    4.6741541602e-02    5.3400632317e+02    2.5043664169e+02    5.2500000000e+00
    3.0204647114e+02    1.3649282701e+03   -1.9586993231e+05   -9.7128974611e-01   -8.6522564164e-02    1.2129998181e-02    5.3400632317e+02    2.5043664169e+02    5.2500000000e+00
    2.9975707565e+02    1.3545826415e+03   -1.9585815307e+05   -9.5999650401e-01   -7.6865321374e-02   -8.3296708717e-03    5.3400632317e+02    2.5043664169e+02    5.2500000000e+00
    3.0059325673e+02    1.3583612892e+03   -1.9586617477e+05   -9.1042085658e-01   -5.3041512647e-02    3.2370883036e-02    5.3400632317e+02    2.5043664169e+02    5.2500000000e+00
    2.9952147922e+02    1.3535179966e+03   -1.9585930601e+05   -9.5260017473e-01   -6.0923078852e-02    3.0076751370e-02    5.3400632317e+02    2.5043664169e+02    5.2500000000e+00
    3.0018381512e+02    1.3565110493e+03   -1.9586186369e+05   -9.4053716179e-01   -9.1519562134e-02   -5.1886819267e-02    5.3400632317e+02    2.5043664169e+02    5.2500000000e+00
    3.0020283047e+02    1.3565969784e+03   -1.9585971049e+05   -9.9362417479e-01   -1.0786309068e-01    3.0638055876e-02    5.3400632317e+02    2.5043664169e+02    5.2500000000e+00
    3.0008836672e+02    1.3560797242e+03   -1.9585960003e+05   -9.6882085276e-01   -1.0241440266e-01   -7.5428473455e-03    5.3400632317e+02    2.5043664169e+02    5.2500000000e+00
    2.9917144591e+02    1.3519362190e+03   -1.9585696397e+05   -9.7676638527e-01   -8.8765778333e-02    7.4722936618e-02    5.3400632317e+02    2.5043664169e+02    5.2500000000e+00
    2.9904383513e+02    1.3513595542e+03   -1.9585527442e+05   -9.5254873884e-01   -9.3908846625e-02   -1.7288262848e-02    5.3400632317e+02    2.5043664169e+02    5.2500000000e+00
    2.9756474321e+02    1.3446756344e+03   -1.9584823275e+05   -9.9493031976e-01   -1.0229375947e-01    2.8775528725e-02    5.3400632317e+02    2.5043664169e+02    5.2500000000e+00
    2.9941087220e+02    1.3530181707e+03   -1.9585725224e+05   -9.4711272944e-01   -8.6328770142e-02    3.3380290685e-02    5.3400632317e+02    2.5043664169e+02    5.2500000000e+00
    3.0119505977e+02    1.3610807978e+03   -1.9586850166e+05   -9.4891300141e-01   -8.4685649717e-02    1.1567045908e-02    5.3400632317e+02    2.5043664169e+02    5.2500000000e+00
    3.0174247189e+02    1.3635545174e+03   -1.9586753858e+05   -9.4915544783e-01   -9.0472367966e-02    1.6288864970e-02    5.3400632317e+02    2.5043664169e+02    5.2500000000e+00
    3.0020332718e+02    1.3565992230e+03   -1.9586107306e+05   -1.0024125565e+00   -1.2336640442e-01   -3.5289230224e-03    5.3400632317e+02    2.5043664169e+02    5.2500000000e+00
    3.0054746357e+02    1.3581543529e+03   -1.9585916232e+05   -9.5246789269e-01   -1.2357818607e-01   -4.6433347438e-02    5.3400632317e+02    2.5043664169e+02    5.2500000000e+00
    3.0137939168e+02    1.3619137816e+03   -1.9586534042e+05   -1.0169011922e+00   -1.3598139178e-01    4.1545251032e-02    5.3400632317e+02    2.5043664169e+02    5.2500000000e+00
    2.9968425580e+02    1.3542535733e+03   -1.9585625330e+05   -9.4277726189e-01   -1.1752762377e-01   -2.1275094879e-02    5.3400632317e+02    2.5043664169e+02    5.2500000000e+00
    3.0585293634e+02    1.3821294377e+03   -1.9589538268e+05   -1.0881764394e+00   -1.3111603745e-01   -2.2336742928e-01    5.3400632317e+02    2.5043664169e+02    5.2500000000e+00
    2.9947154047e+02    1.3532923267e+03   -1.9585578553e+05   -1.1940250432e+00   -2.0589554400e-01   -3.3522851189e-01    5.3400632317e+02    2.5043664169e+02    5.2500000000e+00
    2.9890080272e+02    1.3507132000e+03   -1.9585207306e+05   -1.1054068161e+00   -1.5443009423e-01   -2.2061736644e-02    5.3400632317e+02    2.5043664169e+02    5.2500000000e+00
    3.0126977864e+02    1.3614184475e+03   -1.9586645128e+05   -8.9806260485e-01   -5.0947985086e-02    1.6319394529e-01    5.3400632317e+02    2.5043664169e+02    5.2500000000e+00
    3.0155281055e+02    1.3626974502e+03   -1.9586543967e+05   -9.7171362882e-01   -9.3160168025e-02    1.1293222298e-01    5.3400632317e+02    2.5043664169e+02    5.2500000000e+00
    3.0072575245e+02    1.3589600287e+03   -1.9586233811e+05   -1.0438870856e+00   -1.6190820275e-01   -7.5783062015e-02    5.3400632317e+02    2.5043664169e+02    5.2500000000e+00
    3.0011688194e+02    1.3562085826e+03   -1.9586010751e+05   -1.0805146770e+00   -1.6672667385e-01   -7.8735034307e-02    5.3400632317e+02    2.5043664169e+02    5.2500000000e+00
    2.9931306696e+02    1.3525761952e+03   -1.9585756840e+05   -1.0270679618e+00   -1.3905677960e-01   -1.8466323125e-02    5.3400632317e+02    2.5043664169e+02    5.2500000000e+00
    3.0013267748e+02    1.3562799616e+03   -1.9586133361e+05   -9.9222594856e-01   -1.0535547999e-01    5.3692282428e-02    5.3400632317e+02    2.5043664169e+02    5.2500000000e+00
    3.0189195154e+02    1.3642300062e+03   -1.9586858472e+05   -9.5967466359e-01   -1.1304156080e-01    2.2296187148e-02    5.3400632317e+02    2.5043664169e+02    5.2500000000e+00
    2.9828005690e+02    1.3479080902e+03   -1.9585009848e+05   -1.0335496575e+00   -1.3681122014e-01   -3.3142481931e-02    5.3400632317e+02    2.5043664169e+02    5.2500000000e+00
    3.0079930581e+02    1.3592924115e+03   -1.9586151747e+05   -1.0371702934e+00   -1.3691999361e-01   -9.2176994111e-03    5.3400632317e+02    2.5043664169e+02    5.2500000000e+00
    2.9808400346e+02    1.3470221376e+03   -1.9585442419e+05   -9.6346611995e-01   -1.0905235352e-01    3.8087350472e-02    5.3400632317e+02    2.5043664169e+02    5.2500000000e+00
    3.0035460136e+02    1.3572828211e+03   -1.9586145600e+05   -1.0113957430e+00   -1.4935677978e-01    6.8472154635e-02    5.3400632317e+02    2.5043664169e+02    5.2500000000e+00
    2.9962754903e+02    1.3539973191e+03   -1.9585752534e+05   -1.0258749488e+00   -1.4378635812e-01   -2.9149380192e-02    5.3400632317e+02    2.5043664169e+02    5.2500000000e+00
    2.9864993166e+02    1.3495795301e+03   -1.9585440071e+05   -1.0288193591e+00   -1.5785179884e-01   -2.5480244796e-03    5.3400632317e+02    2.5043664169e+02    5.2500000000e+00
    3.0009615926e+02    1.3561149382e+03   -1.9585820248e+05   -1.0198740276e+00   -1.5110203125e-01    3.4400209896e-03    5.3400632317e+02    2.5043664169e+02    5.2500000000e+00
    2.9912385874e+02    1.3517211756e+03   -1.9585526507e+05   -9.9310057129e-01   -1.2485006160e-01    4.5745668639e-03    5.3400632317e+02    2.5043664169e+02    5.2500000000e+00
    2.9821256306e+02    1.3476030900e+03   -1.9585255630e+05   -1.0031218826e+00   -1.1305530841e-01    9.1629083600e-03    5.3400632317e+02    2.5043664169e+02    5.2500000000e+00
    2.9939801546e+02    1.3529600719e+03   -1.9585956920e+05   -9.5682356244e-01   -9.6980963283e-02    5.5449478217e-03    5.3400632317e+02    2.5043664169e+02    5.2500000000e+00
    2.9908604100e+02    1.3515502798e+03   -1.9585655276e+05   -9.9776420492e-01   -1.1914642715e-01    3.8683119233e-02    5.3400632317e+02    2.5043664169e+02    5.2500000000e+00
    2.9966845817e+02    1.3541821849e+03   -1.9585862634e+05   -1.0041304191e+00   -1.1255820082e-01    4.9181924442e-03    5.3400632317e+02    2.5043664169e+02    5.2500000000e+00
    3.0018036281e+02    1.3564954485e+03   -1.9586104422e+05   -1.0033756283e+00   -9.6859647055e-02   -3.5040334792e-02    5.3400632317e+02    2.5043664169e+02    5.2500000000e+00
    2.9951810321e+02    1.3535027406e+03   -1.9586214459e+05   -9.7428700278e-01   -7.4035814780e-02   -4.6154456969e-03    5.3400632317e+02    2.5043664169e+02    5.2500000000e+00
    3.0061462265e+02    1.3584578404e+03   -1.9586405574e+05   -9.5783077183e-01   -7.1398294152e-02    5.1886026735e-02    5.3400632317e+02    2.5043664169e+02    5.2500000000e+00
    3.0047152282e+02    1.3578111816e+03   -1.9586358854e+05   -9.7907711742e-01   -8.6298874284e-02    3.3843299757e-02    5.3400632317e+02    2.5043664169e+02    5.2500000000e+00
    2.9935371296e+02    1.3527598719e+03   -1.9585807357e+05   -1.0230769146e+00   -9.7155203530e-02   -6.7543424051e-03    5.3400632317e+02    2.5043664169e+02    5.2500000000e+00
    3.0034953543e+02    1.3572599285e+03   -1.9586270687e+05   -9.8094686206e-01   -8.2159198817e-02   -5.3715845252e-03    5.3400632317e+02    2.5043664169e+02    5.2500000000e+00
    2.9927422999e+02    1.3524006935e+03   -1.9586018880e+05   -9.5103568827e-01   -7.3221590082e-02    3.5400114779e-03    5.3400632317e+02    2.5043664169e+02    5.2500000000e+00
    3.0212049694e+02    1.3652627879e+03   -1.9586845513e+05   -9.6757658410e-01   -8.9028505711e-02    3.5645323969e-02    5.3400632317e+02    2.5043664169e+02    5.2500000000e+00
    3.0124539752e+02    1.3613082708e+03   -1.9586337645e+05   -1.0074806206e+00   -1.1847630868e-01    4.5070197358e-02    5.3400632317e+02    2.5043664169e+02    5.2500000000e+00
    3.0156749005e+02    1.3627637859e+03   -1.9586777810e+05   -9.1992415937e-01   -6.7800957577e-02    7.5479937173e-03    5.3400632317e+02    2.5043664169e+02    5.2500000000e+00
    2.9836095659e+02    1.3482736707e+03   -1.9585321702e+05   -1.0124839551e+00   -1.0130919879e-01    2.3945431390e-02    5.3400632317e+02    2.5043664169e+02    5.2500000000e+00
    3.0048423188e+02    1.3578686130e+03   -1.9586392359e+05   -9.5001946728e-01   -8.3750059253e-02    2.7741480982e-03    5.3400632317e+02    2.5043664169e+02    5.2500000000e+00
    3.0116765347e+02    1.3609569505e+03   -1.9586686141e+05   -9.8381408459e-01   -1.0196253352e-01    8.7232037750e-03    5.3400632317e+02    2.5043664169e+02    5.2500000000e+00
    3.0228355258e+02    1.3659996257e+03   -1.9586992683e+05   -9.9443558331e-01   -1.1607146124e-01   -2.3717985244e-02    5.3400632317e+02    2.5043664169e+02    5.2500000000e+00
    3.0011409884e+02    1.3561960060e+03   -1.9586077748e+05   -9.9233334712e-01   -1.1115369883e-01   -2.9297912417e-02    5.3400632317e+02    2.5043664169e+02    5.2500000000e+00
    3.0116514486e+02    1.3609456143e+03   -1.9586678426e+05   -9.4985604239e-01   -9.5650109326e-02   -9.3874709035e-03    5.3400632317e+02    2.5043664169e+02    5.2500000000e+00
    2.9976161098e+02    1.3546031364e+03   -1.9585951570e+05   -9.8742628962e-01   -1.0881606629e-01    3.8015323074e-02    5.3400632317e+02    2.5043664169e+02    5.2500000000e+00
    3.0020773555e+02    1.3566191441e+03   -1.9586135606e+05   -9.8309435989e-01   -1.0209712910e-01   -8.9014042727e-03    5.3400632317e+02    2.5043664169e+02    5.2500000000e+00
    2.9974048307e+02    1.3545076607e+03   -1.9585878884e+05   -1.0093170152e+00   -1.3003182787e-01    6.4369106877e-02    5.3400632317e+02    2.5043664169e+02    5.2500000000e+00
    3.0004407500e+02    1.3558795728e+03   -1.9585748852e+05   -9.8147974026e-01   -1.2822537642e-01   -3.0054036598e-02    5.3400632317e+02    2.5043664169e+02    5.2500000000e+00
    3.0076782726e+02    1.3591501620e+03   -1.9586134394e+05   -1.0051605697e+00   -1.3208255594e-01    6.4033285562e-03    5.3400632317e+02    2.5043664169e+02    5.2500000000e+00
    2.9862245690e+02    1.3494553735e+03   -1.9585334622e+05   -9.7361755093e-01   -1.0716981794e-01    1.6206828883e-02    5.3400632317e+02    2.5043664169e+02    5.2500000000e+00
    3.0083130491e+02    1.3594370134e+03   -1.9586243566e+05   -9.9257075723e-01   -1.1464189497e-01    3.0316202419e-02    5.3400632317e+02    2.5043664169e+02    5.2500000000e+00
    3.0051113061e+02    1.3579901666e+03   -1.9585897069e+05   -9.7073129852e-01   -1.1652792930e-01    2.4807413184e-02    5.3400632317e+02    2.5043664169e+02    5.2500000000e+00
    2.9990869630e+02    1.3552678053e+03   -1.9585945247e+05   -9.8058723184e-01   -1.0371294980e-01   -1.0316107040e-02    5.3400632317e+02    2.5043664169e+02    5.2500000000e+00
    3.0047739575e+02    1.3578377210e+03   -1.9586382850e+05   -9.4944980890e-01   -9.0260631213e-02   -2.0932402774e-02    5.3400632317e+02    2.5043664169e+02    5.2500000000e+00
    3.0126420930e+02    1.3613932800e+03   -1.9586693197e+05   -9.4296133180e-01   -7.7410369761e-02    2.0466705184e-02    5.3400632317e+02    2.5043664169e+02    5.2500000000e+00
    2.9988326363e+02    1.3551528767e+03   -1.9585887758e+05   -9.6143149167e-01   -9.9405838630e-02    3.9726611970e-02    5.3400632317e+02    2.5043664169e+02    5.2500000000e+00
    3.0143220853e+02    1.3621524575e+03   -1.9586586470e+05   -9.7161758047e-01   -1.0366762577e-01    3.9378004124e-03    5.3400632317e+02    2.5043664169e+02    5.2500000000e+00
    2.9878040858e+02    1.3501691468e+03   -1.9585143569e+05   -9.8814484054e-01   -9.9669235364e-02   -4.9183108197e-03    5.3400632317e+02    2.5043664169e+02    5.2500000000e+00
    2.9849845828e+02    1.3488950318e+03   -1.9585352367e+05   -9.7043493128e-01   -7.4698356947e-02   -2.5335245204e-02    5.3400632317e+02    2.5043664169e+02    5.2500000000e+00
    3.0180085704e+02    1.3638183561e+03   -1.9586871070e+05   -9.5018866752e-01   -8.2013556548e-02    5.1687752758e-02    5.3400632317e+02    2.5043664169e+02    5.2500000000e+00
    3.0032887531e+02    1.3571665668e+03   -1.9586092855e+05   -9.7790000116e-01   -8.8261308494e-02    4.2338020425e-02    5.3400632317e+02    2.5043664169e+02    5.2500000000e+00
    2.9936118444e+02    1.3527936350e+03   -1.9585791479e+05   -9.6122073894e-01   -6.6680019780e-02   -6.0291341038e-03    5.3400632317e+02    2.5043664169e+02    5.2500000000e+00
    2.9948703659e+02    1.3533623526e+03   -1.9585885948e+05   -1.0123401027e+00   -9.8450574775e-02    2.9379002179e-03    5.3400632317e+02    2.5043664169e+02    5.2500000000e+00
    3.0005196270e+02    1.3559152168e+03   -1.9586036615e+05   -9.5179974105e-01   -8.6368278480e-02    4.9887621656e-02    5.3400632317e+02    2.5043664169e+02    5.2500000000e+00
    2.9964081959e+02    1.3540572879e+03   -1.9585894616e+05   -9.7457810451e-01   -8.3245560432e-02    6.3028298802e-02    5.3400632317e+02    2.5043664169e+02    5.2500000000e+00
    3.0105232944e+02    1.3604358088e+03   -1.9586587728e+05   -9.4223539295e-01   -7.8742314552e-02   -3.1255893923e-02    5.3400632317e+02    2.5043664169e+02    5.2500000000e+00
    2.9944056543e+02    1.3531523525e+03   -1.9585615460e+05   -9.9108809541e-01   -1.0326757836e-01    7.9153281370e-03    5.3400632317e+02    2.5043664169e+02    5.2500000000e+00
    2.9862797346e+02    1.3494803025e+03   -1.9585468549e+05   -9.3597393160e-01   -8.5573944535e-02   -9.8682574774e-03    5.3400632317e+02    2.5043664169e+02    5.2500000000e+00
    3.0078350146e+02    1.3592209927e+03   -1.9586426151e+05   -9.7865053457e-01   -8.8138785271e-02    5.3393945618e-02    5.3400632317e+02    2.5043664169e+02    5.2500000000e+00
    2.9979305739e+02    1.3547452406e+03   -1.9585822113e+05   -9.3586519495e-01   -7.2082325899e-02   -2.9276009761e-02    5.3400632317e+02    2.5043664169e+02    5.2500000000e+00
    3.0011141982e+02    1.3561838997e+03   -1.9586191459e+05   -1.0008070711e+00   -9.2303148710e-02   -3.2153837000e-02    5.3400632317e+02    2.5043664169e+02    5.2500000000e+00
    3.0059102314e+02    1.3583511957e+03   -1.9586374719e+05   -9.5849242654e-01   -8.6222103747e-02   -3.8957061651e-02    5.3400632317e+02    2.5043664169e+02    5.2500000000e+00
    3.0004845884e+02    1.3558993831e+03   -1.9585810916e+05   -9.6036959791e-01   -7.0586412010e-02    3.0935119579e-02    5.3400632317e+02    2.5043664169e+02    5.2500000000e+00
    3.0038684456e+02    1.3574285260e+03   -1.9586343207e+05   -9.2456716980e-01   -5.6989331668e-02    5.7161555403e-02    5.3400632317e+02    2.5043664169e+02    5.2500000000e+00
    3.0135975121e+02    1.3618250276e+03   -1.9587016318e+05   -9.7710883128e-01   -1.0006542399e-01   -9.5462212066e-03    5.3400632317e+02    2.5043664169e+02    5.2500000000e+00
    2.9955826359e+02    1.3536842228e+03   -1.9585581117e+05   -9.6156664504e-01   -1.0048401172e-01    1.4578940677e-02    5.3400632317e+02    2.5043664169e+02    5.2500000000e+00
    2.9919135705e+02    1.3520261961e+03   -1.9585613860e+05   -9.8731212881e-01   -1.1717148217e-01    5.1412293165e-02    5.3400632317e+02    2.5043664169e+02    5.2500000000e+00
    3.0051590030e+02    1.3580117205e+03   -1.9586030354e+05   -9.6638321872e-01   -1.0897566772e-01   -1.2334339482e-02    5.3400632317e+02    2.5043664169e+02    5.2500000000e+00
    3.0061715604e+02    1.3584692886e+03   -1.9586304018e+05   -9.8389221251e-01   -1.0897850053e-01   -1.9328987200e-02    5.3400632317e+02    2.5043664169e+02    5.2500000000e+00
    2.9912480679e+02    1.3517254598e+03   -1.9585380281e+05   -9.6203842751e-01   -9.9647685473e-02   -3.3866541293e-03    5.3400632317e+02    2.5043664169e+02    5.2500000000e+00
    3.0043508511e+02    1.3576465219e+03   -1.9586131352e+05   -1.0005196066e+00   -1.1104374829e-01    8.5911136299e-02    5.3400632317e+02    2.5043664169e+02    5.2500000000e+00
    2.9971693095e+02    1.3544012302e+03   -1.9585836416e+05   -9.2151390038e-01   -7.6000925163e-02    3.1548698069e-03    5.3400632317e+02    2.5043664169e+02    5.2500000000e+00
    2.9876170000e+02    1.3500846039e+03   -1.9585576920e+05   -1.0094826203e+00   -9.1691396719e-02   -2.1560612798e-02    5.3400632317e+02    2.5043664169e+02    5.2500000000e+00
    3.0159024691e+02    1.3628666226e+03   -1.9587147053e+05   -9.0490909266e-01   -5.5553697189e-02   -5.2963300151e-03    5.3400632317e+02    2.5043664169e+02    5.2500000000e+00
    2.9987559660e+02    1.3551182299e+03   -1.9585964978e+05   -9.7315778322e-01   -7.9593365479e-02    7.1185889345e-02    5.3400632317e+02    2.5043664169e+02    5.2500000000e+00
    2.9993742966e+02    1.3553976495e+03   -1.9585904928e+05   -9.5227018132e-01   -9.0693357943e-02   -3.4207811560e-02    5.3400632317e+02    2.5043664169e+02    5.2500000000e+00
    3.0083301740e+02    1.3594447520e+03   -1.9586173070e+05   -9.9244713806e-01   -1.0203515734e-01   -2.0498657583e-02    5.3400632317e+02    2.5043664169e+02    5.2500000000e+00
    2.9812145960e+02    1.3471913994e+03   -1.9584820817e+05   -9.6391368395e-01   -1.0007764048e-01   -1.0090745717e-02    5.3400632317e+02    2.5043664169e+02    5.2500000000e+00
    2.9972367551e+02    1.3544317085e+03   -1.9585841048e+05   -9.5122037945e-01   -7.1644244115e-02    6.5281928193e-02    5.3400632317e+02    2.5043664169e+02    5.2500000000e+00
    3.0092960245e+02    1.3598812135e+03   -1.9586433278e+05   -9.4738137481e-01   -8.6570637265e-02    3.1428032137e-03    5.3400632317e+02    2.5043664169e+02    5.2500000000e+00
    2.9968255676e+02    1.3542458955e+03   -1.9585695949e+05   -9.8257111458e-01   -7.9494308372e-02    1.5706627656e-02    5.3400632317e+02    2.5043664169e+02    5.2500000000e+00
    2.9999989704e+02    1.3556799355e+03   -1.9585835757e+05   -9.3178095375e-01   -5.3943108797e-02   -2.2523084007e-02    5.3400632317e+02    2.5043664169e+02    5.2500000000e+00
    3.0009561344e+02    1.3561124717e+03   -1.9586137135e+05   -9.6440422117e-01   -5.1039364968e-02    3.5731241900e-02    5.3400632317e+02    2.5043664169e+02    5.2500000000e+00
    2.9965820274e+02    1.3541358413e+03   -1.9585988772e+05   -9.2705980055e-01   -4.1558058510e-02    7.4077915126e-03    5.3400632317e+02    2.5043664169e+02    5.2500000000e+00
    3.0071052458e+02    1.3588912149e+03   -1.9586478719e+05   -9.3102099658e-01   -4.4367080351e-02   -7.9984958781e-03    5.3400632317e+02    2.5043664169e+02    5.2500000000e+00
    2.9989110237e+02    1.3551882995e+03   -1.9585987603e+05   -9.6901046461e-01   -6.0495768029e-02    3.3600972392e-03    5.3400632317e+02    2.5043664169e+02    5.2500000000e+00
    3.0110639949e+02    1.3606801478e+03   -1.9586491410e+05   -9.3952017296e-01   -4.3491738196e-02    5.2900833060e-03    5.3400632317e+02    2.5043664169e+02    5.2500000000e+00
    2.9882620431e+02    1.3503760947e+03   -1.9585538457e+05   -9.6160882108e-01   -6.0865533858e-02    5.1613668422e-02    5.3400632317e+02    2.5043664169e+02    5.2500000000e+00
    2.9985751450e+02    1.3550365181e+03   -1.9585918710e+05   -9.4785886675e-01   -6.8043200621e-02    2.3067602890e-02    5.3400632317e+02    2.5043664169e+02    5.2500000000e+00
    2.9974525557e+02    1.3545292273e+03   -1.9585446204e+05   -9.7567172144e-01   -9.5633423083e-02    1.3734352113e-02    5.3400632317e+02    2.5043664169e+02    5.2500000000e+00
    3.0093937270e+02    1.3599253646e+03   -1.9586400838e+05   -9.7468257293e-01   -9.1318144181e-02   -1.8313953012e-02    5.3400632317e+02    2.5043664169e+02    5.2500000000e+00
    2.9986030626e+02    1.3550491339e+03   -1.9585923550e+05   -9.6541767637e-01   -7.5459625174e-02    2.1652465533e-02    5.3400632317e+02    2.5043664169e+02    5.2500000000e+00
    3.0098296949e+02    1.3601223757e+03   -1.9586474878e+05   -9.5274626348e-01   -9.2674652155e-02    2.5149861293e-02    5.3400632317e+02    2.5043664169e+02    5.2500000000e+00
    2.9901132214e+02    1.3512126301e+03   -1.9585258616e+05   -9.5084421606e-01   -1.0266439275e-01    4.1259393315e-03    5.3400632317e+02    2.5043664169e+02    5.2500000000e+00
    2.9993985100e+02    1.3554085914e+03   -1.9585715550e+05   -9.7010462007e-01   -1.0924127763e-01    4.3257588288e-03    5.3400632317e+02    2.5043664169e+02    5.2500000000e+00
    2.9879634340e+02    1.3502411552e+03   -1.9585372899e+05   -9.7174311685e-01   -9.7463485978e-02   -6.0760384897e-03    5.3400632317e+02    2.5043664169e+02    5.2500000000e+00
