#  step      rmse_val    rmse_trn    rmse_e_val  rmse_e_trn    rmse_f_val  rmse_f_trn         lr
      0      3.66e+01    7.09e+01      1.61e+00    1.33e+00      1.15e+00    2.24e+00    1.0e-03
   1000      1.12e+01    2.49e-01      2.44e-01    9.60e-02      3.54e-01    7.49e-03    1.0e-03
   2000      3.11e+00    7.75e+00      1.44e-02    2.98e-02      9.83e-02    2.45e-01    1.0e-03
   3000      6.74e+00    8.40e-01      8.26e-02    1.03e-01      2.13e-01    2.64e-02    1.0e-03
   4000      5.84e+00    3.97e-01      3.59e-02    5.49e-02      1.85e-01    1.25e-02    1.0e-03
   5000      4.83e+00    1.00e+01      1.92e-01    4.22e-02      1.51e-01    3.19e-01    9.9e-04
   6000      4.30e+00    4.08e+00      9.07e-02    1.10e-01      1.37e-01    1.30e-01    9.9e-04
   7000      3.68e+00    1.27e+01      9.06e-02    1.90e-03      1.17e-01    4.03e-01    9.9e-04
   8000      2.72e+00    6.21e-01      7.98e-02    1.93e-01      8.66e-02    1.87e-02    9.9e-04
   9000      5.91e+00    8.57e+00      3.00e-01    1.97e-01      1.88e-01    2.73e-01    9.9e-04
  10000      4.02e+00    2.75e+00      1.18e-01    1.61e-01      1.29e-01    8.80e-02    9.7e-04
  11000      3.87e+00    8.44e+00      1.55e-01    1.36e-01      1.21e-01    2.71e-01    9.7e-04
  12000      7.72e+00    2.39e+00      2.20e-02    7.06e-01      2.48e-01    7.13e-02    9.7e-04
  13000      3.49e+00    9.80e+00      2.52e-01    3.36e-01      1.10e-01    3.14e-01    9.7e-04
  14000      5.65e+00    8.45e+00      2.78e-01    9.20e-02      1.79e-01    2.71e-01    9.7e-04
  15000      6.77e+00    1.21e+00      2.00e-01    4.77e-01      2.19e-01    3.25e-02    9.6e-04
  16000      2.80e+00    5.40e-01      2.12e-01    2.17e-01      8.41e-02    1.44e-02    9.6e-04
  17000      8.77e+00    1.08e+01      2.46e-01    2.48e-01      2.83e-01    3.48e-01    9.6e-04
  18000      5.29e+00    2.73e-01      1.28e-01    1.04e-01      1.71e-01    7.48e-03    9.6e-04
  19000      3.71e+00    3.94e+00      3.13e-01    2.07e-01      1.14e-01    1.27e-01    9.6e-04
  20000      3.53e+00    7.35e-01      8.29e-02    1.30e-01      1.13e-01    2.30e-02    9.4e-04
  21000      5.84e+00    2.23e-01      1.17e-01    7.14e-02      1.90e-01    6.29e-03    9.4e-04
  22000      6.63e+00    1.08e+01      2.01e-01    2.05e-01      2.15e-01    3.52e-01    9.4e-04
  23000      4.46e+00    6.49e-01      7.81e-02    3.28e-01      1.45e-01    1.32e-02    9.4e-04
  24000      7.07e+00    5.89e+00      1.46e-01    1.15e-01      2.27e-01    1.92e-01    9.4e-04
  25000      3.25e+00    3.13e+00      1.77e-01    1.17e-01      1.05e-01    1.02e-01    9.3e-04
  26000      8.69e+00    2.69e+00      3.75e-01    2.92e-01      2.84e-01    8.65e-02    9.3e-04
  27000      3.89e+00    6.57e-01      2.17e-01    3.31e-01      1.26e-01    1.15e-02    9.3e-04
  28000      6.74e+00    1.52e+00      6.28e-02    5.05e-04      2.21e-01    4.99e-02    9.3e-04
  29000      5.38e+00    2.07e-01      2.02e-01    1.18e-01      1.69e-01    1.94e-03    9.3e-04
  30000      5.44e+00    5.08e+00      1.74e-01    1.29e-01      1.75e-01    1.68e-01    9.2e-04
  31000      6.50e+00    5.03e-01      1.03e-01    1.83e-01      2.11e-01    1.26e-02    9.2e-04
  32000      2.31e+00    9.06e-01      1.23e-02    4.44e-01      7.62e-02    1.41e-02    9.2e-04
  33000      3.57e+00    2.87e+00      1.54e-01    1.49e-01      1.17e-01    9.44e-02    9.2e-04
  34000      3.57e+00    2.22e+00      2.13e-01    6.60e-02      1.13e-01    7.32e-02    9.2e-04
  35000      3.02e+00    2.06e-01      1.74e-01    1.03e-01      9.99e-02    2.10e-03    9.0e-04
  36000      2.29e+00    2.38e+00      8.35e-02    3.95e-02      7.42e-02    7.92e-02    9.0e-04
  37000      4.14e+00    5.87e+00      9.38e-02    2.16e-02      1.37e-01    1.95e-01    9.0e-04
  38000      1.57e+00    5.89e-01      1.41e-01    2.08e-01      4.48e-02    1.45e-02    9.0e-04
  39000      3.06e+00    3.46e+00      2.14e-01    1.59e-01      9.37e-02    1.15e-01    9.0e-04
  40000      4.11e+00    4.16e+00      8.95e-02    1.08e-01      1.37e-01    1.39e-01    8.9e-04
  41000      3.51e+00    6.02e+00      5.41e-02    9.44e-02      1.17e-01    2.01e-01    8.9e-04
  42000      1.93e+00    3.48e-01      1.57e-01    1.72e-01      6.28e-02    1.38e-03    8.9e-04
  43000      1.87e+00    3.09e-01      9.82e-02    1.44e-01      6.15e-02    3.65e-03    8.9e-04
  44000      1.53e+00    7.10e-01      4.46e-02    3.90e-02      5.04e-02    2.36e-02    8.9e-04
  45000      1.31e+00    1.53e+00      1.21e-01    1.08e-01      4.06e-02    5.09e-02    8.8e-04
  46000      2.49e+00    5.76e+00      8.98e-02    5.95e-02      8.22e-02    1.94e-01    8.8e-04
  47000      4.33e+00    1.15e+00      4.75e-02    5.69e-02      1.46e-01    3.87e-02    8.8e-04
  48000      3.98e+00    9.50e-01      5.25e-02    2.30e-03      1.34e-01    3.21e-02    8.8e-04
  49000      1.91e+00    2.90e+00      1.58e-01    7.33e-02      6.07e-02    9.77e-02    8.8e-04
  50000      4.10e+00    9.20e+00      8.57e-02    6.49e-03      1.38e-01    3.13e-01    8.7e-04
  51000      1.52e+00    4.23e+00      8.28e-02    6.15e-02      4.94e-02    1.44e-01    8.7e-04
  52000      3.56e-01    1.25e+00      7.14e-02    3.69e-01      1.09e-02    3.25e-02    8.7e-04
  53000      7.26e-01    1.80e+00      1.29e-01    1.08e-01      2.02e-02    6.06e-02    8.7e-04
  54000      1.48e+00    1.67e+00      8.72e-02    1.94e-02      4.92e-02    5.68e-02    8.7e-04
  55000      3.18e-01    4.10e+00      7.31e-02    3.93e-02      8.32e-03    1.40e-01    8.5e-04
  56000      2.90e+00    8.66e-01      7.37e-02    1.21e-01      9.84e-02    2.81e-02    8.5e-04
  57000      1.66e+00    3.53e+00      1.11e-01    1.24e-01      5.56e-02    1.21e-01    8.5e-04
  58000      8.82e-01    4.13e+00      2.31e-02    7.61e-04      2.96e-02    1.41e-01    8.5e-04
  59000      6.57e-01    2.40e+00      3.78e-02    2.56e-02      2.12e-02    8.20e-02    8.5e-04
  60000      2.54e+00    1.36e+00      5.97e-02    5.40e-03      8.66e-02    4.69e-02    8.4e-04
  61000      4.53e-01    2.17e+00      1.19e-01    2.79e-02      1.04e-02    7.48e-02    8.4e-04
  62000      3.60e+00    2.62e+00      7.30e-02    5.68e-02      1.24e-01    9.01e-02    8.4e-04
  63000      2.15e+00    6.95e+00      1.34e-01    1.65e-02      6.69e-02    2.40e-01    8.4e-04
  64000      5.89e+00    3.88e+00      1.48e-01    1.56e-01      2.03e-01    1.33e-01    8.4e-04
  65000      1.60e+00    1.20e+00      8.42e-02    1.31e-03      5.33e-02    4.18e-02    8.3e-04
  66000      3.17e+00    1.02e+00      5.55e-02    3.01e-02      1.10e-01    3.52e-02    8.3e-04
  67000      1.94e+00    2.26e-01      5.46e-02    8.81e-02      6.69e-02    2.39e-03    8.3e-04
  68000      1.80e+00    1.50e-01      3.36e-02    5.80e-02      6.19e-02    1.70e-03    8.3e-04
  69000      1.71e+00    1.61e+00      9.34e-02    3.01e-02      5.75e-02    5.58e-02    8.3e-04
  70000      2.73e+00    1.28e+00      6.80e-02    6.62e-02      9.52e-02    4.43e-02    8.2e-04
  71000      2.19e+00    2.58e+00      4.94e-02    9.74e-04      7.56e-02    9.02e-02    8.2e-04
  72000      3.49e+00    4.29e+00      4.25e-02    7.18e-02      1.22e-01    1.50e-01    8.2e-04
  73000      1.15e+00    1.58e-01      2.57e-02    2.61e-02      4.03e-02    5.02e-03    8.2e-04
  74000      2.32e+00    3.02e+00      7.48e-02    7.18e-02      7.75e-02    1.05e-01    8.2e-04
  75000      1.17e+00    4.61e+00      2.85e-02    6.01e-02      4.01e-02    1.62e-01    8.1e-04
  76000      1.38e+00    7.32e+00      3.49e-02    7.60e-02      4.83e-02    2.58e-01    8.1e-04
  77000      4.28e+00    1.34e+00      4.01e-02    6.17e-02      1.51e-01    4.69e-02    8.1e-04
  78000      1.47e+00    4.23e+00      3.86e-02    4.23e-02      5.14e-02    1.49e-01    8.1e-04
  79000      3.51e+00    3.28e-01      3.09e-02    6.59e-02      1.24e-01    9.86e-03    8.1e-04
  80000      3.88e+00    2.95e-01      2.48e-02    1.10e-01      1.38e-01    1.54e-03    7.9e-04
  81000      4.92e+00    4.66e+00      1.21e-01    1.32e-01      1.74e-01    1.65e-01    7.9e-04
  82000      3.87e-01    4.47e+00      8.41e-02    1.97e-01      7.94e-03    1.58e-01    7.9e-04
  83000      4.40e+00    1.67e-01      3.95e-02    6.05e-02      1.56e-01    1.50e-03    7.9e-04
  84000      2.10e+00    2.06e+00      2.66e-02    3.28e-03      7.42e-02    7.31e-02    7.9e-04
  85000      3.50e+00    5.62e+00      8.11e-02    5.42e-02      1.25e-01    2.01e-01    7.8e-04
  86000      3.06e+00    3.90e-01      4.48e-02    4.29e-02      1.09e-01    1.33e-02    7.8e-04
  87000      5.08e+00    1.19e-01      2.09e-02    4.33e-03      1.82e-01    4.23e-03    7.8e-04
  88000      6.44e-01    1.44e-01      6.16e-03    5.00e-02      2.30e-02    1.62e-03    7.8e-04
  89000      4.13e+00    3.38e+00      4.06e-02    1.83e-02      1.48e-01    1.21e-01    7.8e-04
  90000      1.30e+00    6.43e+00      6.01e-02    1.02e-01      4.57e-02    2.31e-01    7.7e-04
  91000      3.07e-01    4.16e+00      4.87e-02    3.30e-02      8.80e-03    1.50e-01    7.7e-04
  92000      2.88e+00    3.39e+00      4.64e-02    3.01e-02      1.03e-01    1.22e-01    7.7e-04
  93000      3.65e-01    1.06e-01      2.51e-02    2.86e-02      1.27e-02    2.52e-03    7.7e-04
  94000      1.77e+00    3.60e+00      3.14e-02    6.04e-02      6.32e-02    1.29e-01    7.7e-04
  95000      2.78e+00    1.46e+00      1.30e-02    3.13e-02      1.01e-01    5.27e-02    7.6e-04
  96000      2.41e+00    1.47e+00      5.69e-02    1.15e-02      8.61e-02    5.32e-02    7.6e-04
  97000      1.28e+00    1.35e-01      1.65e-02    4.57e-02      4.61e-02    1.26e-03    7.6e-04
  98000      7.06e-01    1.94e-01      5.24e-02    6.76e-02      2.50e-02    7.60e-04    7.6e-04
  99000      1.85e+00    5.08e+00      3.12e-02    6.77e-02      6.69e-02    1.84e-01    7.6e-04
 100000      2.31e+00    3.97e+00      5.71e-02    1.49e-02      8.29e-02    1.45e-01    7.5e-04
 101000      9.09e-01    2.40e+00      1.76e-02    1.44e-02      3.27e-02    8.76e-02    7.5e-04
 102000      2.03e-01    4.27e+00      2.11e-02    2.82e-02      6.72e-03    1.56e-01    7.5e-04
 103000      2.72e+00    1.15e+00      6.63e-02    7.03e-02      9.88e-02    4.13e-02    7.5e-04
 104000      3.37e+00    3.44e-01      5.68e-02    7.31e-02      1.23e-01    9.88e-03    7.5e-04
 105000      4.64e-01    4.09e+00      1.27e-02    1.69e-02      1.68e-02    1.51e-01    7.4e-04
 106000      3.12e+00    1.60e+00      2.07e-02    4.23e-04      1.15e-01    5.88e-02    7.4e-04
 107000      3.24e+00    1.37e+00      4.26e-02    1.93e-02      1.19e-01    5.04e-02    7.4e-04
 108000      2.61e+00    2.37e-01      5.06e-02    6.57e-02      9.47e-02    4.93e-03    7.4e-04
 109000      2.74e+00    9.83e-01      9.51e-02    6.45e-02      9.96e-02    3.55e-02    7.4e-04
 110000      5.15e+00    2.30e+00      3.64e-02    1.85e-02      1.91e-01    8.52e-02    7.3e-04
 111000      7.17e-01    1.32e+00      3.18e-02    1.07e-02      2.58e-02    4.87e-02    7.3e-04
 112000      1.96e+00    2.83e+00      4.41e-02    3.34e-03      6.91e-02    1.05e-01    7.3e-04
 113000      1.96e+00    6.36e-01      2.51e-02    1.86e-01      7.21e-02    1.10e-02    7.3e-04
 114000      1.47e+00    2.33e+00      2.85e-02    3.36e-02      5.31e-02    8.63e-02    7.3e-04
 115000      1.58e+00    6.49e-02      3.00e-02    2.01e-02      5.77e-02    7.29e-04    7.2e-04
 116000      3.96e+00    4.53e+00      2.19e-02    5.38e-02      1.48e-01    1.69e-01    7.2e-04
 117000      2.44e+00    4.65e-01      1.75e-02    3.23e-02      9.00e-02    1.69e-02    7.2e-04
 118000      5.50e+00    3.97e+00      2.57e-02    2.43e-02      2.05e-01    1.48e-01    7.2e-04
 119000      2.62e+00    3.51e+00      5.28e-02    1.01e-02      9.35e-02    1.31e-01    7.2e-04
 120000      7.16e-01    1.83e-01      2.77e-02    1.14e-02      2.62e-02    6.73e-03    7.1e-04
 121000      2.21e+00    7.91e-01      1.30e-02    1.04e-02      8.31e-02    2.97e-02    7.1e-04
 122000      3.70e+00    3.85e+00      9.37e-02    8.04e-02      1.37e-01    1.44e-01    7.1e-04
 123000      1.81e+00    8.20e-02      1.33e-02    1.01e-02      6.80e-02    2.85e-03    7.1e-04
 124000      2.76e+00    2.00e-02      1.96e-02    2.61e-03      1.04e-01    6.87e-04    7.1e-04
 125000      4.39e+00    5.94e+00      3.88e-02    2.55e-02      1.66e-01    2.25e-01    7.0e-04
 126000      1.44e+00    3.20e+00      3.08e-02    2.95e-02      5.44e-02    1.21e-01    7.0e-04
 127000      2.87e+00    1.87e-01      4.26e-02    4.10e-02      1.08e-01    5.09e-03    7.0e-04
 128000      2.08e+00    4.51e+00      1.62e-02    2.79e-02      7.85e-02    1.71e-01    7.0e-04
 129000      1.41e+00    1.98e+00      9.91e-03    8.01e-03      5.32e-02    7.49e-02    7.0e-04
 130000      2.03e+00    3.48e+00      2.34e-02    1.90e-02      7.64e-02    1.33e-01    6.9e-04
 131000      3.35e-01    4.99e-01      5.51e-02    6.04e-02      9.81e-03    1.75e-02    6.9e-04
 132000      1.10e+00    2.10e+00      2.94e-02    1.32e-02      4.04e-02    8.01e-02    6.9e-04
 133000      1.96e+00    2.26e+00      2.58e-02    2.35e-02      7.39e-02    8.60e-02    6.9e-04
 134000      2.11e+00    2.23e+00      1.37e-02    1.43e-02      8.05e-02    8.50e-02    6.9e-04
 135000      7.24e-02    8.11e-01      1.54e-02    9.74e-03      1.55e-03    3.11e-02    6.8e-04
 136000      1.10e+00    3.65e+00      2.76e-02    3.44e-02      4.13e-02    1.40e-01    6.8e-04
 137000      1.68e+00    6.37e-01      3.11e-02    2.64e-02      6.44e-02    2.42e-02    6.8e-04
 138000      3.42e+00    4.79e+00      4.61e-02    4.19e-02      1.30e-01    1.84e-01    6.8e-04
 139000      7.43e-01    5.20e+00      1.73e-02    4.76e-02      2.85e-02    2.00e-01    6.8e-04
 140000      1.67e+00    1.22e+00      1.74e-02    1.30e-03      6.42e-02    4.70e-02    6.7e-04
 141000      4.10e+00    1.50e+00      3.13e-02    1.10e-02      1.58e-01    5.79e-02    6.7e-04
 142000      1.74e+00    9.28e-01      1.06e-02    3.08e-03      6.69e-02    3.59e-02    6.7e-04
 143000      1.09e+00    1.31e-01      2.36e-02    3.42e-02      4.15e-02    2.54e-03    6.7e-04
 144000      3.05e+00    4.68e+00      9.12e-02    9.16e-02      1.17e-01    1.81e-01    6.7e-04
 145000      1.95e+00    6.52e-02      1.61e-02    1.86e-02      7.55e-02    7.23e-04    6.6e-04
 146000      3.62e+00    3.04e-02      2.24e-02    5.65e-03      1.41e-01    9.24e-04    6.6e-04
 147000      1.16e+00    1.38e+00      8.57e-03    1.26e-02      4.53e-02    5.37e-02    6.6e-04
 148000      2.36e+00    5.07e+00      3.36e-02    4.55e-02      9.11e-02    1.97e-01    6.6e-04
 149000      2.09e+00    8.56e-01      2.58e-02    1.91e-02      8.10e-02    3.32e-02    6.6e-04
 150000      2.18e+00    2.26e+00      1.96e-02    2.25e-02      8.53e-02    8.85e-02    6.5e-04
 151000      3.99e+00    5.26e-02      8.38e-03    1.38e-02      1.56e-01    9.30e-04    6.5e-04
 152000      1.25e+00    1.30e+00      9.31e-03    1.14e-02      4.91e-02    5.10e-02    6.5e-04
 153000      2.43e+00    8.38e-01      9.39e-03    1.51e-02      9.53e-02    3.28e-02    6.5e-04
 154000      4.24e-01    5.49e-01      4.22e-02    3.19e-02      1.36e-02    2.11e-02    6.5e-04
 155000      3.14e+00    2.28e-01      4.14e-02    2.03e-02      1.24e-01    8.57e-03    6.4e-04
 156000      1.10e+00    7.01e-01      3.12e-03    2.96e-03      4.34e-02    2.77e-02    6.4e-04
 157000      1.55e+00    2.38e-01      3.04e-02    6.29e-02      5.98e-02    3.87e-03    6.4e-04
 158000      2.01e+00    2.67e-02      2.10e-02    7.22e-03      7.94e-02    3.77e-04    6.4e-04
 159000      1.44e+00    1.19e-01      3.57e-03    1.13e-03      5.68e-02    4.70e-03    6.4e-04
 160000      1.95e+00    2.74e+00      5.70e-02    4.96e-02      7.72e-02    1.09e-01    6.3e-04
 161000      2.15e+00    2.47e+00      2.77e-02    2.56e-02      8.38e-02    9.83e-02    6.3e-04
 162000      6.13e+00    7.70e-01      5.53e-03    1.53e-02      2.44e-01    3.06e-02    6.3e-04
 163000      2.91e+00    1.64e+00      2.22e-02    7.91e-03      1.16e-01    6.52e-02    6.3e-04
 164000      2.26e+00    5.90e+00      4.68e-02    6.16e-02      8.97e-02    2.35e-01    6.3e-04
 165000      1.68e+00    1.12e+00      2.13e-02    1.39e-03      6.69e-02    4.47e-02    6.2e-04
 166000      1.63e+00    2.29e-01      1.06e-02    1.63e-03      6.51e-02    9.18e-03    6.2e-04
 167000      7.59e-01    1.31e+00      7.48e-03    4.44e-03      3.03e-02    5.25e-02    6.2e-04
 168000      2.95e+00    5.33e-01      4.27e-02    5.66e-02      1.18e-01    1.98e-02    6.2e-04
 169000      1.97e+00    4.35e+00      5.68e-02    3.36e-02      7.77e-02    1.74e-01    6.2e-04
 170000      2.88e+00    7.00e-01      1.81e-01    7.82e-02      1.13e-01    2.59e-02    6.1e-04
 171000      3.31e+00    1.39e+00      1.63e-02    2.08e-02      1.33e-01    5.61e-02    6.1e-04
 172000      2.25e-01    4.05e+00      2.18e-02    8.18e-02      7.34e-03    1.63e-01    6.1e-04
 173000      1.48e+00    3.82e-01      3.56e-02    9.64e-03      5.67e-02    1.53e-02    6.1e-04
 174000      3.71e+00    1.16e-01      9.36e-03    1.22e-02      1.50e-01    4.36e-03    6.1e-04
 175000      1.13e+00    1.87e-01      5.41e-02    5.14e-02      4.33e-02    7.87e-04    6.0e-04
 176000      2.86e+00    2.16e-01      5.69e-02    4.30e-02      1.16e-01    6.09e-03    6.0e-04
 177000      4.61e+00    1.21e+00      1.45e-02    4.58e-02      1.88e-01    4.87e-02    6.0e-04
 178000      7.75e-01    4.10e-01      1.32e-02    5.66e-02      3.15e-02    1.44e-02    6.0e-04
 179000      3.23e+00    6.11e-02      5.93e-03    5.72e-03      1.31e-01    2.34e-03    6.0e-04
 180000      3.48e-01    2.39e-01      6.75e-03    9.78e-03      1.41e-02    9.69e-03    6.0e-04
 181000      4.49e-01    4.47e+00      1.99e-02    1.19e-02      1.80e-02    1.83e-01    6.0e-04
 182000      7.08e-01    2.34e+00      5.52e-02    5.21e-02      2.67e-02    9.57e-02    6.0e-04
 183000      3.11e-01    7.29e-02      2.77e-03    1.01e-02      1.27e-02    2.57e-03    6.0e-04
 184000      4.29e-01    2.73e-01      4.54e-02    6.90e-02      1.56e-02    4.37e-03    6.0e-04
 185000      3.28e+00    1.15e-01      2.56e-02    3.05e-02      1.35e-01    1.08e-03    5.9e-04
 186000      1.88e+00    1.12e-01      1.90e-02    2.85e-02      7.74e-02    1.64e-03    5.9e-04
 187000      2.51e+00    1.24e+00      2.58e-02    2.42e-02      1.03e-01    5.09e-02    5.9e-04
 188000      1.97e+00    6.60e-01      2.59e-02    6.27e-03      8.09e-02    2.72e-02    5.9e-04
 189000      2.08e+00    3.19e+00      9.72e-02    8.87e-02      8.08e-02    1.31e-01    5.9e-04
 190000      2.09e+00    4.67e+00      8.74e-03    1.12e-02      8.67e-02    1.94e-01    5.8e-04
 191000      2.08e-01    6.74e-01      2.16e-02    1.86e-02      7.38e-03    2.79e-02    5.8e-04
 192000      3.79e-01    1.03e-01      2.56e-02    2.52e-02      1.39e-02    1.77e-03    5.8e-04
 193000      1.07e+00    1.71e+00      5.78e-03    4.03e-03      4.45e-02    7.11e-02    5.8e-04
 194000      1.76e+00    5.36e-01      1.97e-02    2.37e-02      7.30e-02    2.20e-02    5.8e-04
 195000      6.98e-01    4.98e-01      2.38e-02    1.81e-02      2.77e-02    2.07e-02    5.7e-04
 196000      4.02e+00    3.96e+00      2.31e-02    2.00e-02      1.68e-01    1.66e-01    5.7e-04
 197000      3.87e-01    2.15e-01      1.62e-02    2.09e-02      1.51e-02    8.39e-03    5.7e-04
 198000      9.21e-01    5.99e-01      2.12e-03    1.35e-03      3.85e-02    2.51e-02    5.7e-04
 199000      2.57e+00    3.18e+00      1.47e-02    1.40e-04      1.08e-01    1.33e-01    5.7e-04
 200000      7.02e-01    2.61e+00      1.30e-03    2.13e-03      2.96e-02    1.10e-01    5.6e-04
 201000      1.27e+00    3.15e-01      6.40e-02    6.86e-02      5.08e-02    7.51e-03    5.6e-04
 202000      1.03e+00    3.09e+00      6.67e-03    1.83e-02      4.32e-02    1.30e-01    5.6e-04
 203000      1.57e+00    2.45e+00      1.09e-02    2.59e-02      6.62e-02    1.03e-01    5.6e-04
 204000      9.64e-01    1.08e+00      9.90e-03    2.02e-02      3.96e-02    4.53e-02    5.6e-04
 205000      1.77e+00    1.19e-01      8.45e-03    3.06e-02      7.51e-02    7.77e-04    5.5e-04
 206000      1.69e+00    3.11e+00      6.60e-02    5.77e-02      6.95e-02    1.32e-01    5.5e-04
 207000      2.02e+00    2.56e-01      4.66e-02    3.30e-02      8.54e-02    9.45e-03    5.5e-04
 208000      3.44e-01    1.09e+00      1.22e-02    1.87e-02      1.40e-02    4.60e-02    5.5e-04
 209000      2.12e+00    6.19e-01      3.57e-02    2.35e-02      8.97e-02    2.60e-02    5.5e-04
 210000      3.93e+00    1.35e+00      2.13e-02    3.31e-02      1.68e-01    5.76e-02    5.5e-04
 211000      9.10e-01    1.29e+00      3.60e-02    3.36e-02      3.75e-02    5.49e-02    5.5e-04
 212000      2.03e+00    1.68e-01      2.83e-02    4.11e-02      8.68e-02    2.42e-03    5.5e-04
 213000      1.51e+00    1.29e-01      2.12e-02    4.53e-03      6.43e-02    5.48e-03    5.5e-04
 214000      1.20e+00    4.78e-02      2.00e-02    1.03e-02      5.06e-02    1.13e-03    5.5e-04
 215000      2.48e+00    8.11e-01      3.60e-03    5.41e-03      1.07e-01    3.49e-02    5.4e-04
 216000      1.49e+00    2.02e-01      2.76e-02    4.25e-02      6.31e-02    4.98e-03    5.4e-04
 217000      1.27e+00    1.46e-01      3.14e-02    3.77e-02      5.21e-02    7.02e-06    5.4e-04
 218000      7.39e-01    1.10e+00      1.31e-02    1.26e-02      3.17e-02    4.75e-02    5.4e-04
 219000      1.30e+00    2.37e-01      2.47e-02    2.56e-02      5.57e-02    9.26e-03    5.4e-04
 220000      9.90e-01    6.14e+00      3.52e-02    2.25e-02      4.09e-02    2.66e-01    5.3e-04
 221000      1.44e-01    4.29e+00      6.81e-03    1.04e-02      6.12e-03    1.86e-01    5.3e-04
 222000      1.39e+00    2.87e+00      4.23e-02    5.94e-02      5.60e-02    1.24e-01    5.3e-04
 223000      9.62e-01    8.68e-01      1.24e-02    7.85e-03      4.10e-02    3.76e-02    5.3e-04
 224000      1.38e+00    1.32e-01      1.94e-02    2.57e-02      5.86e-02    3.69e-03    5.3e-04
 225000      2.39e+00    3.21e+00      1.45e-02    1.34e-02      1.04e-01    1.40e-01    5.2e-04
 226000      2.25e+00    1.29e+00      1.10e-02    2.07e-02      9.81e-02    5.64e-02    5.2e-04
 227000      1.49e+00    2.85e+00      2.00e-02    1.08e-02      6.36e-02    1.25e-01    5.2e-04
 228000      9.15e-01    1.94e+00      5.89e-03    3.37e-03      3.99e-02    8.50e-02    5.2e-04
 229000      1.46e+00    2.42e-01      2.15e-02    4.21e-03      6.24e-02    1.05e-02    5.2e-04
 230000      1.16e+00    3.23e-02      1.86e-02    2.97e-03      5.01e-02    1.32e-03    5.2e-04
 231000      1.75e+00    3.44e+00      1.73e-02    4.89e-02      7.71e-02    1.51e-01    5.2e-04
 232000      1.33e+00    1.31e-01      1.51e-02    2.85e-02      5.81e-02    2.84e-03    5.2e-04
 233000      1.64e+00    7.67e-02      4.93e-02    1.65e-02      6.91e-02    1.74e-03    5.2e-04
 234000      3.15e+00    3.71e-01      3.03e-02    3.11e-02      1.38e-01    1.54e-02    5.2e-04
 235000      6.05e-01    7.01e-02      5.87e-04    8.98e-03      2.68e-02    2.66e-03    5.1e-04
 236000      3.58e+00    4.18e+00      1.87e-03    6.86e-03      1.59e-01    1.85e-01    5.1e-04
 237000      9.92e-01    6.54e-02      1.52e-02    1.43e-02      4.30e-02    1.40e-03    5.1e-04
 238000      2.82e+00    1.11e+00      6.07e-03    1.67e-02      1.25e-01    4.90e-02    5.1e-04
 239000      1.50e+00    9.77e-02      1.51e-02    2.44e-02      6.64e-02    6.94e-06    5.1e-04
 240000      1.84e+00    1.71e+00      3.47e-02    3.77e-02      7.96e-02    7.61e-02    5.0e-04
 241000      1.38e+00    2.28e-01      6.64e-03    4.16e-02      6.18e-02    6.88e-03    5.0e-04
 242000      1.15e+00    3.63e-01      8.25e-03    6.11e-03      5.13e-02    1.62e-02    5.0e-04
 243000      2.64e+00    1.98e+00      2.08e-02    1.90e-02      1.15e-01    8.83e-02    5.0e-04
 244000      1.81e+00    7.91e-02      2.32e-02    1.91e-02      8.03e-02    7.80e-04    5.0e-04
 245000      2.96e+00    8.68e-02      9.83e-03    2.01e-02      1.33e-01    1.31e-03    4.9e-04
 246000      1.05e+00    4.84e+00      6.00e-02    5.19e-02      4.18e-02    2.17e-01    4.9e-04
 247000      8.78e-01    3.67e+00      2.07e-02    1.11e-02      3.72e-02    1.65e-01    4.9e-04
 248000      3.12e+00    2.16e+00      5.24e-02    3.01e-02      1.40e-01    9.69e-02    4.9e-04
 249000      2.93e+00    2.67e+00      2.75e-02    3.46e-02      1.31e-01    1.20e-01    4.9e-04
 250000      1.57e+00    2.71e+00      2.87e-02    8.47e-03      6.83e-02    1.23e-01    4.9e-04
 251000      1.78e+00    1.07e+00      2.75e-02    2.22e-02      7.94e-02    4.83e-02    4.9e-04
 252000      1.30e+00    2.00e+00      1.69e-02    3.70e-03      5.81e-02    9.06e-02    4.9e-04
 253000      2.68e-01    1.06e+00      3.99e-03    5.83e-03      1.20e-02    4.79e-02    4.9e-04
 254000      1.13e+00    1.63e+00      3.34e-02    2.33e-02      5.00e-02    7.36e-02    4.9e-04
 255000      2.89e+00    1.76e-01      1.06e-02    1.52e-02      1.32e-01    7.49e-03    4.8e-04
 256000      1.55e+00    8.93e-02      3.12e-02    1.82e-02      7.05e-02    2.21e-03    4.8e-04
 257000      2.40e+00    2.11e+00      4.34e-03    4.32e-03      1.09e-01    9.63e-02    4.8e-04
 258000      9.57e-01    1.85e+00      5.00e-03    7.04e-03      4.36e-02    8.44e-02    4.8e-04
 259000      1.31e+00    3.63e-01      2.30e-02    2.64e-02      5.79e-02    1.58e-02    4.8e-04
 260000      2.25e+00    5.17e-01      6.47e-03    4.76e-04      1.03e-01    2.37e-02    4.7e-04
 261000      9.58e-01    2.30e-01      3.51e-02    4.95e-03      4.27e-02    1.05e-02    4.7e-04
 262000      1.71e-01    2.25e-01      1.86e-02    2.40e-02      5.81e-03    9.25e-03    4.7e-04
 263000      1.80e+00    1.12e+00      8.73e-03    5.74e-03      8.25e-02    5.16e-02    4.7e-04
 264000      1.12e+00    1.43e+00      3.09e-02    2.90e-02      5.09e-02    6.56e-02    4.7e-04
 265000      2.39e+00    1.22e-01      5.52e-03    2.01e-02      1.11e-01    4.10e-03    4.7e-04
 266000      1.53e+00    3.67e+00      7.82e-03    2.66e-03      7.01e-02    1.70e-01    4.7e-04
 267000      9.32e-01    1.50e-01      8.26e-03    1.23e-02      4.24e-02    6.50e-03    4.7e-04
 268000      1.67e+00    2.85e+00      3.35e-02    3.08e-02      7.61e-02    1.32e-01    4.7e-04
 269000      2.02e+00    2.10e+00      5.11e-03    4.91e-03      9.36e-02    9.70e-02    4.7e-04
 270000      1.70e-01    7.08e-01      1.49e-02    1.27e-02      6.46e-03    3.29e-02    4.6e-04
 271000      2.09e+00    2.44e+00      2.16e-02    1.68e-02      9.72e-02    1.14e-01    4.6e-04
 272000      2.35e+00    1.25e+00      1.05e-02    5.35e-03      1.09e-01    5.84e-02    4.6e-04
 273000      2.98e-01    9.34e-01      1.83e-02    1.98e-02      1.31e-02    4.34e-02    4.6e-04
 274000      9.57e-01    2.52e+00      9.78e-03    7.22e-03      4.41e-02    1.18e-01    4.6e-04
 275000      5.91e-01    1.18e-01      2.68e-02    2.77e-02      2.59e-02    6.92e-04    4.5e-04
 276000      1.16e+00    2.41e-01      1.64e-02    6.07e-03      5.40e-02    1.13e-02    4.5e-04
 277000      3.20e-01    9.47e-01      8.44e-03    8.11e-03      1.48e-02    4.44e-02    4.5e-04
 278000      1.68e+00    1.64e+00      3.00e-03    2.67e-04      7.91e-02    7.71e-02    4.5e-04
 279000      1.03e+00    2.56e-01      7.53e-03    2.62e-03      4.85e-02    1.20e-02    4.5e-04
 280000      1.35e+00    2.08e-01      6.91e-03    1.41e-02      6.37e-02    9.41e-03    4.5e-04
 281000      1.70e+00    7.64e-01      8.60e-03    1.60e-02      8.00e-02    3.60e-02    4.5e-04
 282000      7.29e-01    1.78e+00      4.28e-03    6.76e-03      3.44e-02    8.43e-02    4.5e-04
 283000      2.54e+00    6.95e-02      2.44e-02    1.61e-02      1.20e-01    5.96e-04    4.5e-04
 284000      6.62e-01    4.62e-02      8.82e-03    6.27e-03      3.10e-02    1.79e-03    4.5e-04
 285000      4.01e-01    1.88e-02      7.25e-03    1.73e-03      1.84e-02    8.25e-04    4.4e-04
 286000      1.03e+00    1.98e+00      2.97e-03    2.08e-03      4.89e-02    9.44e-02    4.4e-04
 287000      1.17e+00    6.56e-01      2.02e-02    1.47e-03      5.40e-02    3.13e-02    4.4e-04
 288000      8.30e-01    1.07e-01      3.43e-03    9.05e-03      3.95e-02    4.78e-03    4.4e-04
 289000      2.50e+00    2.43e-02      1.22e-02    4.63e-03      1.19e-01    6.75e-04    4.4e-04
 290000      7.75e-01    1.91e-01      3.11e-02    4.41e-02      3.50e-02    1.23e-03    4.3e-04
 291000      1.35e+00    8.07e-02      1.99e-02    1.86e-02      6.35e-02    6.09e-04    4.3e-04
 292000      6.73e-01    9.31e-01      2.50e-02    2.68e-02      3.18e-02    4.43e-02    4.3e-04
 293000      2.37e+00    3.47e-02      7.05e-03    6.49e-03      1.13e-01    9.91e-04    4.3e-04
 294000      1.05e+00    2.58e-01      5.98e-02    6.00e-02      4.79e-02    9.75e-04    4.3e-04
 295000      1.52e+00    2.22e+00      1.55e-02    2.54e-02      7.32e-02    1.07e-01    4.3e-04
 296000      1.69e+00    2.34e-01      8.95e-03    3.39e-03      8.15e-02    1.13e-02    4.3e-04
 297000      9.17e-01    6.86e-02      1.33e-02    1.58e-02      4.36e-02    4.80e-04    4.3e-04
 298000      1.95e+00    2.85e+00      3.95e-02    3.25e-02      9.33e-02    1.38e-01    4.3e-04
 299000      3.13e+00    1.07e-01      1.32e-02    2.38e-02      1.51e-01    1.43e-03    4.3e-04
 300000      2.34e+00    1.78e+00      9.28e-03    1.60e-05      1.14e-01    8.65e-02    4.2e-04
 301000      1.70e+00    1.84e-01      3.87e-02    4.22e-02      7.73e-02    1.07e-03    4.2e-04
 302000      1.16e+00    1.82e+00      9.46e-03    6.26e-03      5.62e-02    8.84e-02    4.2e-04
 303000      1.88e+00    2.71e+00      2.61e-02    3.05e-02      9.06e-02    1.32e-01    4.2e-04
 304000      1.64e-01    3.02e+00      4.78e-03    5.73e-04      7.68e-03    1.47e-01    4.2e-04
 305000      2.80e+00    4.01e-01      3.58e-03    1.41e-03      1.37e-01    1.96e-02    4.2e-04
 306000      2.51e+00    3.78e-02      1.57e-02    1.44e-03      1.23e-01    1.82e-03    4.2e-04
 307000      8.50e-01    1.37e-02      7.75e-03    9.99e-04      4.16e-02    6.36e-04    4.2e-04
 308000      1.88e+00    1.41e+00      7.63e-03    6.61e-03      9.22e-02    6.93e-02    4.2e-04
 309000      1.61e+00    9.81e-01      1.76e-02    6.65e-03      7.87e-02    4.81e-02    4.2e-04
 310000      1.75e+00    8.79e-02      2.28e-02    2.00e-02      8.51e-02    3.37e-04    4.1e-04
 311000      1.33e+00    1.11e-01      3.81e-02    2.48e-02      6.20e-02    1.10e-03    4.1e-04
 312000      1.51e+00    8.51e-01      1.65e-02    1.64e-02      7.33e-02    4.19e-02    4.1e-04
 313000      7.04e-01    2.89e+00      1.20e-02    1.36e-02      3.34e-02    1.42e-01    4.1e-04
 314000      4.72e-01    3.25e-02      1.06e-02    6.11e-03      2.32e-02    9.17e-04    4.1e-04
 315000      2.05e+00    2.82e-02      1.43e-02    5.77e-03      1.02e-01    6.16e-04    4.0e-04
 316000      6.20e-01    2.55e+00      5.10e-03    1.71e-02      3.08e-02    1.27e-01    4.0e-04
 317000      1.17e+00    5.55e-02      1.19e-02    2.42e-04      5.70e-02    2.76e-03    4.0e-04
 318000      2.04e+00    3.01e+00      6.73e-03    1.44e-02      1.01e-01    1.49e-01    4.0e-04
 319000      1.86e+00    1.80e-01      1.02e-02    5.51e-03      9.23e-02    8.89e-03    4.0e-04
 320000      1.04e+00    4.42e-01      1.39e-02    1.01e-02      5.20e-02    2.20e-02    4.0e-04
 321000      6.75e-01    3.64e-01      1.98e-02    1.97e-02      3.34e-02    1.77e-02    4.0e-04
 322000      1.46e+00    7.74e-01      1.60e-02    1.19e-02      7.30e-02    3.87e-02    4.0e-04
 323000      1.65e+00    1.37e-01      1.59e-02    1.52e-02      8.27e-02    6.00e-03    4.0e-04
 324000      2.91e-01    9.11e-02      1.60e-02    1.95e-02      1.31e-02    1.50e-03    4.0e-04
 325000      2.07e+00    7.35e-02      2.26e-02    4.80e-03      1.04e-01    3.55e-03    3.9e-04
 326000      5.99e-01    2.09e+00      8.26e-03    1.47e-03      3.00e-02    1.05e-01    3.9e-04
 327000      1.47e+00    5.86e-02      1.59e-02    3.59e-03      7.30e-02    2.85e-03    3.9e-04
 328000      1.10e+00    2.22e-01      4.15e-02    4.57e-02      5.27e-02    4.56e-03    3.9e-04
 329000      1.28e+00    8.05e-02      2.44e-02    1.81e-02      6.35e-02    3.73e-04    3.9e-04
 330000      8.64e-01    2.94e-01      8.70e-03    7.48e-03      4.26e-02    1.49e-02    3.9e-04
 331000      2.79e-01    2.36e+00      4.35e-03    4.71e-03      1.41e-02    1.20e-01    3.9e-04
 332000      5.52e-01    3.57e+00      1.35e-02    6.07e-03      2.73e-02    1.81e-01    3.9e-04
 333000      5.50e-01    3.24e+00      1.35e-02    4.93e-03      2.72e-02    1.65e-01    3.9e-04
 334000      8.05e-02    4.49e-02      6.21e-03    9.82e-03      3.49e-03    5.13e-04    3.9e-04
 335000      3.38e+00    1.27e+00      1.12e-02    1.40e-02      1.73e-01    6.51e-02    3.8e-04
 336000      1.20e+00    2.91e-02      4.08e-03    5.23e-03      6.10e-02    8.82e-04    3.8e-04
 337000      7.46e-01    5.91e-02      1.87e-02    1.13e-02      3.73e-02    1.57e-03    3.8e-04
 338000      1.04e+00    2.97e+00      4.49e-03    9.25e-04      5.33e-02    1.52e-01    3.8e-04
 339000      1.83e+00    3.46e+00      4.72e-03    1.06e-02      9.29e-02    1.77e-01    3.8e-04
 340000      3.56e+00    2.11e-01      2.66e-03    2.23e-03      1.83e-01    1.08e-02    3.8e-04
 341000      1.21e+00    2.04e+00      1.23e-02    2.05e-02      6.13e-02    1.05e-01    3.8e-04
 342000      2.03e+00    1.02e-01      2.93e-03    4.37e-03      1.05e-01    5.16e-03    3.8e-04
 343000      9.52e-01    3.84e-01      6.72e-03    2.15e-03      4.89e-02    1.98e-02    3.8e-04
 344000      5.01e-01    1.25e+00      2.99e-02    2.88e-02      2.42e-02    6.41e-02    3.8e-04
 345000      1.64e+00    2.22e+00      6.28e-03    1.14e-03      8.48e-02    1.15e-01    3.7e-04
 346000      6.31e-01    3.68e-01      5.01e-03    1.12e-03      3.27e-02    1.91e-02    3.7e-04
 347000      1.35e+00    4.10e-02      1.47e-02    7.73e-03      6.97e-02    1.12e-03    3.7e-04
 348000      1.82e+00    2.74e-01      8.41e-03    5.23e-04      9.39e-02    1.42e-02    3.7e-04
 349000      1.49e+00    2.62e+00      6.21e-03    2.99e-03      7.75e-02    1.36e-01    3.7e-04
 350000      5.75e-01    2.48e+00      2.95e-03    1.45e-02      3.00e-02    1.30e-01    3.7e-04
 351000      2.01e-01    3.09e-02      8.70e-03    5.84e-03      9.48e-03    8.34e-04    3.7e-04
 352000      5.30e-01    7.21e-02      1.46e-02    1.59e-02      2.70e-02    9.99e-06    3.7e-04
 353000      1.78e+00    7.46e-01      8.01e-03    5.04e-03      9.29e-02    3.90e-02    3.7e-04
 354000      1.89e+00    4.69e-01      8.98e-03    3.04e-03      9.87e-02    2.45e-02    3.7e-04
 355000      6.07e-01    5.08e-01      2.62e-03    3.91e-03      3.20e-02    2.67e-02    3.6e-04
 356000      1.07e+00    2.40e-01      1.12e-02    8.07e-03      5.62e-02    1.25e-02    3.6e-04
 357000      1.38e+00    1.11e+00      1.11e-02    1.40e-02      7.25e-02    5.83e-02    3.6e-04
 358000      3.77e-01    6.71e-01      7.87e-03    3.67e-03      1.88e-02    3.53e-02    3.6e-04
 359000      5.61e-01    2.15e+00      1.67e-02    3.46e-02      2.79e-02    1.13e-01    3.6e-04
 360000      3.96e-01    1.64e+00      1.04e-02    1.42e-02      2.08e-02    8.72e-02    3.5e-04
 361000      4.28e-02    1.55e+00      4.70e-03    1.16e-02      1.49e-03    8.23e-02    3.5e-04
 362000      9.29e-02    2.84e+00      1.80e-02    1.24e-02      1.61e-03    1.51e-01    3.5e-04
 363000      6.43e-01    6.02e-01      7.93e-03    4.63e-03      3.39e-02    3.19e-02    3.5e-04
 364000      1.90e-01    2.97e+00      1.76e-02    7.33e-03      8.84e-03    1.58e-01    3.5e-04
 365000      9.49e-01    7.91e-02      8.08e-03    1.61e-02      5.07e-02    1.50e-03    3.5e-04
 366000      1.29e+00    1.88e-01      8.91e-04    1.08e-03      6.87e-02    1.00e-02    3.5e-04
 367000      9.72e-01    3.89e+00      2.41e-03    4.54e-03      5.15e-02    2.08e-01    3.5e-04
 368000      7.54e-01    2.99e+00      4.62e-03    2.44e-03      3.98e-02    1.60e-01    3.5e-04
 369000      7.02e-01    1.31e-01      1.47e-02    2.83e-02      3.66e-02    8.79e-04    3.5e-04
 370000      1.18e+00    1.04e-01      1.61e-02    1.86e-02      6.22e-02    3.21e-03    3.4e-04
 371000      1.87e+00    6.00e-01      3.63e-03    3.78e-03      1.01e-01    3.23e-02    3.4e-04
 372000      6.10e-01    3.31e-01      8.60e-03    7.49e-03      3.27e-02    1.77e-02    3.4e-04
 373000      1.15e+00    6.13e-02      4.69e-03    7.97e-03      6.18e-02    2.64e-03    3.4e-04
 374000      3.20e+00    7.16e-02      1.80e-02    1.53e-02      1.72e-01    6.30e-04    3.4e-04
 375000      1.47e-01    2.02e+00      1.48e-02    2.44e-02      6.34e-03    1.10e-01    3.4e-04
 376000      2.19e+00    2.39e+00      2.44e-02    2.46e-02      1.18e-01    1.29e-01    3.4e-04
 377000      8.71e-01    1.28e+00      9.04e-03    1.08e-02      4.66e-02    6.91e-02    3.4e-04
 378000      1.51e+00    1.46e+00      5.54e-03    4.70e-03      8.16e-02    7.90e-02    3.4e-04
 379000      2.44e+00    2.12e-01      2.14e-02    1.34e-02      1.32e-01    1.10e-02    3.4e-04
 380000      9.98e-01    3.24e-01      7.78e-03    5.07e-03      5.44e-02    1.76e-02    3.3e-04
 381000      4.53e-01    1.40e+00      7.42e-03    1.71e-03      2.37e-02    7.65e-02    3.3e-04
 382000      1.60e-01    9.97e-02      1.76e-02    1.13e-02      5.75e-03    4.63e-03    3.3e-04
 383000      1.57e+00    3.88e-01      7.22e-03    4.46e-02      8.58e-02    1.79e-02    3.3e-04
 384000      5.23e-01    1.94e-01      7.15e-03    2.65e-03      2.81e-02    1.06e-02    3.3e-04
 385000      1.54e+00    3.25e-02      1.23e-02    4.39e-03      8.46e-02    1.39e-03    3.3e-04
 386000      4.33e-01    3.07e+00      1.58e-02    2.14e-02      2.13e-02    1.69e-01    3.3e-04
 387000      5.82e-01    1.48e+00      7.21e-03    1.45e-02      3.15e-02    8.13e-02    3.3e-04
 388000      7.90e-01    2.32e+00      5.53e-03    2.11e-03      4.33e-02    1.28e-01    3.3e-04
 389000      5.69e-01    4.55e-01      6.63e-04    6.74e-04      3.12e-02    2.50e-02    3.3e-04
 390000      8.34e-01    1.99e+00      7.10e-03    8.23e-03      4.60e-02    1.10e-01    3.3e-04
 391000      2.05e+00    4.29e-02      4.53e-03    8.34e-03      1.13e-01    9.99e-04    3.3e-04
 392000      8.23e-01    5.59e-01      8.04e-03    6.63e-03      4.54e-02    3.09e-02    3.3e-04
 393000      1.33e+00    1.63e+00      1.13e-02    8.84e-03      7.35e-02    9.03e-02    3.3e-04
 394000      1.54e-01    4.76e-01      3.08e-02    6.39e-03      2.79e-03    2.63e-02    3.3e-04
 395000      7.52e-01    1.59e-01      1.73e-02    1.61e-02      4.17e-02    7.79e-03    3.2e-04
 396000      2.20e+00    2.14e+00      2.29e-03    5.68e-03      1.23e-01    1.20e-01    3.2e-04
 397000      2.31e+00    1.95e+00      7.13e-03    8.86e-03      1.29e-01    1.09e-01    3.2e-04
 398000      1.22e+00    6.50e-01      1.29e-02    1.33e-02      6.79e-02    3.61e-02    3.2e-04
 399000      1.03e+00    9.97e-01      3.97e-03    3.31e-03      5.76e-02    5.56e-02    3.2e-04
 400000      1.70e+00    4.48e-02      4.55e-03    7.31e-03      9.54e-02    1.62e-03    3.2e-04
 401000      1.56e+00    1.87e-01      1.39e-02    1.41e-02      8.77e-02    9.84e-03    3.2e-04
 402000      1.12e+00    3.07e-01      4.90e-03    6.72e-03      6.30e-02    1.71e-02    3.2e-04
 403000      7.04e-01    2.12e+00      1.16e-02    9.54e-03      3.76e-02    1.19e-01    3.2e-04
 404000      1.11e+00    2.00e-01      9.03e-03    1.32e-02      6.19e-02    1.07e-02    3.2e-04
 405000      2.20e-01    1.42e+00      6.35e-03    4.84e-03      1.16e-02    8.04e-02    3.1e-04
 406000      6.75e-01    7.97e-01      7.47e-03    4.59e-03      3.75e-02    4.51e-02    3.1e-04
 407000      2.68e-01    1.75e+00      1.96e-02    8.51e-03      1.40e-02    9.88e-02    3.1e-04
 408000      1.37e+00    7.28e-02      8.80e-03    4.45e-03      7.75e-02    3.94e-03    3.1e-04
 409000      2.31e+00    6.65e-02      1.43e-02    1.25e-02      1.31e-01    1.75e-03    3.1e-04
 410000      7.84e-01    2.23e-01      2.20e-02    2.61e-02      4.07e-02    1.06e-02    3.1e-04
 411000      5.89e-02    2.77e+00      8.70e-03    7.44e-03      2.00e-03    1.58e-01    3.1e-04
 412000      9.42e-02    2.18e+00      8.14e-03    3.42e-03      4.59e-03    1.24e-01    3.1e-04
 413000      8.90e-01    5.32e-01      8.64e-03    8.56e-03      4.96e-02    3.02e-02    3.1e-04
 414000      8.26e-01    2.58e-02      8.79e-03    4.96e-03      4.62e-02    6.18e-04    3.1e-04
 415000      5.69e-01    2.98e-02      4.35e-03    4.03e-03      3.26e-02    1.32e-03    3.0e-04
 416000      1.55e+00    8.01e-02      5.44e-03    1.68e-02      8.92e-02    3.92e-04    3.0e-04
 417000      1.16e+00    9.12e-01      9.85e-03    6.24e-03      6.49e-02    5.23e-02    3.0e-04
 418000      1.16e+00    1.10e-01      1.21e-02    1.58e-02      6.50e-02    4.63e-03    3.0e-04
 419000      1.90e+00    8.02e-02      8.59e-03    1.56e-02      1.09e-01    1.76e-03    3.0e-04
 420000      1.26e+00    1.02e+00      4.76e-03    1.08e-03      7.27e-02    5.91e-02    3.0e-04
 421000      2.21e+00    1.85e+00      9.18e-03    1.16e-02      1.28e-01    1.07e-01    3.0e-04
 422000      8.74e-01    1.40e+00      7.29e-03    1.13e-02      4.97e-02    8.08e-02    3.0e-04
 423000      1.65e-01    5.45e-02      1.30e-02    1.12e-02      7.66e-03    6.67e-04    3.0e-04
 424000      4.33e-01    5.15e-01      1.63e-02    1.00e-02      2.30e-02    2.96e-02    3.0e-04
 425000      9.54e-01    1.16e+00      9.24e-03    7.59e-03      5.43e-02    6.76e-02    2.9e-04
 426000      2.84e+00    3.48e-01      3.64e-02    7.12e-02      1.65e-01    4.26e-03    2.9e-04
 427000      1.89e+00    2.49e-01      6.27e-03    9.02e-04      1.10e-01    1.45e-02    2.9e-04
 428000      1.50e+00    4.51e-02      8.58e-03    9.24e-03      8.60e-02    5.63e-04    2.9e-04
 429000      2.08e+00    3.00e-01      3.27e-03    3.08e-03      1.21e-01    1.74e-02    2.9e-04
 430000      1.26e-01    2.73e-02      1.07e-02    3.88e-03      6.49e-03    1.18e-03    2.9e-04
 431000      1.80e+00    2.96e-01      8.58e-03    2.21e-02      1.06e-01    1.62e-02    2.9e-04
 432000      1.31e+00    6.61e-01      3.75e-03    6.42e-03      7.68e-02    3.87e-02    2.9e-04
 433000      1.34e+00    2.44e-01      8.60e-03    1.49e-02      7.84e-02    1.37e-02    2.9e-04
 434000      1.83e+00    1.08e-01      1.17e-02    2.21e-02      1.07e-01    1.08e-03    2.9e-04
 435000      2.63e+00    3.41e-02      1.63e-02    4.39e-03      1.55e-01    1.59e-03    2.9e-04
 436000      1.89e+00    2.32e+00      6.22e-03    5.30e-03      1.12e-01    1.37e-01    2.9e-04
 437000      2.76e+00    2.30e+00      5.57e-03    1.54e-03      1.63e-01    1.36e-01    2.9e-04
 438000      6.92e-01    1.32e+00      8.93e-03    5.65e-03      4.01e-02    7.81e-02    2.9e-04
 439000      5.88e-01    1.66e-01      9.77e-03    2.19e-02      3.46e-02    7.58e-03    2.9e-04
 440000      1.49e+00    1.17e-01      1.76e-03    1.12e-02      8.85e-02    6.21e-03    2.8e-04
 441000      7.61e-01    3.11e+00      1.03e-02    3.91e-03      4.38e-02    1.85e-01    2.8e-04
 442000      4.77e-01    1.65e+00      1.20e-02    7.42e-03      2.61e-02    9.80e-02    2.8e-04
 443000      7.00e-01    7.46e-02      5.39e-03    1.54e-02      4.12e-02    5.45e-04    2.8e-04
 444000      1.87e-01    1.12e-02      3.45e-03    2.04e-03      1.09e-02    3.23e-04    2.8e-04
 445000      8.98e-01    1.24e+00      8.94e-03    9.93e-03      5.34e-02    7.42e-02    2.8e-04
 446000      5.03e-01    1.01e-01      4.27e-03    1.07e-02      2.97e-02    5.17e-03    2.8e-04
 447000      3.70e-01    2.07e+00      7.72e-03    9.64e-03      2.08e-02    1.24e-01    2.8e-04
 448000      6.11e-01    2.10e-01      2.97e-03    1.49e-03      3.63e-02    1.26e-02    2.8e-04
 449000      1.26e+00    1.26e+00      1.81e-02    1.10e-02      7.50e-02    7.56e-02    2.8e-04
 450000      1.28e+00    8.33e-01      9.79e-03    7.86e-03      7.72e-02    5.02e-02    2.7e-04
 451000      2.55e+00    2.25e-01      2.05e-03    2.87e-03      1.54e-01    1.36e-02    2.7e-04
 452000      1.25e+00    3.51e-01      2.83e-03    4.38e-03      7.57e-02    2.12e-02    2.7e-04
 453000      2.02e+00    5.51e-01      1.00e-02    1.33e-02      1.22e-01    3.31e-02    2.7e-04
 454000      2.49e-01    9.08e-01      7.11e-03    6.13e-03      1.49e-02    5.48e-02    2.7e-04
 455000      1.04e+00    1.74e+00      6.34e-03    3.79e-03      6.26e-02    1.06e-01    2.7e-04
 456000      6.60e-01    5.96e-02      7.06e-03    8.56e-05      3.93e-02    3.62e-03    2.7e-04
 457000      1.86e+00    1.74e+00      3.29e-03    2.76e-03      1.13e-01    1.06e-01    2.7e-04
 458000      1.06e+00    3.07e-01      1.13e-02    1.80e-03      6.43e-02    1.86e-02    2.7e-04
 459000      1.92e+00    1.63e-01      6.24e-03    6.17e-03      1.16e-01    9.72e-03    2.7e-04
 460000      6.61e-01    5.05e-01      2.68e-02    2.25e-02      3.85e-02    3.02e-02    2.7e-04
 461000      1.18e+00    2.75e-02      5.10e-03    5.93e-04      7.21e-02    1.68e-03    2.7e-04
 462000      2.87e-01    5.24e-02      1.55e-03    1.05e-02      1.75e-02    7.65e-04    2.7e-04
 463000      1.39e+00    1.16e-02      5.06e-03    2.12e-03      8.50e-02    3.29e-04    2.7e-04
 464000      1.37e+00    1.53e-01      7.03e-03    3.65e-03      8.31e-02    9.32e-03    2.7e-04
 465000      1.65e+00    1.09e+00      5.62e-03    1.03e-02      1.02e-01    6.72e-02    2.6e-04
 466000      6.28e-01    2.99e-02      7.16e-03    3.01e-03      3.75e-02    1.60e-03    2.6e-04
 467000      1.66e+00    6.28e-02      6.52e-03    1.22e-02      1.03e-01    1.28e-03    2.6e-04
 468000      1.55e+00    5.60e-02      1.22e-02    1.15e-02      9.54e-02    7.05e-06    2.6e-04
 469000      6.04e-01    1.02e+00      4.36e-03    4.74e-03      3.72e-02    6.29e-02    2.6e-04
 470000      2.25e+00    8.69e-02      2.33e-03    1.44e-02      1.40e-01    3.18e-03    2.6e-04
 471000      8.66e-01    7.25e-02      1.12e-02    9.92e-03      5.37e-02    3.35e-03    2.6e-04
 472000      8.60e-01    3.27e-01      2.89e-03    4.55e-03      5.34e-02    2.03e-02    2.6e-04
 473000      9.90e-01    1.81e+00      6.79e-03    9.25e-03      6.11e-02    1.12e-01    2.6e-04
 474000      1.33e+00    5.57e-02      9.74e-03    1.11e-02      8.27e-02    7.21e-04    2.6e-04
 475000      2.45e-01    3.58e-02      1.05e-02    7.04e-03      1.45e-02    5.88e-04    2.5e-04
 476000      1.73e+00    1.32e+00      7.11e-03    4.30e-03      1.08e-01    8.26e-02    2.5e-04
 477000      9.15e-01    1.94e-01      1.98e-03    1.29e-03      5.71e-02    1.21e-02    2.5e-04
 478000      1.35e+00    1.12e+00      3.76e-03    1.15e-03      8.46e-02    7.03e-02    2.5e-04
 479000      1.09e+00    1.43e+00      1.11e-02    1.38e-02      6.80e-02    8.92e-02    2.5e-04
 480000      1.59e+00    1.47e+00      8.20e-03    2.33e-03      9.98e-02    9.24e-02    2.5e-04
 481000      1.09e+00    2.89e-02      4.75e-03    2.76e-03      6.88e-02    1.61e-03    2.5e-04
 482000      1.27e+00    5.33e-02      8.13e-03    4.74e-03      7.96e-02    3.02e-03    2.5e-04
 483000      5.87e-01    1.09e+00      6.99e-03    6.80e-03      3.69e-02    6.86e-02    2.5e-04
 484000      8.75e-01    2.54e-01      1.67e-02    2.76e-03      5.48e-02    1.60e-02    2.5e-04
 485000      9.23e-01    3.08e-02      3.11e-03    6.07e-03      5.85e-02    4.63e-04    2.5e-04
 486000      4.25e-01    5.88e-02      9.35e-03    1.02e-02      2.54e-02    1.92e-03    2.5e-04
 487000      4.98e-01    2.70e+00      7.32e-03    4.59e-03      3.15e-02    1.71e-01    2.5e-04
 488000      1.01e+00    4.66e-02      2.65e-03    9.24e-04      6.40e-02    2.95e-03    2.5e-04
 489000      9.08e-01    1.60e+00      2.48e-02    2.94e-02      5.65e-02    1.01e-01    2.5e-04
 490000      8.86e-01    2.07e+00      1.54e-02    1.23e-02      5.62e-02    1.32e-01    2.4e-04
 491000      6.99e-01    3.51e-01      8.77e-04    1.80e-03      4.47e-02    2.24e-02    2.4e-04
 492000      9.14e-01    1.81e-02      6.02e-03    9.34e-04      5.82e-02    1.12e-03    2.4e-04
 493000      6.31e-01    6.82e-01      3.81e-03    5.32e-03      4.01e-02    4.35e-02    2.4e-04
 494000      4.55e-01    2.75e+00      1.81e-02    5.79e-03      2.48e-02    1.76e-01    2.4e-04
 495000      2.23e-01    1.03e+00      4.75e-03    4.88e-03      1.43e-02    6.61e-02    2.4e-04
 496000      1.49e+00    8.16e-02      1.82e-03    1.47e-03      9.61e-02    5.23e-03    2.4e-04
 497000      4.86e-01    9.03e-01      1.19e-02    8.98e-03      2.97e-02    5.80e-02    2.4e-04
 498000      1.12e+00    2.37e-01      3.63e-03    1.68e-03      7.20e-02    1.53e-02    2.4e-04
 499000      1.65e+00    1.35e+00      1.44e-02    1.81e-02      1.04e-01    8.67e-02    2.4e-04
 500000      6.03e-01    4.52e-01      1.70e-02    1.49e-02      3.70e-02    2.89e-02    2.4e-04
 501000      3.65e-01    6.49e-01      2.51e-03    7.21e-05      2.33e-02    4.21e-02    2.4e-04
 502000      7.49e-01    7.82e-01      9.87e-03    5.56e-03      4.77e-02    5.06e-02    2.4e-04
 503000      2.41e+00    1.30e-01      1.43e-02    5.50e-03      1.56e-01    8.27e-03    2.4e-04
 504000      1.15e+00    8.71e-02      8.27e-03    1.75e-02      7.47e-02    5.17e-04    2.4e-04
 505000      7.45e-02    8.98e-01      1.65e-03    2.99e-03      4.79e-03    5.86e-02    2.3e-04
 506000      1.04e+00    7.56e-01      4.78e-03    5.48e-03      6.77e-02    4.93e-02    2.3e-04
 507000      1.03e+00    1.10e-01      8.40e-03    1.57e-03      6.63e-02    7.14e-03    2.3e-04
 508000      7.50e-01    1.55e-01      6.36e-03    6.34e-03      4.85e-02    9.94e-03    2.3e-04
 509000      2.07e+00    3.65e-02      1.09e-02    7.25e-03      1.33e-01    3.88e-04    2.3e-04
 510000      3.87e-01    2.41e+00      7.17e-03    3.95e-03      2.53e-02    1.58e-01    2.3e-04
 511000      5.89e-01    1.17e+00      6.39e-03    1.75e-03      3.81e-02    7.68e-02    2.3e-04
 512000      6.94e-01    2.00e-01      1.22e-02    1.32e-02      4.43e-02    1.24e-02    2.3e-04
 513000      1.80e-01    1.25e+00      5.68e-03    4.75e-03      1.12e-02    8.22e-02    2.3e-04
 514000      1.36e+00    9.95e-01      6.70e-03    8.66e-03      8.83e-02    6.53e-02    2.3e-04
 515000      1.23e+00    1.11e-01      1.47e-02    2.07e-02      7.95e-02    2.78e-03    2.3e-04
 516000      1.60e-01    5.45e-01      5.16e-03    3.32e-03      1.03e-02    3.61e-02    2.3e-04
 517000      3.11e-01    1.18e-01      1.80e-03    1.25e-02      2.05e-02    6.63e-03    2.3e-04
 518000      8.21e-01    3.98e-02      1.11e-02    6.65e-03      5.40e-02    1.46e-03    2.3e-04
 519000      3.98e-01    9.02e-02      8.74e-03    1.64e-03      2.57e-02    5.95e-03    2.3e-04
 520000      5.57e-01    2.89e-01      1.03e-02    7.99e-03      3.59e-02    1.91e-02    2.2e-04
 521000      1.36e+00    2.23e-01      4.63e-03    1.34e-02      9.10e-02    1.42e-02    2.2e-04
 522000      1.22e+00    7.14e-03      3.79e-03    1.56e-04      8.14e-02    4.74e-04    2.2e-04
 523000      1.06e-01    6.51e-02      5.50e-03    1.30e-02      5.85e-03    4.17e-04    2.2e-04
 524000      7.46e-01    5.57e-02      1.93e-02    9.66e-03      4.70e-02    1.85e-03    2.2e-04
 525000      1.56e+00    1.60e+00      1.87e-02    1.77e-02      1.04e-01    1.07e-01    2.2e-04
 526000      1.19e+00    1.26e-01      1.71e-02    8.61e-03      7.79e-02    7.96e-03    2.2e-04
 527000      6.84e-01    1.19e+00      1.38e-02    1.65e-02      4.56e-02    7.98e-02    2.2e-04
 528000      3.52e-01    2.12e-02      1.98e-03    3.69e-03      2.36e-02    7.01e-04    2.2e-04
 529000      9.24e-01    9.81e-02      6.20e-03    1.80e-02      6.17e-02    2.56e-03    2.2e-04
 530000      9.42e-01    6.18e-01      6.24e-03    6.01e-03      6.30e-02    4.17e-02    2.2e-04
 531000      1.00e+00    2.78e-01      1.08e-02    5.45e-03      6.68e-02    1.87e-02    2.2e-04
 532000      3.76e-01    2.82e-01      3.92e-03    3.93e-03      2.54e-02    1.90e-02    2.2e-04
 533000      3.86e-01    3.00e-01      1.15e-02    2.59e-03      2.41e-02    2.03e-02    2.2e-04
 534000      3.94e-01    3.82e-01      8.44e-03    1.10e-03      2.50e-02    2.59e-02    2.2e-04
 535000      1.23e+00    4.31e-01      3.30e-03    1.47e-03      8.35e-02    2.94e-02    2.1e-04
 536000      1.02e+00    2.23e-01      1.17e-02    1.10e-02      6.75e-02    1.47e-02    2.1e-04
 537000      6.21e-01    2.34e-01      7.81e-03    1.09e-02      4.20e-02    1.55e-02    2.1e-04
 538000      8.44e-01    1.37e-01      5.62e-04    2.50e-02      5.75e-02    3.77e-03    2.1e-04
 539000      2.25e+00    1.50e-01      2.56e-03    1.59e-02      1.53e-01    8.68e-03    2.1e-04
 540000      4.64e-01    1.30e+00      4.01e-03    4.28e-03      3.17e-02    8.89e-02    2.1e-04
 541000      6.20e-01    4.21e-02      4.10e-03    8.20e-03      4.25e-02    5.61e-04    2.1e-04
 542000      5.73e-01    2.98e-02      1.63e-02    5.72e-03      3.74e-02    5.19e-04    2.1e-04
 543000      1.40e+00    1.47e+00      2.63e-03    2.03e-03      9.63e-02    1.01e-01    2.1e-04
 544000      1.29e+00    1.24e+00      9.38e-03    1.29e-02      8.83e-02    8.50e-02    2.1e-04
 545000      8.94e-01    7.87e-02      5.64e-03    1.55e-02      6.17e-02    5.18e-04    2.1e-04
 546000      8.25e-01    3.75e-01      6.71e-03    5.52e-04      5.54e-02    2.59e-02    2.1e-04
 547000      4.78e-01    3.34e-02      2.68e-03    6.56e-03      3.30e-02    3.03e-04    2.1e-04
 548000      2.22e-01    9.32e-01      1.38e-03    8.77e-05      1.52e-02    6.45e-02    2.1e-04
 549000      1.30e-01    9.56e-02      4.41e-03    1.45e-02      8.85e-03    4.24e-03    2.1e-04
 550000      6.14e-01    2.49e-01      5.40e-03    4.36e-03      4.27e-02    1.73e-02    2.1e-04
 551000      5.06e-01    3.21e-01      5.31e-03    3.89e-03      3.51e-02    2.23e-02    2.1e-04
 552000      1.08e+00    5.55e-02      5.07e-03    6.78e-03      7.54e-02    3.04e-03    2.1e-04
 553000      2.80e-01    1.83e-01      3.75e-03    8.08e-03      1.94e-02    1.24e-02    2.1e-04
 554000      9.53e-01    1.81e+00      1.63e-02    1.01e-02      6.40e-02    1.26e-01    2.1e-04
 555000      1.17e-01    1.41e+00      2.16e-02    1.43e-02      2.60e-03    9.86e-02    2.0e-04
 556000      1.39e-01    3.49e-02      7.20e-03    1.37e-03      8.16e-03    2.40e-03    2.0e-04
 557000      4.39e-01    1.38e+00      1.93e-02    2.50e-02      3.00e-02    9.66e-02    2.0e-04
 558000      1.17e+00    2.11e-01      2.59e-03    1.40e-03      8.20e-02    1.48e-02    2.0e-04
 559000      4.14e-01    7.53e-02      1.47e-03    1.45e-02      2.90e-02    1.10e-03    2.0e-04
 560000      9.43e-01    4.89e-02      9.44e-03    9.44e-03      6.64e-02    7.00e-04    2.0e-04
 561000      5.56e-01    6.48e-02      4.67e-03    1.22e-02      3.91e-02    1.38e-03    2.0e-04
 562000      1.09e+00    4.89e-01      9.80e-03    5.99e-03      7.70e-02    3.45e-02    2.0e-04
 563000      7.58e-01    2.54e-01      2.92e-03    2.82e-03      5.35e-02    1.79e-02    2.0e-04
 564000      5.72e-01    5.72e-03      1.91e-03    7.60e-04      4.04e-02    2.99e-04    2.0e-04
 565000      3.42e-02    2.35e-01      5.75e-03    2.69e-03      1.24e-03    1.67e-02    2.0e-04
 566000      1.48e+00    8.97e-01      8.59e-03    6.70e-03      1.03e-01    6.38e-02    2.0e-04
 567000      9.20e-01    2.07e+00      9.64e-03    5.11e-03      6.48e-02    1.47e-01    2.0e-04
 568000      1.38e+00    4.98e-02      1.90e-03    5.56e-03      9.81e-02    2.92e-03    2.0e-04
 569000      4.15e-01    3.28e-02      4.83e-03    4.46e-03      2.86e-02    1.69e-03    2.0e-04
 570000      4.40e-01    1.65e-01      3.26e-03    9.37e-04      3.14e-02    1.18e-02    1.9e-04
 571000      9.19e-01    1.63e-01      5.89e-03    1.03e-02      6.43e-02    1.10e-02    1.9e-04
 572000      4.37e-01    2.45e-02      1.60e-03    1.44e-03      3.08e-02    1.68e-03    1.9e-04
 573000      6.43e-01    1.45e-02      9.04e-03    2.53e-03      4.46e-02    4.79e-04    1.9e-04
 574000      1.83e+00    2.26e-01      4.86e-03    6.66e-03      1.31e-01    1.60e-02    1.9e-04
 575000      9.37e-01    3.53e-01      3.67e-03    3.88e-03      6.74e-02    2.54e-02    1.9e-04
 576000      1.10e+00    1.00e-01      2.11e-02    1.96e-02      7.44e-02    4.98e-04    1.9e-04
 577000      4.86e-01    1.05e+00      6.30e-03    5.77e-04      3.44e-02    7.60e-02    1.9e-04
 578000      4.28e-01    1.66e+00      5.98e-03    3.94e-03      3.04e-02    1.20e-01    1.9e-04
 579000      1.28e+00    2.62e-01      2.99e-03    1.68e-04      9.23e-02    1.89e-02    1.9e-04
 580000      1.29e+00    8.54e-02      3.83e-03    9.18e-03      9.29e-02    5.19e-03    1.9e-04
 581000      2.09e-01    2.94e-01      2.79e-02    2.81e-02      9.44e-03    1.87e-02    1.9e-04
 582000      2.65e-01    2.86e-02      3.47e-03    5.52e-03      1.92e-02    3.66e-04    1.9e-04
 583000      6.87e-01    1.01e-01      3.93e-03    1.92e-02      4.99e-02    1.62e-03    1.9e-04
 584000      1.99e-01    1.33e-01      3.57e-03    3.44e-03      1.43e-02    9.61e-03    1.9e-04
 585000      2.30e-01    1.07e-01      7.52e-03    2.09e-02      1.66e-02    6.94e-04    1.9e-04
 586000      2.96e-01    1.88e-02      1.20e-03    3.43e-03      2.17e-02    4.92e-04    1.9e-04
 587000      3.61e-01    2.96e-02      5.78e-03    5.67e-03      2.49e-02    4.17e-04    1.9e-04
 588000      8.88e-01    1.15e-01      5.04e-03    1.16e-02      6.45e-02    7.19e-03    1.9e-04
 589000      5.15e-01    1.68e-01      8.71e-03    3.24e-03      3.66e-02    1.23e-02    1.9e-04
 590000      1.34e+00    2.14e+00      5.78e-03    7.29e-03      9.84e-02    1.58e-01    1.8e-04
 591000      2.14e-01    2.03e+00      1.66e-02    6.51e-03      1.27e-02    1.49e-01    1.8e-04
 592000      3.14e-01    7.48e-02      2.69e-03    1.45e-02      2.31e-02    6.91e-04    1.8e-04
 593000      5.90e-01    7.84e-01      3.80e-03    7.03e-03      4.34e-02    5.77e-02    1.8e-04
 594000      1.33e+00    1.86e-02      2.84e-03    3.51e-03      9.85e-02    3.52e-04    1.8e-04
 595000      7.28e-01    6.53e-02      4.83e-03    1.24e-02      5.32e-02    1.03e-03    1.8e-04
 596000      1.02e+00    1.16e-01      1.05e-02    2.36e-03      7.54e-02    8.54e-03    1.8e-04
 597000      1.20e-01    1.41e+00      3.89e-03    5.69e-03      8.81e-03    1.05e-01    1.8e-04
 598000      9.06e-01    3.15e-02      2.14e-03    5.94e-03      6.73e-02    5.99e-04    1.8e-04
 599000      4.91e-01    3.75e-01      6.21e-03    1.64e-03      3.52e-02    2.78e-02    1.8e-04
 600000      4.31e-01    1.28e+00      5.45e-03    7.08e-03      3.18e-02    9.54e-02    1.8e-04
 601000      1.51e+00    4.87e-01      9.45e-04    2.62e-03      1.13e-01    3.64e-02    1.8e-04
 602000      3.14e-01    8.11e-01      5.97e-03    5.01e-03      2.28e-02    6.07e-02    1.8e-04
 603000      4.18e-01    2.28e-01      1.05e-02    1.14e-03      2.97e-02    1.70e-02    1.8e-04
 604000      1.17e+00    1.79e+00      3.67e-03    2.38e-03      8.76e-02    1.34e-01    1.8e-04
 605000      1.56e+00    3.26e-01      1.85e-03    3.96e-04      1.18e-01    2.46e-02    1.8e-04
 606000      4.46e-01    3.63e-02      1.36e-02    5.36e-03      3.19e-02    1.77e-03    1.8e-04
 607000      4.91e-01    8.62e-02      1.06e-02    1.43e-02      3.58e-02    3.40e-03    1.8e-04
 608000      3.95e-01    4.04e-02      5.80e-03    7.56e-03      2.89e-02    8.27e-04    1.8e-04
 609000      7.32e-01    1.46e-02      5.17e-03    1.85e-03      5.38e-02    8.31e-04    1.8e-04
 610000      7.63e-01    1.54e+00      3.96e-03    2.57e-03      5.68e-02    1.17e-01    1.7e-04
 611000      1.09e+00    1.59e+00      2.41e-03    3.01e-03      8.28e-02    1.21e-01    1.7e-04
 612000      1.12e+00    2.23e-01      1.46e-02    3.31e-03      8.13e-02    1.69e-02    1.7e-04
 613000      1.61e+00    8.75e-03      1.71e-03    6.78e-03      1.22e-01    1.93e-06    1.7e-04
 614000      1.92e-01    5.32e-03      1.49e-03    5.37e-04      1.46e-02    3.45e-04    1.7e-04
 615000      6.53e-01    2.23e-01      8.95e-03    6.04e-03      4.98e-02    1.69e-02    1.7e-04
 616000      2.08e+00    2.20e-01      1.49e-02    1.41e-02      1.59e-01    1.58e-02    1.7e-04
 617000      6.48e-02    2.57e-01      9.14e-03    3.75e-03      2.93e-03    1.96e-02    1.7e-04
 618000      4.97e-01    1.55e-01      2.92e-03    2.03e-03      3.73e-02    1.18e-02    1.7e-04
 619000      2.11e-01    3.96e-02      6.54e-03    4.26e-03      1.59e-02    2.52e-03    1.7e-04
 620000      8.91e-01    2.40e-01      1.46e-03    3.25e-04      6.86e-02    1.85e-02    1.7e-04
 621000      8.26e-01    1.22e-01      2.75e-03    1.12e-02      6.33e-02    8.29e-03    1.7e-04
 622000      7.51e-01    3.70e-01      5.03e-03    1.19e-03      5.76e-02    2.85e-02    1.7e-04
 623000      1.02e+00    7.54e-01      4.51e-03    1.35e-03      7.84e-02    5.80e-02    1.7e-04
 624000      9.70e-01    6.99e-02      1.41e-03    1.23e-02      7.47e-02    2.27e-03    1.7e-04
 625000      8.97e-01    6.18e-01      1.94e-03    1.38e-03      6.95e-02    4.79e-02    1.7e-04
 626000      1.01e+00    5.12e-02      1.32e-02    9.44e-03      7.55e-02    1.17e-03    1.7e-04
 627000      2.11e+00    1.29e-01      8.85e-03    1.64e-02      1.63e-01    7.53e-03    1.7e-04
 628000      6.82e-01    5.52e-02      4.49e-03    1.06e-02      5.28e-02    4.95e-04    1.7e-04
 629000      5.61e-01    1.22e+00      5.04e-03    2.64e-03      4.23e-02    9.49e-02    1.7e-04
 630000      5.63e-01    6.91e-02      7.67e-03    1.20e-02      4.38e-02    2.38e-03    1.6e-04
 631000      6.48e-01    6.57e-02      2.58e-03    1.25e-02      5.06e-02    8.51e-04    1.6e-04
 632000      2.81e-01    7.16e-02      4.94e-03    1.37e-02      2.08e-02    7.76e-04    1.6e-04
 633000      5.64e-01    9.96e-01      9.35e-03    1.00e-02      4.38e-02    7.77e-02    1.6e-04
 634000      1.51e-01    2.65e-01      8.45e-03    5.45e-03      1.10e-02    2.06e-02    1.6e-04
 635000      1.17e+00    8.30e-01      6.81e-03    4.25e-03      9.19e-02    6.52e-02    1.6e-04
 636000      8.67e-01    1.19e-01      3.11e-03    1.62e-02      6.82e-02    6.58e-03    1.6e-04
 637000      5.89e-02    5.99e-02      4.02e-03    1.13e-02      4.24e-03    8.97e-04    1.6e-04
 638000      9.11e-01    4.23e-02      4.99e-03    3.07e-03      7.08e-02    3.08e-03    1.6e-04
 639000      1.67e-01    1.58e+00      1.04e-02    7.25e-04      1.08e-02    1.24e-01    1.6e-04
 640000      7.12e-01    1.12e-01      6.15e-03    9.14e-03      5.61e-02    8.04e-03    1.6e-04
 641000      6.61e-01    2.25e-01      1.14e-02    1.49e-02      5.07e-02    1.67e-02    1.6e-04
 642000      7.90e-01    1.33e-01      9.38e-03    1.14e-02      6.07e-02    9.42e-03    1.6e-04
 643000      4.34e-01    2.89e-02      6.27e-03    4.78e-03      3.40e-02    1.17e-03    1.6e-04
 644000      8.56e-01    2.88e-01      4.06e-03    3.11e-03      6.78e-02    2.28e-02    1.6e-04
 645000      1.47e+00    1.97e+00      6.14e-03    4.83e-03      1.17e-01    1.57e-01    1.6e-04
 646000      9.34e-01    1.06e-01      5.60e-03    8.89e-03      7.43e-02    7.63e-03    1.6e-04
 647000      4.53e-01    1.94e+00      4.35e-03    3.83e-03      3.60e-02    1.54e-01    1.6e-04
 648000      6.90e-01    1.86e+00      1.22e-02    8.62e-03      5.38e-02    1.48e-01    1.6e-04
 649000      1.23e+00    2.03e-02      8.36e-03    5.70e-04      9.82e-02    1.61e-03    1.6e-04
 650000      1.07e+00    1.94e-02      4.53e-03    2.38e-03      8.60e-02    1.20e-03    1.5e-04
 651000      8.26e-01    2.16e-01      1.20e-02    1.03e-02      6.58e-02    1.68e-02    1.5e-04
 652000      4.81e-01    4.61e-02      1.57e-02    8.81e-03      3.59e-02    2.98e-04    1.5e-04
 653000      9.48e-01    1.49e+00      1.00e-03    1.70e-03      7.61e-02    1.19e-01    1.5e-04
 654000      6.56e-01    1.37e-02      1.25e-02    2.45e-03      5.06e-02    3.90e-04    1.5e-04
 655000      3.10e-01    1.33e-02      1.79e-03    2.31e-03      2.50e-02    4.51e-04    1.5e-04
 656000      1.08e+00    5.82e-02      1.03e-03    7.44e-03      8.73e-02    3.51e-03    1.5e-04
 657000      5.95e-01    1.91e-01      2.37e-03    9.33e-03      4.82e-02    1.49e-02    1.5e-04
 658000      6.31e-01    7.76e-01      1.23e-02    7.40e-03      4.79e-02    6.28e-02    1.5e-04
 659000      4.44e-01    1.01e+00      1.47e-02    6.42e-03      3.43e-02    8.17e-02    1.5e-04
 660000      6.24e-01    3.56e-01      1.68e-02    8.51e-03      4.62e-02    2.88e-02    1.5e-04
 661000      5.79e-01    5.77e-02      5.64e-03    2.18e-03      4.64e-02    4.61e-03    1.5e-04
 662000      3.69e-02    1.06e+00      6.59e-03    1.36e-03      9.30e-04    8.63e-02    1.5e-04
 663000      5.13e-02    2.42e-02      6.63e-03    4.59e-03      2.27e-03    2.68e-04    1.5e-04
 664000      2.15e-01    1.92e+00      5.97e-03    1.00e-02      1.70e-02    1.57e-01    1.5e-04
 665000      6.93e-02    7.43e-02      1.24e-02    1.38e-02      1.48e-03    1.41e-03    1.5e-04
 666000      3.78e-01    5.35e-01      2.27e-03    1.60e-03      3.10e-02    4.39e-02    1.5e-04
 667000      1.42e+00    2.78e-01      6.61e-03    1.26e-03      1.16e-01    2.28e-02    1.5e-04
 668000      6.42e-01    1.94e-01      5.29e-03    3.78e-03      5.14e-02    1.58e-02    1.5e-04
 669000      4.22e-01    1.27e+00      8.14e-03    5.61e-03      3.28e-02    1.04e-01    1.5e-04
 670000      9.47e-01    2.38e-02      5.09e-03    3.42e-03      7.83e-02    1.29e-03    1.5e-04
 671000      1.21e+00    2.39e-01      1.17e-02    1.51e-02      1.00e-01    1.87e-02    1.5e-04
 672000      1.77e-01    1.35e-01      5.50e-03    3.38e-03      1.41e-02    1.11e-02    1.5e-04
 673000      2.93e-01    2.31e-02      9.73e-03    2.23e-03      2.20e-02    1.65e-03    1.5e-04
 674000      7.39e-01    2.27e-01      7.76e-04    4.47e-04      6.11e-02    1.87e-02    1.5e-04
 675000      1.86e-01    8.29e-01      1.11e-02    1.41e-03      1.35e-02    6.90e-02    1.4e-04
 676000      1.01e+00    1.75e-01      8.49e-03    4.42e-03      8.39e-02    1.45e-02    1.4e-04
 677000      1.78e+00    1.62e-02      2.60e-03    2.37e-03      1.48e-01    8.72e-04    1.4e-04
 678000      4.62e-01    4.71e-02      2.20e-03    7.70e-03      3.85e-02    2.02e-03    1.4e-04
 679000      4.44e-01    3.03e-01      7.06e-03    4.24e-03      3.68e-02    2.51e-02    1.4e-04
 680000      5.69e-01    2.25e-01      4.94e-03    5.05e-03      4.76e-02    1.87e-02    1.4e-04
 681000      3.97e-01    7.15e-02      3.37e-03    1.26e-02      3.24e-02    2.25e-03    1.4e-04
 682000      8.55e-01    5.55e-01      5.65e-03    2.40e-03      7.03e-02    4.66e-02    1.4e-04
 683000      5.90e-01    3.28e-01      5.14e-03    8.34e-04      4.83e-02    2.76e-02    1.4e-04
 684000      3.81e-01    1.41e-01      8.44e-03    1.04e-02      3.05e-02    1.09e-02    1.4e-04
 685000      1.17e+00    1.43e-01      2.46e-03    9.06e-04      9.88e-02    1.21e-02    1.4e-04
 686000      7.71e-02    2.92e-02      7.15e-03    3.58e-03      4.86e-03    1.89e-03    1.4e-04
 687000      1.23e-01    1.00e+00      1.86e-02    1.20e-02      4.87e-03    8.47e-02    1.4e-04
 688000      5.22e-02    1.97e-01      6.79e-04    6.41e-04      4.37e-03    1.66e-02    1.4e-04
 689000      9.02e-01    5.65e-01      6.03e-03    3.09e-03      7.53e-02    4.77e-02    1.4e-04
 690000      6.73e-01    5.44e-02      7.04e-03    1.01e-02      5.71e-02    9.53e-04    1.4e-04
 691000      5.47e-01    1.40e+00      8.04e-03    2.91e-03      4.54e-02    1.19e-01    1.4e-04
 692000      4.25e-01    3.40e-02      6.91e-04    2.28e-03      3.62e-02    2.71e-03    1.4e-04
 693000      3.45e-01    4.21e-01      9.15e-03    7.23e-03      2.78e-02    3.57e-02    1.4e-04
 694000      1.41e-01    2.52e-02      4.44e-03    2.86e-03      1.09e-02    1.72e-03    1.4e-04
 695000      8.34e-01    1.18e-01      2.18e-03    2.00e-03      7.14e-02    1.01e-02    1.4e-04
 696000      6.25e-01    1.54e+00      9.45e-03    1.02e-02      5.24e-02    1.32e-01    1.4e-04
 697000      5.62e-01    3.04e-01      4.57e-03    3.58e-03      4.79e-02    2.60e-02    1.4e-04
 698000      1.34e+00    4.20e-02      1.20e-03    3.82e-04      1.15e-01    3.59e-03    1.4e-04
 699000      9.72e-01    1.33e+00      4.30e-03    2.97e-03      8.33e-02    1.14e-01    1.4e-04
 700000      3.57e-01    5.60e-02      1.13e-02    1.03e-02      2.92e-02    1.14e-03    1.3e-04
 701000      4.89e-01    4.96e-02      3.52e-03    3.01e-03      4.22e-02    4.06e-03    1.3e-04
 702000      3.22e-01    9.01e-01      1.46e-02    1.30e-02      2.48e-02    7.75e-02    1.3e-04
 703000      1.48e-01    8.10e-01      4.12e-03    4.80e-03      1.16e-02    6.98e-02    1.3e-04
 704000      5.40e-01    2.24e-02      5.01e-03    3.37e-03      4.60e-02    1.17e-03    1.3e-04
 705000      9.70e-01    5.00e-01      3.31e-03    5.42e-03      8.43e-02    4.34e-02    1.3e-04
 706000      4.55e-01    4.57e-01      1.03e-02    2.64e-03      3.67e-02    3.97e-02    1.3e-04
 707000      4.63e-01    9.42e-01      5.12e-03    9.03e-04      3.88e-02    8.19e-02    1.3e-04
 708000      1.56e+00    1.60e+00      2.23e-03    3.67e-03      1.35e-01    1.39e-01    1.3e-04
 709000      6.08e-01    1.12e+00      7.57e-03    6.58e-03      5.16e-02    9.70e-02    1.3e-04
 710000      4.43e-01    1.01e-01      4.17e-03    1.69e-02      3.86e-02    4.13e-03    1.3e-04
 711000      8.51e-01    3.38e-01      2.16e-03    2.54e-03      7.41e-02    2.95e-02    1.3e-04
 712000      9.75e-01    3.64e-02      4.80e-03    6.51e-03      8.42e-02    1.05e-03    1.3e-04
 713000      1.02e+00    7.91e-01      5.55e-03    6.23e-03      8.89e-02    6.92e-02    1.3e-04
 714000      4.82e-01    2.58e-01      1.15e-02    7.89e-03      4.04e-02    2.23e-02    1.3e-04
 715000      9.39e-01    1.90e-01      4.69e-03    6.26e-03      8.18e-02    1.65e-02    1.3e-04
 716000      1.15e+00    1.40e+00      5.20e-03    4.09e-03      1.01e-01    1.24e-01    1.3e-04
 717000      9.01e-01    1.05e+00      2.71e-03    3.41e-03      7.94e-02    9.26e-02    1.3e-04
 718000      5.35e-01    6.32e-01      2.72e-03    1.92e-03      4.72e-02    5.58e-02    1.3e-04
 719000      6.48e-01    1.14e+00      5.70e-03    4.70e-03      5.62e-02    1.01e-01    1.3e-04
 720000      9.89e-01    8.38e-02      3.51e-03    3.78e-03      8.78e-02    7.23e-03    1.3e-04
 721000      1.53e+00    1.47e+00      3.43e-03    2.64e-03      1.36e-01    1.30e-01    1.3e-04
 722000      8.73e-01    1.96e-01      3.24e-03    2.04e-02      7.75e-02    1.45e-02    1.3e-04
 723000      4.85e-01    5.10e-01      4.31e-03    2.14e-03      4.29e-02    4.53e-02    1.3e-04
 724000      6.57e-01    1.85e-01      3.37e-03    1.29e-04      5.81e-02    1.64e-02    1.3e-04
 725000      4.79e-01    4.54e-01      4.60e-03    4.23e-04      4.23e-02    4.06e-02    1.2e-04
 726000      8.24e-02    9.38e-02      9.83e-03    2.63e-04      4.60e-03    8.39e-03    1.2e-04
 727000      5.69e-01    4.49e-02      4.11e-03    8.36e-03      5.09e-02    6.36e-04    1.2e-04
 728000      6.09e-01    7.77e-02      2.22e-03    7.44e-03      5.44e-02    5.98e-03    1.2e-04
 729000      2.96e-01    1.64e+00      9.06e-04    1.31e-03      2.65e-02    1.47e-01    1.2e-04
 730000      1.13e+00    9.75e-01      3.55e-03    3.59e-04      1.02e-01    8.78e-02    1.2e-04
