    2.9368163636e+02    1.0932863299e+03   -1.6068435405e+05    4.8662140306e-02    5.2046085466e-02    2.6812708710e-02    5.3510419577e+02    2.5425165219e+02    4.5850000000e+01
    2.9889582759e+02    1.1126971588e+03   -1.6069203451e+05    2.2923249443e-02    2.7960264832e-02   -1.4921346455e-02    5.3510419577e+02    2.5425165219e+02    4.5850000000e+01
    2.9866906208e+02    1.1118529806e+03   -1.6069120666e+05    1.7566618042e-02    2.1760499203e-02   -1.2481422793e-02    5.3510419577e+02    2.5425165219e+02    4.5850000000e+01
    2.9991227747e+02    1.1164810888e+03   -1.6069467374e+05    1.8133176599e-02    2.5202661317e-02    9.6112186457e-04    5.3510419577e+02    2.5425165219e+02    4.5850000000e+01
    3.0130207964e+02    1.1216548945e+03   -1.6070436130e+05    1.5623900140e-02    2.6510750837e-02    2.0062377608e-03    5.3510419577e+02    2.5425165219e+02    4.5850000000e+01
    3.0059899025e+02    1.1190375091e+03   -1.6070082829e+05    1.6932543512e-02    2.6623389731e-02   -1.5111028460e-03    5.3510419577e+02    2.5425165219e+02    4.5850000000e+01
    3.0049092803e+02    1.1186352267e+03   -1.6069821816e+05    1.9764753259e-02    2.4014358684e-02    2.4481796998e-03    5.3510419577e+02    2.5425165219e+02    4.5850000000e+01
    3.0093796467e+02    1.1202994065e+03   -1.6070271910e+05    1.8911150819e-02    2.6151555012e-02    8.6491890343e-03    5.3510419577e+02    2.5425165219e+02    4.5850000000e+01
    3.0078770442e+02    1.1197400339e+03   -1.6069857437e+05    1.6970555368e-02    2.0827765507e-02    3.1393551610e-04    5.3510419577e+02    2.5425165219e+02    4.5850000000e+01
    2.9930771774e+02    1.1142304990e+03   -1.6069643417e+05    1.6894671029e-02    2.2241423919e-02   -3.6634374068e-03    5.3510419577e+02    2.5425165219e+02    4.5850000000e+01
    3.0068505076e+02    1.1193578859e+03   -1.6069812237e+05    1.3040448075e-02    2.3877013444e-02    3.5761096208e-04    5.3510419577e+02    2.5425165219e+02    4.5850000000e+01
    3.0266824268e+02    1.1267406989e+03   -1.6070825208e+05    1.2133341506e-02    2.0092712584e-02    9.3358231178e-04    5.3510419577e+02    2.5425165219e+02    4.5850000000e+01
    2.9992386202e+02    1.1165242145e+03   -1.6069433170e+05    9.1341416322e-03    1.3905513323e-02   -2.4257660236e-03    5.3510419577e+02    2.5425165219e+02    4.5850000000e+01
    3.0045160761e+02    1.1184888489e+03   -1.6069750085e+05    1.1589041329e-02    1.4702991775e-02   -7.8054439737e-04    5.3510419577e+02    2.5425165219e+02    4.5850000000e+01
    3.0110706479e+02    1.1209289142e+03   -1.6069667503e+05    1.0330799750e-02    1.5071616448e-02    4.9391808621e-04    5.3510419577e+02    2.5425165219e+02    4.5850000000e+01
    2.9901714363e+02    1.1131487811e+03   -1.6069597184e+05    1.4146808134e-02    2.0754312366e-02   -1.7917101799e-04    5.3510419577e+02    2.5425165219e+02    4.5850000000e+01
    2.9947336111e+02    1.1148471383e+03   -1.6069990563e+05    1.4512816331e-02    1.8248293060e-02    1.3473143832e-03    5.3510419577e+02    2.5425165219e+02    4.5850000000e+01
    3.0073976109e+02    1.1195615556e+03   -1.6069901191e+05    9.6920318591e-03    1.4609713887e-02    1.7011993304e-03    5.3510419577e+02    2.5425165219e+02    4.5850000000e+01
    3.0037697641e+02    1.1182110199e+03   -1.6069593792e+05    6.0978200992e-03    1.0024670242e-02    1.7518276256e-03    5.3510419577e+02    2.5425165219e+02    4.5850000000e+01
    3.0016932961e+02    1.1174380148e+03   -1.6069667798e+05    4.4584464050e-03    1.2052850955e-02   -2.2018967197e-03    5.3510419577e+02    2.5425165219e+02    4.5850000000e+01
    2.9996639632e+02    1.1166825567e+03   -1.6069708078e+05    7.5561889917e-03    1.2676772797e-02   -2.9654654774e-04    5.3510419577e+02    2.5425165219e+02    4.5850000000e+01
    3.0003083748e+02    1.1169224512e+03   -1.6069907102e+05    1.1671153562e-02    1.3819138805e-02    4.3946217880e-03    5.3510419577e+02    2.5425165219e+02    4.5850000000e+01
    3.0032074948e+02    1.1180017044e+03   -1.6070081639e+05    1.2392223346e-02    1.2901389767e-02    5.5225339155e-04    5.3510419577e+02    2.5425165219e+02    4.5850000000e+01
    2.9978386341e+02    1.1160030428e+03   -1.6069660501e+05    1.0072080568e-02    1.0096391305e-02   -1.6719450789e-03    5.3510419577e+02    2.5425165219e+02    4.5850000000e+01
    2.9971581200e+02    1.1157497083e+03   -1.6069315475e+05    5.5701019355e-03    8.0635401178e-03   -2.0381592345e-03    5.3510419577e+02    2.5425165219e+02    4.5850000000e+01
    3.0132626242e+02    1.1217449195e+03   -1.6070411245e+05    8.6114418547e-03    1.2750824760e-02   -8.5830563440e-04    5.3510419577e+02    2.5425165219e+02    4.5850000000e+01
    2.9996783370e+02    1.1166879076e+03   -1.6069662326e+05    9.5299814569e-03    1.0193464557e-02   -1.1535062035e-03    5.3510419577e+02    2.5425165219e+02    4.5850000000e+01
    2.9988382382e+02    1.1163751646e+03   -1.6069617565e+05    9.7474938440e-03    7.8225512261e-03    6.5464651255e-04    5.3510419577e+02    2.5425165219e+02    4.5850000000e+01
    3.0044793793e+02    1.1184751878e+03   -1.6069577781e+05    1.1214429289e-02    1.0897584250e-02    2.6679618880e-03    5.3510419577e+02    2.5425165219e+02    4.5850000000e+01
    2.9885033220e+02    1.1125277935e+03   -1.6069175871e+05    1.3898982545e-02    1.2305554849e-02   -1.8125830766e-03    5.3510419577e+02    2.5425165219e+02    4.5850000000e+01
    2.9981519096e+02    1.1161196656e+03   -1.6069972466e+05    1.4632069172e-02    1.3481184198e-02   -1.6163041602e-03    5.3510419577e+02    2.5425165219e+02    4.5850000000e+01
    3.0025239796e+02    1.1177472527e+03   -1.6069883962e+05    1.2777525343e-02    1.3841971710e-02    1.0432619128e-03    5.3510419577e+02    2.5425165219e+02    4.5850000000e+01
    2.9896516346e+02    1.1129552749e+03   -1.6069398558e+05    1.1678992926e-02    1.2579829300e-02   -7.7538361012e-04    5.3510419577e+02    2.5425165219e+02    4.5850000000e+01
    2.9814916747e+02    1.1099175730e+03   -1.6068463284e+05    7.1510532069e-03    9.4691100472e-03   -3.8630356416e-04    5.3510419577e+02    2.5425165219e+02    4.5850000000e+01
    3.0108262772e+02    1.1208379425e+03   -1.6070267000e+05    1.0949185417e-02    1.2302488412e-02   -1.2326623201e-03    5.3510419577e+02    2.5425165219e+02    4.5850000000e+01
    3.0003081703e+02    1.1169223751e+03   -1.6069802000e+05    1.3145372175e-02    1.6172443136e-02    3.0577824622e-03    5.3510419577e+02    2.5425165219e+02    4.5850000000e+01
    2.9950357074e+02    1.1149595995e+03   -1.6069757802e+05    1.6490275070e-02    1.7502383153e-02    1.9008959370e-04    5.3510419577e+02    2.5425165219e+02    4.5850000000e+01
    2.9906707237e+02    1.1133346504e+03   -1.6069479186e+05    1.9134642853e-02    1.6452313502e-02   -2.1625401866e-03    5.3510419577e+02    2.5425165219e+02    4.5850000000e+01
    2.9856610124e+02    1.1114696891e+03   -1.6069082636e+05    1.9653918682e-02    1.8936568680e-02    2.5714272380e-03    5.3510419577e+02    2.5425165219e+02    4.5850000000e+01
    2.9996706327e+02    1.1166850395e+03   -1.6070005499e+05    1.9836434381e-02    2.1366278131e-02    1.8837763488e-03    5.3510419577e+02    2.5425165219e+02    4.5850000000e+01
    3.0032085575e+02    1.1180021000e+03   -1.6069778919e+05    1.6972157602e-02    2.0345526774e-02    1.0210077738e-03    5.3510419577e+02    2.5425165219e+02    4.5850000000e+01
    3.0085571964e+02    1.1199932336e+03   -1.6070051052e+05    1.5884311129e-02    1.9979213678e-02    6.6744146607e-04    5.3510419577e+02    2.5425165219e+02    4.5850000000e+01
    2.9900596340e+02    1.1131071605e+03   -1.6069558679e+05    1.5182827336e-02    2.0011630573e-02   -1.2562363786e-04    5.3510419577e+02    2.5425165219e+02    4.5850000000e+01
    3.0048539169e+02    1.1186146166e+03   -1.6069922385e+05    1.3631211322e-02    1.9209453791e-02   -1.3498204396e-03    5.3510419577e+02    2.5425165219e+02    4.5850000000e+01
    2.9900416061e+02    1.1131004493e+03   -1.6069579100e+05    1.3056265333e-02    2.0417360370e-02   -3.0296310399e-03    5.3510419577e+02    2.5425165219e+02    4.5850000000e+01
    3.0000271621e+02    1.1168177644e+03   -1.6070072040e+05    1.4432704586e-02    2.1371773403e-02   -3.9056583663e-03    5.3510419577e+02    2.5425165219e+02    4.5850000000e+01
    3.0027415743e+02    1.1178282565e+03   -1.6069735170e+05    9.0591932017e-03    1.9713258118e-02   -1.3896427267e-03    5.3510419577e+02    2.5425165219e+02    4.5850000000e+01
    2.9992970683e+02    1.1165459730e+03   -1.6069811355e+05    1.3023598965e-02    1.9733346598e-02    2.1785198652e-03    5.3510419577e+02    2.5425165219e+02    4.5850000000e+01
    2.9889614908e+02    1.1126983556e+03   -1.6069312010e+05    1.0978019821e-02    2.2233347265e-02    2.2374645723e-03    5.3510419577e+02    2.5425165219e+02    4.5850000000e+01
    3.0058798121e+02    1.1189965258e+03   -1.6069673767e+05    8.8120737258e-03    1.8139560352e-02    8.0751946916e-04    5.3510419577e+02    2.5425165219e+02    4.5850000000e+01
    3.0214172062e+02    1.1247806194e+03   -1.6070495695e+05    9.5369572030e-03    1.6756191815e-02   -2.1941378711e-03    5.3510419577e+02    2.5425165219e+02    4.5850000000e+01
    3.0109182034e+02    1.1208721639e+03   -1.6070036415e+05    1.0964765241e-02    1.7611606302e-02   -2.7134349551e-03    5.3510419577e+02    2.5425165219e+02    4.5850000000e+01
    2.9964445665e+02    1.1154840744e+03   -1.6069680939e+05    1.1269152440e-02    1.9589066267e-02    2.8912192633e-04    5.3510419577e+02    2.5425165219e+02    4.5850000000e+01
    2.9832272401e+02    1.1105636706e+03   -1.6069031381e+05    1.2602348679e-02    1.6377364208e-02    8.3067799627e-04    5.3510419577e+02    2.5425165219e+02    4.5850000000e+01
    2.9985339469e+02    1.1162618864e+03   -1.6069662634e+05    1.3853314415e-02    1.9045759728e-02    4.8098891919e-04    5.3510419577e+02    2.5425165219e+02    4.5850000000e+01
    3.0073605315e+02    1.1195477521e+03   -1.6069707453e+05    9.9741032718e-03    1.7502942185e-02    1.0013161341e-03    5.3510419577e+02    2.5425165219e+02    4.5850000000e+01
    2.9987397428e+02    1.1163384978e+03   -1.6069682862e+05    1.3465389719e-02    1.8918236836e-02   -5.2899861712e-04    5.3510419577e+02    2.5425165219e+02    4.5850000000e+01
    2.9871947774e+02    1.1120406626e+03   -1.6069132887e+05    1.2460493679e-02    1.8407468924e-02   -3.8069164593e-03    5.3510419577e+02    2.5425165219e+02    4.5850000000e+01
    3.0018616509e+02    1.1175006881e+03   -1.6069823613e+05    1.2690883312e-02    1.9792979466e-02    9.9353265719e-05    5.3510419577e+02    2.5425165219e+02    4.5850000000e+01
    3.0041392671e+02    1.1183485745e+03   -1.6069787256e+05    1.4221346851e-02    1.8336197249e-02   -7.1938719181e-04    5.3510419577e+02    2.5425165219e+02    4.5850000000e+01
    2.9891004458e+02    1.1127500843e+03   -1.6069231980e+05    1.4911230015e-02    1.9876566644e-02    6.7284253505e-04    5.3510419577e+02    2.5425165219e+02    4.5850000000e+01
    2.9961889621e+02    1.1153889207e+03   -1.6069517236e+05    1.1953769320e-02    1.8827190711e-02    8.6992955441e-04    5.3510419577e+02    2.5425165219e+02    4.5850000000e+01
    3.0215799074e+02    1.1248411880e+03   -1.6070733153e+05    1.4464831979e-02    1.8898567639e-02    1.2229695019e-03    5.3510419577e+02    2.5425165219e+02    4.5850000000e+01
    3.0056990504e+02    1.1189292338e+03   -1.6069970921e+05    1.3199738983e-02    1.8686636233e-02    3.9089600388e-03    5.3510419577e+02    2.5425165219e+02    4.5850000000e+01
    2.9894273769e+02    1.1128717907e+03   -1.6069009074e+05    8.1947095338e-03    1.6892713156e-02    3.2821296075e-03    5.3510419577e+02    2.5425165219e+02    4.5850000000e+01
    2.9872286681e+02    1.1120532791e+03   -1.6069191835e+05    8.8775809342e-03    1.9538500574e-02   -2.7920751499e-03    5.3510419577e+02    2.5425165219e+02    4.5850000000e+01
    3.0024568869e+02    1.1177222762e+03   -1.6070121572e+05    1.1893628977e-02    2.1647154101e-02   -2.3107201896e-03    5.3510419577e+02    2.5425165219e+02    4.5850000000e+01
    3.0194111719e+02    1.1240338346e+03   -1.6070369565e+05    1.3208558262e-02    1.9595551346e-02    2.5648307497e-03    5.3510419577e+02    2.5425165219e+02    4.5850000000e+01
    3.0034641319e+02    1.1180972425e+03   -1.6069763786e+05    1.5995612528e-02    2.0095922730e-02    2.6901493198e-03    5.3510419577e+02    2.5425165219e+02    4.5850000000e+01
    2.9839845908e+02    1.1108456090e+03   -1.6068903734e+05    1.5581594764e-02    1.9796963024e-02   -4.6330277931e-03    5.3510419577e+02    2.5425165219e+02    4.5850000000e+01
    2.9987548726e+02    1.1163441302e+03   -1.6069796506e+05    1.4728502564e-02    2.2783893760e-02    7.8089605746e-04    5.3510419577e+02    2.5425165219e+02    4.5850000000e+01
    2.9996368014e+02    1.1166724451e+03   -1.6069760929e+05    1.6034412829e-02    2.0622071415e-02    2.8026078652e-04    5.3510419577e+02    2.5425165219e+02    4.5850000000e+01
    2.9997385003e+02    1.1167103045e+03   -1.6069799404e+05    1.3726282997e-02    1.9186100571e-02   -1.2619397070e-03    5.3510419577e+02    2.5425165219e+02    4.5850000000e+01
    3.0041317768e+02    1.1183457861e+03   -1.6070007011e+05    1.4270866497e-02    2.0755857796e-02    1.9603142565e-03    5.3510419577e+02    2.5425165219e+02    4.5850000000e+01
    3.0025777545e+02    1.1177672715e+03   -1.6069684057e+05    1.2224343963e-02    1.9865597600e-02    2.7965797085e-04    5.3510419577e+02    2.5425165219e+02    4.5850000000e+01
    2.9824974943e+02    1.1102920087e+03   -1.6068871443e+05    1.1511316997e-02    1.6928425333e-02   -5.1911717760e-03    5.3510419577e+02    2.5425165219e+02    4.5850000000e+01
    3.0070999206e+02    1.1194507347e+03   -1.6069851328e+05    1.2386918694e-02    1.7312449452e-02   -9.5729369665e-04    5.3510419577e+02    2.5425165219e+02    4.5850000000e+01
    3.0131751120e+02    1.1217123414e+03   -1.6070294403e+05    1.4491416664e-02    2.1598122130e-02    1.8320884671e-04    5.3510419577e+02    2.5425165219e+02    4.5850000000e+01
    2.9995169802e+02    1.1166278394e+03   -1.6069919500e+05    1.3541196306e-02    2.2436193888e-02    2.3944393686e-03    5.3510419577e+02    2.5425165219e+02    4.5850000000e+01
    2.9939824695e+02    1.1145675114e+03   -1.6069452024e+05    1.2694326241e-02    2.1298807227e-02    2.9973139965e-03    5.3510419577e+02    2.5425165219e+02    4.5850000000e+01
    3.0190637976e+02    1.1239045178e+03   -1.6070286247e+05    1.2665279052e-02    2.2233572378e-02    2.5894583978e-03    5.3510419577e+02    2.5425165219e+02    4.5850000000e+01
    3.0157707893e+02    1.1226786322e+03   -1.6070421668e+05    1.1273802083e-02    2.0913187100e-02   -8.7197452655e-04    5.3510419577e+02    2.5425165219e+02    4.5850000000e+01
    2.9874810099e+02    1.1121472181e+03   -1.6069442952e+05    1.1002147331e-02    2.0246320805e-02    5.9552719805e-05    5.3510419577e+02    2.5425165219e+02    4.5850000000e+01
    3.0102494029e+02    1.1206231900e+03   -1.6069977377e+05    9.2974270679e-03    2.0250642310e-02    3.2608550069e-03    5.3510419577e+02    2.5425165219e+02    4.5850000000e+01
    2.9875095844e+02    1.1121578556e+03   -1.6069142042e+05    6.8686882341e-03    1.9997517067e-02    1.1051505363e-03    5.3510419577e+02    2.5425165219e+02    4.5850000000e+01
    2.9906017949e+02    1.1133089903e+03   -1.6069267159e+05    2.2155504695e-03    1.7264271931e-02   -4.3410778999e-03    5.3510419577e+02    2.5425165219e+02    4.5850000000e+01
    2.9991195094e+02    1.1164798732e+03   -1.6069843602e+05    4.7019916773e-03    2.0356169985e-02    1.2598357634e-03    5.3510419577e+02    2.5425165219e+02    4.5850000000e+01
    3.0210020515e+02    1.1246260701e+03   -1.6070504762e+05    6.7990160466e-03    1.7955311757e-02    4.6887516346e-03    5.3510419577e+02    2.5425165219e+02    4.5850000000e+01
    3.0092680721e+02    1.1202578708e+03   -1.6069791767e+05    4.1948198872e-03    1.4895158778e-02   -1.1276357528e-03    5.3510419577e+02    2.5425165219e+02    4.5850000000e+01
    3.0028778541e+02    1.1178789893e+03   -1.6069697084e+05    3.1367479601e-03    1.2476257472e-02   -2.6222540658e-03    5.3510419577e+02    2.5425165219e+02    4.5850000000e+01
    2.9947666164e+02    1.1148594252e+03   -1.6069706317e+05    2.3106779440e-03    1.5316259919e-02   -2.2930463009e-03    5.3510419577e+02    2.5425165219e+02    4.5850000000e+01
    3.0184517925e+02    1.1236766872e+03   -1.6070300274e+05    2.8254106533e-03    1.4613151034e-02    6.3482316382e-03    5.3510419577e+02    2.5425165219e+02    4.5850000000e+01
    3.0173960101e+02    1.1232836519e+03   -1.6070249375e+05    2.7124242986e-03    1.6344914564e-02    7.2216912132e-03    5.3510419577e+02    2.5425165219e+02    4.5850000000e+01
    3.0177040883e+02    1.1233983399e+03   -1.6070198462e+05    2.6172789297e-03    1.4459726401e-02   -1.5520811057e-03    5.3510419577e+02    2.5425165219e+02    4.5850000000e+01
    2.9968245973e+02    1.1156255481e+03   -1.6069646132e+05    4.8909617344e-03    1.7501865744e-02   -8.2571794974e-05    5.3510419577e+02    2.5425165219e+02    4.5850000000e+01
    3.0141871640e+02    1.1220890972e+03   -1.6069861800e+05    5.1411937861e-03    1.7649092972e-02   -6.4409119946e-04    5.3510419577e+02    2.5425165219e+02    4.5850000000e+01
    2.9856576949e+02    1.1114684541e+03   -1.6069425084e+05    7.9698351650e-03    1.8543342211e-02    2.5175949304e-03    5.3510419577e+02    2.5425165219e+02    4.5850000000e+01
    3.0072367500e+02    1.1195016721e+03   -1.6069885857e+05    8.7811580243e-03    1.7815442613e-02   -1.4002123187e-03    5.3510419577e+02    2.5425165219e+02    4.5850000000e+01
    3.0055697249e+02    1.1188810899e+03   -1.6069799066e+05    8.7582584763e-03    1.7210280186e-02   -4.8992217279e-03    5.3510419577e+02    2.5425165219e+02    4.5850000000e+01
    3.0010320040e+02    1.1171918361e+03   -1.6069791415e+05    1.1214855782e-02    2.1175718605e-02    8.1911555881e-04    5.3510419577e+02    2.5425165219e+02    4.5850000000e+01
    2.9344837306e+02    1.0924179625e+03   -1.6068496212e+05    4.5972607490e-02    5.2287353491e-02    2.7846401378e-02    5.3510419577e+02    2.5425165219e+02    4.5850000000e+01
    2.9949942420e+02    1.1149441632e+03   -1.6069323851e+05    1.7170771930e-02    2.8784956593e-02   -1.4955165437e-02    5.3510419577e+02    2.5425165219e+02    4.5850000000e+01
    2.9742316574e+02    1.1072148921e+03   -1.6068727832e+05    1.5355909911e-02    2.4353433849e-02   -1.5550714077e-02    5.3510419577e+02    2.5425165219e+02    4.5850000000e+01
    3.0039268375e+02    1.1182694935e+03   -1.6069940495e+05    2.1066953793e-02    2.8292077727e-02    5.7258844124e-03    5.3510419577e+02    2.5425165219e+02    4.5850000000e+01
    2.9961579373e+02    1.1153773711e+03   -1.6069634510e+05    1.9402126808e-02    2.5795878638e-02    4.5769350663e-03    5.3510419577e+02    2.5425165219e+02    4.5850000000e+01
    2.9990865047e+02    1.1164675866e+03   -1.6069883885e+05    1.9661734459e-02    2.3951072683e-02    1.8950566324e-03    5.3510419577e+02    2.5425165219e+02    4.5850000000e+01
    2.9867998714e+02    1.1118936513e+03   -1.6069256196e+05    1.6044365249e-02    2.0741779708e-02   -3.7635842127e-04    5.3510419577e+02    2.5425165219e+02    4.5850000000e+01
    3.0053182735e+02    1.1187874823e+03   -1.6070131913e+05    1.6103085033e-02    1.8698390809e-02   -8.3802814901e-04    5.3510419577e+02    2.5425165219e+02    4.5850000000e+01
    2.9896684185e+02    1.1129615230e+03   -1.6069076953e+05    1.5033729792e-02    1.5651925706e-02   -2.0272908830e-03    5.3510419577e+02    2.5425165219e+02    4.5850000000e+01
    3.0039626222e+02    1.1182828151e+03   -1.6069947081e+05    1.5130994257e-02    1.9142634973e-02    2.5036311127e-03    5.3510419577e+02    2.5425165219e+02    4.5850000000e+01
    3.0006152453e+02    1.1170366897e+03   -1.6069634402e+05    1.4493088885e-02    1.8361116070e-02    3.4055064201e-03    5.3510419577e+02    2.5425165219e+02    4.5850000000e+01
    3.0217720000e+02    1.1249126982e+03   -1.6070353099e+05    1.3680294360e-02    1.6959928436e-02    2.4215929741e-03    5.3510419577e+02    2.5425165219e+02    4.5850000000e+01
    2.9944579638e+02    1.1147445233e+03   -1.6069160567e+05    1.4335141077e-02    1.5362757637e-02   -1.7682022679e-03    5.3510419577e+02    2.5425165219e+02    4.5850000000e+01
    2.9866029074e+02    1.1118203276e+03   -1.6069365002e+05    1.3639797410e-02    1.3893400570e-02   -5.0579060011e-03    5.3510419577e+02    2.5425165219e+02    4.5850000000e+01
    2.9932521325e+02    1.1142956294e+03   -1.6069233653e+05    1.6154935633e-02    1.5477338474e-02   -1.1805136062e-03    5.3510419577e+02    2.5425165219e+02    4.5850000000e+01
    3.0001646413e+02    1.1168689437e+03   -1.6069994073e+05    1.6015647212e-02    1.9660857005e-02    3.5738735731e-03    5.3510419577e+02    2.5425165219e+02    4.5850000000e+01
    3.0041848410e+02    1.1183655403e+03   -1.6069978910e+05    9.8169248001e-03    1.6567886592e-02   -6.7866123189e-04    5.3510419577e+02    2.5425165219e+02    4.5850000000e+01
    3.0153870273e+02    1.1225357694e+03   -1.6070396973e+05    9.0825941739e-03    1.2047878407e-02   -1.5521976655e-03    5.3510419577e+02    2.5425165219e+02    4.5850000000e+01
    3.0013615739e+02    1.1173145248e+03   -1.6069720515e+05    1.0912004625e-02    1.3931511453e-02    2.8023700266e-03    5.3510419577e+02    2.5425165219e+02    4.5850000000e+01
    2.9964882393e+02    1.1155003324e+03   -1.6069692545e+05    1.4586508942e-02    1.0251753278e-02    1.5340704266e-03    5.3510419577e+02    2.5425165219e+02    4.5850000000e+01
    3.0055785271e+02    1.1188843667e+03   -1.6069965466e+05    1.0814967789e-02    7.3908514205e-03   -3.0141657994e-03    5.3510419577e+02    2.5425165219e+02    4.5850000000e+01
    3.0042165859e+02    1.1183773579e+03   -1.6069738129e+05    7.5805615882e-03    8.4991483640e-03    9.1680888874e-04    5.3510419577e+02    2.5425165219e+02    4.5850000000e+01
    2.9855670932e+02    1.1114347259e+03   -1.6069157099e+05    1.2305494728e-02    1.1526336871e-02    8.0073306444e-04    5.3510419577e+02    2.5425165219e+02    4.5850000000e+01
    3.0095714881e+02    1.1203708232e+03   -1.6070112128e+05    1.0323061732e-02    7.8323294412e-03   -5.3026754337e-04    5.3510419577e+02    2.5425165219e+02    4.5850000000e+01
    2.9802743901e+02    1.1094644155e+03   -1.6068924668e+05    9.9701360525e-03    7.1972006765e-03    4.4805709685e-04    5.3510419577e+02    2.5425165219e+02    4.5850000000e+01
    3.0002316802e+02    1.1168939002e+03   -1.6069851286e+05    1.3049635930e-02    8.9641182577e-03    1.8474353640e-03    5.3510419577e+02    2.5425165219e+02    4.5850000000e+01
    2.9967732684e+02    1.1156064400e+03   -1.6069521079e+05    1.1827842986e-02    7.7231890126e-03   -2.7027843174e-03    5.3510419577e+02    2.5425165219e+02    4.5850000000e+01
    2.9937008008e+02    1.1144626548e+03   -1.6069600442e+05    1.2879792153e-02    1.1788246287e-02    1.1797726639e-03    5.3510419577e+02    2.5425165219e+02    4.5850000000e+01
    2.9934416409e+02    1.1143661776e+03   -1.6069381075e+05    1.3567096757e-02    1.2984372525e-02    3.4342354128e-03    5.3510419577e+02    2.5425165219e+02    4.5850000000e+01
    3.0036925119e+02    1.1181822613e+03   -1.6069801966e+05    1.5310464046e-02    1.2569725176e-02    1.3915798045e-03    5.3510419577e+02    2.5425165219e+02    4.5850000000e+01
    3.0048933380e+02    1.1186292919e+03   -1.6070100887e+05    1.4962616859e-02    1.4322843809e-02   -5.1749074749e-04    5.3510419577e+02    2.5425165219e+02    4.5850000000e+01
    2.9845732414e+02    1.1110647455e+03   -1.6069270649e+05    1.6250905975e-02    1.4695444912e-02    7.1249738601e-04    5.3510419577e+02    2.5425165219e+02    4.5850000000e+01
    2.9928768899e+02    1.1141559382e+03   -1.6069332489e+05    1.0130588183e-02    1.3136632646e-02   -2.3836191657e-03    5.3510419577e+02    2.5425165219e+02    4.5850000000e+01
    3.0045612979e+02    1.1185056836e+03   -1.6069741991e+05    1.0965527874e-02    1.1705112275e-02    7.0127420077e-04    5.3510419577e+02    2.5425165219e+02    4.5850000000e+01
    2.9837139387e+02    1.1107448535e+03   -1.6069269828e+05    9.9341038746e-03    1.1976941843e-02    2.0504652251e-03    5.3510419577e+02    2.5425165219e+02    4.5850000000e+01
    2.9967528748e+02    1.1155988481e+03   -1.6069256695e+05    5.7374528258e-03    1.1351467502e-02    3.2478729243e-03    5.3510419577e+02    2.5425165219e+02    4.5850000000e+01
    2.9882687579e+02    1.1124404725e+03   -1.6068940550e+05    4.1686957462e-03    7.2646304368e-03   -1.9445169076e-03    5.3510419577e+02    2.5425165219e+02    4.5850000000e+01
    2.9981843956e+02    1.1161317592e+03   -1.6069687093e+05    4.0047319651e-03    1.1218692008e-02   -1.6096878303e-03    5.3510419577e+02    2.5425165219e+02    4.5850000000e+01
    3.0041381805e+02    1.1183481700e+03   -1.6069579798e+05    1.0885105300e-04    1.1823460236e-02   -2.2196380815e-03    5.3510419577e+02    2.5425165219e+02    4.5850000000e+01
    3.0072921861e+02    1.1195223092e+03   -1.6069995981e+05    1.7196942594e-03    1.1723363626e-02   -4.9221677950e-04    5.3510419577e+02    2.5425165219e+02    4.5850000000e+01
    3.0070144166e+02    1.1194189042e+03   -1.6069915738e+05    2.4808716355e-03    1.3096207583e-02   -8.2133535294e-04    5.3510419577e+02    2.5425165219e+02    4.5850000000e+01
    3.0061067933e+02    1.1190810240e+03   -1.6069668650e+05    3.9396057153e-03    1.7470794567e-02   -9.3396523632e-04    5.3510419577e+02    2.5425165219e+02    4.5850000000e+01
    2.9957918189e+02    1.1152410765e+03   -1.6069866140e+05    7.3305096474e-03    2.2616226746e-02    1.8598050445e-03    5.3510419577e+02    2.5425165219e+02    4.5850000000e+01
    2.9988167394e+02    1.1163671613e+03   -1.6069435106e+05    2.2742418671e-03    2.1057061452e-02   -9.2959207870e-04    5.3510419577e+02    2.5425165219e+02    4.5850000000e+01
    2.9920636127e+02    1.1138531801e+03   -1.6069389334e+05    4.0908720038e-03    1.9764811048e-02   -6.3165646230e-03    5.3510419577e+02    2.5425165219e+02    4.5850000000e+01
    3.0002128671e+02    1.1168868967e+03   -1.6069850580e+05    6.3287625795e-03    2.3310743221e-02    1.1867343048e-03    5.3510419577e+02    2.5425165219e+02    4.5850000000e+01
    2.9806739840e+02    1.1096131719e+03   -1.6069226561e+05    8.4926127396e-03    2.3986763684e-02    3.1750644692e-03    5.3510419577e+02    2.5425165219e+02    4.5850000000e+01
    3.0060595341e+02    1.1190634308e+03   -1.6070017792e+05    6.6642196473e-03    2.0682159275e-02   -1.3355993664e-03    5.3510419577e+02    2.5425165219e+02    4.5850000000e+01
    3.0088187702e+02    1.1200906095e+03   -1.6069810731e+05    4.3150964040e-03    2.1504722731e-02   -8.7930988916e-04    5.3510419577e+02    2.5425165219e+02    4.5850000000e+01
    2.9998193945e+02    1.1167404189e+03   -1.6070196019e+05    1.1294052069e-02    2.4676489046e-02    1.4942863655e-03    5.3510419577e+02    2.5425165219e+02    4.5850000000e+01
    2.9914440165e+02    1.1136225235e+03   -1.6069502122e+05    1.1306606732e-02    2.4346733262e-02    2.7378740672e-03    5.3510419577e+02    2.5425165219e+02    4.5850000000e+01
    3.0005871821e+02    1.1170262426e+03   -1.6070065004e+05    1.3165121983e-02    2.6002777796e-02    5.8816457927e-04    5.3510419577e+02    2.5425165219e+02    4.5850000000e+01
    3.0069254147e+02    1.1193857715e+03   -1.6070029332e+05    1.4364166876e-02    2.3906913317e-02    7.0346872706e-04    5.3510419577e+02    2.5425165219e+02    4.5850000000e+01
    3.0106702811e+02    1.1207798700e+03   -1.6070459722e+05    1.0877795504e-02    2.5952268258e-02   -9.7483191745e-04    5.3510419577e+02    2.5425165219e+02    4.5850000000e+01
    2.9954677632e+02    1.1151204406e+03   -1.6069556991e+05    6.0493983853e-03    2.4599628128e-02   -5.5112450802e-04    5.3510419577e+02    2.5425165219e+02    4.5850000000e+01
    3.0007409898e+02    1.1170835005e+03   -1.6069625497e+05    5.0689225825e-03    2.2570600321e-02    7.5430878456e-04    5.3510419577e+02    2.5425165219e+02    4.5850000000e+01
    2.9892561853e+02    1.1128080613e+03   -1.6069424292e+05    1.3122506984e-03    2.4069656197e-02    1.5077358861e-03    5.3510419577e+02    2.5425165219e+02    4.5850000000e+01
    2.9865983069e+02    1.1118186150e+03   -1.6069066469e+05    2.1072106078e-03    2.4236428896e-02    5.8728209345e-04    5.3510419577e+02    2.5425165219e+02    4.5850000000e+01
    2.9872246372e+02    1.1120517785e+03   -1.6069046906e+05    2.4319025237e-03    2.1530575348e-02   -3.8344019476e-03    5.3510419577e+02    2.5425165219e+02    4.5850000000e+01
    2.9968787181e+02    1.1156456956e+03   -1.6069891368e+05    5.9447139282e-03    2.5714870900e-02   -3.9883146019e-04    5.3510419577e+02    2.5425165219e+02    4.5850000000e+01
    2.9880373473e+02    1.1123543255e+03   -1.6069290992e+05    4.3019203063e-03    2.7791977932e-02   -1.4515976180e-03    5.3510419577e+02    2.5425165219e+02    4.5850000000e+01
    3.0054226842e+02    1.1188263512e+03   -1.6070014011e+05    7.1279902339e-03    2.5508409300e-02    4.4667469319e-03    5.3510419577e+02    2.5425165219e+02    4.5850000000e+01
    2.9962734246e+02    1.1154203635e+03   -1.6069516877e+05    5.8358838917e-03    2.2815150917e-02    1.9938455111e-03    5.3510419577e+02    2.5425165219e+02    4.5850000000e+01
    3.0069853824e+02    1.1194080956e+03   -1.6069814444e+05    4.9303396383e-03    2.0330008344e-02    1.6285118624e-03    5.3510419577e+02    2.5425165219e+02    4.5850000000e+01
    3.0050955533e+02    1.1187045704e+03   -1.6070078065e+05    3.1359910845e-03    1.6325458526e-02   -8.0209050805e-04    5.3510419577e+02    2.5425165219e+02    4.5850000000e+01
    2.9831948988e+02    1.1105516309e+03   -1.6068897027e+05    2.8886187051e-04    1.5784216004e-02   -2.1100907246e-03    5.3510419577e+02    2.5425165219e+02    4.5850000000e+01
    3.0072124825e+02    1.1194926380e+03   -1.6070160941e+05    3.9676546688e-03    1.9060644913e-02   -4.4821594454e-04    5.3510419577e+02    2.5425165219e+02    4.5850000000e+01
    3.0022106083e+02    1.1176305942e+03   -1.6069782321e+05    3.2060525268e-03    1.8615450105e-02    5.5669399805e-05    5.3510419577e+02    2.5425165219e+02    4.5850000000e+01
    2.9922636221e+02    1.1139276375e+03   -1.6069650444e+05    5.4759342669e-03    1.9487705128e-02    1.3697586568e-03    5.3510419577e+02    2.5425165219e+02    4.5850000000e+01
    2.9928923447e+02    1.1141616915e+03   -1.6069428476e+05    4.9363437671e-03    1.8095480368e-02    1.0829903011e-03    5.3510419577e+02    2.5425165219e+02    4.5850000000e+01
    3.0100035572e+02    1.1205316692e+03   -1.6070037970e+05    1.6413270404e-03    1.5864515157e-02    5.5066869213e-04    5.3510419577e+02    2.5425165219e+02    4.5850000000e+01
    2.9985428256e+02    1.1162651916e+03   -1.6069383047e+05   -8.3933150761e-05    1.5008550531e-02   -1.0373145076e-03    5.3510419577e+02    2.5425165219e+02    4.5850000000e+01
    2.9988672917e+02    1.1163859804e+03   -1.6069818405e+05    1.3619883009e-03    1.6468696266e-02   -2.1901942248e-04    5.3510419577e+02    2.5425165219e+02    4.5850000000e+01
    2.9992202461e+02    1.1165173744e+03   -1.6069495194e+05    2.1489549344e-03    1.5764110469e-02    2.1433973641e-03    5.3510419577e+02    2.5425165219e+02    4.5850000000e+01
    2.9997466245e+02    1.1167133289e+03   -1.6069374950e+05   -3.8897256857e-03    1.1993476406e-02   -3.2852437651e-03    5.3510419577e+02    2.5425165219e+02    4.5850000000e+01
    2.9926782720e+02    1.1140819988e+03   -1.6069138593e+05   -2.5918461286e-03    1.1209743626e-02   -4.5068692977e-03    5.3510419577e+02    2.5425165219e+02    4.5850000000e+01
    3.0006974427e+02    1.1170672892e+03   -1.6069597738e+05   -1.6204831005e-03    1.6949693982e-02    5.0870843639e-03    5.3510419577e+02    2.5425165219e+02    4.5850000000e+01
    3.0041096239e+02    1.1183375393e+03   -1.6069825857e+05    7.8467878388e-04    1.5613037949e-02    6.4140516686e-04    5.3510419577e+02    2.5425165219e+02    4.5850000000e+01
    2.9832648732e+02    1.1105776803e+03   -1.6069407463e+05    3.1579151090e-03    1.7580344264e-02    9.3314816287e-04    5.3510419577e+02    2.5425165219e+02    4.5850000000e+01
    3.0049042370e+02    1.1186333493e+03   -1.6069755826e+05    2.2941998321e-03    1.3457131901e-02    1.9042963422e-03    5.3510419577e+02    2.5425165219e+02    4.5850000000e+01
    3.0017447655e+02    1.1174571753e+03   -1.6069409431e+05    6.3925653239e-03    1.3486818073e-02   -1.1822210638e-03    5.3510419577e+02    2.5425165219e+02    4.5850000000e+01
    2.9866836755e+02    1.1118503951e+03   -1.6069143274e+05    7.3062338019e-03    1.5857848347e-02   -3.9530175178e-03    5.3510419577e+02    2.5425165219e+02    4.5850000000e+01
    3.0009623926e+02    1.1171659219e+03   -1.6069837409e+05    1.2089066243e-02    2.0814762004e-02    7.9903796731e-04    5.3510419577e+02    2.5425165219e+02    4.5850000000e+01
    3.0118776596e+02    1.1212293398e+03   -1.6070861813e+05    1.4418546634e-02    2.4383165096e-02    3.9125143042e-03    5.3510419577e+02    2.5425165219e+02    4.5850000000e+01
    2.9932880729e+02    1.1143090090e+03   -1.6069329173e+05    7.1173413426e-03    2.0768859993e-02   -1.4593490798e-03    5.3510419577e+02    2.5425165219e+02    4.5850000000e+01
    2.9967602623e+02    1.1156015982e+03   -1.6069474993e+05    8.3334647791e-03    1.6958356929e-02   -2.6096338941e-03    5.3510419577e+02    2.5425165219e+02    4.5850000000e+01
    3.0128596205e+02    1.1215948937e+03   -1.6070234906e+05    8.1390525722e-03    1.4272814514e-02   -2.6282489325e-03    5.3510419577e+02    2.5425165219e+02    4.5850000000e+01
    2.9992816152e+02    1.1165402202e+03   -1.6069582278e+05    3.7712327789e-03    1.2737896067e-02   -1.2949275493e-03    5.3510419577e+02    2.5425165219e+02    4.5850000000e+01
    3.0184726309e+02    1.1236844447e+03   -1.6070264508e+05    5.6748834096e-03    1.3649252740e-02   -7.2416902120e-04    5.3510419577e+02    2.5425165219e+02    4.5850000000e+01
    3.0000199051e+02    1.1168150629e+03   -1.6069782699e+05    8.4948828407e-03    1.4054883858e-02    1.0121832830e-03    5.3510419577e+02    2.5425165219e+02    4.5850000000e+01
    3.0001385166e+02    1.1168592183e+03   -1.6069766438e+05    7.2126486085e-03    1.5136294096e-02   -2.3817757066e-04    5.3510419577e+02    2.5425165219e+02    4.5850000000e+01
    2.9911982774e+02    1.1135310424e+03   -1.6069381822e+05    7.4082179948e-03    1.3253366432e-02   -2.9797501565e-03    5.3510419577e+02    2.5425165219e+02    4.5850000000e+01
    3.0095548641e+02    1.1203646346e+03   -1.6070041573e+05    6.7099905648e-03    1.2208357144e-02   -3.2159037428e-03    5.3510419577e+02    2.5425165219e+02    4.5850000000e+01
    2.9992068225e+02    1.1165123772e+03   -1.6069439849e+05    6.7216170083e-03    1.5143239542e-02    2.3754370560e-03    5.3510419577e+02    2.5425165219e+02    4.5850000000e+01
    2.9861516045e+02    1.1116523214e+03   -1.6069174881e+05    1.0127670808e-02    1.6749706355e-02    4.0086499440e-03    5.3510419577e+02    2.5425165219e+02    4.5850000000e+01
    3.0167417765e+02    1.1230401008e+03   -1.6070630225e+05    1.1570951255e-02    1.8752479462e-02   -3.0435470899e-04    5.3510419577e+02    2.5425165219e+02    4.5850000000e+01
    2.9923412995e+02    1.1139565544e+03   -1.6069346655e+05    9.6440117134e-03    1.7222828973e-02   -2.9758001094e-03    5.3510419577e+02    2.5425165219e+02    4.5850000000e+01
    2.9947409020e+02    1.1148498525e+03   -1.6069781336e+05    1.3274543815e-02    2.0128847183e-02   -9.0567137640e-04    5.3510419577e+02    2.5425165219e+02    4.5850000000e+01
    2.9988981258e+02    1.1163974590e+03   -1.6069787541e+05    9.0897536518e-03    1.9099388589e-02    1.8121268740e-04    5.3510419577e+02    2.5425165219e+02    4.5850000000e+01
    2.9839384590e+02    1.1108284355e+03   -1.6068775384e+05    5.5846993287e-03    1.5658708452e-02    2.4364791809e-03    5.3510419577e+02    2.5425165219e+02    4.5850000000e+01
    2.9283733409e+02    1.0901432524e+03   -1.6068152089e+05    4.9526548619e-02    5.0416332813e-02    2.8643120064e-02    5.3510419577e+02    2.5425165219e+02    4.5850000000e+01
    3.0142484721e+02    1.1221119204e+03   -1.6070595859e+05    2.9412198220e-02    2.7512938802e-02   -9.2784310733e-03    5.3510419577e+02    2.5425165219e+02    4.5850000000e+01
    2.9868878587e+02    1.1119264062e+03   -1.6069049588e+05    2.0120609121e-02    1.9036171686e-02   -1.2420659788e-02    5.3510419577e+02    2.5425165219e+02    4.5850000000e+01
    2.9967870376e+02    1.1156115658e+03   -1.6069444127e+05    1.9925579238e-02    1.8301361564e-02   -2.9333880305e-03    5.3510419577e+02    2.5425165219e+02    4.5850000000e+01
    2.9907822551e+02    1.1133761701e+03   -1.6069539314e+05    2.0773614174e-02    2.3383831130e-02    7.6233839846e-03    5.3510419577e+02    2.5425165219e+02    4.5850000000e+01
    3.0012076886e+02    1.1172572381e+03   -1.6069726776e+05    1.4422774846e-02    2.4046548807e-02    2.5726328941e-03    5.3510419577e+02    2.5425165219e+02    4.5850000000e+01
    2.9880420484e+02    1.1123560755e+03   -1.6069236447e+05    1.5148125838e-02    1.8466469689e-02   -3.2694791804e-03    5.3510419577e+02    2.5425165219e+02    4.5850000000e+01
    3.0123047949e+02    1.1213883492e+03   -1.6070551178e+05    1.7395521677e-02    1.8809184214e-02   -3.7020399134e-03    5.3510419577e+02    2.5425165219e+02    4.5850000000e+01
    3.0062920265e+02    1.1191499806e+03   -1.6069769483e+05    1.7024745020e-02    1.6175998340e-02    3.9940379996e-03    5.3510419577e+02    2.5425165219e+02    4.5850000000e+01
    3.0141865622e+02    1.1220888732e+03   -1.6070564038e+05    2.0998350543e-02    1.7981961808e-02   -2.6385630264e-04    5.3510419577e+02    2.5425165219e+02    4.5850000000e+01
    2.9967660461e+02    1.1156037513e+03   -1.6069788536e+05    2.2648275228e-02    2.0163984084e-02    4.8181956653e-03    5.3510419577e+02    2.5425165219e+02    4.5850000000e+01
    3.0111790503e+02    1.1209692691e+03   -1.6070495281e+05    2.1674304975e-02    1.6532545885e-02   -1.1548166855e-03    5.3510419577e+02    2.5425165219e+02    4.5850000000e+01
    3.0041249986e+02    1.1183432628e+03   -1.6069829851e+05    1.5767946423e-02    8.6830629218e-03   -6.8715007348e-03    5.3510419577e+02    2.5425165219e+02    4.5850000000e+01
    3.0163537460e+02    1.1228956490e+03   -1.6070436366e+05    1.3292457337e-02    8.3571033885e-03    1.4875281452e-04    5.3510419577e+02    2.5425165219e+02    4.5850000000e+01
    2.9951729306e+02    1.1150106835e+03   -1.6069196149e+05    1.5455419378e-02    8.4624500570e-03    2.5276803915e-03    5.3510419577e+02    2.5425165219e+02    4.5850000000e+01
    2.9929516457e+02    1.1141837674e+03   -1.6069720996e+05    1.6158080639e-02    1.3598001429e-02    2.6424065861e-03    5.3510419577e+02    2.5425165219e+02    4.5850000000e+01
    2.9927336711e+02    1.1141026222e+03   -1.6069541013e+05    9.9597871663e-03    1.2954967484e-02   -2.9939747548e-03    5.3510419577e+02    2.5425165219e+02    4.5850000000e+01
    3.0096011928e+02    1.1203818813e+03   -1.6070195718e+05    1.0633269821e-02    1.3075405704e-02   -2.4998461281e-03    5.3510419577e+02    2.5425165219e+02    4.5850000000e+01
    3.0080547028e+02    1.1198061707e+03   -1.6070031112e+05    1.2717865902e-02    1.0974617985e-02    1.6992935808e-03    5.3510419577e+02    2.5425165219e+02    4.5850000000e+01
    3.0177405324e+02    1.1234119069e+03   -1.6070314462e+05    1.4120019818e-02    1.1079685287e-02    4.4754142624e-03    5.3510419577e+02    2.5425165219e+02    4.5850000000e+01
    2.9936912648e+02    1.1144591049e+03   -1.6069549549e+05    1.2350540261e-02    8.4613239922e-03   -1.3703832455e-03    5.3510419577e+02    2.5425165219e+02    4.5850000000e+01
    3.0001925258e+02    1.1168793242e+03   -1.6069812895e+05    1.2896556985e-02    5.2966021136e-03   -4.5948264288e-03    5.3510419577e+02    2.5425165219e+02    4.5850000000e+01
    3.0029036250e+02    1.1178885830e+03   -1.6069978560e+05    1.3855004430e-02    3.8184760427e-03   -1.6401822364e-03    5.3510419577e+02    2.5425165219e+02    4.5850000000e+01
    2.9925524067e+02    1.1140351431e+03   -1.6069140011e+05    1.3850417742e-02    3.3027737878e-03    2.3457243232e-03    5.3510419577e+02    2.5425165219e+02    4.5850000000e+01
    3.0017521534e+02    1.1174599256e+03   -1.6069688563e+05    1.1594770475e-02   -1.1614801195e-03   -2.3202778823e-03    5.3510419577e+02    2.5425165219e+02    4.5850000000e+01
    3.0136233496e+02    1.1218792065e+03   -1.6070325304e+05    1.4706261316e-02    5.5977388147e-03    1.9984207285e-04    5.3510419577e+02    2.5425165219e+02    4.5850000000e+01
    2.9948913772e+02    1.1149058698e+03   -1.6069720616e+05    1.1746104046e-02    6.6722003679e-03   -3.8719791674e-04    5.3510419577e+02    2.5425165219e+02    4.5850000000e+01
    2.9925935990e+02    1.1140504777e+03   -1.6069402398e+05    9.0325294716e-03    7.9154552596e-03   -2.5557485561e-03    5.3510419577e+02    2.5425165219e+02    4.5850000000e+01
    3.0061642072e+02    1.1191023974e+03   -1.6069663644e+05    8.1514050400e-03    6.4126588973e-03    1.6935173082e-03    5.3510419577e+02    2.5425165219e+02    4.5850000000e+01
    3.0031150525e+02    1.1179672910e+03   -1.6069806885e+05    7.2487315695e-03    5.8653906669e-03   -6.0013119439e-04    5.3510419577e+02    2.5425165219e+02    4.5850000000e+01
    2.9963556774e+02    1.1154509837e+03   -1.6069017679e+05    7.3205415987e-03    4.4341680206e-03   -3.7733516095e-03    5.3510419577e+02    2.5425165219e+02    4.5850000000e+01
    3.0062377155e+02    1.1191297623e+03   -1.6070322756e+05    1.0082178181e-02    8.8515324380e-03   -6.6830547257e-03    5.3510419577e+02    2.5425165219e+02    4.5850000000e+01
    2.9914710669e+02    1.1136325936e+03   -1.6069588257e+05    1.6115930835e-02    1.3670683060e-02    3.0920927085e-03    5.3510419577e+02    2.5425165219e+02    4.5850000000e+01
    3.0029317810e+02    1.1178990646e+03   -1.6069772508e+05    1.5063804597e-02    1.4337006753e-02    4.1749110286e-03    5.3510419577e+02    2.5425165219e+02    4.5850000000e+01
    3.0032978023e+02    1.1180353231e+03   -1.6070024099e+05    1.3882671787e-02    1.7308627440e-02    3.1819469849e-04    5.3510419577e+02    2.5425165219e+02    4.5850000000e+01
    2.9994034369e+02    1.1165855707e+03   -1.6069502069e+05    1.3169095460e-02    1.7236705089e-02   -2.8491630865e-04    5.3510419577e+02    2.5425165219e+02    4.5850000000e+01
    3.0106165967e+02    1.1207598850e+03   -1.6070160216e+05    1.3234565142e-02    1.9050184461e-02    1.9880701033e-03    5.3510419577e+02    2.5425165219e+02    4.5850000000e+01
    2.9931591387e+02    1.1142610107e+03   -1.6069516816e+05    1.3403755815e-02    1.9501598558e-02   -1.3228956175e-03    5.3510419577e+02    2.5425165219e+02    4.5850000000e+01
    2.9963129396e+02    1.1154350737e+03   -1.6069280279e+05    1.1845340718e-02    1.8128672767e-02    1.3775711336e-04    5.3510419577e+02    2.5425165219e+02    4.5850000000e+01
    3.0089235846e+02    1.1201296287e+03   -1.6070235225e+05    1.3391149823e-02    2.1521262033e-02    3.7544911951e-04    5.3510419577e+02    2.5425165219e+02    4.5850000000e+01
    3.0126817086e+02    1.1215286625e+03   -1.6070105623e+05    1.5779020474e-02    2.2896576550e-02    2.9368848658e-03    5.3510419577e+02    2.5425165219e+02    4.5850000000e+01
    2.9886185644e+02    1.1125706947e+03   -1.6069391740e+05    1.7629903185e-02    2.4651862681e-02    5.7936253657e-04    5.3510419577e+02    2.5425165219e+02    4.5850000000e+01
    3.0075771189e+02    1.1196283809e+03   -1.6070079513e+05    1.6897637758e-02    2.3389810312e-02   -2.3889279468e-03    5.3510419577e+02    2.5425165219e+02    4.5850000000e+01
    2.9998159272e+02    1.1167391282e+03   -1.6069880948e+05    2.1790641968e-02    2.3733946999e-02    1.6979389675e-03    5.3510419577e+02    2.5425165219e+02    4.5850000000e+01
    3.0004179429e+02    1.1169632401e+03   -1.6069691027e+05    2.0494783656e-02    2.4711611920e-02   -1.3539244441e-03    5.3510419577e+02    2.5425165219e+02    4.5850000000e+01
    2.9943108109e+02    1.1146897428e+03   -1.6069542902e+05    1.9248490729e-02    2.5700104506e-02    1.1085655888e-03    5.3510419577e+02    2.5425165219e+02    4.5850000000e+01
    3.0054279418e+02    1.1188283084e+03   -1.6070199165e+05    1.9606590082e-02    2.7189783457e-02   -8.2339520477e-04    5.3510419577e+02    2.5425165219e+02    4.5850000000e+01
    2.9921849060e+02    1.1138983339e+03   -1.6069624856e+05    1.8454180677e-02    2.4906144043e-02   -5.4096901325e-04    5.3510419577e+02    2.5425165219e+02    4.5850000000e+01
    2.9904790213e+02    1.1132632855e+03   -1.6069558956e+05    1.4081010024e-02    2.3165116911e-02   -2.2921811226e-03    5.3510419577e+02    2.5425165219e+02    4.5850000000e+01
    3.0099115124e+02    1.1204974038e+03   -1.6070437760e+05    1.3112459632e-02    2.2639288144e-02   -2.7685395419e-03    5.3510419577e+02    2.5425165219e+02    4.5850000000e+01
    3.0034994429e+02    1.1181103877e+03   -1.6069811964e+05    8.6188553714e-03    2.1752129378e-02    5.6022540547e-03    5.3510419577e+02    2.5425165219e+02    4.5850000000e+01
    3.0032945945e+02    1.1180341289e+03   -1.6069660621e+05    5.9223146738e-03    1.8486988091e-02   -9.6486849927e-04    5.3510419577e+02    2.5425165219e+02    4.5850000000e+01
    2.9958038718e+02    1.1152455634e+03   -1.6069552892e+05    7.4667908027e-03    2.1899890999e-02    4.8516021818e-03    5.3510419577e+02    2.5425165219e+02    4.5850000000e+01
    2.9928949930e+02    1.1141626774e+03   -1.6069261838e+05    5.9914482971e-03    1.9164147286e-02   -1.0803592625e-03    5.3510419577e+02    2.5425165219e+02    4.5850000000e+01
    2.9837386293e+02    1.1107540451e+03   -1.6069115387e+05    4.1466750999e-03    1.9779815112e-02   -3.8963699690e-03    5.3510419577e+02    2.5425165219e+02    4.5850000000e+01
    2.9953477243e+02    1.1150757538e+03   -1.6069487615e+05    4.8656663470e-03    2.0957685979e-02   -7.1333307131e-04    5.3510419577e+02    2.5425165219e+02    4.5850000000e+01
    2.9869978503e+02    1.1119673527e+03   -1.6069372784e+05    7.6231296405e-03    2.2115394415e-02    2.4811250327e-03    5.3510419577e+02    2.5425165219e+02    4.5850000000e+01
    3.0127558652e+02    1.1215562688e+03   -1.6070631927e+05    8.3798069417e-03    2.2939094608e-02    9.7652032192e-04    5.3510419577e+02    2.5425165219e+02    4.5850000000e+01
    3.0049818827e+02    1.1186622544e+03   -1.6069711481e+05    2.5340793480e-03    2.0302751877e-02    7.0288671148e-04    5.3510419577e+02    2.5425165219e+02    4.5850000000e+01
    3.0074013312e+02    1.1195629406e+03   -1.6070137608e+05   -1.6779881820e-03    2.1294700955e-02    9.0853771033e-04    5.3510419577e+02    2.5425165219e+02    4.5850000000e+01
    2.9985251176e+02    1.1162585995e+03   -1.6069490295e+05   -1.1390196721e-03    1.7254527906e-02   -1.2101209764e-03    5.3510419577e+02    2.5425165219e+02    4.5850000000e+01
    2.9990879549e+02    1.1164681265e+03   -1.6069660991e+05    4.9791641782e-04    1.9124369388e-02   -4.5307052371e-03    5.3510419577e+02    2.5425165219e+02    4.5850000000e+01
    2.9778063622e+02    1.1085456446e+03   -1.6068830133e+05   -1.1915453099e-03    1.7289448579e-02   -1.5365359261e-03    5.3510419577e+02    2.5425165219e+02    4.5850000000e+01
    3.0021066385e+02    1.1175918895e+03   -1.6069706330e+05   -1.1798161627e-03    1.8340117005e-02    1.3953014493e-03    5.3510419577e+02    2.5425165219e+02    4.5850000000e+01
    2.9976129817e+02    1.1159190394e+03   -1.6069585154e+05    7.2675685792e-04    1.7883236715e-02    1.5540005726e-03    5.3510419577e+02    2.5425165219e+02    4.5850000000e+01
    3.0003897118e+02    1.1169527305e+03   -1.6069871553e+05    3.5484164736e-03    1.9599198770e-02   -9.7549905215e-04    5.3510419577e+02    2.5425165219e+02    4.5850000000e+01
    2.9790777047e+02    1.1090189263e+03   -1.6069136717e+05    4.5003149064e-03    1.6978408180e-02   -3.7912288206e-03    5.3510419577e+02    2.5425165219e+02    4.5850000000e+01
    3.0064224649e+02    1.1191985388e+03   -1.6070279103e+05    5.3399181808e-03    1.6923966378e-02   -6.1993065686e-04    5.3510419577e+02    2.5425165219e+02    4.5850000000e+01
    2.9889119513e+02    1.1126799136e+03   -1.6069287575e+05    5.5427836591e-03    1.5166504716e-02    3.8672981586e-03    5.3510419577e+02    2.5425165219e+02    4.5850000000e+01
    2.9851135689e+02    1.1112658927e+03   -1.6069042143e+05    2.7157674367e-03    1.2888254274e-02    6.7373127086e-04    5.3510419577e+02    2.5425165219e+02    4.5850000000e+01
    2.9947028461e+02    1.1148356855e+03   -1.6069217747e+05    7.4666618795e-04    9.3855530673e-03    9.5133769438e-04    5.3510419577e+02    2.5425165219e+02    4.5850000000e+01
    3.0115160880e+02    1.1210947379e+03   -1.6069693231e+05    7.8363516806e-04    1.0663677857e-02   -2.1309274773e-03    5.3510419577e+02    2.5425165219e+02    4.5850000000e+01
    3.0078911233e+02    1.1197452751e+03   -1.6070101486e+05    3.1615152649e-03    1.2788397820e-02    1.2963063389e-03    5.3510419577e+02    2.5425165219e+02    4.5850000000e+01
    2.9933497295e+02    1.1143319618e+03   -1.6069123670e+05    3.6885966596e-03    9.9909562107e-03   -5.1776759160e-03    5.3510419577e+02    2.5425165219e+02    4.5850000000e+01
    3.0018657803e+02    1.1175022254e+03   -1.6069869527e+05    9.0403424813e-03    1.5386971517e-02   -3.0240413901e-03    5.3510419577e+02    2.5425165219e+02    4.5850000000e+01
    3.0077575090e+02    1.1196955346e+03   -1.6070153812e+05    1.5491059059e-02    1.7233328879e-02    2.7200659943e-03    5.3510419577e+02    2.5425165219e+02    4.5850000000e+01
    2.9867174726e+02    1.1118629767e+03   -1.6069542289e+05    1.7356182022e-02    1.7928228795e-02    9.2646722649e-05    5.3510419577e+02    2.5425165219e+02    4.5850000000e+01
    2.9946002858e+02    1.1147975054e+03   -1.6069662098e+05    1.4099630088e-02    1.9944802628e-02   -1.9883269567e-03    5.3510419577e+02    2.5425165219e+02    4.5850000000e+01
    3.0024255355e+02    1.1177106050e+03   -1.6069828747e+05    1.3536902533e-02    1.8362316610e-02    2.0672487575e-03    5.3510419577e+02    2.5425165219e+02    4.5850000000e+01
    2.9947594373e+02    1.1148567526e+03   -1.6069373230e+05    1.1908924763e-02    1.7266439910e-02    3.4326232325e-03    5.3510419577e+02    2.5425165219e+02    4.5850000000e+01
    3.0035832582e+02    1.1181415895e+03   -1.6069710540e+05    8.6970058323e-03    1.8005890304e-02    1.8616891409e-03    5.3510419577e+02    2.5425165219e+02    4.5850000000e+01
    3.0009981909e+02    1.1171792485e+03   -1.6069413012e+05    5.3817971617e-03    1.5255509861e-02   -1.9100876190e-03    5.3510419577e+02    2.5425165219e+02    4.5850000000e+01
    2.9964760600e+02    1.1154957984e+03   -1.6069664873e+05    8.3454715607e-03    1.5604874591e-02   -6.4446388558e-03    5.3510419577e+02    2.5425165219e+02    4.5850000000e+01
    3.0009792579e+02    1.1171722004e+03   -1.6070076637e+05    1.1980159829e-02    2.0608746440e-02   -1.3558383281e-03    5.3510419577e+02    2.5425165219e+02    4.5850000000e+01
    2.9902704390e+02    1.1131856367e+03   -1.6069602309e+05    1.3011899605e-02    1.9601901295e-02    2.5799098827e-03    5.3510419577e+02    2.5425165219e+02    4.5850000000e+01
    3.0032430158e+02    1.1180149277e+03   -1.6069665782e+05    1.2370596344e-02    1.7377007852e-02    3.1327640403e-03    5.3510419577e+02    2.5425165219e+02    4.5850000000e+01
    2.9965014758e+02    1.1155052599e+03   -1.6069693245e+05    1.1429358081e-02    1.8540725830e-02   -3.1725758909e-03    5.3510419577e+02    2.5425165219e+02    4.5850000000e+01
    2.9946638115e+02    1.1148211541e+03   -1.6069436669e+05    9.4471643163e-03    1.5302600125e-02    7.3928083286e-04    5.3510419577e+02    2.5425165219e+02    4.5850000000e+01
    3.0138478409e+02    1.1219627777e+03   -1.6070192399e+05    1.1073270246e-02    1.8635671245e-02    1.4226952080e-03    5.3510419577e+02    2.5425165219e+02    4.5850000000e+01
    2.9956487112e+02    1.1151878019e+03   -1.6069635057e+05    9.6027143918e-03    1.6170476266e-02    1.6523203610e-03    5.3510419577e+02    2.5425165219e+02    4.5850000000e+01
    2.9924972202e+02    1.1140145988e+03   -1.6069272648e+05    8.9960287774e-03    1.3854122695e-02    6.6547100669e-04    5.3510419577e+02    2.5425165219e+02    4.5850000000e+01
    2.9768948960e+02    1.1082063338e+03   -1.6068713728e+05    7.0008051039e-03    1.3643581992e-02    1.3138494959e-03    5.3510419577e+02    2.5425165219e+02    4.5850000000e+01
    2.9948526299e+02    1.1148914454e+03   -1.6069487601e+05    9.1976445847e-03    1.4400465656e-02   -1.6784970134e-03    5.3510419577e+02    2.5425165219e+02    4.5850000000e+01
    2.9967999920e+02    1.1156163883e+03   -1.6069416740e+05    1.2705680491e-02    1.3848331197e-02   -1.3572633550e-03    5.3510419577e+02    2.5425165219e+02    4.5850000000e+01
    2.9865385175e+02    1.1117963572e+03   -1.6069529309e+05    1.2769357104e-02    1.5854538753e-02   -1.2350010531e-03    5.3510419577e+02    2.5425165219e+02    4.5850000000e+01
    2.9973962402e+02    1.1158383532e+03   -1.6069837600e+05    1.0743537147e-02    1.2371790592e-02    6.5502158666e-04    5.3510419577e+02    2.5425165219e+02    4.5850000000e+01
    2.9827530927e+02    1.1103871601e+03   -1.6069120923e+05    8.0392427414e-03    1.5425639137e-02    2.7096006932e-03    5.3510419577e+02    2.5425165219e+02    4.5850000000e+01
    2.9916616587e+02    1.1137035450e+03   -1.6069083630e+05    6.9355708970e-03    1.4204595915e-02    6.7499315511e-04    5.3510419577e+02    2.5425165219e+02    4.5850000000e+01
    2.9930779826e+02    1.1142307988e+03   -1.6069554298e+05    1.0284214347e-02    1.7787935126e-02    6.0406955109e-04    5.3510419577e+02    2.5425165219e+02    4.5850000000e+01
    2.9928139517e+02    1.1141325082e+03   -1.6069800611e+05    1.1212515354e-02    1.8193024045e-02   -1.1316154677e-03    5.3510419577e+02    2.5425165219e+02    4.5850000000e+01
    2.9451148652e+02    1.0963756066e+03   -1.6068590998e+05    5.0138143699e-02    5.1677861397e-02    3.0222577353e-02    5.3510419577e+02    2.5425165219e+02    4.5850000000e+01
    3.0028379090e+02    1.1178641190e+03   -1.6069973256e+05    2.7309656519e-02    3.1529634597e-02   -1.0357830564e-02    5.3510419577e+02    2.5425165219e+02    4.5850000000e+01
    2.9721417259e+02    1.1064368749e+03   -1.6068878975e+05    1.5511956346e-02    2.5143597584e-02   -1.6847560965e-02    5.3510419577e+02    2.5425165219e+02    4.5850000000e+01
    2.9821761321e+02    1.1101723754e+03   -1.6068956321e+05    1.5060166537e-02    2.7300885425e-02   -7.2557535800e-04    5.3510419577e+02    2.5425165219e+02    4.5850000000e+01
    2.9994942410e+02    1.1166193743e+03   -1.6069775880e+05    1.4902922397e-02    2.5431995152e-02    6.4050821616e-03    5.3510419577e+02    2.5425165219e+02    4.5850000000e+01
    3.0140158841e+02    1.1220253350e+03   -1.6070131444e+05    1.0276035277e-02    2.0451311966e-02    1.4042419377e-04    5.3510419577e+02    2.5425165219e+02    4.5850000000e+01
    3.0032884731e+02    1.1180318501e+03   -1.6069928451e+05    1.1503273288e-02    2.0282365365e-02   -2.6893699616e-03    5.3510419577e+02    2.5425165219e+02    4.5850000000e+01
    2.9932181887e+02    1.1142829932e+03   -1.6069795868e+05    1.5604821485e-02    1.5864681219e-02    2.9546550138e-04    5.3510419577e+02    2.5425165219e+02    4.5850000000e+01
    3.0001224062e+02    1.1168532209e+03   -1.6069760895e+05    1.4514579699e-02    1.4439383248e-02   -1.0474184296e-03    5.3510419577e+02    2.5425165219e+02    4.5850000000e+01
    3.0051109187e+02    1.1187102905e+03   -1.6069931575e+05    1.5133382319e-02    1.5806265961e-02    4.7359691437e-04    5.3510419577e+02    2.5425165219e+02    4.5850000000e+01
    3.0003757396e+02    1.1169475291e+03   -1.6070041729e+05    1.6329847656e-02    1.3354251729e-02   -1.2057732729e-03    5.3510419577e+02    2.5425165219e+02    4.5850000000e+01
    3.0100485127e+02    1.1205484047e+03   -1.6070149405e+05    1.5640817487e-02    1.1372282944e-02    5.2650776172e-04    5.3510419577e+02    2.5425165219e+02    4.5850000000e+01
    3.0041560387e+02    1.1183548181e+03   -1.6069685942e+05    1.6373071023e-02    8.7777095009e-03    2.0080426718e-04    5.3510419577e+02    2.5425165219e+02    4.5850000000e+01
    3.0148101254e+02    1.1223210066e+03   -1.6070272419e+05    1.6210816950e-02    9.5837065135e-03    6.2711787710e-04    5.3510419577e+02    2.5425165219e+02    4.5850000000e+01
    2.9837447160e+02    1.1107563109e+03   -1.6068810616e+05    1.3567451805e-02    9.6446884492e-03   -1.4936763840e-03    5.3510419577e+02    2.5425165219e+02    4.5850000000e+01
    2.9737588213e+02    1.1070388698e+03   -1.6069001335e+05    1.5381688923e-02    1.2871621973e-02   -1.3647761090e-03    5.3510419577e+02    2.5425165219e+02    4.5850000000e+01
    2.9872627112e+02    1.1120659523e+03   -1.6069428877e+05    1.3977700936e-02    1.3479867054e-02    2.8695117426e-03    5.3510419577e+02    2.5425165219e+02    4.5850000000e+01
    2.9989341605e+02    1.1164108736e+03   -1.6069564185e+05    1.2858784152e-02    1.2245856504e-02    5.9704361323e-03    5.3510419577e+02    2.5425165219e+02    4.5850000000e+01
    2.9996715889e+02    1.1166853954e+03   -1.6069645695e+05    1.2694963674e-02    1.0754628971e-02   -5.4809958320e-04    5.3510419577e+02    2.5425165219e+02    4.5850000000e+01
    3.0156163882e+02    1.1226211534e+03   -1.6070289969e+05    1.2825524180e-02    7.8673077546e-03   -2.7064862279e-03    5.3510419577e+02    2.5425165219e+02    4.5850000000e+01
    3.0123983657e+02    1.1214231827e+03   -1.6069907613e+05    8.4331230837e-03    3.2139238380e-03   -2.4684007081e-03    5.3510419577e+02    2.5425165219e+02    4.5850000000e+01
    2.9930559062e+02    1.1142225804e+03   -1.6069147579e+05    1.1547885309e-02    1.1181291342e-02    1.9302203078e-03    5.3510419577e+02    2.5425165219e+02    4.5850000000e+01
    2.9983576052e+02    1.1161962398e+03   -1.6069819002e+05    1.2752204048e-02    1.1264396483e-02   -7.6995172698e-04    5.3510419577e+02    2.5425165219e+02    4.5850000000e+01
    2.9885686870e+02    1.1125521269e+03   -1.6069040020e+05    1.3941143039e-02    7.3574362849e-03    1.7456462768e-04    5.3510419577e+02    2.5425165219e+02    4.5850000000e+01
    3.0059033255e+02    1.1190052792e+03   -1.6069967434e+05    1.4092778742e-02    1.1295996380e-02    1.2181935418e-03    5.3510419577e+02    2.5425165219e+02    4.5850000000e+01
    2.9898106680e+02    1.1130144782e+03   -1.6069734986e+05    1.8303627534e-02    1.4265562875e-02   -5.5518884045e-03    5.3510419577e+02    2.5425165219e+02    4.5850000000e+01
    3.0030823527e+02    1.1179551178e+03   -1.6070003453e+05    2.1247881141e-02    1.7590836550e-02    2.3660511531e-03    5.3510419577e+02    2.5425165219e+02    4.5850000000e+01
    2.9885294744e+02    1.1125375292e+03   -1.6069443322e+05    1.7203339218e-02    1.8932845723e-02    2.9037256098e-03    5.3510419577e+02    2.5425165219e+02    4.5850000000e+01
    2.9986539017e+02    1.1163065418e+03   -1.6069605384e+05    1.2200260466e-02    1.8861493314e-02   -6.5247043627e-04    5.3510419577e+02    2.5425165219e+02    4.5850000000e+01
    2.9975001497e+02    1.1158770355e+03   -1.6069450384e+05    8.2410085087e-03    1.8898417952e-02    5.9242267336e-04    5.3510419577e+02    2.5425165219e+02    4.5850000000e+01
    3.0097118993e+02    1.1204230940e+03   -1.6070058253e+05    1.0465761850e-02    2.0033121853e-02    4.4251263153e-04    5.3510419577e+02    2.5425165219e+02    4.5850000000e+01
    3.0189863396e+02    1.1238756826e+03   -1.6070516327e+05    1.2711555570e-02    2.2231828574e-02   -1.3521822446e-03    5.3510419577e+02    2.5425165219e+02    4.5850000000e+01
    3.0009658915e+02    1.1171672245e+03   -1.6069791894e+05    1.8123471987e-02    2.3095141006e-02    2.3693569459e-03    5.3510419577e+02    2.5425165219e+02    4.5850000000e+01
    3.0060949457e+02    1.1190766135e+03   -1.6069958871e+05    1.8935750582e-02    2.1036166939e-02    3.1165127448e-04    5.3510419577e+02    2.5425165219e+02    4.5850000000e+01
    3.0063951916e+02    1.1191883858e+03   -1.6070087619e+05    2.2298997927e-02    1.8750989748e-02   -3.5198477096e-03    5.3510419577e+02    2.5425165219e+02    4.5850000000e+01
    3.0082424234e+02    1.1198760533e+03   -1.6070303671e+05    2.2657130821e-02    1.8852629778e-02   -7.1185087395e-04    5.3510419577e+02    2.5425165219e+02    4.5850000000e+01
    3.0020255319e+02    1.1175616960e+03   -1.6069785228e+05    1.8672326973e-02    1.6886022086e-02    1.8679812073e-03    5.3510419577e+02    2.5425165219e+02    4.5850000000e+01
    3.0005482415e+02    1.1170117462e+03   -1.6069513202e+05    1.7009856818e-02    1.4960855748e-02    5.6183602617e-05    5.3510419577e+02    2.5425165219e+02    4.5850000000e+01
    2.9898716417e+02    1.1130371768e+03   -1.6069336611e+05    1.9493865944e-02    1.4679102374e-02    9.4407469289e-04    5.3510419577e+02    2.5425165219e+02    4.5850000000e+01
    3.0030571493e+02    1.1179457354e+03   -1.6070008809e+05    1.9805203521e-02    1.3885146656e-02    2.3947106635e-03    5.3510419577e+02    2.5425165219e+02    4.5850000000e+01
    2.9859686235e+02    1.1115842032e+03   -1.6069241371e+05    1.7003539470e-02    1.1955589318e-02   -1.2727758307e-03    5.3510419577e+02    2.5425165219e+02    4.5850000000e+01
    3.0199507264e+02    1.1242346941e+03   -1.6070265630e+05    1.3441290223e-02    9.0503268725e-03   -2.4700659073e-03    5.3510419577e+02    2.5425165219e+02    4.5850000000e+01
    2.9928169058e+02    1.1141336079e+03   -1.6069477372e+05    1.5116512340e-02    1.1038823433e-02   -8.6411064126e-04    5.3510419577e+02    2.5425165219e+02    4.5850000000e+01
    2.9912781923e+02    1.1135607923e+03   -1.6069220076e+05    1.4177579007e-02    1.2986768196e-02    2.3575739827e-03    5.3510419577e+02    2.5425165219e+02    4.5850000000e+01
    3.0029754493e+02    1.1179153210e+03   -1.6069768175e+05    1.2839240432e-02    1.3499237334e-02    9.4210758100e-04    5.3510419577e+02    2.5425165219e+02    4.5850000000e+01
    2.9883998346e+02    1.1124892683e+03   -1.6069202539e+05    1.0096510686e-02    1.1338742717e-02   -2.9526807670e-03    5.3510419577e+02    2.5425165219e+02    4.5850000000e+01
    3.0153646540e+02    1.1225274405e+03   -1.6070198197e+05    1.0979955743e-02    1.2010962935e-02   -1.1683236823e-03    5.3510419577e+02    2.5425165219e+02    4.5850000000e+01
    2.9945722388e+02    1.1147870644e+03   -1.6069766380e+05    1.1482292937e-02    1.3975280174e-02   -4.6309562155e-04    5.3510419577e+02    2.5425165219e+02    4.5850000000e+01
    2.9901525613e+02    1.1131417545e+03   -1.6069096145e+05    6.6757423310e-03    1.1301918103e-02   -3.1150192430e-03    5.3510419577e+02    2.5425165219e+02    4.5850000000e+01
    2.9981118935e+02    1.1161047689e+03   -1.6069649941e+05    7.9001057268e-03    1.2061156383e-02    1.0219520080e-03    5.3510419577e+02    2.5425165219e+02    4.5850000000e+01
    2.9951549963e+02    1.1150040071e+03   -1.6069355202e+05    8.6694055347e-03    1.1594647507e-02    1.7655214454e-03    5.3510419577e+02    2.5425165219e+02    4.5850000000e+01
    3.0040255922e+02    1.1183062568e+03   -1.6069473753e+05    4.6402151054e-03    1.1349890424e-02   -3.4059619143e-04    5.3510419577e+02    2.5425165219e+02    4.5850000000e+01
    2.9831106672e+02    1.1105202741e+03   -1.6068739111e+05    7.0775581956e-03    1.1392301624e-02   -3.1544338686e-03    5.3510419577e+02    2.5425165219e+02    4.5850000000e+01
    2.9967111724e+02    1.1155833235e+03   -1.6069486736e+05    9.7841366968e-03    1.6918338086e-02    2.0674171018e-03    5.3510419577e+02    2.5425165219e+02    4.5850000000e+01
    2.9991448904e+02    1.1164893218e+03   -1.6069689833e+05    1.1479135253e-02    1.9811497268e-02    5.0700227169e-03    5.3510419577e+02    2.5425165219e+02    4.5850000000e+01
    2.9838376129e+02    1.1107908936e+03   -1.6068839860e+05    8.6957648748e-03    1.4280759668e-02   -2.4812647831e-03    5.3510419577e+02    2.5425165219e+02    4.5850000000e+01
    2.9990583720e+02    1.1164571137e+03   -1.6069858177e+05    1.3703753920e-02    2.2417440610e-02    1.0514392753e-03    5.3510419577e+02    2.5425165219e+02    4.5850000000e+01
    3.0014214429e+02    1.1173368122e+03   -1.6069878240e+05    1.5094687631e-02    2.2955692372e-02   -2.9734258180e-04    5.3510419577e+02    2.5425165219e+02    4.5850000000e+01
    2.9989833228e+02    1.1164291752e+03   -1.6069770246e+05    1.5835656255e-02    2.2839696258e-02   -7.6978124572e-04    5.3510419577e+02    2.5425165219e+02    4.5850000000e+01
    3.0156498768e+02    1.1226336202e+03   -1.6070386564e+05    1.5212356328e-02    2.3788650892e-02   -5.4096069363e-04    5.3510419577e+02    2.5425165219e+02    4.5850000000e+01
    3.0026932189e+02    1.1178102553e+03   -1.6069993344e+05    1.8029559136e-02    2.4019365497e-02    1.4561796404e-03    5.3510419577e+02    2.5425165219e+02    4.5850000000e+01
    2.9948020990e+02    1.1148726343e+03   -1.6069530735e+05    1.6281558910e-02    2.2402753394e-02   -3.4765361707e-03    5.3510419577e+02    2.5425165219e+02    4.5850000000e+01
    3.0069767393e+02    1.1194048781e+03   -1.6070253317e+05    1.5983556858e-02    2.3043124733e-02   -1.7305640871e-03    5.3510419577e+02    2.5425165219e+02    4.5850000000e+01
    3.0087141241e+02    1.1200516529e+03   -1.6069771929e+05    1.0839871904e-02    1.8852408829e-02   -2.2043508958e-03    5.3510419577e+02    2.5425165219e+02    4.5850000000e+01
    3.0088668916e+02    1.1201085236e+03   -1.6070118879e+05    1.3636611211e-02    2.1372895289e-02   -2.9487959955e-03    5.3510419577e+02    2.5425165219e+02    4.5850000000e+01
    3.0056596533e+02    1.1189145675e+03   -1.6070079526e+05    1.4941430744e-02    2.3337629130e-02    2.1004571280e-03    5.3510419577e+02    2.5425165219e+02    4.5850000000e+01
    3.0164569770e+02    1.1229340788e+03   -1.6070228066e+05    1.3579343271e-02    2.0777037769e-02    1.0966325001e-03    5.3510419577e+02    2.5425165219e+02    4.5850000000e+01
    2.9969240166e+02    1.1156625589e+03   -1.6069798244e+05    1.4575743726e-02    2.2503170505e-02    2.4716143062e-03    5.3510419577e+02    2.5425165219e+02    4.5850000000e+01
    2.9854095397e+02    1.1113760736e+03   -1.6069269103e+05    1.4647542667e-02    2.1246499967e-02   -6.7450726870e-04    5.3510419577e+02    2.5425165219e+02    4.5850000000e+01
    2.9962969963e+02    1.1154291385e+03   -1.6069611963e+05    1.5155981257e-02    2.0896309683e-02    1.6038751074e-03    5.3510419577e+02    2.5425165219e+02    4.5850000000e+01
    3.0064123200e+02    1.1191947621e+03   -1.6069628947e+05    1.5905220381e-02    1.9587118147e-02    2.6671841290e-03    5.3510419577e+02    2.5425165219e+02    4.5850000000e+01
    3.0050586775e+02    1.1186908427e+03   -1.6070089859e+05    1.6977268240e-02    2.1574044361e-02   -1.5825002624e-03    5.3510419577e+02    2.5425165219e+02    4.5850000000e+01
    2.9849906587e+02    1.1112201371e+03   -1.6069414632e+05    1.5484213282e-02    1.9340349861e-02   -4.9471243685e-03    5.3510419577e+02    2.5425165219e+02    4.5850000000e+01
    3.0025705978e+02    1.1177646072e+03   -1.6070075092e+05    1.6519885987e-02    2.0830039454e-02    1.1349912257e-03    5.3510419577e+02    2.5425165219e+02    4.5850000000e+01
    3.0157291370e+02    1.1226631263e+03   -1.6070062715e+05    1.2358797219e-02    1.6216042748e-02   -1.3284745201e-03    5.3510419577e+02    2.5425165219e+02    4.5850000000e+01
    2.9814593350e+02    1.1099055339e+03   -1.6069111265e+05    1.3263249522e-02    1.7657060531e-02    1.4841812459e-03    5.3510419577e+02    2.5425165219e+02    4.5850000000e+01
    2.9898189962e+02    1.1130175785e+03   -1.6069403767e+05    1.0244458865e-02    1.1784696343e-02   -2.5982615463e-03    5.3510419577e+02    2.5425165219e+02    4.5850000000e+01
    2.9819554676e+02    1.1100902288e+03   -1.6068928035e+05    1.0365964876e-02    8.6736955701e-03   -1.3126243835e-03    5.3510419577e+02    2.5425165219e+02    4.5850000000e+01
    3.0035072522e+02    1.1181132948e+03   -1.6069615979e+05    7.3667085863e-03    9.1466969760e-03   -3.9009780674e-03    5.3510419577e+02    2.5425165219e+02    4.5850000000e+01
    2.9966665266e+02    1.1155667033e+03   -1.6069501298e+05    7.9512671278e-03    7.7060660090e-03   -1.0898295465e-03    5.3510419577e+02    2.5425165219e+02    4.5850000000e+01
    2.9979237147e+02    1.1160347157e+03   -1.6069261129e+05    8.2387239380e-03    7.5282311628e-03    1.6473266463e-04    5.3510419577e+02    2.5425165219e+02    4.5850000000e+01
    3.0067935348e+02    1.1193366767e+03   -1.6070145057e+05    6.1768805230e-03    5.3998885808e-03   -2.4401880124e-03    5.3510419577e+02    2.5425165219e+02    4.5850000000e+01
    3.0062486457e+02    1.1191338313e+03   -1.6069445249e+05    6.0380971051e-03    3.6574419218e-03    2.8277686402e-03    5.3510419577e+02    2.5425165219e+02    4.5850000000e+01
    3.0031621747e+02    1.1179848331e+03   -1.6069299312e+05    8.6284661215e-03    4.8064780744e-03    4.4764304898e-04    5.3510419577e+02    2.5425165219e+02    4.5850000000e+01
    2.9907720480e+02    1.1133723703e+03   -1.6069313456e+05    1.0822738588e-02    7.0477394693e-03   -1.7562992339e-03    5.3510419577e+02    2.5425165219e+02    4.5850000000e+01
    2.9945071056e+02    1.1147628173e+03   -1.6069639930e+05    1.3139240017e-02    8.5084311679e-03   -2.6373800467e-03    5.3510419577e+02    2.5425165219e+02    4.5850000000e+01
    3.0146503192e+02    1.1222615157e+03   -1.6070019264e+05    1.2493359761e-02    1.1534610520e-02    1.3274220862e-03    5.3510419577e+02    2.5425165219e+02    4.5850000000e+01
    2.9875716677e+02    1.1121809673e+03   -1.6069369152e+05    1.5525262883e-02    1.3780926890e-02    2.7743106807e-03    5.3510419577e+02    2.5425165219e+02    4.5850000000e+01
    2.9966046346e+02    1.1155436628e+03   -1.6069623346e+05    1.6762189388e-02    1.4424422462e-02   -3.1767421806e-04    5.3510419577e+02    2.5425165219e+02    4.5850000000e+01
    2.9943685073e+02    1.1147112214e+03   -1.6069941527e+05    2.0184272993e-02    1.8648947044e-02    6.5126659756e-04    5.3510419577e+02    2.5425165219e+02    4.5850000000e+01
    2.9880292651e+02    1.1123513167e+03   -1.6069479405e+05    1.7189684543e-02    1.6884987940e-02   -2.5998732279e-03    5.3510419577e+02    2.5425165219e+02    4.5850000000e+01
    2.9940878865e+02    1.1146067550e+03   -1.6069515142e+05    1.5684903704e-02    1.6529415561e-02    2.9529618281e-03    5.3510419577e+02    2.5425165219e+02    4.5850000000e+01
    2.9928978169e+02    1.1141637286e+03   -1.6069652879e+05    1.4039875103e-02    1.6660865583e-02   -4.5448732876e-04    5.3510419577e+02    2.5425165219e+02    4.5850000000e+01
    2.9805034679e+02    1.1095496940e+03   -1.6068899281e+05    9.6481052111e-03    1.2882686147e-02   -4.1114634050e-03    5.3510419577e+02    2.5425165219e+02    4.5850000000e+01
    3.0032290765e+02    1.1180097386e+03   -1.6069736602e+05    9.9356177168e-03    1.6877404741e-02    5.3369211229e-04    5.3510419577e+02    2.5425165219e+02    4.5850000000e+01
    2.9902662200e+02    1.1131840661e+03   -1.6069314718e+05    1.1013060308e-02    1.6694153192e-02    3.8741997315e-03    5.3510419577e+02    2.5425165219e+02    4.5850000000e+01
    3.0017868519e+02    1.1174728427e+03   -1.6069543695e+05    5.8208861243e-03    1.3126853744e-02   -1.5600165515e-04    5.3510419577e+02    2.5425165219e+02    4.5850000000e+01
    3.0029913370e+02    1.1179212355e+03   -1.6069754374e+05    5.5876736108e-03    1.1705265986e-02    5.9009365134e-04    5.3510419577e+02    2.5425165219e+02    4.5850000000e+01
    3.0135815016e+02    1.1218636278e+03   -1.6070099239e+05    4.2491536295e-03    1.1162797317e-02   -7.6887528912e-04    5.3510419577e+02    2.5425165219e+02    4.5850000000e+01
    3.0088059896e+02    1.1200858517e+03   -1.6069949104e+05    6.2403877254e-03    1.5048521759e-02    1.5439829676e-03    5.3510419577e+02    2.5425165219e+02    4.5850000000e+01
    2.9237512125e+02    1.0884225763e+03   -1.6067555337e+05    4.6188180128e-02    4.9178634171e-02    2.1238261912e-02    5.3510419577e+02    2.5425165219e+02    4.5850000000e+01
    2.9697893894e+02    1.1055611724e+03   -1.6068560127e+05    2.5555171257e-02    3.2036143862e-02   -1.3955727205e-02    5.3510419577e+02    2.5425165219e+02    4.5850000000e+01
    2.9895518472e+02    1.1129181271e+03   -1.6069475883e+05    2.3173284487e-02    2.9621946716e-02   -1.6323187889e-02    5.3510419577e+02    2.5425165219e+02    4.5850000000e+01
    2.9964294218e+02    1.1154784365e+03   -1.6069623650e+05    2.5125704719e-02    3.4679918350e-02    4.5084178003e-03    5.3510419577e+02    2.5425165219e+02    4.5850000000e+01
    2.9889404077e+02    1.1126905070e+03   -1.6069615457e+05    2.1322347005e-02    3.2237070184e-02    7.3749028288e-03    5.3510419577e+02    2.5425165219e+02    4.5850000000e+01
    3.0103890019e+02    1.1206751584e+03   -1.6070282718e+05    1.4536682424e-02    2.8687564539e-02   -2.4136020321e-04    5.3510419577e+02    2.5425165219e+02    4.5850000000e+01
    2.9985415353e+02    1.1162647113e+03   -1.6069620985e+05    1.1316600415e-02    2.6765473180e-02   -5.4336928166e-03    5.3510419577e+02    2.5425165219e+02    4.5850000000e+01
    2.9964709319e+02    1.1154938894e+03   -1.6069895422e+05    1.4267384840e-02    2.7294568732e-02    2.7845338672e-03    5.3510419577e+02    2.5425165219e+02    4.5850000000e+01
    2.9948506354e+02    1.1148907029e+03   -1.6069269094e+05    1.0403585749e-02    2.3310495611e-02   -5.4866250559e-04    5.3510419577e+02    2.5425165219e+02    4.5850000000e+01
    3.0004210579e+02    1.1169643997e+03   -1.6069425964e+05    9.6526028606e-03    2.2921560799e-02    1.7276344831e-03    5.3510419577e+02    2.5425165219e+02    4.5850000000e+01
    2.9976340680e+02    1.1159268891e+03   -1.6069546782e+05    9.6461790456e-03    2.2308369320e-02   -4.6955459006e-03    5.3510419577e+02    2.5425165219e+02    4.5850000000e+01
    3.0101604092e+02    1.1205900604e+03   -1.6069949765e+05    1.0897345423e-02    2.4416055193e-02   -7.4526627215e-04    5.3510419577e+02    2.5425165219e+02    4.5850000000e+01
    3.0017723341e+02    1.1174674382e+03   -1.6070082371e+05    1.7272316245e-02    2.6349607756e-02    1.3588143029e-03    5.3510419577e+02    2.5425165219e+02    4.5850000000e+01
    2.9918767229e+02    1.1137836068e+03   -1.6069597877e+05    1.2144134279e-02    2.1751048107e-02   -6.3272287649e-04    5.3510419577e+02    2.5425165219e+02    4.5850000000e+01
    3.0001293576e+02    1.1168558086e+03   -1.6069740712e+05    1.0460387884e-02    2.1310953291e-02   -1.5725746568e-03    5.3510419577e+02    2.5425165219e+02    4.5850000000e+01
    3.0057101035e+02    1.1189333485e+03   -1.6069870788e+05    8.9460964656e-03    2.1810083277e-02    3.2200246755e-03    5.3510419577e+02    2.5425165219e+02    4.5850000000e+01
    2.9866767467e+02    1.1118478157e+03   -1.6069365384e+05    5.8312100477e-03    1.6288012594e-02   -1.5953135032e-03    5.3510419577e+02    2.5425165219e+02    4.5850000000e+01
    3.0017290107e+02    1.1174513103e+03   -1.6069759051e+05    7.3113629172e-03    1.7604755279e-02   -4.6874501905e-04    5.3510419577e+02    2.5425165219e+02    4.5850000000e+01
    2.9949485756e+02    1.1149271630e+03   -1.6069606294e+05    6.0145286080e-03    1.9692857672e-02    7.6738988973e-04    5.3510419577e+02    2.5425165219e+02    4.5850000000e+01
    2.9909700884e+02    1.1134460947e+03   -1.6069387017e+05    9.0163415774e-03    1.8828390344e-02    1.2757310297e-03    5.3510419577e+02    2.5425165219e+02    4.5850000000e+01
    3.0082212360e+02    1.1198681659e+03   -1.6070366991e+05    9.1974354932e-03    1.8145939510e-02   -9.8940366696e-04    5.3510419577e+02    2.5425165219e+02    4.5850000000e+01
    3.0073221717e+02    1.1195334719e+03   -1.6070004599e+05    9.7001027797e-03    1.7316977395e-02    6.4596817789e-04    5.3510419577e+02    2.5425165219e+02    4.5850000000e+01
    2.9989265006e+02    1.1164080220e+03   -1.6069766809e+05    1.0583718121e-02    1.8310027985e-02   -2.4328782724e-03    5.3510419577e+02    2.5425165219e+02    4.5850000000e+01
    2.9976754254e+02    1.1159422852e+03   -1.6069667698e+05    1.1994875721e-02    2.0208557145e-02    1.9985955134e-03    5.3510419577e+02    2.5425165219e+02    4.5850000000e+01
    3.0027800770e+02    1.1178425899e+03   -1.6070113226e+05    1.3545977895e-02    2.1347934882e-02   -6.5943737811e-04    5.3510419577e+02    2.5425165219e+02    4.5850000000e+01
    2.9974258398e+02    1.1158493722e+03   -1.6069539562e+05    1.0786536253e-02    1.9999717178e-02   -1.4144126358e-03    5.3510419577e+02    2.5425165219e+02    4.5850000000e+01
    2.9919482989e+02    1.1138102523e+03   -1.6069497551e+05    1.1554870836e-02    2.0480754323e-02    1.8702163757e-03    5.3510419577e+02    2.5425165219e+02    4.5850000000e+01
    3.0020755203e+02    1.1175803051e+03   -1.6069944153e+05    1.1726822391e-02    2.0890774597e-02    4.5139297361e-04    5.3510419577e+02    2.5425165219e+02    4.5850000000e+01
    3.0005924483e+02    1.1170282030e+03   -1.6069535650e+05    8.5236120287e-03    1.8994340038e-02    1.3626932737e-03    5.3510419577e+02    2.5425165219e+02    4.5850000000e+01
    3.0089618170e+02    1.1201438614e+03   -1.6069961489e+05    9.3701311882e-03    1.9685085912e-02   -1.0912637738e-04    5.3510419577e+02    2.5425165219e+02    4.5850000000e+01
    2.9814545058e+02    1.1099037362e+03   -1.6068888953e+05    6.5573097243e-03    1.7831075663e-02   -2.9861829081e-03    5.3510419577e+02    2.5425165219e+02    4.5850000000e+01
    3.0018752023e+02    1.1175057329e+03   -1.6069363745e+05    4.1935591799e-03    1.7752816549e-02   -1.9521223408e-03    5.3510419577e+02    2.5425165219e+02    4.5850000000e+01
    3.0063718809e+02    1.1191797079e+03   -1.6069948980e+05    5.1740784484e-03    2.1641979261e-02    1.6362783391e-04    5.3510419577e+02    2.5425165219e+02    4.5850000000e+01
    2.9864961111e+02    1.1117805706e+03   -1.6069021628e+05    3.6612554655e-03    1.8553756085e-02   -1.5210143849e-03    5.3510419577e+02    2.5425165219e+02    4.5850000000e+01
    3.0115686545e+02    1.1211143067e+03   -1.6069834361e+05    4.8624698609e-03    1.9555842044e-02   -2.1835951063e-04    5.3510419577e+02    2.5425165219e+02    4.5850000000e+01
    3.0091165136e+02    1.1202014502e+03   -1.6069984480e+05    3.6104415158e-03    2.4243812722e-02    1.4484057430e-03    5.3510419577e+02    2.5425165219e+02    4.5850000000e+01
    3.0039438180e+02    1.1182758149e+03   -1.6069733600e+05    2.6910719997e-03    2.1786747429e-02    2.6688313474e-03    5.3510419577e+02    2.5425165219e+02    4.5850000000e+01
    3.0010957781e+02    1.1172155772e+03   -1.6069750282e+05    1.4295977948e-03    2.0410316013e-02    9.2895142127e-04    5.3510419577e+02    2.5425165219e+02    4.5850000000e+01
    2.9892163040e+02    1.1127932147e+03   -1.6068890889e+05    1.4047527411e-03    1.6907791825e-02    7.6629291630e-04    5.3510419577e+02    2.5425165219e+02    4.5850000000e+01
    2.9919819870e+02    1.1138227934e+03   -1.6069019736e+05    2.2836258057e-04    1.8314950383e-02    1.0668522091e-03    5.3510419577e+02    2.5425165219e+02    4.5850000000e+01
    2.9948197638e+02    1.1148792103e+03   -1.6069309186e+05    3.5376094591e-03    1.4726253543e-02   -2.4637090846e-03    5.3510419577e+02    2.5425165219e+02    4.5850000000e+01
    3.0078935905e+02    1.1197461936e+03   -1.6070085428e+05    6.3008725729e-03    1.9489834719e-02    7.3861645021e-04    5.3510419577e+02    2.5425165219e+02    4.5850000000e+01
    2.9916557421e+02    1.1137013425e+03   -1.6069590051e+05    5.9571880813e-03    2.0590995511e-02    6.8157915427e-04    5.3510419577e+02    2.5425165219e+02    4.5850000000e+01
    3.0061415923e+02    1.1190939785e+03   -1.6069833799e+05    4.2622951592e-03    1.8368590624e-02    2.8495345385e-04    5.3510419577e+02    2.5425165219e+02    4.5850000000e+01
    2.9999164475e+02    1.1167765488e+03   -1.6069581800e+05    1.7407273553e-03    1.6798529671e-02   -2.5307552256e-03    5.3510419577e+02    2.5425165219e+02    4.5850000000e+01
    2.9960798464e+02    1.1153483003e+03   -1.6069803239e+05    7.5205502002e-03    2.0771971104e-02    2.9090345845e-03    5.3510419577e+02    2.5425165219e+02    4.5850000000e+01
    3.0184840358e+02    1.1236886903e+03   -1.6070402891e+05    5.5074219996e-03    2.0075403493e-02    9.9351928570e-04    5.3510419577e+02    2.5425165219e+02    4.5850000000e+01
    2.9973405642e+02    1.1158176267e+03   -1.6069812665e+05    8.1028245610e-03    2.2045194968e-02    6.6863524735e-04    5.3510419577e+02    2.5425165219e+02    4.5850000000e+01
    2.9915238091e+02    1.1136522278e+03   -1.6069396537e+05    8.2500907966e-03    1.9070677251e-02   -3.2179137490e-03    5.3510419577e+02    2.5425165219e+02    4.5850000000e+01
    2.9840854808e+02    1.1108831672e+03   -1.6068995579e+05    5.3771368439e-03    1.9017975713e-02   -3.8305281388e-03    5.3510419577e+02    2.5425165219e+02    4.5850000000e+01
    2.9963673257e+02    1.1154553200e+03   -1.6069454036e+05    4.0536307847e-03    2.1803174919e-02   -1.7929142959e-03    5.3510419577e+02    2.5425165219e+02    4.5850000000e+01
    2.9919103852e+02    1.1137961382e+03   -1.6069518293e+05    6.4452435144e-03    2.1578348370e-02   -1.2259197968e-03    5.3510419577e+02    2.5425165219e+02    4.5850000000e+01
    2.9859268817e+02    1.1115686641e+03   -1.6069364408e+05    4.5338340627e-03    2.2468014810e-02    2.1272738445e-04    5.3510419577e+02    2.5425165219e+02    4.5850000000e+01
    3.0121886424e+02    1.1213451092e+03   -1.6070028405e+05    2.0091185995e-03    2.0311320223e-02   -4.2426063501e-04    5.3510419577e+02    2.5425165219e+02    4.5850000000e+01
    2.9883288036e+02    1.1124628256e+03   -1.6069288399e+05    3.8121353614e-03    2.1938377613e-02   -2.5714042035e-03    5.3510419577e+02    2.5425165219e+02    4.5850000000e+01
    3.0008073499e+02    1.1171082043e+03   -1.6069554920e+05   -7.9962484650e-04    2.0292691158e-02    1.7769599366e-03    5.3510419577e+02    2.5425165219e+02    4.5850000000e+01
    2.9999662777e+02    1.1167950990e+03   -1.6069520922e+05   -2.6354230169e-03    1.6302609405e-02    9.3013540916e-04    5.3510419577e+02    2.5425165219e+02    4.5850000000e+01
    2.9871660344e+02    1.1120299625e+03   -1.6068885596e+05   -3.0415103787e-03    1.8519608805e-02    1.3984194792e-04    5.3510419577e+02    2.5425165219e+02    4.5850000000e+01
    3.0071180435e+02    1.1194574813e+03   -1.6069889378e+05   -9.4152740585e-04    2.0677510858e-02    3.2807722610e-03    5.3510419577e+02    2.5425165219e+02    4.5850000000e+01
    2.9989117238e+02    1.1164025211e+03   -1.6069458680e+05   -2.7760914094e-03    1.9340495544e-02    1.7522534794e-04    5.3510419577e+02    2.5425165219e+02    4.5850000000e+01
    3.0096084850e+02    1.1203845960e+03   -1.6069999890e+05   -1.5014388995e-03    1.9651128890e-02   -4.9882486813e-03    5.3510419577e+02    2.5425165219e+02    4.5850000000e+01
    3.0059211372e+02    1.1190119099e+03   -1.6070044600e+05    4.9147352724e-03    2.4190761487e-02    1.1399763210e-03    5.3510419577e+02    2.5425165219e+02    4.5850000000e+01
    3.0183662516e+02    1.1236448429e+03   -1.6070428665e+05    3.5696260614e-03    2.7857147631e-02    5.5524467018e-03    5.3510419577e+02    2.5425165219e+02    4.5850000000e+01
    2.9993861569e+02    1.1165791379e+03   -1.6069556433e+05    4.3406150669e-03    2.8058326236e-02    9.2694743365e-04    5.3510419577e+02    2.5425165219e+02    4.5850000000e+01
    3.0016055495e+02    1.1174053494e+03   -1.6069893831e+05    6.0823175597e-03    2.4935603555e-02   -2.6000606272e-03    5.3510419577e+02    2.5425165219e+02    4.5850000000e+01
    2.9873388097e+02    1.1120942814e+03   -1.6069434697e+05    8.9815795696e-03    2.3782902438e-02   -4.9850987015e-04    5.3510419577e+02    2.5425165219e+02    4.5850000000e+01
    3.0139620763e+02    1.1220053040e+03   -1.6070419168e+05    7.5026886020e-03    2.4691914656e-02    1.2985338301e-03    5.3510419577e+02    2.5425165219e+02    4.5850000000e+01
    2.9930614176e+02    1.1142246322e+03   -1.6069308035e+05    4.9543603002e-03    2.1839857467e-02   -1.5703678066e-03    5.3510419577e+02    2.5425165219e+02    4.5850000000e+01
    2.9971230611e+02    1.1157366570e+03   -1.6069639733e+05    5.4508713048e-03    2.3324936321e-02    8.2905771673e-05    5.3510419577e+02    2.5425165219e+02    4.5850000000e+01
    3.0144334381e+02    1.1221807775e+03   -1.6070168587e+05    7.1792927917e-03    2.5796180937e-02   -3.5211990889e-04    5.3510419577e+02    2.5425165219e+02    4.5850000000e+01
    2.9854395819e+02    1.1113872574e+03   -1.6069297849e+05    8.5576633580e-03    2.4807126146e-02    6.8644012762e-04    5.3510419577e+02    2.5425165219e+02    4.5850000000e+01
    3.0052342401e+02    1.1187561993e+03   -1.6069625889e+05    9.0013592249e-03    2.1253375446e-02    8.7249283787e-04    5.3510419577e+02    2.5425165219e+02    4.5850000000e+01
    3.0021211214e+02    1.1175972810e+03   -1.6069731685e+05    1.0858302599e-02    2.1417108936e-02   -1.4487007072e-03    5.3510419577e+02    2.5425165219e+02    4.5850000000e+01
    3.0038180949e+02    1.1182290120e+03   -1.6069932104e+05    1.0620189734e-02    2.4059809925e-02   -1.2603141934e-03    5.3510419577e+02    2.5425165219e+02    4.5850000000e+01
    2.9857668868e+02    1.1115091029e+03   -1.6069343721e+05    1.3085190683e-02    2.5720982409e-02   -2.8488752924e-03    5.3510419577e+02    2.5425165219e+02    4.5850000000e+01
    3.0006574681e+02    1.1170524079e+03   -1.6069981666e+05    1.3727715261e-02    2.3473389592e-02    3.5205984952e-04    5.3510419577e+02    2.5425165219e+02    4.5850000000e+01
    3.0161734740e+02    1.1228285393e+03   -1.6070054062e+05    8.2953621645e-03    2.2687569897e-02    1.4388737249e-05    5.3510419577e+02    2.5425165219e+02    4.5850000000e+01
    2.9820624740e+02    1.1101300640e+03   -1.6068959934e+05    1.0964339953e-02    2.4249832635e-02    2.2892228092e-03    5.3510419577e+02    2.5425165219e+02    4.5850000000e+01
    3.0089327718e+02    1.1201330488e+03   -1.6069812955e+05    6.9635457903e-03    2.3578682682e-02    2.3204512817e-04    5.3510419577e+02    2.5425165219e+02    4.5850000000e+01
    3.0072316242e+02    1.1194997639e+03   -1.6069911094e+05    7.8118664967e-03    2.4772331824e-02   -2.7897986936e-03    5.3510419577e+02    2.5425165219e+02    4.5850000000e+01
    2.9955539149e+02    1.1151525122e+03   -1.6069630570e+05    1.0291822374e-02    2.5765571048e-02   -6.2990596179e-03    5.3510419577e+02    2.5425165219e+02    4.5850000000e+01
    3.0121906803e+02    1.1213458678e+03   -1.6070236206e+05    9.0664198445e-03    2.6904038432e-02    3.3900387182e-05    5.3510419577e+02    2.5425165219e+02    4.5850000000e+01
    3.0025040602e+02    1.1177398373e+03   -1.6069931634e+05    1.2106606435e-02    2.7041583793e-02    4.0033417510e-03    5.3510419577e+02    2.5425165219e+02    4.5850000000e+01
    2.9748146168e+02    1.1074319099e+03   -1.6068605839e+05    1.0502673929e-02    2.5460758243e-02    2.8612522794e-03    5.3510419577e+02    2.5425165219e+02    4.5850000000e+01
    3.0024562213e+02    1.1177220284e+03   -1.6069842086e+05    9.1395714089e-03    2.8353518107e-02    1.1781944429e-03    5.3510419577e+02    2.5425165219e+02    4.5850000000e+01
    3.0015214192e+02    1.1173740303e+03   -1.6070060046e+05    1.0639825410e-02    2.7918682587e-02   -1.9896719786e-03    5.3510419577e+02    2.5425165219e+02    4.5850000000e+01
    3.0008854967e+02    1.1171372960e+03   -1.6069612553e+05    1.0193567183e-02    2.2555914371e-02   -7.8372900047e-04    5.3510419577e+02    2.5425165219e+02    4.5850000000e+01
    3.0095853853e+02    1.1203759967e+03   -1.6070256030e+05    1.0360383888e-02    2.5033065316e-02    1.4641391714e-03    5.3510419577e+02    2.5425165219e+02    4.5850000000e+01
    2.9929008720e+02    1.1141648660e+03   -1.6069485504e+05    1.0143084788e-02    2.1642543683e-02   -1.0797256981e-03    5.3510419577e+02    2.5425165219e+02    4.5850000000e+01
    2.9943714332e+02    1.1147123106e+03   -1.6069535034e+05    9.6253123470e-03    2.1115607178e-02   -2.1064326336e-03    5.3510419577e+02    2.5425165219e+02    4.5850000000e+01
    2.9772675090e+02    1.1083450462e+03   -1.6068836738e+05    1.1800346592e-02    2.1552861392e-02    2.3536489028e-04    5.3510419577e+02    2.5425165219e+02    4.5850000000e+01
    3.0036855740e+02    1.1181796786e+03   -1.6069872886e+05    1.3059770149e-02    2.2570706574e-02    1.7468257923e-03    5.3510419577e+02    2.5425165219e+02    4.5850000000e+01
    2.9935582787e+02    1.1144095982e+03   -1.6069379039e+05    7.8167670708e-03    1.7632272917e-02   -1.0932826228e-03    5.3510419577e+02    2.5425165219e+02    4.5850000000e+01
    2.9952911292e+02    1.1150546852e+03   -1.6069270150e+05    6.2376676705e-03    1.7771868122e-02    1.7590857162e-04    5.3510419577e+02    2.5425165219e+02    4.5850000000e+01
    2.9945170034e+02    1.1147665020e+03   -1.6069417833e+05    9.5613617771e-03    1.8393809341e-02   -4.2017104938e-04    5.3510419577e+02    2.5425165219e+02    4.5850000000e+01
    3.0106713767e+02    1.1207802779e+03   -1.6069990474e+05    8.1461825975e-03    2.0441577194e-02   -1.8548085654e-03    5.3510419577e+02    2.5425165219e+02    4.5850000000e+01
    2.9962195201e+02    1.1154002965e+03   -1.6069652902e+05    9.2373030094e-03    2.2068880809e-02   -1.8927208311e-03    5.3510419577e+02    2.5425165219e+02    4.5850000000e+01
    3.0052873874e+02    1.1187759844e+03   -1.6069835559e+05    9.2956903151e-03    2.3462076345e-02    2.7403461976e-03    5.3510419577e+02    2.5425165219e+02    4.5850000000e+01
    2.9779859437e+02    1.1086124973e+03   -1.6068825072e+05    7.4927031015e-03    2.3968042196e-02   -2.1071749197e-03    5.3510419577e+02    2.5425165219e+02    4.5850000000e+01
    3.0025464588e+02    1.1177556210e+03   -1.6069746917e+05    8.0306934298e-03    2.5495352917e-02    1.0822038932e-03    5.3510419577e+02    2.5425165219e+02    4.5850000000e+01
