    3.0254819144e+02    2.6674391144e+03   -3.8779268497e+05   -1.4453887933e-01   -1.3265971201e-01   -2.7342454208e-02    2.5550669298e+02    5.5093989278e+02    5.0162100000e+01
    2.9860363640e+02    2.6326616453e+03   -3.8773419371e+05   -4.9020343550e-02   -4.9746563154e-02    1.8062208607e-02    2.5550669298e+02    5.5093989278e+02    5.0162100000e+01
    2.9947355581e+02    2.6403313559e+03   -3.8772869266e+05   -9.1031904145e-02   -7.7796281998e-02    2.2899720113e-03    2.5550669298e+02    5.5093989278e+02    5.0162100000e+01
    2.9977352862e+02    2.6429760889e+03   -3.8773878066e+05   -1.0796301869e-01   -7.9765871523e-02    1.3160693862e-02    2.5550669298e+02    5.5093989278e+02    5.0162100000e+01
    3.0029260295e+02    2.6475525472e+03   -3.8774420217e+05   -8.9852533744e-02   -1.1879337224e-01   -1.0792947345e-02    2.5550669298e+02    5.5093989278e+02    5.0162100000e+01
    2.9982029948e+02    2.6433884478e+03   -3.8774154823e+05   -8.2601482189e-02   -1.0530812181e-01   -7.9753226574e-03    2.5550669298e+02    5.5093989278e+02    5.0162100000e+01
    2.9942389449e+02    2.6398935130e+03   -3.8773244648e+05   -9.8792462085e-02   -1.0110557652e-01   -4.9446146248e-03    2.5550669298e+02    5.5093989278e+02    5.0162100000e+01
    3.0052550773e+02    2.6496059699e+03   -3.8774626958e+05   -9.1364543841e-02   -8.7097312104e-02   -2.1459181414e-03    2.5550669298e+02    5.5093989278e+02    5.0162100000e+01
    2.9893530250e+02    2.6355858046e+03   -3.8773032718e+05   -8.3483357857e-02   -9.1046659138e-02   -2.2410140038e-03    2.5550669298e+02    5.5093989278e+02    5.0162100000e+01
    3.0115534450e+02    2.6551589736e+03   -3.8774788760e+05   -9.5074026272e-02   -9.3410017032e-02   -1.2088258010e-02    2.5550669298e+02    5.5093989278e+02    5.0162100000e+01
    3.0029413976e+02    2.6475660966e+03   -3.8774181117e+05   -1.0404065093e-01   -8.7128597738e-02   -1.5109591915e-03    2.5550669298e+02    5.5093989278e+02    5.0162100000e+01
    3.0116808096e+02    2.6552712656e+03   -3.8775169333e+05   -9.1016639613e-02   -9.0041362964e-02    2.3024325876e-03    2.5550669298e+02    5.5093989278e+02    5.0162100000e+01
    2.9932727215e+02    2.6390416348e+03   -3.8773421661e+05   -9.3410968092e-02   -9.3710149291e-02   -1.7131389800e-03    2.5550669298e+02    5.5093989278e+02    5.0162100000e+01
    3.0125847154e+02    2.6560682010e+03   -3.8774885340e+05   -9.9815260269e-02   -9.1665354975e-02   -8.1497505950e-03    2.5550669298e+02    5.5093989278e+02    5.0162100000e+01
    2.9933680677e+02    2.6391256976e+03   -3.8773342277e+05   -9.9708442624e-02   -9.0927967957e-02   -3.3569980084e-03    2.5550669298e+02    5.5093989278e+02    5.0162100000e+01
    3.0000857143e+02    2.6450483617e+03   -3.8773896378e+05   -9.3872389453e-02   -9.0031188659e-02   -5.8015429500e-03    2.5550669298e+02    5.5093989278e+02    5.0162100000e+01
    3.0139660069e+02    2.6572860272e+03   -3.8775440839e+05   -9.4376058632e-02   -9.3362460176e-02   -1.0042066365e-02    2.5550669298e+02    5.5093989278e+02    5.0162100000e+01
    3.0103482401e+02    2.6540963956e+03   -3.8775138904e+05   -9.6740804326e-02   -9.2798926823e-02   -6.5892262371e-03    2.5550669298e+02    5.5093989278e+02    5.0162100000e+01
    3.0087415502e+02    2.6526798452e+03   -3.8774946769e+05   -9.2905267255e-02   -9.3057431821e-02   -7.5725896243e-03    2.5550669298e+02    5.5093989278e+02    5.0162100000e+01
    2.9998969289e+02    2.6448819176e+03   -3.8774119920e+05   -9.0686841160e-02   -9.3458259285e-02   -7.3687778502e-03    2.5550669298e+02    5.5093989278e+02    5.0162100000e+01
    2.9919323441e+02    2.6378598809e+03   -3.8773355746e+05   -9.4971215134e-02   -9.0561901839e-02   -6.8308477120e-03    2.5550669298e+02    5.5093989278e+02    5.0162100000e+01
    3.0009987667e+02    2.6458533613e+03   -3.8774289096e+05   -8.6747591834e-02   -8.1012935814e-02   -6.1054492466e-03    2.5550669298e+02    5.5093989278e+02    5.0162100000e+01
    3.0071162148e+02    2.6512468559e+03   -3.8774819779e+05   -8.9411831689e-02   -7.8440121227e-02   -3.9693949076e-03    2.5550669298e+02    5.5093989278e+02    5.0162100000e+01
    2.9972505055e+02    2.6425486783e+03   -3.8773950263e+05   -8.9901886857e-02   -9.2817379739e-02   -2.6769090501e-03    2.5550669298e+02    5.5093989278e+02    5.0162100000e+01
    3.0065557031e+02    2.6507526765e+03   -3.8774623845e+05   -9.3423317566e-02   -8.3634483547e-02   -3.0736304572e-03    2.5550669298e+02    5.5093989278e+02    5.0162100000e+01
    3.0020907620e+02    2.6468161273e+03   -3.8774296699e+05   -9.4751521450e-02   -9.0690560596e-02   -1.0076028165e-02    2.5550669298e+02    5.5093989278e+02    5.0162100000e+01
    2.9997959176e+02    2.6447928602e+03   -3.8774388823e+05   -9.2520406965e-02   -9.2838959028e-02   -1.1094955619e-02    2.5550669298e+02    5.5093989278e+02    5.0162100000e+01
    3.0057234499e+02    2.6500189141e+03   -3.8774703209e+05   -9.3464191734e-02   -9.4764872311e-02    3.6633929822e-04    2.5550669298e+02    5.5093989278e+02    5.0162100000e+01
    2.9980671890e+02    2.6432687136e+03   -3.8774080936e+05   -8.6976586022e-02   -8.8816460142e-02    9.8001633815e-04    2.5550669298e+02    5.5093989278e+02    5.0162100000e+01
    3.0036547271e+02    2.6481950090e+03   -3.8774465363e+05   -9.0784327388e-02   -8.4560151904e-02   -1.3932735954e-03    2.5550669298e+02    5.5093989278e+02    5.0162100000e+01
    2.9951230644e+02    2.6406730037e+03   -3.8773582509e+05   -8.9205329260e-02   -8.5678277620e-02    3.5957027105e-03    2.5550669298e+02    5.5093989278e+02    5.0162100000e+01
    2.9996524739e+02    2.6446663920e+03   -3.8773736449e+05   -9.2387301313e-02   -8.5442227047e-02   -6.1270563032e-03    2.5550669298e+02    5.5093989278e+02    5.0162100000e+01
    2.9914717264e+02    2.6374537738e+03   -3.8773402046e+05   -8.9029351780e-02   -8.2345991011e-02   -3.5381237650e-03    2.5550669298e+02    5.5093989278e+02    5.0162100000e+01
    2.9895621295e+02    2.6357701632e+03   -3.8772916427e+05   -8.7756961959e-02   -8.9483939248e-02    4.0319919479e-04    2.5550669298e+02    5.5093989278e+02    5.0162100000e+01
    2.9941468682e+02    2.6398123329e+03   -3.8773469320e+05   -9.4656657980e-02   -8.8168131519e-02    2.3034089392e-03    2.5550669298e+02    5.5093989278e+02    5.0162100000e+01
    3.0052349222e+02    2.6495882000e+03   -3.8774207249e+05   -9.8413623035e-02   -8.5668940297e-02   -1.9695529714e-03    2.5550669298e+02    5.5093989278e+02    5.0162100000e+01
    2.9966233184e+02    2.6419957140e+03   -3.8773464605e+05   -9.6506160369e-02   -8.8342267104e-02   -1.0103339066e-03    2.5550669298e+02    5.5093989278e+02    5.0162100000e+01
    3.0056503945e+02    2.6499545043e+03   -3.8774466004e+05   -9.0353793069e-02   -8.3663956759e-02    1.6289102616e-03    2.5550669298e+02    5.5093989278e+02    5.0162100000e+01
    3.0084682201e+02    2.6524388616e+03   -3.8774702654e+05   -9.9508489145e-02   -9.1111926658e-02   -4.9459865804e-03    2.5550669298e+02    5.5093989278e+02    5.0162100000e+01
    3.0069950874e+02    2.6511400630e+03   -3.8774679732e+05   -9.0679174536e-02   -8.6061399931e-02    5.9263131705e-04    2.5550669298e+02    5.5093989278e+02    5.0162100000e+01
    3.0111473104e+02    2.6548009020e+03   -3.8775275894e+05   -9.0510335184e-02   -8.8286031369e-02    1.8151681922e-03    2.5550669298e+02    5.5093989278e+02    5.0162100000e+01
    2.9975992348e+02    2.6428561381e+03   -3.8773749310e+05   -9.3971388125e-02   -8.4149536465e-02   -5.4329310861e-03    2.5550669298e+02    5.5093989278e+02    5.0162100000e+01
    3.0040471961e+02    2.6485410322e+03   -3.8774407822e+05   -9.0912756159e-02   -8.9117245620e-02   -4.6448334095e-03    2.5550669298e+02    5.5093989278e+02    5.0162100000e+01
    2.9944879059e+02    2.6401130114e+03   -3.8773469635e+05   -9.1371471902e-02   -8.2709100676e-02   -1.5741311012e-03    2.5550669298e+02    5.5093989278e+02    5.0162100000e+01
    2.9935374073e+02    2.6392749971e+03   -3.8773532201e+05   -9.2957153786e-02   -9.0759932459e-02   -3.5376596957e-03    2.5550669298e+02    5.5093989278e+02    5.0162100000e+01
    3.0014157858e+02    2.6462210293e+03   -3.8773923526e+05   -9.4331512547e-02   -8.7123852176e-02   -4.4414432072e-03    2.5550669298e+02    5.5093989278e+02    5.0162100000e+01
    3.0001807870e+02    2.6451321832e+03   -3.8774341521e+05   -8.9815820535e-02   -8.9072604551e-02   -4.2445938780e-03    2.5550669298e+02    5.5093989278e+02    5.0162100000e+01
    3.0036774844e+02    2.6482150731e+03   -3.8774201352e+05   -9.0821069080e-02   -8.8638954373e-02   -6.6880495201e-03    2.5550669298e+02    5.5093989278e+02    5.0162100000e+01
    2.9991187525e+02    2.6441958325e+03   -3.8774077626e+05   -8.9787145862e-02   -8.4375943872e-02   -2.4054445143e-03    2.5550669298e+02    5.5093989278e+02    5.0162100000e+01
    3.0047012913e+02    2.6491177203e+03   -3.8774468132e+05   -9.1712707851e-02   -9.7730439639e-02   -4.7164971482e-03    2.5550669298e+02    5.5093989278e+02    5.0162100000e+01
    2.9891929085e+02    2.6354446367e+03   -3.8773110096e+05   -9.3241243884e-02   -8.9241099570e-02   -4.9253900756e-03    2.5550669298e+02    5.5093989278e+02    5.0162100000e+01
    2.9978427146e+02    2.6430708039e+03   -3.8773755255e+05   -9.2876776681e-02   -8.3275940686e-02    2.2351661574e-03    2.5550669298e+02    5.5093989278e+02    5.0162100000e+01
    3.0089250133e+02    2.6528415968e+03   -3.8774886116e+05   -9.1396883273e-02   -8.6811325465e-02    4.6087426531e-03    2.5550669298e+02    5.5093989278e+02    5.0162100000e+01
    3.0112234645e+02    2.6548680438e+03   -3.8774674892e+05   -9.1089797592e-02   -9.6952736871e-02   -5.2796441087e-03    2.5550669298e+02    5.5093989278e+02    5.0162100000e+01
    2.9942249047e+02    2.6398811344e+03   -3.8773530388e+05   -9.7227806872e-02   -8.9667506196e-02   -8.5534982294e-03    2.5550669298e+02    5.5093989278e+02    5.0162100000e+01
    3.0083072158e+02    2.6522969110e+03   -3.8774656012e+05   -8.8386170167e-02   -8.7555936820e-02   -3.4952295245e-03    2.5550669298e+02    5.5093989278e+02    5.0162100000e+01
    2.9968163187e+02    2.6421658743e+03   -3.8773820526e+05   -9.1620610102e-02   -9.3443940179e-02   -1.9397097490e-03    2.5550669298e+02    5.5093989278e+02    5.0162100000e+01
    2.9868869423e+02    2.6334115641e+03   -3.8772871200e+05   -9.4729991605e-02   -8.8099147578e-02   -1.0606672315e-02    2.5550669298e+02    5.5093989278e+02    5.0162100000e+01
    2.9988233803e+02    2.6439354154e+03   -3.8773845119e+05   -9.5093071586e-02   -9.0996951048e-02   -2.5253480952e-03    2.5550669298e+02    5.5093989278e+02    5.0162100000e+01
    2.9963569574e+02    2.6417608748e+03   -3.8773662834e+05   -9.5750257503e-02   -8.4203755684e-02   -5.0560414498e-03    2.5550669298e+02    5.5093989278e+02    5.0162100000e+01
    3.0063155128e+02    2.6505409109e+03   -3.8774556395e+05   -9.0159943506e-02   -8.4674741119e-02    3.4583325878e-04    2.5550669298e+02    5.5093989278e+02    5.0162100000e+01
    2.9971763691e+02    2.6424833154e+03   -3.8773633917e+05   -9.2063450532e-02   -8.7257488658e-02   -3.9118772159e-03    2.5550669298e+02    5.5093989278e+02    5.0162100000e+01
    3.0101816630e+02    2.6539495316e+03   -3.8774882461e+05   -9.5171093672e-02   -9.2494775233e-02   -4.8690419661e-03    2.5550669298e+02    5.5093989278e+02    5.0162100000e+01
    3.0010632090e+02    2.6459101774e+03   -3.8774150766e+05   -8.9822526624e-02   -8.9369097268e-02   -2.9636628415e-03    2.5550669298e+02    5.5093989278e+02    5.0162100000e+01
    3.0082143965e+02    2.6522150761e+03   -3.8774727755e+05   -9.6997184525e-02   -8.3135884112e-02   -3.7932337597e-04    2.5550669298e+02    5.5093989278e+02    5.0162100000e+01
    3.0012804257e+02    2.6461016881e+03   -3.8773878771e+05   -9.2271788476e-02   -8.0719714156e-02    1.5491216649e-03    2.5550669298e+02    5.5093989278e+02    5.0162100000e+01
    2.9893431464e+02    2.6355770951e+03   -3.8772989687e+05   -8.7531794435e-02   -8.5465689436e-02    4.4343186168e-03    2.5550669298e+02    5.5093989278e+02    5.0162100000e+01
    2.9989942159e+02    2.6440860339e+03   -3.8774461765e+05   -9.5625690966e-02   -8.3397908306e-02   -4.5702649815e-04    2.5550669298e+02    5.5093989278e+02    5.0162100000e+01
    2.9966293935e+02    2.6420010702e+03   -3.8773844493e+05   -9.6264335257e-02   -9.0930276402e-02   -2.5846925534e-03    2.5550669298e+02    5.5093989278e+02    5.0162100000e+01
    2.9960912052e+02    2.6415265724e+03   -3.8773656036e+05   -9.8952191465e-02   -8.4890772491e-02   -5.7838556331e-03    2.5550669298e+02    5.5093989278e+02    5.0162100000e+01
    2.9974421310e+02    2.6427176264e+03   -3.8773590126e+05   -9.7427255751e-02   -9.3815577429e-02   -2.2957367357e-03    2.5550669298e+02    5.5093989278e+02    5.0162100000e+01
    3.0071231568e+02    2.6512529763e+03   -3.8774577445e+05   -9.2364462904e-02   -8.9132041737e-02   -3.3783451409e-03    2.5550669298e+02    5.5093989278e+02    5.0162100000e+01
    2.9909353055e+02    2.6369808343e+03   -3.8773061725e+05   -9.8755376993e-02   -8.2420543511e-02   -7.7796182294e-03    2.5550669298e+02    5.5093989278e+02    5.0162100000e+01
    3.0091386569e+02    2.6530299573e+03   -3.8775074455e+05   -1.0277499266e-01   -8.5921117061e-02   -7.2049089975e-03    2.5550669298e+02    5.5093989278e+02    5.0162100000e+01
    3.0011347116e+02    2.6459732182e+03   -3.8774262497e+05   -9.2434132638e-02   -9.4410193439e-02   -1.2317896940e-03    2.5550669298e+02    5.5093989278e+02    5.0162100000e+01
    2.9960886340e+02    2.6415243055e+03   -3.8773635268e+05   -9.4153876201e-02   -8.5183395847e-02   -2.0730052866e-03    2.5550669298e+02    5.5093989278e+02    5.0162100000e+01
    3.0003877194e+02    2.6453146268e+03   -3.8773993025e+05   -9.0243956729e-02   -8.6675921182e-02    5.0405574370e-03    2.5550669298e+02    5.5093989278e+02    5.0162100000e+01
    3.0006907312e+02    2.6455817795e+03   -3.8774195816e+05   -9.2489226099e-02   -8.1380576187e-02    6.4183446232e-03    2.5550669298e+02    5.5093989278e+02    5.0162100000e+01
    2.9997347184e+02    2.6447389035e+03   -3.8773691817e+05   -9.0845532714e-02   -8.5079676455e-02   -5.8177849778e-03    2.5550669298e+02    5.5093989278e+02    5.0162100000e+01
    2.9982496827e+02    2.6434296105e+03   -3.8774093949e+05   -9.4780878152e-02   -8.7825820355e-02   -6.8736972856e-03    2.5550669298e+02    5.5093989278e+02    5.0162100000e+01
    2.9987666288e+02    2.6438853799e+03   -3.8774198719e+05   -9.7583291852e-02   -8.3469989505e-02   -4.6310239489e-03    2.5550669298e+02    5.5093989278e+02    5.0162100000e+01
    3.0040694582e+02    2.6485606598e+03   -3.8774607208e+05   -9.8467197473e-02   -8.8763511618e-02    7.7408154260e-04    2.5550669298e+02    5.5093989278e+02    5.0162100000e+01
    3.0041145781e+02    2.6486004401e+03   -3.8774292316e+05   -8.8089334004e-02   -9.4496273961e-02   -4.8633438712e-05    2.5550669298e+02    5.5093989278e+02    5.0162100000e+01
    2.9965943239e+02    2.6419701509e+03   -3.8773777024e+05   -9.2499103471e-02   -9.2648004264e-02   -4.1741087233e-03    2.5550669298e+02    5.5093989278e+02    5.0162100000e+01
    2.9934990721e+02    2.6392411986e+03   -3.8773360361e+05   -9.4315097331e-02   -8.7441297996e-02   -6.9420547110e-03    2.5550669298e+02    5.5093989278e+02    5.0162100000e+01
    2.9992632821e+02    2.6443232581e+03   -3.8774216552e+05   -8.8915498429e-02   -8.5807028107e-02   -2.7328478211e-03    2.5550669298e+02    5.5093989278e+02    5.0162100000e+01
    3.0009786514e+02    2.6458356265e+03   -3.8774334892e+05   -9.4459183234e-02   -8.6571670143e-02   -5.7139371642e-03    2.5550669298e+02    5.5093989278e+02    5.0162100000e+01
    2.9784714585e+02    2.6259919889e+03   -3.8772035084e+05   -9.4144887903e-02   -9.4182578611e-02    2.7337539335e-03    2.5550669298e+02    5.5093989278e+02    5.0162100000e+01
    2.9933887798e+02    2.6391439585e+03   -3.8773605963e+05   -9.0314640415e-02   -8.5031053192e-02   -3.9522210249e-03    2.5550669298e+02    5.5093989278e+02    5.0162100000e+01
    3.0024575319e+02    2.6471394927e+03   -3.8774451763e+05   -8.5340619884e-02   -8.9416283874e-02   -2.5571454844e-03    2.5550669298e+02    5.5093989278e+02    5.0162100000e+01
    3.0058012768e+02    2.6500875308e+03   -3.8774472297e+05   -9.0801657609e-02   -8.8946770803e-02    2.3686955255e-03    2.5550669298e+02    5.5093989278e+02    5.0162100000e+01
    2.9908744660e+02    2.6369271947e+03   -3.8773317813e+05   -9.2995411448e-02   -8.5598192398e-02    1.1521711358e-03    2.5550669298e+02    5.5093989278e+02    5.0162100000e+01
    2.9910095084e+02    2.6370462559e+03   -3.8773609918e+05   -8.7713622167e-02   -9.2032874567e-02    7.2648595583e-04    2.5550669298e+02    5.5093989278e+02    5.0162100000e+01
    2.9855687388e+02    2.6322493599e+03   -3.8772995916e+05   -8.9514200557e-02   -8.7563191844e-02   -5.7328582005e-03    2.5550669298e+02    5.5093989278e+02    5.0162100000e+01
    3.0002637427e+02    2.6452053218e+03   -3.8773993806e+05   -9.4388660032e-02   -8.8014281222e-02    4.6688324576e-04    2.5550669298e+02    5.5093989278e+02    5.0162100000e+01
    3.0059689529e+02    2.6502353637e+03   -3.8774342010e+05   -9.5955323119e-02   -8.6728588123e-02   -1.3657444564e-03    2.5550669298e+02    5.5093989278e+02    5.0162100000e+01
    3.0108669752e+02    2.6545537423e+03   -3.8774793004e+05   -9.1549365966e-02   -8.0846862955e-02    1.4122308755e-03    2.5550669298e+02    5.5093989278e+02    5.0162100000e+01
    3.0082856163e+02    2.6522778676e+03   -3.8774522516e+05   -9.1569465260e-02   -8.8958072894e-02    3.4794178812e-03    2.5550669298e+02    5.5093989278e+02    5.0162100000e+01
    3.0033251150e+02    2.6479044040e+03   -3.8774005797e+05   -8.9651758289e-02   -8.4519317455e-02    1.7455838103e-03    2.5550669298e+02    5.5093989278e+02    5.0162100000e+01
    2.9926967207e+02    2.6385337994e+03   -3.8773303966e+05   -9.2740973910e-02   -8.2130976448e-02   -3.0057827629e-03    2.5550669298e+02    5.5093989278e+02    5.0162100000e+01
    3.0154629308e+02    2.6586058015e+03   -3.8778567989e+05   -1.4176424477e-01   -1.2399038885e-01   -1.8598960952e-02    2.5550669298e+02    5.5093989278e+02    5.0162100000e+01
    2.9799327901e+02    2.6272803830e+03   -3.8772950283e+05   -4.7826851182e-02   -5.4092218125e-02    1.5098885272e-02    2.5550669298e+02    5.5093989278e+02    5.0162100000e+01
    3.0022861806e+02    2.6469884196e+03   -3.8772996279e+05   -8.7378599731e-02   -7.2155874021e-02    5.2510448483e-03    2.5550669298e+02    5.5093989278e+02    5.0162100000e+01
    2.9992434726e+02    2.6443057929e+03   -3.8774095425e+05   -9.5579060009e-02   -8.3778397685e-02    8.4897516838e-03    2.5550669298e+02    5.5093989278e+02    5.0162100000e+01
    3.0070550721e+02    2.6511929490e+03   -3.8774362317e+05   -9.2655867444e-02   -1.1507992705e-01   -6.8516170526e-03    2.5550669298e+02    5.5093989278e+02    5.0162100000e+01
    2.9959849736e+02    2.6414329125e+03   -3.8773962737e+05   -8.5909119643e-02   -1.0028792789e-01   -5.8317991458e-03    2.5550669298e+02    5.5093989278e+02    5.0162100000e+01
    2.9945836893e+02    2.6401974596e+03   -3.8773100335e+05   -1.0341600491e-01   -1.0135398192e-01    1.4005535850e-03    2.5550669298e+02    5.5093989278e+02    5.0162100000e+01
    2.9958870263e+02    2.6413465565e+03   -3.8773633263e+05   -9.8048061031e-02   -9.1356804884e-02   -1.2143163793e-04    2.5550669298e+02    5.5093989278e+02    5.0162100000e+01
    2.9980294957e+02    2.6432354810e+03   -3.8773519175e+05   -8.2623496488e-02   -8.9804947371e-02    2.3171986633e-03    2.5550669298e+02    5.5093989278e+02    5.0162100000e+01
    3.0019086576e+02    2.6466555735e+03   -3.8773919828e+05   -9.2658682762e-02   -8.5220289072e-02    1.1095064998e-03    2.5550669298e+02    5.5093989278e+02    5.0162100000e+01
    2.9974282237e+02    2.6427053649e+03   -3.8773709618e+05   -1.0402574716e-01   -9.0577073303e-02   -3.5591614363e-03    2.5550669298e+02    5.5093989278e+02    5.0162100000e+01
    2.9960812929e+02    2.6415178331e+03   -3.8773822983e+05   -9.1018319339e-02   -8.9113656589e-02   -4.6836196247e-03    2.5550669298e+02    5.5093989278e+02    5.0162100000e+01
    3.0014666438e+02    2.6462658687e+03   -3.8774390030e+05   -9.0040450256e-02   -9.4839119368e-02    4.1487180360e-03    2.5550669298e+02    5.5093989278e+02    5.0162100000e+01
    2.9991552665e+02    2.6442280254e+03   -3.8773611498e+05   -9.8662672447e-02   -9.3838742834e-02   -5.0640128921e-04    2.5550669298e+02    5.5093989278e+02    5.0162100000e+01
    2.9973382027e+02    2.6426259972e+03   -3.8774001876e+05   -9.2978882305e-02   -8.9732958508e-02   -3.7577565249e-03    2.5550669298e+02    5.5093989278e+02    5.0162100000e+01
    2.9938299642e+02    2.6395329321e+03   -3.8773361609e+05   -8.9201854092e-02   -9.5974940721e-02   -1.6631617437e-03    2.5550669298e+02    5.5093989278e+02    5.0162100000e+01
    2.9935167697e+02    2.6392568018e+03   -3.8773497681e+05   -9.4446546653e-02   -9.2415802989e-02   -6.8641070946e-03    2.5550669298e+02    5.5093989278e+02    5.0162100000e+01
    2.9977942573e+02    2.6430280812e+03   -3.8773517711e+05   -9.4528132064e-02   -8.4808682507e-02    1.0506845324e-05    2.5550669298e+02    5.5093989278e+02    5.0162100000e+01
    3.0001270505e+02    2.6450848061e+03   -3.8773695845e+05   -9.3996067348e-02   -8.3339329062e-02    3.6701576784e-04    2.5550669298e+02    5.5093989278e+02    5.0162100000e+01
    2.9952765730e+02    2.6408083457e+03   -3.8773200400e+05   -8.3733151628e-02   -8.8690707508e-02    6.6610426316e-03    2.5550669298e+02    5.5093989278e+02    5.0162100000e+01
    3.0024561782e+02    2.6471382992e+03   -3.8773958335e+05   -9.2299876244e-02   -9.0305294331e-02   -4.6625255235e-03    2.5550669298e+02    5.5093989278e+02    5.0162100000e+01
    3.0020128429e+02    2.6467474293e+03   -3.8774473618e+05   -9.3245321724e-02   -1.0163501753e-01   -7.5805534756e-03    2.5550669298e+02    5.5093989278e+02    5.0162100000e+01
    3.0063046671e+02    2.6505313487e+03   -3.8774513266e+05   -8.7436665318e-02   -8.9569779364e-02   -5.0534372384e-03    2.5550669298e+02    5.5093989278e+02    5.0162100000e+01
    3.0082079785e+02    2.6522094177e+03   -3.8774689234e+05   -8.4704094819e-02   -8.8633729764e-02   -5.5011851028e-04    2.5550669298e+02    5.5093989278e+02    5.0162100000e+01
    2.9989054713e+02    2.6440077915e+03   -3.8774300035e+05   -9.3583142436e-02   -8.9439255990e-02   -3.3855219090e-05    2.5550669298e+02    5.5093989278e+02    5.0162100000e+01
    3.0068953263e+02    2.6510521079e+03   -3.8774584478e+05   -9.4059216730e-02   -8.9349968925e-02   -4.0880083656e-03    2.5550669298e+02    5.5093989278e+02    5.0162100000e+01
    3.0032682758e+02    2.6478542913e+03   -3.8774752966e+05   -8.7905132708e-02   -8.6284608600e-02    2.4807618692e-03    2.5550669298e+02    5.5093989278e+02    5.0162100000e+01
    3.0043211524e+02    2.6487825679e+03   -3.8774533240e+05   -9.1496431968e-02   -8.5918198762e-02   -6.5798739950e-04    2.5550669298e+02    5.5093989278e+02    5.0162100000e+01
    3.0037541245e+02    2.6482826435e+03   -3.8774414946e+05   -9.1435146910e-02   -9.1662516342e-02    4.2637680438e-03    2.5550669298e+02    5.5093989278e+02    5.0162100000e+01
    2.9892089208e+02    2.6354587541e+03   -3.8773039427e+05   -9.2057506699e-02   -8.6403339698e-02   -4.3704580883e-03    2.5550669298e+02    5.5093989278e+02    5.0162100000e+01
    3.0040472984e+02    2.6485411224e+03   -3.8773996957e+05   -9.5122522806e-02   -8.5488555664e-02   -1.2904236777e-03    2.5550669298e+02    5.5093989278e+02    5.0162100000e+01
    2.9906485124e+02    2.6367279809e+03   -3.8773261100e+05   -9.3167641475e-02   -9.2147408734e-02    2.7791752259e-03    2.5550669298e+02    5.5093989278e+02    5.0162100000e+01
    3.0043270228e+02    2.6487877436e+03   -3.8774289104e+05   -9.1075365728e-02   -9.1535435974e-02   -9.5638453030e-03    2.5550669298e+02    5.5093989278e+02    5.0162100000e+01
    2.9876316742e+02    2.6340681627e+03   -3.8773062881e+05   -9.1538904941e-02   -8.8912501137e-02   -1.2490632946e-03    2.5550669298e+02    5.5093989278e+02    5.0162100000e+01
    2.9993374049e+02    2.6443886090e+03   -3.8774101790e+05   -9.0771311605e-02   -9.3321814693e-02    1.8302054668e-03    2.5550669298e+02    5.5093989278e+02    5.0162100000e+01
    3.0015888094e+02    2.6463735769e+03   -3.8774261032e+05   -9.0942802039e-02   -8.9555925757e-02   -4.4998577802e-03    2.5550669298e+02    5.5093989278e+02    5.0162100000e+01
    3.0131648343e+02    2.6565796673e+03   -3.8775197640e+05   -9.3435958044e-02   -8.7289452190e-02   -2.9109617144e-03    2.5550669298e+02    5.5093989278e+02    5.0162100000e+01
    2.9967119103e+02    2.6420738218e+03   -3.8773960260e+05   -9.0446237663e-02   -8.2797773393e-02   -6.9355950007e-03    2.5550669298e+02    5.5093989278e+02    5.0162100000e+01
    2.9988162733e+02    2.6439291494e+03   -3.8773896938e+05   -8.9134844032e-02   -8.1149334145e-02   -1.9993882614e-03    2.5550669298e+02    5.5093989278e+02    5.0162100000e+01
    3.0007391895e+02    2.6456245031e+03   -3.8774010330e+05   -9.4522113227e-02   -8.8098002643e-02   -1.4161062568e-03    2.5550669298e+02    5.5093989278e+02    5.0162100000e+01
    3.0020974630e+02    2.6468220353e+03   -3.8774200722e+05   -8.9948375034e-02   -9.0915979745e-02   -4.4524606694e-03    2.5550669298e+02    5.5093989278e+02    5.0162100000e+01
    2.9984114284e+02    2.6435722148e+03   -3.8773830977e+05   -8.7718858752e-02   -9.3723083101e-02   -2.7589173259e-03    2.5550669298e+02    5.5093989278e+02    5.0162100000e+01
    3.0131558930e+02    2.6565717840e+03   -3.8775070622e+05   -9.0829530099e-02   -8.6398247618e-02    5.3597915608e-04    2.5550669298e+02    5.5093989278e+02    5.0162100000e+01
    3.0055980364e+02    2.6499083424e+03   -3.8774586177e+05   -8.9782054459e-02   -8.3869662219e-02    6.5880602612e-04    2.5550669298e+02    5.5093989278e+02    5.0162100000e+01
    2.9981518689e+02    2.6433433722e+03   -3.8774168292e+05   -8.4797057156e-02   -8.5556438948e-02   -1.5229354390e-03    2.5550669298e+02    5.5093989278e+02    5.0162100000e+01
    3.0076823888e+02    2.6517460275e+03   -3.8774722417e+05   -1.0079027951e-01   -9.0095331697e-02   -7.7525858217e-04    2.5550669298e+02    5.5093989278e+02    5.0162100000e+01
    3.0006394438e+02    2.6455365615e+03   -3.8774015700e+05   -8.9549067718e-02   -8.3290579406e-02    4.5675007237e-03    2.5550669298e+02    5.5093989278e+02    5.0162100000e+01
    2.9974643240e+02    2.6427371931e+03   -3.8773577609e+05   -9.5906579031e-02   -9.5984832969e-02   -7.5456755599e-03    2.5550669298e+02    5.5093989278e+02    5.0162100000e+01
    3.0026297901e+02    2.6472913655e+03   -3.8774372224e+05   -9.6845969004e-02   -8.6938719286e-02   -2.0912401554e-04    2.5550669298e+02    5.5093989278e+02    5.0162100000e+01
    3.0050210317e+02    2.6493996218e+03   -3.8774357733e+05   -9.4971657756e-02   -8.8604944150e-02   -4.9287063511e-03    2.5550669298e+02    5.5093989278e+02    5.0162100000e+01
    3.0041002326e+02    2.6485877923e+03   -3.8774718284e+05   -9.4167920855e-02   -9.0378527132e-02   -6.8443149843e-03    2.5550669298e+02    5.5093989278e+02    5.0162100000e+01
    2.9966713118e+02    2.6420380278e+03   -3.8773513117e+05   -9.3418879789e-02   -9.0215984039e-02    1.0228664764e-03    2.5550669298e+02    5.5093989278e+02    5.0162100000e+01
    3.0009978397e+02    2.6458525440e+03   -3.8773864827e+05   -9.7667371910e-02   -8.6734366576e-02   -3.7850793772e-04    2.5550669298e+02    5.5093989278e+02    5.0162100000e+01
    3.0100204905e+02    2.6538074326e+03   -3.8774776849e+05   -9.1543777871e-02   -8.3582990984e-02   -6.0767468180e-04    2.5550669298e+02    5.5093989278e+02    5.0162100000e+01
    3.0056871366e+02    2.6499868983e+03   -3.8774762553e+05   -9.5479298713e-02   -8.8856499837e-02   -9.7974726139e-03    2.5550669298e+02    5.5093989278e+02    5.0162100000e+01
    2.9948904793e+02    2.6404679433e+03   -3.8773729209e+05   -8.8794495118e-02   -9.0681721320e-02   -3.7998790015e-03    2.5550669298e+02    5.5093989278e+02    5.0162100000e+01
    2.9968945522e+02    2.6422348494e+03   -3.8773614379e+05   -9.6238616863e-02   -8.3661258072e-02   -1.4753387339e-03    2.5550669298e+02    5.5093989278e+02    5.0162100000e+01
    3.0020954308e+02    2.6468202436e+03   -3.8774336688e+05   -9.0244974570e-02   -8.9593945387e-02   -3.3351177966e-03    2.5550669298e+02    5.5093989278e+02    5.0162100000e+01
    2.9995447191e+02    2.6445713892e+03   -3.8774055786e+05   -8.5833768270e-02   -8.4107778313e-02    3.4075545926e-03    2.5550669298e+02    5.5093989278e+02    5.0162100000e+01
    3.0012617297e+02    2.6460852046e+03   -3.8774421040e+05   -8.9202699539e-02   -9.0912457719e-02   -1.0404015995e-02    2.5550669298e+02    5.5093989278e+02    5.0162100000e+01
    3.0072538817e+02    2.6513682309e+03   -3.8774874212e+05   -8.8342447310e-02   -9.2277170800e-02   -9.6812460441e-03    2.5550669298e+02    5.5093989278e+02    5.0162100000e+01
    2.9994527391e+02    2.6444902943e+03   -3.8773925417e+05   -9.2871560075e-02   -8.6231390931e-02   -2.7253097878e-03    2.5550669298e+02    5.5093989278e+02    5.0162100000e+01
    2.9913046680e+02    2.6373064855e+03   -3.8773090965e+05   -9.2701892200e-02   -8.9209991072e-02   -4.5302063710e-03    2.5550669298e+02    5.5093989278e+02    5.0162100000e+01
    2.9955674424e+02    2.6410647930e+03   -3.8773567841e+05   -9.2058486037e-02   -8.9695977849e-02   -4.5482322028e-03    2.5550669298e+02    5.5093989278e+02    5.0162100000e+01
    3.0015857311e+02    2.6463708629e+03   -3.8774030852e+05   -9.3838952704e-02   -8.9911483540e-02   -1.0061408649e-02    2.5550669298e+02    5.5093989278e+02    5.0162100000e+01
    2.9968553300e+02    2.6422002689e+03   -3.8773742405e+05   -9.2608203241e-02   -8.4849438302e-02    7.7869654837e-04    2.5550669298e+02    5.5093989278e+02    5.0162100000e+01
    3.0008194290e+02    2.6456952469e+03   -3.8774194421e+05   -9.3056699553e-02   -8.7106295960e-02   -8.1264230234e-03    2.5550669298e+02    5.5093989278e+02    5.0162100000e+01
    2.9955820176e+02    2.6410776433e+03   -3.8773424011e+05   -9.6325276184e-02   -8.4021740336e-02   -6.6887420519e-03    2.5550669298e+02    5.5093989278e+02    5.0162100000e+01
    2.9986624492e+02    2.6437935292e+03   -3.8773577243e+05   -9.7468065364e-02   -9.0241921559e-02   -4.6254759281e-03    2.5550669298e+02    5.5093989278e+02    5.0162100000e+01
    3.0061146013e+02    2.6503637757e+03   -3.8774612106e+05   -8.9168015462e-02   -8.9583479705e-02   -7.4112146435e-03    2.5550669298e+02    5.5093989278e+02    5.0162100000e+01
    3.0090099852e+02    2.6529165129e+03   -3.8774744504e+05   -9.0629202429e-02   -8.1806291858e-02   -1.6447952923e-04    2.5550669298e+02    5.5093989278e+02    5.0162100000e+01
    3.0017431996e+02    2.6465096962e+03   -3.8774182643e+05   -9.3045157571e-02   -8.0362420768e-02   -9.7021396251e-04    2.5550669298e+02    5.5093989278e+02    5.0162100000e+01
    3.0017080860e+02    2.6464787381e+03   -3.8774072240e+05   -9.8151646200e-02   -8.7290409367e-02    6.7865651538e-04    2.5550669298e+02    5.5093989278e+02    5.0162100000e+01
    2.9889784311e+02    2.6352555411e+03   -3.8773146424e+05   -8.9389985346e-02   -8.5206393385e-02   -3.8190449096e-03    2.5550669298e+02    5.5093989278e+02    5.0162100000e+01
    2.9981811493e+02    2.6433691875e+03   -3.8773972166e+05   -9.5270617542e-02   -8.7885380736e-02   -1.6621373294e-03    2.5550669298e+02    5.5093989278e+02    5.0162100000e+01
    2.9937341553e+02    2.6394484615e+03   -3.8773843562e+05   -9.1724280324e-02   -8.7904712392e-02    4.3544701859e-03    2.5550669298e+02    5.5093989278e+02    5.0162100000e+01
    2.9916813042e+02    2.6376385497e+03   -3.8773290373e+05   -8.7400450555e-02   -8.6685026053e-02   -2.5117865178e-03    2.5550669298e+02    5.5093989278e+02    5.0162100000e+01
    2.9975337918e+02    2.6427984398e+03   -3.8773899395e+05   -9.1660677931e-02   -8.9959603572e-02   -5.2094562943e-03    2.5550669298e+02    5.5093989278e+02    5.0162100000e+01
    3.0011323456e+02    2.6459711321e+03   -3.8773991577e+05   -9.5697721995e-02   -8.7016565163e-02    3.3935496142e-03    2.5550669298e+02    5.5093989278e+02    5.0162100000e+01
    3.0160199632e+02    2.6590969133e+03   -3.8775367677e+05   -9.0254370785e-02   -8.1340212193e-02    3.9857291575e-03    2.5550669298e+02    5.5093989278e+02    5.0162100000e+01
    3.0029247100e+02    2.6475513839e+03   -3.8774230384e+05   -9.0427351842e-02   -8.8957991957e-02   -5.4139152456e-03    2.5550669298e+02    5.5093989278e+02    5.0162100000e+01
    3.0003170124e+02    2.6452522875e+03   -3.8774146565e+05   -9.4009073175e-02   -8.9017963260e-02   -3.9977343034e-03    2.5550669298e+02    5.5093989278e+02    5.0162100000e+01
    2.9940165763e+02    2.6396974600e+03   -3.8773517965e+05   -9.1435958626e-02   -8.9845193263e-02   -4.6638287828e-03    2.5550669298e+02    5.5093989278e+02    5.0162100000e+01
    3.0028604493e+02    2.6474947279e+03   -3.8774200022e+05   -9.1349061453e-02   -8.6058022842e-02    3.9224193460e-03    2.5550669298e+02    5.5093989278e+02    5.0162100000e+01
    3.0044688574e+02    2.6489127932e+03   -3.8774491737e+05   -9.3950587112e-02   -9.6262485511e-02   -1.0273345090e-03    2.5550669298e+02    5.5093989278e+02    5.0162100000e+01
    2.9944752621e+02    2.6401018639e+03   -3.8773763715e+05   -9.1991026818e-02   -8.8019858885e-02    1.1379546509e-04    2.5550669298e+02    5.5093989278e+02    5.0162100000e+01
    3.0062155047e+02    2.6504527380e+03   -3.8774196737e+05   -9.0001657994e-02   -9.7830925347e-02   -9.3856996456e-03    2.5550669298e+02    5.5093989278e+02    5.0162100000e+01
    2.9948661337e+02    2.6404464788e+03   -3.8773501620e+05   -9.7125953688e-02   -8.4527089827e-02   -4.1113467146e-03    2.5550669298e+02    5.5093989278e+02    5.0162100000e+01
    2.9988939312e+02    2.6439976171e+03   -3.8773856595e+05   -9.4543689073e-02   -8.3116196757e-02   -8.1429257155e-03    2.5550669298e+02    5.5093989278e+02    5.0162100000e+01
    3.0058962465e+02    2.6501712615e+03   -3.8774721607e+05   -8.8258402186e-02   -9.2154518073e-02   -3.5531823837e-03    2.5550669298e+02    5.5093989278e+02    5.0162100000e+01
    2.9923950377e+02    2.6382678182e+03   -3.8773356378e+05   -9.3774208192e-02   -8.5138168291e-02   -4.5002015357e-03    2.5550669298e+02    5.5093989278e+02    5.0162100000e+01
    3.0166634123e+02    2.6596642151e+03   -3.8775381306e+05   -8.9622686500e-02   -9.1257654258e-02   -1.0897281718e-03    2.5550669298e+02    5.5093989278e+02    5.0162100000e+01
    2.9906621608e+02    2.6367400142e+03   -3.8773404126e+05   -9.0880865625e-02   -8.5860511370e-02   -5.2955886674e-03    2.5550669298e+02    5.5093989278e+02    5.0162100000e+01
    2.9990714449e+02    2.6441541234e+03   -3.8773865083e+05   -9.0660901596e-02   -8.7964175081e-02   -4.9686570131e-03    2.5550669298e+02    5.5093989278e+02    5.0162100000e+01
    3.0019529037e+02    2.6466945835e+03   -3.8774128459e+05   -9.2793198088e-02   -8.5368427451e-02    5.1822896740e-03    2.5550669298e+02    5.5093989278e+02    5.0162100000e+01
    2.9998839705e+02    2.6448704928e+03   -3.8773932323e+05   -8.7932070935e-02   -8.7400628896e-02   -6.4709453405e-03    2.5550669298e+02    5.5093989278e+02    5.0162100000e+01
    2.9945345644e+02    2.6401541482e+03   -3.8773346497e+05   -9.5664605845e-02   -8.7881252952e-02   -1.6058217635e-03    2.5550669298e+02    5.5093989278e+02    5.0162100000e+01
    2.9962875393e+02    2.6416996719e+03   -3.8773848911e+05   -9.2597326849e-02   -8.7437026446e-02   -4.4034983273e-03    2.5550669298e+02    5.5093989278e+02    5.0162100000e+01
    3.0035966125e+02    2.6481437718e+03   -3.8774398916e+05   -8.9076627991e-02   -8.7114220065e-02    5.2853874454e-03    2.5550669298e+02    5.5093989278e+02    5.0162100000e+01
    3.0063624809e+02    2.6505823206e+03   -3.8774681003e+05   -9.8687661436e-02   -8.2637437399e-02    3.8008776489e-03    2.5550669298e+02    5.5093989278e+02    5.0162100000e+01
    3.0187808372e+02    2.6615310589e+03   -3.8778804296e+05   -1.4289671838e-01   -1.3025651052e-01   -1.8230204880e-02    2.5550669298e+02    5.5093989278e+02    5.0162100000e+01
    2.9819780153e+02    2.6290835713e+03   -3.8773121533e+05   -4.9771705408e-02   -5.4405664180e-02    1.4928751882e-02    2.5550669298e+02    5.5093989278e+02    5.0162100000e+01
    2.9955577429e+02    2.6410562413e+03   -3.8772261499e+05   -8.7040647534e-02   -7.4793143178e-02    5.5124116538e-03    2.5550669298e+02    5.5093989278e+02    5.0162100000e+01
    2.9961665362e+02    2.6415929885e+03   -3.8773812854e+05   -9.9038110039e-02   -7.9492262465e-02    8.2234376128e-03    2.5550669298e+02    5.5093989278e+02    5.0162100000e+01
    2.9956913349e+02    2.6411740238e+03   -3.8773292243e+05   -8.7148026801e-02   -1.1952640450e-01   -8.3909897485e-03    2.5550669298e+02    5.5093989278e+02    5.0162100000e+01
    3.0059299997e+02    2.6502010203e+03   -3.8774792553e+05   -8.7294771745e-02   -1.0588693394e-01   -1.0175738527e-02    2.5550669298e+02    5.5093989278e+02    5.0162100000e+01
    3.0008999196e+02    2.6457662120e+03   -3.8773572914e+05   -1.0008483220e-01   -9.1504802919e-02    1.7400906861e-03    2.5550669298e+02    5.5093989278e+02    5.0162100000e+01
    3.0012034423e+02    2.6460338151e+03   -3.8774214331e+05   -9.0924966942e-02   -8.2218799011e-02   -1.0453865035e-03    2.5550669298e+02    5.5093989278e+02    5.0162100000e+01
    3.0012957472e+02    2.6461151964e+03   -3.8773920873e+05   -8.2742091504e-02   -9.3305366058e-02   -1.1778687822e-03    2.5550669298e+02    5.5093989278e+02    5.0162100000e+01
    3.0179966085e+02    2.6608396377e+03   -3.8775278984e+05   -1.0041868250e-01   -8.6790269251e-02    2.7985894774e-03    2.5550669298e+02    5.5093989278e+02    5.0162100000e+01
    2.9942496295e+02    2.6399029332e+03   -3.8773326474e+05   -9.8717459099e-02   -9.3277447086e-02   -7.0899221963e-03    2.5550669298e+02    5.5093989278e+02    5.0162100000e+01
    3.0034031223e+02    2.6479731797e+03   -3.8774327340e+05   -9.0970383989e-02   -8.5129743930e-02   -4.8108748384e-03    2.5550669298e+02    5.5093989278e+02    5.0162100000e+01
    3.0026111895e+02    2.6472749661e+03   -3.8774197198e+05   -8.8595777969e-02   -9.1280521718e-02   -3.2903034694e-03    2.5550669298e+02    5.5093989278e+02    5.0162100000e+01
    2.9955880007e+02    2.6410829184e+03   -3.8773111222e+05   -9.9949558610e-02   -8.7093524192e-02    4.1203724241e-03    2.5550669298e+02    5.5093989278e+02    5.0162100000e+01
    3.0087884803e+02    2.6527212215e+03   -3.8775346440e+05   -9.6053258454e-02   -8.9538381197e-02   -5.1596608837e-03    2.5550669298e+02    5.5093989278e+02    5.0162100000e+01
    3.0020009577e+02    2.6467369506e+03   -3.8773976217e+05   -9.6583236673e-02   -8.7367690769e-02    4.1582762543e-03    2.5550669298e+02    5.5093989278e+02    5.0162100000e+01
    2.9973733709e+02    2.6426570035e+03   -3.8773646329e+05   -9.5944775215e-02   -9.3547857950e-02   -2.4168733632e-03    2.5550669298e+02    5.5093989278e+02    5.0162100000e+01
    2.9868614280e+02    2.6333890692e+03   -3.8772776894e+05   -9.4281708900e-02   -8.5823459945e-02   -3.2973819086e-03    2.5550669298e+02    5.5093989278e+02    5.0162100000e+01
    2.9996709267e+02    2.6446826611e+03   -3.8774221525e+05   -8.9763717776e-02   -8.6175856709e-02   -1.8260031776e-03    2.5550669298e+02    5.5093989278e+02    5.0162100000e+01
    2.9995138184e+02    2.6445441453e+03   -3.8773924670e+05   -9.2501570831e-02   -8.2578566208e-02    6.7501425607e-03    2.5550669298e+02    5.5093989278e+02    5.0162100000e+01
    2.9999607023e+02    2.6449381439e+03   -3.8773998451e+05   -9.1823243234e-02   -9.0330504830e-02   -3.1706865650e-03    2.5550669298e+02    5.5093989278e+02    5.0162100000e+01
    2.9896729664e+02    2.6358678835e+03   -3.8773094542e+05   -9.6251031346e-02   -8.7448914578e-02   -5.2406692885e-04    2.5550669298e+02    5.5093989278e+02    5.0162100000e+01
    3.0080024965e+02    2.6520282529e+03   -3.8774942049e+05   -8.9697594311e-02   -9.0224188308e-02   -5.3792595055e-03    2.5550669298e+02    5.5093989278e+02    5.0162100000e+01
    3.0065596079e+02    2.6507561192e+03   -3.8774486043e+05   -8.5756020046e-02   -9.1034826401e-02   -5.5850664799e-03    2.5550669298e+02    5.5093989278e+02    5.0162100000e+01
    2.9892513062e+02    2.6354961235e+03   -3.8773276500e+05   -9.0321242646e-02   -8.8200459053e-02    2.4652176855e-03    2.5550669298e+02    5.5093989278e+02    5.0162100000e+01
    2.9930059365e+02    2.6388064218e+03   -3.8773650318e+05   -8.9974801537e-02   -9.1973822471e-02    2.1096365741e-03    2.5550669298e+02    5.5093989278e+02    5.0162100000e+01
    3.0017680464e+02    2.6465316026e+03   -3.8774427173e+05   -9.1937781959e-02   -8.7167112593e-02   -2.2999202330e-03    2.5550669298e+02    5.5093989278e+02    5.0162100000e+01
    3.0050745219e+02    2.6494467818e+03   -3.8774119132e+05   -9.5894064816e-02   -9.7887474960e-02   -7.4986984898e-03    2.5550669298e+02    5.5093989278e+02    5.0162100000e+01
    2.9960018994e+02    2.6414478353e+03   -3.8773696899e+05   -9.5504643683e-02   -8.4348675763e-02    3.1057358996e-03    2.5550669298e+02    5.5093989278e+02    5.0162100000e+01
    3.0074336680e+02    2.6515267409e+03   -3.8774711673e+05   -8.1869789339e-02   -8.1390512651e-02   -3.2379083342e-03    2.5550669298e+02    5.5093989278e+02    5.0162100000e+01
    3.0008810802e+02    2.6457496021e+03   -3.8774028317e+05   -9.0196812768e-02   -8.5867074042e-02   -2.5448301559e-03    2.5550669298e+02    5.5093989278e+02    5.0162100000e+01
    2.9933452438e+02    2.6391055747e+03   -3.8773601732e+05   -9.2206338237e-02   -8.7124764537e-02   -3.1839980342e-03    2.5550669298e+02    5.5093989278e+02    5.0162100000e+01
    2.9932351128e+02    2.6390084769e+03   -3.8773689007e+05   -1.0183380482e-01   -8.7668342410e-02    7.6891595249e-04    2.5550669298e+02    5.5093989278e+02    5.0162100000e+01
    3.0004289133e+02    2.6453509458e+03   -3.8774209397e+05   -8.9848640907e-02   -8.1171335223e-02   -6.8714209736e-03    2.5550669298e+02    5.5093989278e+02    5.0162100000e+01
    3.0062849903e+02    2.6505140005e+03   -3.8774911622e+05   -8.9785593812e-02   -8.1642552632e-02   -1.0689504117e-03    2.5550669298e+02    5.5093989278e+02    5.0162100000e+01
    2.9964747761e+02    2.6418647506e+03   -3.8773714018e+05   -9.4190274497e-02   -8.6324138139e-02   -6.3889570318e-03    2.5550669298e+02    5.5093989278e+02    5.0162100000e+01
    3.0058563805e+02    2.6501361134e+03   -3.8774924329e+05   -8.9411419550e-02   -8.2681179040e-02   -9.0953057360e-03    2.5550669298e+02    5.5093989278e+02    5.0162100000e+01
    2.9956072114e+02    2.6410998556e+03   -3.8773339831e+05   -9.4464649298e-02   -8.1319385059e-02   -3.7182285813e-03    2.5550669298e+02    5.5093989278e+02    5.0162100000e+01
    2.9897752933e+02    2.6359581007e+03   -3.8773180805e+05   -9.2992289468e-02   -9.0960042781e-02    2.1718744276e-04    2.5550669298e+02    5.5093989278e+02    5.0162100000e+01
    3.0002772645e+02    2.6452172434e+03   -3.8774210557e+05   -9.7876401559e-02   -8.9649074461e-02   -8.6223896227e-03    2.5550669298e+02    5.5093989278e+02    5.0162100000e+01
    3.0063320921e+02    2.6505555282e+03   -3.8774426732e+05   -9.0749393696e-02   -8.5518267264e-02   -8.1612421119e-03    2.5550669298e+02    5.5093989278e+02    5.0162100000e+01
    2.9990504316e+02    2.6441355969e+03   -3.8774159119e+05   -9.0418674783e-02   -8.5923082296e-02   -5.4841212145e-03    2.5550669298e+02    5.5093989278e+02    5.0162100000e+01
    3.0101632423e+02    2.6539332908e+03   -3.8774804449e+05   -9.0425538003e-02   -9.2057927981e-02   -1.9672549917e-03    2.5550669298e+02    5.5093989278e+02    5.0162100000e+01
    2.9925868919e+02    2.6384369679e+03   -3.8773443322e+05   -9.3784134517e-02   -9.0078699672e-02   -2.5937613264e-03    2.5550669298e+02    5.5093989278e+02    5.0162100000e+01
    3.0060254075e+02    2.6502851374e+03   -3.8774695903e+05   -9.4031805871e-02   -8.3209871291e-02   -9.2642921180e-03    2.5550669298e+02    5.5093989278e+02    5.0162100000e+01
    2.9988861381e+02    2.6439907462e+03   -3.8773711662e+05   -8.8944479183e-02   -7.9138141444e-02   -3.5586666363e-03    2.5550669298e+02    5.5093989278e+02    5.0162100000e+01
    3.0027862138e+02    2.6474292776e+03   -3.8774394877e+05   -8.2189621675e-02   -9.1341885458e-02   -1.7998388202e-03    2.5550669298e+02    5.5093989278e+02    5.0162100000e+01
    2.9925235526e+02    2.6383811244e+03   -3.8773174065e+05   -9.1646692441e-02   -8.4846162918e-02   -3.4610707755e-03    2.5550669298e+02    5.5093989278e+02    5.0162100000e+01
    3.0028375197e+02    2.6474745118e+03   -3.8774525531e+05   -9.0222771497e-02   -8.4699672643e-02   -5.1563590806e-03    2.5550669298e+02    5.5093989278e+02    5.0162100000e+01
    3.0017737328e+02    2.6465366161e+03   -3.8773928628e+05   -9.8373173864e-02   -8.8099998253e-02   -3.6704343056e-03    2.5550669298e+02    5.5093989278e+02    5.0162100000e+01
    2.9905444075e+02    2.6366361960e+03   -3.8773196445e+05   -9.0574638757e-02   -9.3203596258e-02   -4.7657475246e-03    2.5550669298e+02    5.5093989278e+02    5.0162100000e+01
    3.0019764791e+02    2.6467153689e+03   -3.8774291559e+05   -9.2531049301e-02   -8.9162650374e-02   -9.5424275531e-03    2.5550669298e+02    5.5093989278e+02    5.0162100000e+01
    2.9988096792e+02    2.6439233357e+03   -3.8773906273e+05   -9.1125046364e-02   -8.0411714141e-02   -3.2778337058e-03    2.5550669298e+02    5.5093989278e+02    5.0162100000e+01
    2.9871184738e+02    2.6336156956e+03   -3.8772900653e+05   -9.1155586497e-02   -8.4712044943e-02    9.3120211220e-04    2.5550669298e+02    5.5093989278e+02    5.0162100000e+01
    3.0027233077e+02    2.6473738160e+03   -3.8774188920e+05   -8.7377751297e-02   -9.1874421954e-02   -5.5898366890e-03    2.5550669298e+02    5.5093989278e+02    5.0162100000e+01
    3.0064547173e+02    2.6506636416e+03   -3.8774744939e+05   -1.0094648533e-01   -9.5186723864e-02   -9.4538678354e-03    2.5550669298e+02    5.5093989278e+02    5.0162100000e+01
    3.0109934069e+02    2.6546652117e+03   -3.8774891048e+05   -9.5080715523e-02   -8.5338463681e-02   -1.3646605514e-03    2.5550669298e+02    5.5093989278e+02    5.0162100000e+01
    2.9991630911e+02    2.6442349240e+03   -3.8773861880e+05   -9.5996640492e-02   -9.0406288371e-02   -4.0412868256e-04    2.5550669298e+02    5.5093989278e+02    5.0162100000e+01
    2.9921007467e+02    2.6380083544e+03   -3.8773247140e+05   -9.3005563779e-02   -8.4307098165e-02   -1.3018199449e-03    2.5550669298e+02    5.5093989278e+02    5.0162100000e+01
    3.0013343879e+02    2.6461492643e+03   -3.8773994567e+05   -9.4113796200e-02   -8.9460749249e-02   -5.0333189330e-03    2.5550669298e+02    5.5093989278e+02    5.0162100000e+01
    2.9996726213e+02    2.6446841551e+03   -3.8773970796e+05   -8.4403104170e-02   -7.8397447819e-02    7.1966215849e-03    2.5550669298e+02    5.5093989278e+02    5.0162100000e+01
    2.9975303070e+02    2.6427953675e+03   -3.8773946559e+05   -9.0505279585e-02   -8.5160407791e-02   -3.8926758314e-03    2.5550669298e+02    5.5093989278e+02    5.0162100000e+01
    2.9860311394e+02    2.6326570389e+03   -3.8772858962e+05   -8.9528322011e-02   -8.7035435205e-02   -6.3217553267e-03    2.5550669298e+02    5.5093989278e+02    5.0162100000e+01
    3.0028560334e+02    2.6474908346e+03   -3.8774445357e+05   -9.0411085929e-02   -8.8003080132e-02   -1.0029034269e-02    2.5550669298e+02    5.5093989278e+02    5.0162100000e+01
    2.9949472815e+02    2.6405180234e+03   -3.8773785111e+05   -8.8984028699e-02   -8.3161146384e-02   -3.9303548033e-03    2.5550669298e+02    5.5093989278e+02    5.0162100000e+01
    3.0077807498e+02    2.6518327482e+03   -3.8774837906e+05   -8.7680793634e-02   -8.9844109715e-02   -4.0442628343e-03    2.5550669298e+02    5.5093989278e+02    5.0162100000e+01
    2.9913055380e+02    2.6373072525e+03   -3.8773394168e+05   -8.6399702896e-02   -8.4946616194e-02   -2.6893778780e-03    2.5550669298e+02    5.5093989278e+02    5.0162100000e+01
    2.9971949631e+02    2.6424997090e+03   -3.8773707770e+05   -9.2768590549e-02   -9.2299993635e-02   -1.0297462454e-02    2.5550669298e+02    5.5093989278e+02    5.0162100000e+01
    2.9967943836e+02    2.6421465350e+03   -3.8773749906e+05   -8.8170127679e-02   -8.8642939390e-02   -8.7916763010e-03    2.5550669298e+02    5.5093989278e+02    5.0162100000e+01
    2.9979577202e+02    2.6431721996e+03   -3.8773821286e+05   -8.4480773662e-02   -9.7804836838e-02   -4.4343175757e-03    2.5550669298e+02    5.5093989278e+02    5.0162100000e+01
    2.9982740918e+02    2.6434511310e+03   -3.8773949207e+05   -9.1732837933e-02   -8.8406613009e-02    5.1812867554e-03    2.5550669298e+02    5.5093989278e+02    5.0162100000e+01
    3.0007211050e+02    2.6456085587e+03   -3.8774005268e+05   -9.0695463830e-02   -8.6830565655e-02   -5.7788614182e-03    2.5550669298e+02    5.5093989278e+02    5.0162100000e+01
    2.9948389817e+02    2.6404225400e+03   -3.8773736133e+05   -9.6740903952e-02   -8.2200038770e-02   -3.4097433819e-03    2.5550669298e+02    5.5093989278e+02    5.0162100000e+01
    3.0051556347e+02    2.6495182955e+03   -3.8774841640e+05   -9.0103145534e-02   -8.4402239977e-02   -4.7413812876e-03    2.5550669298e+02    5.5093989278e+02    5.0162100000e+01
    2.9898960366e+02    2.6360645550e+03   -3.8773154906e+05   -9.4584382817e-02   -8.1479435118e-02   -6.7703879717e-03    2.5550669298e+02    5.5093989278e+02    5.0162100000e+01
    2.9965655167e+02    2.6419447527e+03   -3.8773726895e+05   -9.7936755191e-02   -8.7289504161e-02   -2.5316221836e-03    2.5550669298e+02    5.5093989278e+02    5.0162100000e+01
    2.9945074442e+02    2.6401302375e+03   -3.8773463355e+05   -9.6586247864e-02   -8.5560874401e-02   -5.2611891379e-03    2.5550669298e+02    5.5093989278e+02    5.0162100000e+01
    2.9934752264e+02    2.6392201749e+03   -3.8773667857e+05   -9.0143388426e-02   -8.7100209285e-02   -5.8044008363e-03    2.5550669298e+02    5.5093989278e+02    5.0162100000e+01
    3.0017771388e+02    2.6465396190e+03   -3.8774349684e+05   -9.6322881834e-02   -8.5444932581e-02    3.3342901339e-03    2.5550669298e+02    5.5093989278e+02    5.0162100000e+01
    3.0055103549e+02    2.6498310373e+03   -3.8774538495e+05   -9.1413287709e-02   -8.7309066729e-02    3.5552480088e-03    2.5550669298e+02    5.5093989278e+02    5.0162100000e+01
    2.9931421197e+02    2.6389264888e+03   -3.8773154569e+05   -9.5718049859e-02   -8.9456062218e-02   -5.3406215982e-03    2.5550669298e+02    5.5093989278e+02    5.0162100000e+01
    2.9976035653e+02    2.6428599562e+03   -3.8774001793e+05   -9.2103432332e-02   -8.8824456590e-02   -3.7003277031e-03    2.5550669298e+02    5.5093989278e+02    5.0162100000e+01
    3.0081545493e+02    2.6521623114e+03   -3.8774740326e+05   -8.7342174953e-02   -9.2598546948e-02   -2.5399870003e-03    2.5550669298e+02    5.5093989278e+02    5.0162100000e+01
    3.0029553911e+02    2.6475784340e+03   -3.8774194494e+05   -8.9489978880e-02   -9.0731149623e-02   -4.4349981988e-03    2.5550669298e+02    5.5093989278e+02    5.0162100000e+01
    2.9981360407e+02    2.6433294172e+03   -3.8773741510e+05   -8.9488565896e-02   -8.3517627063e-02    1.1644636378e-03    2.5550669298e+02    5.5093989278e+02    5.0162100000e+01
    2.9975786820e+02    2.6428380176e+03   -3.8773783162e+05   -8.7849866752e-02   -9.6027913174e-02   -5.6383103097e-03    2.5550669298e+02    5.5093989278e+02    5.0162100000e+01
    2.9960074053e+02    2.6414526896e+03   -3.8773696064e+05   -9.1983723333e-02   -8.9752749802e-02   -7.5651482638e-03    2.5550669298e+02    5.5093989278e+02    5.0162100000e+01
    2.9974863576e+02    2.6427566192e+03   -3.8773521818e+05   -9.4395814675e-02   -8.5228873395e-02   -8.2158605709e-04    2.5550669298e+02    5.5093989278e+02    5.0162100000e+01
    2.9955412121e+02    2.6410416669e+03   -3.8773749641e+05   -8.8581108201e-02   -9.1974063818e-02   -3.8198725052e-03    2.5550669298e+02    5.5093989278e+02    5.0162100000e+01
    2.9974767031e+02    2.6427481072e+03   -3.8773620939e+05   -9.8430920538e-02   -9.5426609339e-02   -1.3055525395e-03    2.5550669298e+02    5.5093989278e+02    5.0162100000e+01
    3.0015070179e+02    2.6463014648e+03   -3.8774352993e+05   -9.1747591272e-02   -8.5576376696e-02    2.1199142342e-03    2.5550669298e+02    5.5093989278e+02    5.0162100000e+01
    3.0060919310e+02    2.6503437883e+03   -3.8774547358e+05   -8.9568745445e-02   -8.6257107338e-02   -4.2114949608e-03    2.5550669298e+02    5.5093989278e+02    5.0162100000e+01
    2.9959085188e+02    2.6413655056e+03   -3.8773776353e+05   -8.8889213768e-02   -8.6468706968e-02   -5.3005534356e-04    2.5550669298e+02    5.5093989278e+02    5.0162100000e+01
    2.9948419197e+02    2.6404251303e+03   -3.8773610630e+05   -9.0421899080e-02   -8.6251194369e-02   -1.8922802848e-03    2.5550669298e+02    5.5093989278e+02    5.0162100000e+01
    3.0047842192e+02    2.6491908342e+03   -3.8774346696e+05   -9.7242920654e-02   -8.5961323151e-02   -5.3533510526e-03    2.5550669298e+02    5.5093989278e+02    5.0162100000e+01
    2.9938267128e+02    2.6395300655e+03   -3.8773359420e+05   -9.5650861094e-02   -9.2735405760e-02   -6.4504278031e-04    2.5550669298e+02    5.5093989278e+02    5.0162100000e+01
    3.0031675698e+02    2.6477655031e+03   -3.8774443259e+05   -9.2799131836e-02   -8.6741476006e-02    1.5830888902e-03    2.5550669298e+02    5.5093989278e+02    5.0162100000e+01
    2.9892069204e+02    2.6354569904e+03   -3.8773362380e+05   -9.5487545757e-02   -9.4456576623e-02   -2.8834473790e-03    2.5550669298e+02    5.5093989278e+02    5.0162100000e+01
    2.9889560775e+02    2.6352358329e+03   -3.8773477746e+05   -9.2265381005e-02   -8.6852319701e-02    2.3617535066e-03    2.5550669298e+02    5.5093989278e+02    5.0162100000e+01
    3.0043910688e+02    2.6488442102e+03   -3.8774558194e+05   -9.5299237043e-02   -8.8487737793e-02   -6.3381261508e-04    2.5550669298e+02    5.5093989278e+02    5.0162100000e+01
    3.0152502007e+02    2.6584182463e+03   -3.8778271374e+05   -1.4413849679e-01   -1.2635451239e-01   -1.9825339005e-02    2.5550669298e+02    5.5093989278e+02    5.0162100000e+01
    2.9997640828e+02    2.6447647929e+03   -3.8774728211e+05   -4.4898151091e-02   -5.0568496787e-02    1.8968845534e-02    2.5550669298e+02    5.5093989278e+02    5.0162100000e+01
    2.9940721072e+02    2.6397464193e+03   -3.8772404958e+05   -8.6302392169e-02   -7.6600572032e-02    8.1521565757e-03    2.5550669298e+02    5.5093989278e+02    5.0162100000e+01
    3.0063944254e+02    2.6506104848e+03   -3.8774451357e+05   -1.0270200482e-01   -8.7944667338e-02    9.4230367878e-03    2.5550669298e+02    5.5093989278e+02    5.0162100000e+01
    3.0081945252e+02    2.6521975564e+03   -3.8774647850e+05   -8.5147098829e-02   -1.1299493084e-01   -9.5975235048e-03    2.5550669298e+02    5.5093989278e+02    5.0162100000e+01
    3.0026920707e+02    2.6473462756e+03   -3.8774452716e+05   -8.5891389563e-02   -1.0455251840e-01   -9.6610179473e-03    2.5550669298e+02    5.5093989278e+02    5.0162100000e+01
    2.9974482590e+02    2.6427230292e+03   -3.8773200948e+05   -1.0301496689e-01   -9.4853772913e-02    1.5570773963e-03    2.5550669298e+02    5.5093989278e+02    5.0162100000e+01
    3.0072352054e+02    2.6513517648e+03   -3.8774725816e+05   -8.7533484825e-02   -9.2799262166e-02   -2.5385925468e-03    2.5550669298e+02    5.5093989278e+02    5.0162100000e+01
    3.0072888005e+02    2.6513990174e+03   -3.8774340071e+05   -8.4114602357e-02   -9.0149879117e-02   -6.3232306971e-03    2.5550669298e+02    5.5093989278e+02    5.0162100000e+01
    3.0028749523e+02    2.6475075146e+03   -3.8773778014e+05   -9.8277452089e-02   -9.4111461501e-02   -6.2892238696e-03    2.5550669298e+02    5.5093989278e+02    5.0162100000e+01
    2.9992519331e+02    2.6443132522e+03   -3.8774003827e+05   -1.0660544661e-01   -8.7813197228e-02   -3.0576426554e-03    2.5550669298e+02    5.5093989278e+02    5.0162100000e+01
    2.9988232361e+02    2.6439352882e+03   -3.8773762424e+05   -9.0351250524e-02   -9.5412532158e-02   -2.7178688906e-03    2.5550669298e+02    5.5093989278e+02    5.0162100000e+01
    3.0076097783e+02    2.6516820099e+03   -3.8774769940e+05   -9.1644805607e-02   -8.6695388854e-02   -3.3598231968e-03    2.5550669298e+02    5.5093989278e+02    5.0162100000e+01
    3.0003335201e+02    2.6452668416e+03   -3.8773959218e+05   -1.0164389646e-01   -9.0053344656e-02   -5.4162653313e-04    2.5550669298e+02    5.5093989278e+02    5.0162100000e+01
    3.0111829883e+02    2.6548323576e+03   -3.8774963920e+05   -9.5610911137e-02   -8.5608535054e-02   -3.1824820704e-03    2.5550669298e+02    5.5093989278e+02    5.0162100000e+01
    3.0141729886e+02    2.6574685141e+03   -3.8775385434e+05   -9.6276592950e-02   -8.5604235810e-02   -1.4017811157e-04    2.5550669298e+02    5.5093989278e+02    5.0162100000e+01
    3.0080716476e+02    2.6520892204e+03   -3.8774819776e+05   -1.0048977819e-01   -8.8600315981e-02   -1.1610561134e-03    2.5550669298e+02    5.5093989278e+02    5.0162100000e+01
    2.9995231687e+02    2.6445523891e+03   -3.8773939034e+05   -9.8597428253e-02   -8.3601950672e-02   -6.1430457851e-03    2.5550669298e+02    5.5093989278e+02    5.0162100000e+01
    2.9891810395e+02    2.6354341724e+03   -3.8773055250e+05   -9.4264376113e-02   -9.2676256463e-02   -1.0081757558e-02    2.5550669298e+02    5.5093989278e+02    5.0162100000e+01
    3.0013298815e+02    2.6461452912e+03   -3.8774397166e+05   -8.9832166832e-02   -8.8247722335e-02    8.0447898093e-04    2.5550669298e+02    5.5093989278e+02    5.0162100000e+01
    3.0083769884e+02    2.6523584265e+03   -3.8774753483e+05   -9.3534341799e-02   -8.7703429268e-02    8.5917419572e-04    2.5550669298e+02    5.5093989278e+02    5.0162100000e+01
    2.9892098806e+02    2.6354596003e+03   -3.8773474429e+05   -8.9952348671e-02   -8.9024484651e-02   -4.9385289782e-03    2.5550669298e+02    5.5093989278e+02    5.0162100000e+01
    3.0037055463e+02    2.6482398141e+03   -3.8774183394e+05   -9.5538943823e-02   -9.0325655153e-02   -1.2335097636e-06    2.5550669298e+02    5.5093989278e+02    5.0162100000e+01
    2.9878927566e+02    2.6342983480e+03   -3.8772816751e+05   -9.3841477843e-02   -8.5194957781e-02   -2.4828970345e-03    2.5550669298e+02    5.5093989278e+02    5.0162100000e+01
    2.9858691809e+02    2.6325142471e+03   -3.8772728085e+05   -8.8034658772e-02   -8.4671443605e-02   -2.7810666903e-03    2.5550669298e+02    5.5093989278e+02    5.0162100000e+01
    3.0018739831e+02    2.6466250025e+03   -3.8774412890e+05   -9.0626569993e-02   -8.9818071343e-02   -6.8588665946e-03    2.5550669298e+02    5.5093989278e+02    5.0162100000e+01
    2.9997349011e+02    2.6447390646e+03   -3.8774122179e+05   -9.3127109039e-02   -8.6093814960e-02   -6.1506022595e-03    2.5550669298e+02    5.5093989278e+02    5.0162100000e+01
    3.0075128160e+02    2.6515965224e+03   -3.8774347418e+05   -9.4040291615e-02   -8.8722530737e-02   -7.1806983895e-03    2.5550669298e+02    5.5093989278e+02    5.0162100000e+01
    3.0006613795e+02    2.6455559013e+03   -3.8774235363e+05   -8.9447158423e-02   -8.7576401540e-02    8.2115786672e-05    2.5550669298e+02    5.5093989278e+02    5.0162100000e+01
    3.0087791024e+02    2.6527129534e+03   -3.8774778925e+05   -8.8399141626e-02   -8.0234260148e-02   -2.8255128795e-03    2.5550669298e+02    5.5093989278e+02    5.0162100000e+01
    3.0009177733e+02    2.6457819528e+03   -3.8774000316e+05   -8.7439875420e-02   -8.7580703549e-02   -2.6952531514e-03    2.5550669298e+02    5.5093989278e+02    5.0162100000e+01
    2.9971960722e+02    2.6425006868e+03   -3.8773554473e+05   -9.7190102695e-02   -7.9907921982e-02   -1.3430103576e-03    2.5550669298e+02    5.5093989278e+02    5.0162100000e+01
    3.0084907739e+02    2.6524587464e+03   -3.8774893508e+05   -9.4298812260e-02   -8.8217910491e-02   -7.5510198682e-03    2.5550669298e+02    5.5093989278e+02    5.0162100000e+01
    3.0028913390e+02    2.6475219621e+03   -3.8774572000e+05   -8.7864736183e-02   -9.1451165496e-02    1.4614215994e-03    2.5550669298e+02    5.5093989278e+02    5.0162100000e+01
    3.0003062359e+02    2.6452427862e+03   -3.8774189465e+05   -8.9668751294e-02   -9.0557016653e-02    2.6033340378e-03    2.5550669298e+02    5.5093989278e+02    5.0162100000e+01
    2.9953203923e+02    2.6408469793e+03   -3.8773335332e+05   -9.9534352478e-02   -8.7000425252e-02   -2.6917382383e-03    2.5550669298e+02    5.5093989278e+02    5.0162100000e+01
    2.9913731985e+02    2.6373669060e+03   -3.8773115466e+05   -9.5284787561e-02   -8.9401271999e-02   -5.1211811862e-03    2.5550669298e+02    5.5093989278e+02    5.0162100000e+01
    3.0024822577e+02    2.6471612924e+03   -3.8774220757e+05   -8.5824392204e-02   -9.0443844226e-02    4.5953329165e-04    2.5550669298e+02    5.5093989278e+02    5.0162100000e+01
    2.9986935537e+02    2.6438209528e+03   -3.8773967387e+05   -9.1152851485e-02   -8.7678756433e-02    2.9927562645e-03    2.5550669298e+02    5.5093989278e+02    5.0162100000e+01
    2.9939127457e+02    2.6396059171e+03   -3.8773541096e+05   -9.7030503192e-02   -8.7852210509e-02   -3.7187783072e-03    2.5550669298e+02    5.5093989278e+02    5.0162100000e+01
    3.0008908995e+02    2.6457582594e+03   -3.8774280183e+05   -9.0625857536e-02   -8.1913681497e-02    2.9357422713e-03    2.5550669298e+02    5.5093989278e+02    5.0162100000e+01
    2.9971099722e+02    2.6424247761e+03   -3.8773777248e+05   -9.0945031794e-02   -9.3818511971e-02    2.5525149158e-03    2.5550669298e+02    5.5093989278e+02    5.0162100000e+01
    3.0045336015e+02    2.6489698752e+03   -3.8774464840e+05   -9.4444491905e-02   -9.0060587337e-02   -2.7554681942e-03    2.5550669298e+02    5.5093989278e+02    5.0162100000e+01
    2.9778943946e+02    2.6254832161e+03   -3.8772210164e+05   -9.6891449018e-02   -8.7572873050e-02   -5.1092771455e-03    2.5550669298e+02    5.5093989278e+02    5.0162100000e+01
    3.0103845394e+02    2.6541283991e+03   -3.8775088876e+05   -8.5675481321e-02   -8.6291689303e-02    4.4209476546e-03    2.5550669298e+02    5.5093989278e+02    5.0162100000e+01
    2.9961412119e+02    2.6415706612e+03   -3.8773734351e+05   -9.0200547647e-02   -8.0751610594e-02   -3.5502035601e-03    2.5550669298e+02    5.5093989278e+02    5.0162100000e+01
    2.9958810475e+02    2.6413412853e+03   -3.8773803519e+05   -9.2372316489e-02   -8.9498243315e-02    3.3206897217e-03    2.5550669298e+02    5.5093989278e+02    5.0162100000e+01
    2.9924936466e+02    2.6383547575e+03   -3.8773184689e+05   -9.8261421626e-02   -8.7537923160e-02    6.1873652419e-05    2.5550669298e+02    5.5093989278e+02    5.0162100000e+01
    2.9913187117e+02    2.6373188673e+03   -3.8773177948e+05   -9.1723648642e-02   -8.5194447129e-02    5.8293786848e-04    2.5550669298e+02    5.5093989278e+02    5.0162100000e+01
    3.0047960184e+02    2.6492012371e+03   -3.8774246071e+05   -9.6531501533e-02   -8.4129732383e-02   -2.2272458472e-03    2.5550669298e+02    5.5093989278e+02    5.0162100000e+01
    2.9945874985e+02    2.6402008180e+03   -3.8773358277e+05   -8.9341173639e-02   -8.6278614257e-02   -5.1801671408e-03    2.5550669298e+02    5.5093989278e+02    5.0162100000e+01
    3.0020443113e+02    2.6467751736e+03   -3.8774254721e+05   -9.4820862989e-02   -8.8462151566e-02   -3.6257488539e-04    2.5550669298e+02    5.5093989278e+02    5.0162100000e+01
    2.9963744354e+02    2.6417762845e+03   -3.8774026185e+05   -9.7537162893e-02   -8.9272579575e-02   -6.7658776449e-03    2.5550669298e+02    5.5093989278e+02    5.0162100000e+01
    3.0006806354e+02    2.6455728784e+03   -3.8774047888e+05   -9.3311793648e-02   -9.4972217959e-02   -3.7878971341e-04    2.5550669298e+02    5.5093989278e+02    5.0162100000e+01
    2.9983618247e+02    2.6435284813e+03   -3.8773687996e+05   -9.7027083593e-02   -8.4843642468e-02   -6.4684168460e-03    2.5550669298e+02    5.5093989278e+02    5.0162100000e+01
    3.0040831942e+02    2.6485727702e+03   -3.8774548773e+05   -9.1247225348e-02   -8.3469497478e-02   -6.5644969282e-03    2.5550669298e+02    5.5093989278e+02    5.0162100000e+01
    2.9960442179e+02    2.6414851457e+03   -3.8773556455e+05   -8.8701361075e-02   -9.0854548768e-02   -6.4639367987e-03    2.5550669298e+02    5.5093989278e+02    5.0162100000e+01
    3.0020006162e+02    2.6467366495e+03   -3.8774277547e+05   -8.9761248790e-02   -8.2153622828e-02   -8.6686237844e-04    2.5550669298e+02    5.5093989278e+02    5.0162100000e+01
    2.9912012171e+02    2.6372152773e+03   -3.8773366722e+05   -9.4023217604e-02   -8.5644201043e-02    3.0187085724e-03    2.5550669298e+02    5.5093989278e+02    5.0162100000e+01
    3.0072199594e+02    2.6513383231e+03   -3.8774835631e+05   -9.9872983972e-02   -8.6255771149e-02   -3.0108883411e-03    2.5550669298e+02    5.5093989278e+02    5.0162100000e+01
    3.0033620145e+02    2.6479369366e+03   -3.8774176858e+05   -8.8705340726e-02   -8.8968963415e-02    7.2292768621e-03    2.5550669298e+02    5.5093989278e+02    5.0162100000e+01
    3.0098785118e+02    2.6536822560e+03   -3.8774879987e+05   -9.5115914112e-02   -9.4493254407e-02   -5.9321460838e-03    2.5550669298e+02    5.5093989278e+02    5.0162100000e+01
    3.0170440516e+02    2.6599998086e+03   -3.8775445139e+05   -9.2083173986e-02   -9.0650155884e-02   -6.1177888157e-03    2.5550669298e+02    5.5093989278e+02    5.0162100000e+01
    2.9960515308e+02    2.6414915932e+03   -3.8773587971e+05   -9.0333978893e-02   -9.0698037506e-02   -2.6429605204e-03    2.5550669298e+02    5.5093989278e+02    5.0162100000e+01
    2.9982899974e+02    2.6434651542e+03   -3.8773945394e+05   -9.1014438472e-02   -9.3347034608e-02   -6.7066709002e-04    2.5550669298e+02    5.5093989278e+02    5.0162100000e+01
    2.9976730576e+02    2.6429212246e+03   -3.8773814864e+05   -9.1206195593e-02   -9.2385600117e-02   -4.1731286388e-03    2.5550669298e+02    5.5093989278e+02    5.0162100000e+01
    2.9947771441e+02    2.6403680204e+03   -3.8773792772e+05   -9.5730698369e-02   -9.0477606394e-02   -6.7546579460e-03    2.5550669298e+02    5.5093989278e+02    5.0162100000e+01
    2.9982381999e+02    2.6434194866e+03   -3.8773998058e+05   -9.1002382153e-02   -8.7451487527e-02    3.0108291611e-03    2.5550669298e+02    5.5093989278e+02    5.0162100000e+01
    2.9937900859e+02    2.6394977731e+03   -3.8773297431e+05   -9.3930429458e-02   -8.2028967626e-02   -3.9062714617e-03    2.5550669298e+02    5.5093989278e+02    5.0162100000e+01
    3.0080384227e+02    2.6520599274e+03   -3.8774717498e+05   -9.4930327405e-02   -8.6500056456e-02   -2.6058948799e-03    2.5550669298e+02    5.5093989278e+02    5.0162100000e+01
    3.0007681851e+02    2.6456500673e+03   -3.8774098472e+05   -9.5920152069e-02   -9.1501851863e-02   -3.2564370544e-03    2.5550669298e+02    5.5093989278e+02    5.0162100000e+01
    3.0053622370e+02    2.6497004480e+03   -3.8774578057e+05   -9.1575149159e-02   -8.1506966379e-02   -1.7354691835e-03    2.5550669298e+02    5.5093989278e+02    5.0162100000e+01
    3.0038946624e+02    2.6484065498e+03   -3.8774254513e+05   -9.5191196749e-02   -8.9691410984e-02   -8.6910101447e-03    2.5550669298e+02    5.5093989278e+02    5.0162100000e+01
    2.9979648422e+02    2.6431784787e+03   -3.8774017033e+05   -9.5617767689e-02   -8.3231658046e-02    1.6757966583e-03    2.5550669298e+02    5.5093989278e+02    5.0162100000e+01
    2.9910259852e+02    2.6370607827e+03   -3.8773318281e+05   -9.1954253532e-02   -7.9186140891e-02   -4.7298843881e-06    2.5550669298e+02    5.5093989278e+02    5.0162100000e+01
    2.9934804644e+02    2.6392247930e+03   -3.8773357457e+05   -9.3982060674e-02   -8.6880105869e-02   -1.3518284485e-03    2.5550669298e+02    5.5093989278e+02    5.0162100000e+01
    3.0043406864e+02    2.6487997902e+03   -3.8774478486e+05   -9.5452068240e-02   -8.9481985093e-02   -1.0286049587e-03    2.5550669298e+02    5.5093989278e+02    5.0162100000e+01
    2.9910931047e+02    2.6371199591e+03   -3.8773371771e+05   -8.8497462421e-02   -8.9030708605e-02   -2.8564440291e-03    2.5550669298e+02    5.5093989278e+02    5.0162100000e+01
    2.9929842165e+02    2.6387872722e+03   -3.8773496369e+05   -9.0792292481e-02   -8.8134061548e-02   -1.6700044745e-03    2.5550669298e+02    5.5093989278e+02    5.0162100000e+01
    2.9957265822e+02    2.6412050998e+03   -3.8773643703e+05   -9.6080577919e-02   -8.7553267251e-02   -6.4023882586e-03    2.5550669298e+02    5.5093989278e+02    5.0162100000e+01
    2.9929638039e+02    2.6387692753e+03   -3.8773237118e+05   -9.5490973592e-02   -8.3879062020e-02   -2.0374228661e-03    2.5550669298e+02    5.5093989278e+02    5.0162100000e+01
    3.0014241188e+02    2.6462283762e+03   -3.8774415301e+05   -9.0012883250e-02   -8.7978620052e-02   -5.0195518533e-03    2.5550669298e+02    5.5093989278e+02    5.0162100000e+01
    2.9985748389e+02    2.6437162870e+03   -3.8773725366e+05   -8.6167996961e-02   -8.8995114521e-02    7.3263776567e-03    2.5550669298e+02    5.5093989278e+02    5.0162100000e+01
    3.0058171142e+02    2.6501014940e+03   -3.8774779091e+05   -9.4231618015e-02   -8.9085381954e-02   -5.0534966862e-03    2.5550669298e+02    5.5093989278e+02    5.0162100000e+01
    2.9960617119e+02    2.6415005694e+03   -3.8773619942e+05   -9.6336174531e-02   -8.7701584298e-02   -2.5825259773e-04    2.5550669298e+02    5.5093989278e+02    5.0162100000e+01
    3.0030889065e+02    2.6476961489e+03   -3.8774062007e+05   -8.7286970469e-02   -9.3926833414e-02    4.6008551486e-03    2.5550669298e+02    5.5093989278e+02    5.0162100000e+01
    3.0035178001e+02    2.6480742863e+03   -3.8774244626e+05   -8.9689195435e-02   -8.5236132477e-02   -4.4437801558e-03    2.5550669298e+02    5.5093989278e+02    5.0162100000e+01
    3.0104437450e+02    2.6541805982e+03   -3.8774956158e+05   -8.0656804045e-02   -8.7179208764e-02   -2.8765240441e-03    2.5550669298e+02    5.5093989278e+02    5.0162100000e+01
    3.0072602163e+02    2.6513738159e+03   -3.8774411122e+05   -9.7442553075e-02   -8.5920471848e-02   -7.0366187393e-03    2.5550669298e+02    5.5093989278e+02    5.0162100000e+01
    2.9948359679e+02    2.6404198829e+03   -3.8773476481e+05   -9.2448598396e-02   -9.1229739350e-02   -7.6598628509e-03    2.5550669298e+02    5.5093989278e+02    5.0162100000e+01
    2.9938210893e+02    2.6395251075e+03   -3.8773590682e+05   -8.7798439201e-02   -8.0582336191e-02   -3.4318306039e-03    2.5550669298e+02    5.5093989278e+02    5.0162100000e+01
    2.9960723737e+02    2.6415099695e+03   -3.8773724400e+05   -9.3339379259e-02   -8.5821057683e-02    5.1093184962e-03    2.5550669298e+02    5.5093989278e+02    5.0162100000e+01
    2.9994043642e+02    2.6444476442e+03   -3.8773874104e+05   -9.4561596466e-02   -8.6530740428e-02   -4.6957471826e-03    2.5550669298e+02    5.5093989278e+02    5.0162100000e+01
    2.9968530951e+02    2.6421982985e+03   -3.8773923268e+05   -8.9990907158e-02   -8.4795691096e-02   -7.4749720220e-03    2.5550669298e+02    5.5093989278e+02    5.0162100000e+01
    2.9955392060e+02    2.6410398981e+03   -3.8773631257e+05   -9.7406457181e-02   -8.6330137474e-02   -3.6554983877e-03    2.5550669298e+02    5.5093989278e+02    5.0162100000e+01
    2.9907150919e+02    2.6367866812e+03   -3.8773449569e+05   -8.4791151632e-02   -8.8847472728e-02   -1.4019817185e-02    2.5550669298e+02    5.5093989278e+02    5.0162100000e+01
    3.0017630897e+02    2.6465272325e+03   -3.8774055395e+05   -9.2189438289e-02   -8.4372117696e-02   -6.2397462356e-03    2.5550669298e+02    5.5093989278e+02    5.0162100000e+01
    2.9896674224e+02    2.6358629955e+03   -3.8773125463e+05   -9.1402515742e-02   -8.9199989906e-02    1.9819359907e-03    2.5550669298e+02    5.5093989278e+02    5.0162100000e+01
    2.9946530491e+02    2.6402586112e+03   -3.8773671617e+05   -9.2504475463e-02   -8.8117677939e-02   -4.4140438744e-03    2.5550669298e+02    5.5093989278e+02    5.0162100000e+01
    2.9955910387e+02    2.6410855968e+03   -3.8773920468e+05   -9.5537418663e-02   -8.8206090740e-02   -1.6074803881e-03    2.5550669298e+02    5.5093989278e+02    5.0162100000e+01
    3.0289772958e+02    2.6705208440e+03   -3.8780200109e+05   -1.3909314495e-01   -1.2096616890e-01   -1.6085616751e-02    2.5550669298e+02    5.5093989278e+02    5.0162100000e+01
    2.9720425848e+02    2.6203239236e+03   -3.8771978666e+05   -3.7989770516e-02   -4.9190872142e-02    1.7889236987e-02    2.5550669298e+02    5.5093989278e+02    5.0162100000e+01
    2.9950513845e+02    2.6406098066e+03   -3.8772591055e+05   -8.9329681787e-02   -7.9308734334e-02    2.1185527380e-03    2.5550669298e+02    5.5093989278e+02    5.0162100000e+01
    3.0089598356e+02    2.6528722982e+03   -3.8774837226e+05   -9.5691946803e-02   -8.4109384382e-02    5.3693302826e-03    2.5550669298e+02    5.5093989278e+02    5.0162100000e+01
    3.0042873213e+02    2.6487527404e+03   -3.8774208225e+05   -9.4988588268e-02   -1.1953476619e-01   -1.3170681474e-02    2.5550669298e+02    5.5093989278e+02    5.0162100000e+01
    2.9900032802e+02    2.6361591071e+03   -3.8773108758e+05   -8.1500789208e-02   -1.0047545159e-01   -1.0984103598e-02    2.5550669298e+02    5.5093989278e+02    5.0162100000e+01
    2.9955715846e+02    2.6410684449e+03   -3.8772420589e+05   -1.0049468660e-01   -9.5215982658e-02    2.2718484885e-03    2.5550669298e+02    5.5093989278e+02    5.0162100000e+01
    3.0074589951e+02    2.6515490708e+03   -3.8775112487e+05   -9.0577198559e-02   -8.8006567119e-02    7.9789096546e-04    2.5550669298e+02    5.5093989278e+02    5.0162100000e+01
    3.0018918359e+02    2.6466407425e+03   -3.8774464081e+05   -8.7880890191e-02   -9.2706965706e-02   -7.2066368514e-03    2.5550669298e+02    5.5093989278e+02    5.0162100000e+01
    3.0002240377e+02    2.6451703156e+03   -3.8773565082e+05   -8.7702838639e-02   -9.3710342651e-02   -6.7092833516e-03    2.5550669298e+02    5.5093989278e+02    5.0162100000e+01
    3.0016497532e+02    2.6464273085e+03   -3.8774155014e+05   -1.0774295499e-01   -8.6668173806e-02   -1.0951128697e-02    2.5550669298e+02    5.5093989278e+02    5.0162100000e+01
    2.9947325982e+02    2.6403287462e+03   -3.8773313750e+05   -9.2706658329e-02   -8.7766707827e-02   -6.9756482753e-03    2.5550669298e+02    5.5093989278e+02    5.0162100000e+01
    3.0078516187e+02    2.6518952304e+03   -3.8774733308e+05   -8.4119706444e-02   -9.5700930906e-02   -4.1858995800e-04    2.5550669298e+02    5.5093989278e+02    5.0162100000e+01
    2.9954998506e+02    2.6410052001e+03   -3.8773619554e+05   -1.0453994937e-01   -9.1053960674e-02   -3.9459120147e-03    2.5550669298e+02    5.5093989278e+02    5.0162100000e+01
    3.0019493511e+02    2.6466914512e+03   -3.8774161461e+05   -1.0419813417e-01   -8.3989714857e-02   -8.4124751939e-03    2.5550669298e+02    5.5093989278e+02    5.0162100000e+01
    2.9982298218e+02    2.6434121000e+03   -3.8773853248e+05   -8.8098600096e-02   -9.4003117789e-02   -2.9052284253e-03    2.5550669298e+02    5.5093989278e+02    5.0162100000e+01
    2.9998850424e+02    2.6448714378e+03   -3.8774066888e+05   -9.5396563657e-02   -8.8780077425e-02   -1.9428534120e-03    2.5550669298e+02    5.5093989278e+02    5.0162100000e+01
    2.9958906416e+02    2.6413497440e+03   -3.8773522377e+05   -9.6711499674e-02   -8.9234585706e-02   -7.3787757980e-04    2.5550669298e+02    5.5093989278e+02    5.0162100000e+01
    2.9978029898e+02    2.6430357803e+03   -3.8773957918e+05   -8.7802038676e-02   -8.9716670706e-02    1.1136343329e-03    2.5550669298e+02    5.5093989278e+02    5.0162100000e+01
    2.9941990560e+02    2.6398583447e+03   -3.8773415164e+05   -9.1579430398e-02   -9.0750346558e-02   -2.1322014183e-03    2.5550669298e+02    5.5093989278e+02    5.0162100000e+01
    3.0039823859e+02    2.6484838919e+03   -3.8774165484e+05   -9.2321690433e-02   -9.0493976059e-02    7.3929992096e-03    2.5550669298e+02    5.5093989278e+02    5.0162100000e+01
    3.0009210541e+02    2.6457848454e+03   -3.8774227299e+05   -9.4152799574e-02   -9.1517508586e-02   -2.4744251320e-03    2.5550669298e+02    5.5093989278e+02    5.0162100000e+01
    2.9997412829e+02    2.6447446911e+03   -3.8774172457e+05   -8.9809398916e-02   -9.7562515891e-02   -4.7521249037e-03    2.5550669298e+02    5.5093989278e+02    5.0162100000e+01
    2.9940656150e+02    2.6397406954e+03   -3.8773622820e+05   -9.2605091978e-02   -9.7410980698e-02   -3.2704625684e-03    2.5550669298e+02    5.5093989278e+02    5.0162100000e+01
    3.0077795947e+02    2.6518317298e+03   -3.8775048376e+05   -9.4245796936e-02   -8.6079639824e-02    2.3461950534e-04    2.5550669298e+02    5.5093989278e+02    5.0162100000e+01
    3.0018034496e+02    2.6465628161e+03   -3.8774337941e+05   -8.6651897942e-02   -9.1824497144e-02   -7.7565878924e-03    2.5550669298e+02    5.5093989278e+02    5.0162100000e+01
    3.0003211406e+02    2.6452559271e+03   -3.8774551474e+05   -9.4808208065e-02   -9.1933053882e-02   -6.0495227889e-03    2.5550669298e+02    5.5093989278e+02    5.0162100000e+01
    3.0170676314e+02    2.6600205979e+03   -3.8775493094e+05   -9.4588260254e-02   -8.4899933725e-02    1.7984123084e-03    2.5550669298e+02    5.5093989278e+02    5.0162100000e+01
    3.0013441504e+02    2.6461578715e+03   -3.8774260966e+05   -9.9177365406e-02   -9.2466551222e-02    4.5322767213e-03    2.5550669298e+02    5.5093989278e+02    5.0162100000e+01
    3.0016585134e+02    2.6464350320e+03   -3.8774241196e+05   -8.9166205819e-02   -8.6321652100e-02   -1.8622540145e-03    2.5550669298e+02    5.5093989278e+02    5.0162100000e+01
    3.0002674035e+02    2.6452085494e+03   -3.8773853152e+05   -9.0606514037e-02   -9.0403454071e-02    3.9102829616e-03    2.5550669298e+02    5.5093989278e+02    5.0162100000e+01
    2.9938570079e+02    2.6395567754e+03   -3.8773404237e+05   -9.4769430132e-02   -8.4644850776e-02    5.7070995398e-03    2.5550669298e+02    5.5093989278e+02    5.0162100000e+01
    3.0001847515e+02    2.6451356786e+03   -3.8774287487e+05   -9.3922981403e-02   -8.8314334485e-02   -2.4927741865e-03    2.5550669298e+02    5.5093989278e+02    5.0162100000e+01
    3.0046431593e+02    2.6490664677e+03   -3.8774587869e+05   -9.1105344751e-02   -9.0146827764e-02   -9.7350228314e-03    2.5550669298e+02    5.5093989278e+02    5.0162100000e+01
    3.0006103873e+02    2.6455109437e+03   -3.8773951458e+05   -9.4087938467e-02   -8.8937156001e-02   -7.0773063598e-04    2.5550669298e+02    5.5093989278e+02    5.0162100000e+01
    2.9884517947e+02    2.6347912281e+03   -3.8773282041e+05   -9.5511370641e-02   -8.3195759220e-02    5.4695715859e-03    2.5550669298e+02    5.5093989278e+02    5.0162100000e+01
    3.0011307080e+02    2.6459696883e+03   -3.8773785365e+05   -8.7779081737e-02   -8.5519920844e-02   -1.0462410032e-03    2.5550669298e+02    5.5093989278e+02    5.0162100000e+01
    3.0047259623e+02    2.6491394716e+03   -3.8774388675e+05   -8.3959813109e-02   -9.3885900016e-02   -6.1626154384e-03    2.5550669298e+02    5.5093989278e+02    5.0162100000e+01
    2.9960558512e+02    2.6414954023e+03   -3.8773588659e+05   -8.8734203337e-02   -8.5469968822e-02    1.4161769393e-04    2.5550669298e+02    5.5093989278e+02    5.0162100000e+01
    3.0025024402e+02    2.6471790865e+03   -3.8774542597e+05   -8.5429412861e-02   -9.1040982248e-02    1.7115807224e-03    2.5550669298e+02    5.5093989278e+02    5.0162100000e+01
    3.0055217906e+02    2.6498411197e+03   -3.8774650957e+05   -9.6312408505e-02   -8.9400388340e-02   -4.4165346189e-03    2.5550669298e+02    5.5093989278e+02    5.0162100000e+01
    2.9943314359e+02    2.6399750585e+03   -3.8774033945e+05   -9.2725354194e-02   -8.9112678492e-02    3.1351233874e-03    2.5550669298e+02    5.5093989278e+02    5.0162100000e+01
    3.0047265115e+02    2.6491399558e+03   -3.8774526909e+05   -9.0065358713e-02   -8.6770563605e-02    1.4930393799e-03    2.5550669298e+02    5.5093989278e+02    5.0162100000e+01
    3.0057452766e+02    2.6500381578e+03   -3.8774424670e+05   -8.9459192576e-02   -9.0325683873e-02    2.4379774400e-03    2.5550669298e+02    5.5093989278e+02    5.0162100000e+01
    3.0016928626e+02    2.6464653162e+03   -3.8774380681e+05   -9.5207816336e-02   -9.0317939501e-02   -5.2681409754e-03    2.5550669298e+02    5.5093989278e+02    5.0162100000e+01
    2.9942696041e+02    2.6399205440e+03   -3.8773586639e+05   -8.9620737160e-02   -8.8573402135e-02   -7.4499636643e-03    2.5550669298e+02    5.5093989278e+02    5.0162100000e+01
    3.0043072857e+02    2.6487703422e+03   -3.8774439286e+05   -9.1874071885e-02   -9.1681194491e-02   -6.3055394134e-03    2.5550669298e+02    5.5093989278e+02    5.0162100000e+01
    2.9929501873e+02    2.6387572701e+03   -3.8773195436e+05   -9.2668972960e-02   -9.0727246243e-02    3.7041664469e-03    2.5550669298e+02    5.5093989278e+02    5.0162100000e+01
    3.0016296651e+02    2.6464095977e+03   -3.8774079516e+05   -9.4817886851e-02   -9.0032290749e-02   -3.2193983426e-03    2.5550669298e+02    5.5093989278e+02    5.0162100000e+01
    3.0006790927e+02    2.6455715183e+03   -3.8773928782e+05   -9.5463531499e-02   -8.9754259752e-02   -5.9336419199e-03    2.5550669298e+02    5.5093989278e+02    5.0162100000e+01
    2.9967074450e+02    2.6420698849e+03   -3.8774037631e+05   -8.9917874755e-02   -8.5640435072e-02   -3.2474495899e-03    2.5550669298e+02    5.5093989278e+02    5.0162100000e+01
    3.0020957632e+02    2.6468205366e+03   -3.8774249360e+05   -8.0846438966e-02   -9.3772758467e-02   -7.1425736393e-03    2.5550669298e+02    5.5093989278e+02    5.0162100000e+01
    2.9991998007e+02    2.6442672892e+03   -3.8774152674e+05   -9.7114810692e-02   -9.1056970958e-02   -3.3450321026e-03    2.5550669298e+02    5.5093989278e+02    5.0162100000e+01
    3.0064028507e+02    2.6506179130e+03   -3.8774426369e+05   -9.3960055364e-02   -9.0241623399e-02   -1.4726585653e-03    2.5550669298e+02    5.5093989278e+02    5.0162100000e+01
    3.0104528268e+02    2.6541886052e+03   -3.8775111177e+05   -9.0772399869e-02   -8.4305783348e-02   -4.6343207388e-03    2.5550669298e+02    5.5093989278e+02    5.0162100000e+01
    3.0038303810e+02    2.6483498756e+03   -3.8774230321e+05   -9.2297186564e-02   -8.6982504750e-02    5.8673349657e-03    2.5550669298e+02    5.5093989278e+02    5.0162100000e+01
    3.0017916820e+02    2.6465524411e+03   -3.8774116313e+05   -9.1428257834e-02   -7.9089595457e-02    1.0863124319e-02    2.5550669298e+02    5.5093989278e+02    5.0162100000e+01
    2.9948737488e+02    2.6404531928e+03   -3.8773629237e+05   -9.6099493181e-02   -8.3955642380e-02    7.5079159849e-03    2.5550669298e+02    5.5093989278e+02    5.0162100000e+01
    3.0077215459e+02    2.6517805507e+03   -3.8774745017e+05   -9.5129399546e-02   -8.5505549488e-02   -2.4434999120e-03    2.5550669298e+02    5.5093989278e+02    5.0162100000e+01
    3.0084077558e+02    2.6523855529e+03   -3.8774676853e+05   -8.7478392868e-02   -8.0336821621e-02   -3.8475405545e-03    2.5550669298e+02    5.5093989278e+02    5.0162100000e+01
    3.0012979180e+02    2.6461171103e+03   -3.8774083788e+05   -9.4072026384e-02   -8.7190786669e-02   -1.9580688714e-03    2.5550669298e+02    5.5093989278e+02    5.0162100000e+01
    2.9940530930e+02    2.6397296553e+03   -3.8773602506e+05   -9.7555337345e-02   -8.8025149595e-02   -3.1156805469e-03    2.5550669298e+02    5.5093989278e+02    5.0162100000e+01
    2.9902636049e+02    2.6363886243e+03   -3.8773204805e+05   -9.2328286378e-02   -8.6191913115e-02    1.2211016326e-03    2.5550669298e+02    5.5093989278e+02    5.0162100000e+01
    3.0047488010e+02    2.6491596076e+03   -3.8774282253e+05   -9.4152411953e-02   -9.2525268278e-02   -1.5025244023e-02    2.5550669298e+02    5.5093989278e+02    5.0162100000e+01
    3.0021554912e+02    2.6468731962e+03   -3.8774310672e+05   -9.7525894518e-02   -8.7609032399e-02   -3.0165223080e-03    2.5550669298e+02    5.5093989278e+02    5.0162100000e+01
    3.0068532558e+02    2.6510150161e+03   -3.8774828464e+05   -9.3992345481e-02   -9.4994570062e-02   -1.2369641208e-02    2.5550669298e+02    5.5093989278e+02    5.0162100000e+01
    2.9900441698e+02    2.6361951577e+03   -3.8773156153e+05   -9.2536412451e-02   -8.5504618123e-02    5.5905763626e-04    2.5550669298e+02    5.5093989278e+02    5.0162100000e+01
    2.9950135273e+02    2.6405764295e+03   -3.8773661436e+05   -9.7363570886e-02   -8.9187486983e-02   -5.2115684902e-03    2.5550669298e+02    5.5093989278e+02    5.0162100000e+01
    3.0011751350e+02    2.6460088577e+03   -3.8773895468e+05   -8.9444404701e-02   -8.7738638723e-02   -5.7668033051e-03    2.5550669298e+02    5.5093989278e+02    5.0162100000e+01
    3.0031906113e+02    2.6477858177e+03   -3.8774534532e+05   -8.9800283941e-02   -8.3236980700e-02   -6.3342250903e-04    2.5550669298e+02    5.5093989278e+02    5.0162100000e+01
    2.9964823051e+02    2.6418713886e+03   -3.8774071809e+05   -9.3588652240e-02   -8.9399374732e-02   -2.9800334790e-03    2.5550669298e+02    5.5093989278e+02    5.0162100000e+01
    3.0112033577e+02    2.6548503165e+03   -3.8774859642e+05   -9.2955247354e-02   -8.7960812518e-02   -5.3768092878e-03    2.5550669298e+02    5.5093989278e+02    5.0162100000e+01
    2.9932297254e+02    2.6390037271e+03   -3.8772928415e+05   -9.5959550327e-02   -9.1494543256e-02   -6.3132386674e-03    2.5550669298e+02    5.5093989278e+02    5.0162100000e+01
    2.9911014663e+02    2.6371273312e+03   -3.8773481022e+05   -9.1116998040e-02   -8.6944972470e-02    6.5756025444e-05    2.5550669298e+02    5.5093989278e+02    5.0162100000e+01
    2.9978206345e+02    2.6430513369e+03   -3.8773843706e+05   -9.0204318805e-02   -8.5122275560e-02   -7.4981664638e-04    2.5550669298e+02    5.5093989278e+02    5.0162100000e+01
    2.9960766568e+02    2.6415137457e+03   -3.8773775946e+05   -9.8937925421e-02   -8.8945186347e-02   -5.8406216986e-03    2.5550669298e+02    5.5093989278e+02    5.0162100000e+01
    2.9987311761e+02    2.6438541228e+03   -3.8774289462e+05   -9.2851114407e-02   -8.9447767776e-02   -4.1633707579e-04    2.5550669298e+02    5.5093989278e+02    5.0162100000e+01
    2.9993829697e+02    2.6444287816e+03   -3.8774143000e+05   -9.1552470878e-02   -9.1757876665e-02   -2.0720275236e-04    2.5550669298e+02    5.5093989278e+02    5.0162100000e+01
    2.9977549193e+02    2.6429933986e+03   -3.8774010842e+05   -9.2321069053e-02   -8.6076659698e-02   -9.1395685003e-04    2.5550669298e+02    5.5093989278e+02    5.0162100000e+01
    3.0066902344e+02    2.6508712871e+03   -3.8774658297e+05   -8.6388204753e-02   -8.4595596746e-02   -1.5864121441e-04    2.5550669298e+02    5.5093989278e+02    5.0162100000e+01
    3.0040126492e+02    2.6485105737e+03   -3.8774426420e+05   -9.1714751478e-02   -8.6981232410e-02    4.7319784350e-03    2.5550669298e+02    5.5093989278e+02    5.0162100000e+01
    2.9952608385e+02    2.6407944733e+03   -3.8773687985e+05   -8.8093140557e-02   -8.7688599725e-02    1.0973977814e-03    2.5550669298e+02    5.5093989278e+02    5.0162100000e+01
    2.9981345762e+02    2.6433281260e+03   -3.8773976275e+05   -9.4490197679e-02   -9.1609903496e-02   -3.5408880720e-03    2.5550669298e+02    5.5093989278e+02    5.0162100000e+01
    3.0094678502e+02    2.6533201931e+03   -3.8774698844e+05   -9.5167775830e-02   -9.4466341050e-02   -9.2540222567e-03    2.5550669298e+02    5.5093989278e+02    5.0162100000e+01
    2.9993501135e+02    2.6443998137e+03   -3.8774026859e+05   -9.7847203605e-02   -8.9854059833e-02   -4.3153934526e-03    2.5550669298e+02    5.5093989278e+02    5.0162100000e+01
    3.0032019202e+02    2.6477957883e+03   -3.8774362662e+05   -9.5913930859e-02   -8.3300305100e-02   -6.7230981270e-03    2.5550669298e+02    5.5093989278e+02    5.0162100000e+01
    2.9893911915e+02    2.6356194544e+03   -3.8773016232e+05   -9.3607241001e-02   -8.4511030084e-02    5.9773344111e-03    2.5550669298e+02    5.5093989278e+02    5.0162100000e+01
    2.9886533351e+02    2.6349689177e+03   -3.8773082236e+05   -9.9163739522e-02   -8.7459639668e-02   -2.1522081265e-03    2.5550669298e+02    5.5093989278e+02    5.0162100000e+01
    2.9976041421e+02    2.6428604647e+03   -3.8773766514e+05   -9.3113064983e-02   -9.1861604957e-02   -8.7372835897e-04    2.5550669298e+02    5.5093989278e+02    5.0162100000e+01
    3.0047538893e+02    2.6491640937e+03   -3.8774433190e+05   -8.6484576643e-02   -8.1175872898e-02    2.9744738921e-03    2.5550669298e+02    5.5093989278e+02    5.0162100000e+01
    3.0150823496e+02    2.6582702591e+03   -3.8775372338e+05   -9.0406240497e-02   -8.9916096089e-02   -2.7819901584e-04    2.5550669298e+02    5.5093989278e+02    5.0162100000e+01
    2.9896719747e+02    2.6358670091e+03   -3.8773179557e+05   -8.5194940889e-02   -9.5588793973e-02    1.4289700638e-03    2.5550669298e+02    5.5093989278e+02    5.0162100000e+01
    2.9986437509e+02    2.6437770438e+03   -3.8774052128e+05   -9.2920109723e-02   -8.5292431610e-02    3.4666598980e-04    2.5550669298e+02    5.5093989278e+02    5.0162100000e+01
    3.0085235309e+02    2.6524876269e+03   -3.8774864138e+05   -8.8875234015e-02   -8.4593068115e-02    6.9334148568e-03    2.5550669298e+02    5.5093989278e+02    5.0162100000e+01
    3.0024141104e+02    2.6471012098e+03   -3.8774177826e+05   -9.2466189245e-02   -9.1486546323e-02    9.6835828371e-04    2.5550669298e+02    5.5093989278e+02    5.0162100000e+01
    3.0008985894e+02    2.6457650392e+03   -3.8774172871e+05   -9.0686106991e-02   -9.2656687522e-02   -2.9514195888e-03    2.5550669298e+02    5.5093989278e+02    5.0162100000e+01
    2.9859592685e+02    2.6325936734e+03   -3.8772592174e+05   -8.5633614829e-02   -9.1407647042e-02    1.3008238611e-03    2.5550669298e+02    5.5093989278e+02    5.0162100000e+01
    3.0075018388e+02    2.6515868442e+03   -3.8774524134e+05   -8.7211301130e-02   -8.3784829910e-02   -2.5468880125e-03    2.5550669298e+02    5.5093989278e+02    5.0162100000e+01
    2.9970079210e+02    2.6423348019e+03   -3.8773858499e+05   -9.1601885768e-02   -8.8339191382e-02   -6.2399345321e-03    2.5550669298e+02    5.5093989278e+02    5.0162100000e+01
    3.0009650913e+02    2.6458236711e+03   -3.8774357933e+05   -8.9622193387e-02   -9.2539967942e-02   -6.3780515419e-03    2.5550669298e+02    5.5093989278e+02    5.0162100000e+01
