    3.0362016179e+02    2.6768902225e+03   -3.8780238507e+05   -1.4324124725e-01   -1.3001333990e-01   -2.1793760540e-02    5.4751434209e+02    2.5710528330e+02    5.0162100000e+01
    2.9772493553e+02    2.6249145123e+03   -3.8773040911e+05   -4.5745721302e-02   -4.9714945050e-02    1.2335194083e-02    5.4751434209e+02    2.5710528330e+02    5.0162100000e+01
    2.9860129838e+02    2.6326410319e+03   -3.8771528620e+05   -8.2129222345e-02   -8.0937019482e-02   -1.6418941274e-03    5.4751434209e+02    2.5710528330e+02    5.0162100000e+01
    3.0002585101e+02    2.6452007084e+03   -3.8774186389e+05   -1.0096998293e-01   -7.9918212832e-02    8.8596499655e-03    5.4751434209e+02    2.5710528330e+02    5.0162100000e+01
    3.0019467010e+02    2.6466891147e+03   -3.8774101203e+05   -8.5964224250e-02   -1.2419296229e-01   -4.0541727249e-03    5.4751434209e+02    2.5710528330e+02    5.0162100000e+01
    2.9864555201e+02    2.6330311974e+03   -3.8773255892e+05   -7.8741505118e-02   -1.0418734444e-01   -6.0706838154e-03    5.4751434209e+02    2.5710528330e+02    5.0162100000e+01
    2.9903711836e+02    2.6364834719e+03   -3.8772230400e+05   -1.0591466429e-01   -9.7573777133e-02   -3.9687395360e-03    5.4751434209e+02    2.5710528330e+02    5.0162100000e+01
    3.0013665353e+02    2.6461776073e+03   -3.8774150784e+05   -9.1782073542e-02   -8.8769933436e-02    6.7272926580e-03    5.4751434209e+02    2.5710528330e+02    5.0162100000e+01
    2.9948997478e+02    2.6404761150e+03   -3.8773326876e+05   -8.0570396796e-02   -8.8065933805e-02    1.1150908117e-03    5.4751434209e+02    2.5710528330e+02    5.0162100000e+01
    2.9846481240e+02    2.6314376929e+03   -3.8772594484e+05   -9.9941829957e-02   -9.0023548903e-02    1.5319133807e-03    5.4751434209e+02    2.5710528330e+02    5.0162100000e+01
    3.0051796876e+02    2.6495395020e+03   -3.8774477660e+05   -9.6566017612e-02   -9.5454723961e-02   -4.5946126521e-03    5.4751434209e+02    2.5710528330e+02    5.0162100000e+01
    3.0114817238e+02    2.6550957401e+03   -3.8774825765e+05   -8.9530038433e-02   -9.0530864551e-02    4.2347386964e-03    5.4751434209e+02    2.5710528330e+02    5.0162100000e+01
    3.0123506921e+02    2.6558618726e+03   -3.8775096336e+05   -8.8243265396e-02   -8.9836552392e-02    5.1434023129e-03    5.4751434209e+02    2.5710528330e+02    5.0162100000e+01
    3.0006641592e+02    2.6455583521e+03   -3.8773953085e+05   -1.0120272344e-01   -8.7209769873e-02   -8.7904056006e-03    5.4751434209e+02    2.5710528330e+02    5.0162100000e+01
    2.9914394899e+02    2.6374253523e+03   -3.8773347119e+05   -9.2188615020e-02   -9.3430886558e-02    1.4355689575e-03    5.4751434209e+02    2.5710528330e+02    5.0162100000e+01
    3.0085396785e+02    2.6525018635e+03   -3.8774512486e+05   -8.8776122076e-02   -9.1484543830e-02    3.8299054580e-03    5.4751434209e+02    2.5710528330e+02    5.0162100000e+01
    2.9873533454e+02    2.6338227720e+03   -3.8773095070e+05   -9.6389339319e-02   -8.1394812236e-02    5.1566802697e-03    5.4751434209e+02    2.5710528330e+02    5.0162100000e+01
    2.9964379538e+02    2.6418322860e+03   -3.8773840905e+05   -9.9177851423e-02   -8.8412288408e-02   -4.2167195294e-03    5.4751434209e+02    2.5710528330e+02    5.0162100000e+01
    2.9937968959e+02    2.6395037772e+03   -3.8773547455e+05   -9.8298668870e-02   -9.3031380603e-02   -6.3988788509e-03    5.4751434209e+02    2.5710528330e+02    5.0162100000e+01
    2.9971986565e+02    2.6425029653e+03   -3.8773498778e+05   -9.5534294044e-02   -9.8388457928e-02   -8.9674570320e-03    5.4751434209e+02    2.5710528330e+02    5.0162100000e+01
    2.9970469136e+02    2.6423691800e+03   -3.8773549749e+05   -9.8530053551e-02   -9.1163469741e-02   -2.6743488274e-03    5.4751434209e+02    2.5710528330e+02    5.0162100000e+01
    2.9899641735e+02    2.6361246284e+03   -3.8773171887e+05   -9.3371172516e-02   -8.9677246746e-02   -3.4685382560e-04    5.4751434209e+02    2.5710528330e+02    5.0162100000e+01
    3.0043828146e+02    2.6488369329e+03   -3.8774361438e+05   -9.2149948108e-02   -9.1817617172e-02   -8.8228724729e-04    5.4751434209e+02    2.5710528330e+02    5.0162100000e+01
    3.0050590007e+02    2.6494330974e+03   -3.8774551107e+05   -9.1382623475e-02   -9.4684883575e-02   -1.2185888263e-03    5.4751434209e+02    2.5710528330e+02    5.0162100000e+01
    3.0055951298e+02    2.6499057797e+03   -3.8774760938e+05   -9.9331139621e-02   -9.0088897562e-02   -3.3006464934e-03    5.4751434209e+02    2.5710528330e+02    5.0162100000e+01
    2.9891825745e+02    2.6354355257e+03   -3.8773271480e+05   -9.9889007915e-02   -8.7461055337e-02   -5.6114881754e-03    5.4751434209e+02    2.5710528330e+02    5.0162100000e+01
    3.0014452217e+02    2.6462469818e+03   -3.8774154937e+05   -8.5813519826e-02   -8.6177260727e-02    2.0362834792e-03    5.4751434209e+02    2.5710528330e+02    5.0162100000e+01
    2.9978903768e+02    2.6431128257e+03   -3.8773776316e+05   -8.7103300141e-02   -8.4499752087e-02    4.6061599876e-03    5.4751434209e+02    2.5710528330e+02    5.0162100000e+01
    2.9972364862e+02    2.6425363181e+03   -3.8774060350e+05   -8.7941412026e-02   -8.9453350507e-02    2.0418129600e-03    5.4751434209e+02    2.5710528330e+02    5.0162100000e+01
    3.0062156944e+02    2.6504529052e+03   -3.8774509759e+05   -9.1755370324e-02   -8.7317769014e-02   -8.2175874970e-04    5.4751434209e+02    2.5710528330e+02    5.0162100000e+01
    2.9915381946e+02    2.6375123760e+03   -3.8773156306e+05   -8.9993889003e-02   -9.5843100329e-02   -2.1411603642e-04    5.4751434209e+02    2.5710528330e+02    5.0162100000e+01
    3.0039015956e+02    2.6484126624e+03   -3.8774325790e+05   -9.4518966486e-02   -9.2404854428e-02   -2.0129697034e-04    5.4751434209e+02    2.5710528330e+02    5.0162100000e+01
    2.9941622928e+02    2.6398259321e+03   -3.8773536747e+05   -8.6926406685e-02   -9.5701012094e-02   -1.0327352905e-02    5.4751434209e+02    2.5710528330e+02    5.0162100000e+01
    3.0015160646e+02    2.6463094409e+03   -3.8774469885e+05   -9.1672961713e-02   -8.7792448937e-02   -3.0781031899e-03    5.4751434209e+02    2.5710528330e+02    5.0162100000e+01
    2.9966180547e+02    2.6419910733e+03   -3.8773421314e+05   -8.4407347247e-02   -8.9870701273e-02   -1.1333722968e-03    5.4751434209e+02    2.5710528330e+02    5.0162100000e+01
    3.0031574106e+02    2.6477565461e+03   -3.8774304390e+05   -9.9194758240e-02   -9.6981010753e-02    7.3380115774e-04    5.4751434209e+02    2.5710528330e+02    5.0162100000e+01
    3.0108058551e+02    2.6544998553e+03   -3.8774858670e+05   -9.3748323029e-02   -8.5472932989e-02   -2.4907462310e-03    5.4751434209e+02    2.5710528330e+02    5.0162100000e+01
    2.9917160339e+02    2.6376691694e+03   -3.8773314386e+05   -8.8173546196e-02   -9.4754834727e-02   -2.0598901938e-03    5.4751434209e+02    2.5710528330e+02    5.0162100000e+01
    2.9946411526e+02    2.6402481225e+03   -3.8773730367e+05   -9.6402308845e-02   -9.1009161558e-02    3.7391903924e-03    5.4751434209e+02    2.5710528330e+02    5.0162100000e+01
    3.0011440177e+02    2.6459814229e+03   -3.8774084922e+05   -9.3965340024e-02   -8.7982843231e-02    5.3271357533e-04    5.4751434209e+02    2.5710528330e+02    5.0162100000e+01
    3.0016546983e+02    2.6464316684e+03   -3.8774198445e+05   -9.3371892207e-02   -8.6866489975e-02   -5.1450665832e-03    5.4751434209e+02    2.5710528330e+02    5.0162100000e+01
    3.0028846766e+02    2.6475160881e+03   -3.8774474341e+05   -9.1181613456e-02   -8.9975320320e-02   -4.3918837987e-03    5.4751434209e+02    2.5710528330e+02    5.0162100000e+01
    3.0052215759e+02    2.6495764331e+03   -3.8774526478e+05   -9.0272235428e-02   -8.2918954349e-02   -2.7281555283e-03    5.4751434209e+02    2.5710528330e+02    5.0162100000e+01
    3.0086029304e+02    2.6525576300e+03   -3.8775178194e+05   -8.7218549938e-02   -8.4862441455e-02   -4.0753077371e-03    5.4751434209e+02    2.5710528330e+02    5.0162100000e+01
    2.9935437921e+02    2.6392806263e+03   -3.8773333057e+05   -8.5023489288e-02   -8.4229372228e-02   -1.5681747260e-03    5.4751434209e+02    2.5710528330e+02    5.0162100000e+01
    3.0105533639e+02    2.6542772445e+03   -3.8774881388e+05   -9.1205784323e-02   -8.5692229577e-02   -2.1598489071e-03    5.4751434209e+02    2.5710528330e+02    5.0162100000e+01
    2.9998997873e+02    2.6448844378e+03   -3.8774205887e+05   -8.7196215852e-02   -8.9145358419e-02   -1.7356976849e-03    5.4751434209e+02    2.5710528330e+02    5.0162100000e+01
    3.0009596831e+02    2.6458189029e+03   -3.8774060380e+05   -9.0333003860e-02   -8.1173210614e-02    2.5235825727e-03    5.4751434209e+02    2.5710528330e+02    5.0162100000e+01
    2.9980231958e+02    2.6432299266e+03   -3.8773805711e+05   -9.2779796341e-02   -8.7610020202e-02   -3.5016249190e-03    5.4751434209e+02    2.5710528330e+02    5.0162100000e+01
    3.0009126730e+02    2.6457774562e+03   -3.8774008918e+05   -9.6239541911e-02   -8.9731662901e-02   -4.2084715631e-03    5.4751434209e+02    2.5710528330e+02    5.0162100000e+01
    3.0041051731e+02    2.6485921481e+03   -3.8774425746e+05   -9.0478836685e-02   -9.3517800485e-02   -9.9274843408e-03    5.4751434209e+02    2.5710528330e+02    5.0162100000e+01
    2.9968211623e+02    2.6421701446e+03   -3.8773899904e+05   -8.9545878439e-02   -9.2569091371e-02   -1.5364479839e-03    5.4751434209e+02    2.5710528330e+02    5.0162100000e+01
    3.0001038406e+02    2.6450643429e+03   -3.8773983136e+05   -9.2986223792e-02   -8.8992820068e-02    1.3905108608e-03    5.4751434209e+02    2.5710528330e+02    5.0162100000e+01
    3.0041766780e+02    2.6486551910e+03   -3.8774300421e+05   -9.1045384874e-02   -8.7863535776e-02   -2.0413401054e-03    5.4751434209e+02    2.5710528330e+02    5.0162100000e+01
    3.0002918235e+02    2.6452300795e+03   -3.8774222966e+05   -9.3428209681e-02   -9.0739163574e-02    2.1500842521e-03    5.4751434209e+02    2.5710528330e+02    5.0162100000e+01
    3.0061725821e+02    2.6504148950e+03   -3.8774299492e+05   -9.8645191075e-02   -8.9483290292e-02   -2.7435638008e-03    5.4751434209e+02    2.5710528330e+02    5.0162100000e+01
    3.0025487421e+02    2.6472199088e+03   -3.8774219028e+05   -9.5245560472e-02   -9.0434969350e-02   -6.6700224705e-04    5.4751434209e+02    2.5710528330e+02    5.0162100000e+01
    2.9971369206e+02    2.6424485353e+03   -3.8773524128e+05   -9.5288719305e-02   -8.7445463056e-02    7.2508578952e-03    5.4751434209e+02    2.5710528330e+02    5.0162100000e+01
    2.9976413502e+02    2.6428932695e+03   -3.8773972083e+05   -9.5246338324e-02   -9.0155019357e-02   -3.8803104413e-03    5.4751434209e+02    2.5710528330e+02    5.0162100000e+01
    2.9940989329e+02    2.6397700704e+03   -3.8773573055e+05   -9.1124243971e-02   -8.9946384014e-02   -7.6609185233e-03    5.4751434209e+02    2.5710528330e+02    5.0162100000e+01
    3.0063211306e+02    2.6505458639e+03   -3.8774375648e+05   -9.5549386813e-02   -9.0225051465e-02   -4.7247626625e-03    5.4751434209e+02    2.5710528330e+02    5.0162100000e+01
    3.0098006739e+02    2.6536136296e+03   -3.8774768735e+05   -8.5853445823e-02   -8.6049200584e-02    1.6161326392e-03    5.4751434209e+02    2.5710528330e+02    5.0162100000e+01
    3.0006527339e+02    2.6455482789e+03   -3.8774069398e+05   -9.0915298957e-02   -8.7630892275e-02    3.5364883618e-03    5.4751434209e+02    2.5710528330e+02    5.0162100000e+01
    3.0113579451e+02    2.6549866097e+03   -3.8774974965e+05   -9.8157044826e-02   -9.2864720943e-02   -4.0558792331e-03    5.4751434209e+02    2.5710528330e+02    5.0162100000e+01
    3.0087857835e+02    2.6527188438e+03   -3.8774798802e+05   -9.5048956606e-02   -8.3643862505e-02   -2.1023592744e-03    5.4751434209e+02    2.5710528330e+02    5.0162100000e+01
    2.9984439610e+02    2.6436008974e+03   -3.8773725235e+05   -9.7171120602e-02   -8.9022608508e-02   -1.0177157910e-02    5.4751434209e+02    2.5710528330e+02    5.0162100000e+01
    2.9904298020e+02    2.6365351533e+03   -3.8773211519e+05   -9.3344467936e-02   -8.4969533141e-02    4.2130366561e-03    5.4751434209e+02    2.5710528330e+02    5.0162100000e+01
    3.0003316029e+02    2.6452651513e+03   -3.8773923848e+05   -8.6617131260e-02   -8.5388799992e-02   -5.1290645515e-03    5.4751434209e+02    2.5710528330e+02    5.0162100000e+01
    2.9960080099e+02    2.6414532227e+03   -3.8773363744e+05   -9.3477681773e-02   -9.1525130873e-02   -4.5785438042e-03    5.4751434209e+02    2.5710528330e+02    5.0162100000e+01
    2.9965408079e+02    2.6419229680e+03   -3.8773796204e+05   -8.9839380085e-02   -8.7698450799e-02   -2.9831963259e-03    5.4751434209e+02    2.5710528330e+02    5.0162100000e+01
    3.0046497141e+02    2.6490722468e+03   -3.8774599151e+05   -9.0346628798e-02   -8.7825100599e-02   -2.7634282221e-03    5.4751434209e+02    2.5710528330e+02    5.0162100000e+01
    2.9921300457e+02    2.6380341860e+03   -3.8773420651e+05   -8.9662506717e-02   -9.4405739022e-02    2.1535835599e-03    5.4751434209e+02    2.5710528330e+02    5.0162100000e+01
    2.9935361402e+02    2.6392738800e+03   -3.8773264348e+05   -9.3854553634e-02   -9.1467813081e-02   -4.8087870101e-03    5.4751434209e+02    2.5710528330e+02    5.0162100000e+01
    2.9984004147e+02    2.6435625045e+03   -3.8773567294e+05   -9.3181721156e-02   -9.2920063704e-02    2.1319238209e-03    5.4751434209e+02    2.5710528330e+02    5.0162100000e+01
    3.0048672542e+02    2.6492640427e+03   -3.8774514758e+05   -9.3405955510e-02   -8.9293574072e-02   -3.3043974602e-03    5.4751434209e+02    2.5710528330e+02    5.0162100000e+01
    2.9931983488e+02    2.6389760636e+03   -3.8773746945e+05   -9.7020688808e-02   -8.6577880665e-02   -7.5124173833e-04    5.4751434209e+02    2.5710528330e+02    5.0162100000e+01
    3.0027968155e+02    2.6474386247e+03   -3.8774291245e+05   -8.9285287073e-02   -9.3707905353e-02   -6.9087345378e-04    5.4751434209e+02    2.5710528330e+02    5.0162100000e+01
    2.9932892272e+02    2.6390561872e+03   -3.8773489401e+05   -9.5969748449e-02   -8.9601473963e-02   -3.4802662848e-03    5.4751434209e+02    2.5710528330e+02    5.0162100000e+01
    2.9985390211e+02    2.6436847079e+03   -3.8773950001e+05   -9.3233326883e-02   -8.3560946855e-02   -3.6813146928e-03    5.4751434209e+02    2.5710528330e+02    5.0162100000e+01
    2.9987380779e+02    2.6438602079e+03   -3.8773581326e+05   -9.7004513570e-02   -8.3392181451e-02   -8.1438798591e-03    5.4751434209e+02    2.5710528330e+02    5.0162100000e+01
    3.0033996407e+02    2.6479701101e+03   -3.8774377066e+05   -8.8087149083e-02   -8.4967512570e-02    2.6246524360e-03    5.4751434209e+02    2.5710528330e+02    5.0162100000e+01
    3.0028120766e+02    2.6474520797e+03   -3.8774308242e+05   -8.9192671421e-02   -8.9640493435e-02   -1.8297709012e-03    5.4751434209e+02    2.5710528330e+02    5.0162100000e+01
    3.0048537626e+02    2.6492521477e+03   -3.8774685208e+05   -9.1190982342e-02   -8.6492382665e-02    8.7417559376e-05    5.4751434209e+02    2.5710528330e+02    5.0162100000e+01
    3.0018862884e+02    2.6466358515e+03   -3.8774306787e+05   -9.2073384231e-02   -7.8053622145e-02   -4.4014485213e-03    5.4751434209e+02    2.5710528330e+02    5.0162100000e+01
    2.9982863642e+02    2.6434619511e+03   -3.8773875624e+05   -9.8964106951e-02   -8.9186182748e-02   -3.1121135961e-03    5.4751434209e+02    2.5710528330e+02    5.0162100000e+01
    3.0000760518e+02    2.6450398427e+03   -3.8774038558e+05   -9.1822991216e-02   -9.2902551619e-02    1.1463141463e-03    5.4751434209e+02    2.5710528330e+02    5.0162100000e+01
    2.9882405022e+02    2.6346049405e+03   -3.8772901960e+05   -9.2354741852e-02   -8.4001092267e-02   -1.0920231778e-02    5.4751434209e+02    2.5710528330e+02    5.0162100000e+01
    3.0096230051e+02    2.6534569866e+03   -3.8774661199e+05   -9.4677411639e-02   -9.2975641321e-02   -3.4032786451e-03    5.4751434209e+02    2.5710528330e+02    5.0162100000e+01
    2.9964322651e+02    2.6418272704e+03   -3.8773620340e+05   -9.6860584329e-02   -8.6302269307e-02    3.2664693192e-03    5.4751434209e+02    2.5710528330e+02    5.0162100000e+01
    2.9904803467e+02    2.6365797164e+03   -3.8773284256e+05   -9.2489268943e-02   -8.9359365005e-02   -3.2674557059e-03    5.4751434209e+02    2.5710528330e+02    5.0162100000e+01
    3.0051339225e+02    2.6494991528e+03   -3.8774592598e+05   -9.2840756753e-02   -8.6244657577e-02    4.0613267164e-03    5.4751434209e+02    2.5710528330e+02    5.0162100000e+01
    3.0049688165e+02    2.6493535858e+03   -3.8774786307e+05   -9.0568498255e-02   -8.5851539852e-02   -2.4606684507e-03    5.4751434209e+02    2.5710528330e+02    5.0162100000e+01
    3.0087637899e+02    2.6526994529e+03   -3.8774833552e+05   -9.4294732172e-02   -9.0123171854e-02    2.5605924992e-03    5.4751434209e+02    2.5710528330e+02    5.0162100000e+01
    2.9995020078e+02    2.6445337325e+03   -3.8774054940e+05   -9.7789875485e-02   -8.9845790326e-02    9.9330908125e-04    5.4751434209e+02    2.5710528330e+02    5.0162100000e+01
    2.9974112882e+02    2.6426904336e+03   -3.8773870435e+05   -8.6202994966e-02   -8.4365302429e-02    5.0876977453e-03    5.4751434209e+02    2.5710528330e+02    5.0162100000e+01
    2.9891079411e+02    2.6353697246e+03   -3.8772982219e+05   -9.5683209996e-02   -8.8618061242e-02   -3.6331372253e-03    5.4751434209e+02    2.5710528330e+02    5.0162100000e+01
    2.9936648590e+02    2.6393873659e+03   -3.8773401666e+05   -9.6010161004e-02   -9.3998002355e-02   -6.7717751387e-03    5.4751434209e+02    2.5710528330e+02    5.0162100000e+01
    3.0034562851e+02    2.6480200511e+03   -3.8774288619e+05   -9.1825419350e-02   -9.1101243463e-02   -5.6526933523e-03    5.4751434209e+02    2.5710528330e+02    5.0162100000e+01
    3.0036894847e+02    2.6482256532e+03   -3.8774202520e+05   -9.0244356452e-02   -8.7815234498e-02    2.4089528462e-03    5.4751434209e+02    2.5710528330e+02    5.0162100000e+01
    2.9893627810e+02    2.6355944061e+03   -3.8773167462e+05   -9.0644596075e-02   -9.0330811189e-02   -6.9845690794e-03    5.4751434209e+02    2.5710528330e+02    5.0162100000e+01
    3.0322500574e+02    2.6734062991e+03   -3.8779864746e+05   -1.3825736603e-01   -1.2495668758e-01   -1.1570483032e-02    5.4751434209e+02    2.5710528330e+02    5.0162100000e+01
    2.9879764748e+02    2.6343721587e+03   -3.8773832865e+05   -4.0293826928e-02   -4.5048832423e-02    2.4794993168e-02    5.4751434209e+02    2.5710528330e+02    5.0162100000e+01
    2.9931970460e+02    2.6389749149e+03   -3.8772440712e+05   -8.7671506836e-02   -7.6580200375e-02    1.1169140183e-02    5.4751434209e+02    2.5710528330e+02    5.0162100000e+01
    2.9978931853e+02    2.6431153019e+03   -3.8773855335e+05   -1.0134007952e-01   -8.0374442228e-02    1.0497957016e-02    5.4751434209e+02    2.5710528330e+02    5.0162100000e+01
    2.9890977964e+02    2.6353607804e+03   -3.8772958789e+05   -8.5747535708e-02   -1.1757133325e-01   -9.6487166943e-03    5.4751434209e+02    2.5710528330e+02    5.0162100000e+01
    3.0003681525e+02    2.6452973755e+03   -3.8774322525e+05   -8.3463234082e-02   -9.9351999145e-02   -1.3105311305e-02    5.4751434209e+02    2.5710528330e+02    5.0162100000e+01
    2.9978053676e+02    2.6430378767e+03   -3.8773086032e+05   -9.9075844310e-02   -9.4994160615e-02    2.6276877720e-03    5.4751434209e+02    2.5710528330e+02    5.0162100000e+01
    2.9876803100e+02    2.6341110428e+03   -3.8773276733e+05   -8.5142067630e-02   -8.6885947305e-02   -9.1182792869e-04    5.4751434209e+02    2.5710528330e+02    5.0162100000e+01
    3.0043686837e+02    2.6488244743e+03   -3.8773994291e+05   -8.3498218549e-02   -8.8015312076e-02    1.8761011433e-03    5.4751434209e+02    2.5710528330e+02    5.0162100000e+01
    2.9966696548e+02    2.6420365669e+03   -3.8773892109e+05   -9.5539659268e-02   -9.0845095954e-02    7.5900101167e-05    5.4751434209e+02    2.5710528330e+02    5.0162100000e+01
    3.0024426241e+02    2.6471263492e+03   -3.8774420638e+05   -1.0492032104e-01   -8.8649269699e-02   -9.7082522697e-03    5.4751434209e+02    2.5710528330e+02    5.0162100000e+01
    2.9979644000e+02    2.6431780888e+03   -3.8773652757e+05   -9.0247894879e-02   -8.9987516643e-02    1.3614212540e-03    5.4751434209e+02    2.5710528330e+02    5.0162100000e+01
    3.0023029792e+02    2.6470032301e+03   -3.8774656928e+05   -9.0700220272e-02   -8.8419839153e-02   -5.3172041437e-03    5.4751434209e+02    2.5710528330e+02    5.0162100000e+01
    3.0056231619e+02    2.6499304944e+03   -3.8774454852e+05   -9.8168728795e-02   -8.6182727708e-02   -4.9073273233e-03    5.4751434209e+02    2.5710528330e+02    5.0162100000e+01
    3.0025194782e+02    2.6471941081e+03   -3.8774407274e+05   -9.8686828460e-02   -8.9050262635e-02   -1.0389247226e-02    5.4751434209e+02    2.5710528330e+02    5.0162100000e+01
    3.0013425568e+02    2.6461564664e+03   -3.8774071264e+05   -9.6172841550e-02   -8.9713581900e-02   -7.5744969750e-03    5.4751434209e+02    2.5710528330e+02    5.0162100000e+01
    2.9830612756e+02    2.6300386360e+03   -3.8772565644e+05   -8.7882038625e-02   -8.6904433876e-02    7.9750879550e-05    5.4751434209e+02    2.5710528330e+02    5.0162100000e+01
    3.0011994830e+02    2.6460303243e+03   -3.8773959855e+05   -9.6275115684e-02   -8.7249516291e-02    9.3689206200e-05    5.4751434209e+02    2.5710528330e+02    5.0162100000e+01
    2.9917607311e+02    2.6377085770e+03   -3.8773623679e+05   -8.8096745396e-02   -8.1232373931e-02    5.3276134220e-04    5.4751434209e+02    2.5710528330e+02    5.0162100000e+01
    2.9988716660e+02    2.6439779868e+03   -3.8773824871e+05   -9.1628585362e-02   -8.8242575277e-02   -4.7322265732e-03    5.4751434209e+02    2.5710528330e+02    5.0162100000e+01
    2.9987784644e+02    2.6438958149e+03   -3.8773839334e+05   -9.5331511554e-02   -9.5860320220e-02   -7.8246085504e-03    5.4751434209e+02    2.5710528330e+02    5.0162100000e+01
    3.0118124018e+02    2.6553872848e+03   -3.8774953365e+05   -9.4520242308e-02   -8.8456929348e-02   -2.4216690237e-03    5.4751434209e+02    2.5710528330e+02    5.0162100000e+01
    2.9898103319e+02    2.6359889927e+03   -3.8773365366e+05   -8.0381444619e-02   -9.1881109249e-02   -1.4039459508e-03    5.4751434209e+02    2.5710528330e+02    5.0162100000e+01
    2.9920263083e+02    2.6379427252e+03   -3.8773445346e+05   -8.7159248274e-02   -9.2083661944e-02   -1.3305259531e-03    5.4751434209e+02    2.5710528330e+02    5.0162100000e+01
    3.0005175587e+02    2.6454291006e+03   -3.8774109838e+05   -9.6474764920e-02   -9.3606248442e-02   -7.5521640160e-03    5.4751434209e+02    2.5710528330e+02    5.0162100000e+01
    3.0054403569e+02    2.6497693231e+03   -3.8774413620e+05   -8.7817468186e-02   -8.6961168844e-02   -5.1708903060e-03    5.4751434209e+02    2.5710528330e+02    5.0162100000e+01
    3.0019715037e+02    2.6467109823e+03   -3.8774067808e+05   -8.8221348176e-02   -9.0784908286e-02    2.7311960197e-03    5.4751434209e+02    2.5710528330e+02    5.0162100000e+01
    3.0021985306e+02    2.6469111423e+03   -3.8774251973e+05   -9.5056904966e-02   -8.5369297986e-02    6.7233678597e-03    5.4751434209e+02    2.5710528330e+02    5.0162100000e+01
    3.0064991124e+02    2.6507027829e+03   -3.8774782465e+05   -9.1169311114e-02   -8.7059142168e-02   -1.3218053455e-02    5.4751434209e+02    2.5710528330e+02    5.0162100000e+01
    3.0014974426e+02    2.6462930226e+03   -3.8774150991e+05   -9.6037333475e-02   -8.0349627632e-02   -1.7256048959e-03    5.4751434209e+02    2.5710528330e+02    5.0162100000e+01
    3.0021337833e+02    2.6468540573e+03   -3.8774164133e+05   -9.2795604686e-02   -8.8256013039e-02   -4.6428951169e-03    5.4751434209e+02    2.5710528330e+02    5.0162100000e+01
    2.9978443013e+02    2.6430722029e+03   -3.8773844037e+05   -9.2380157533e-02   -8.9251107971e-02   -9.8903532667e-03    5.4751434209e+02    2.5710528330e+02    5.0162100000e+01
    3.0010685097e+02    2.6459148508e+03   -3.8774122734e+05   -9.4956658746e-02   -9.0672379476e-02   -4.9193854033e-03    5.4751434209e+02    2.5710528330e+02    5.0162100000e+01
    3.0080026241e+02    2.6520283654e+03   -3.8774983262e+05   -9.5746800646e-02   -8.8631510026e-02   -3.1326506506e-03    5.4751434209e+02    2.5710528330e+02    5.0162100000e+01
    3.0097399241e+02    2.6535600692e+03   -3.8774772265e+05   -9.8104385536e-02   -8.7605810854e-02   -6.3532232015e-03    5.4751434209e+02    2.5710528330e+02    5.0162100000e+01
    2.9952318372e+02    2.6407689041e+03   -3.8773434469e+05   -9.3013513704e-02   -8.0920784785e-02   -6.6154775128e-03    5.4751434209e+02    2.5710528330e+02    5.0162100000e+01
    2.9979303982e+02    2.6431481109e+03   -3.8773982252e+05   -8.3349893747e-02   -8.5306601091e-02    1.7619706521e-05    5.4751434209e+02    2.5710528330e+02    5.0162100000e+01
    2.9966588498e+02    2.6420270406e+03   -3.8773747618e+05   -8.9855205806e-02   -8.7534916900e-02   -1.8377331499e-03    5.4751434209e+02    2.5710528330e+02    5.0162100000e+01
    2.9986682673e+02    2.6437986588e+03   -3.8774049645e+05   -8.5525937549e-02   -9.0245437848e-02   -2.6983096879e-03    5.4751434209e+02    2.5710528330e+02    5.0162100000e+01
    2.9904718116e+02    2.6365721914e+03   -3.8773265386e+05   -9.7869151711e-02   -8.5611631023e-02   -7.0421502282e-03    5.4751434209e+02    2.5710528330e+02    5.0162100000e+01
    3.0019525419e+02    2.6466942645e+03   -3.8774242013e+05   -9.0131943079e-02   -8.0474468565e-02   -5.2686847460e-03    5.4751434209e+02    2.5710528330e+02    5.0162100000e+01
    3.0031538543e+02    2.6477534107e+03   -3.8773986462e+05   -9.5301687335e-02   -8.9688193606e-02   -1.9245575149e-03    5.4751434209e+02    2.5710528330e+02    5.0162100000e+01
    3.0007932896e+02    2.6456722008e+03   -3.8774082648e+05   -9.2866566874e-02   -8.3330657380e-02    2.8303357884e-03    5.4751434209e+02    2.5710528330e+02    5.0162100000e+01
    3.0003091567e+02    2.6452453614e+03   -3.8773934571e+05   -8.5638073154e-02   -9.6175926774e-02   -3.6441116682e-03    5.4751434209e+02    2.5710528330e+02    5.0162100000e+01
    2.9982661637e+02    2.6434441411e+03   -3.8774001613e+05   -9.4430242939e-02   -8.5650816187e-02    2.7313489014e-03    5.4751434209e+02    2.5710528330e+02    5.0162100000e+01
    2.9910246267e+02    2.6370595850e+03   -3.8772985876e+05   -9.5718695536e-02   -8.9146214992e-02    8.4122802702e-04    5.4751434209e+02    2.5710528330e+02    5.0162100000e+01
    3.0049167016e+02    2.6493076383e+03   -3.8774441511e+05   -9.1844961695e-02   -8.7339591479e-02   -2.2509849962e-03    5.4751434209e+02    2.5710528330e+02    5.0162100000e+01
    2.9943421678e+02    2.6399845203e+03   -3.8773503715e+05   -8.8032816182e-02   -8.0326882243e-02   -5.5449371072e-05    5.4751434209e+02    2.5710528330e+02    5.0162100000e+01
    2.9988110738e+02    2.6439245653e+03   -3.8773922129e+05   -9.5730454757e-02   -8.9210285483e-02   -2.6795442830e-03    5.4751434209e+02    2.5710528330e+02    5.0162100000e+01
    3.0037028775e+02    2.6482374611e+03   -3.8774351144e+05   -9.3540912290e-02   -8.4696053078e-02    6.2671447341e-03    5.4751434209e+02    2.5710528330e+02    5.0162100000e+01
    2.9998093483e+02    2.6448047015e+03   -3.8773979285e+05   -9.1926256239e-02   -8.9845701337e-02   -6.8392723860e-04    5.4751434209e+02    2.5710528330e+02    5.0162100000e+01
    2.9988489412e+02    2.6439579513e+03   -3.8773549938e+05   -9.3944995475e-02   -8.7776176441e-02   -6.2268467307e-03    5.4751434209e+02    2.5710528330e+02    5.0162100000e+01
    3.0069189357e+02    2.6510729232e+03   -3.8774761466e+05   -8.6149902399e-02   -9.0237920536e-02    1.1428713168e-03    5.4751434209e+02    2.5710528330e+02    5.0162100000e+01
    3.0055674540e+02    2.6498813792e+03   -3.8774698474e+05   -9.9586074569e-02   -8.8072566435e-02   -1.9797040916e-03    5.4751434209e+02    2.5710528330e+02    5.0162100000e+01
    3.0029353330e+02    2.6475607497e+03   -3.8774392799e+05   -9.5980867791e-02   -8.1486190626e-02    7.9292815284e-04    5.4751434209e+02    2.5710528330e+02    5.0162100000e+01
    2.9993417094e+02    2.6443924041e+03   -3.8773819481e+05   -9.2189886980e-02   -9.0305558693e-02    4.1782241758e-04    5.4751434209e+02    2.5710528330e+02    5.0162100000e+01
    3.0089587753e+02    2.6528713634e+03   -3.8774463631e+05   -9.5065447006e-02   -8.8405913654e-02   -3.2929748561e-03    5.4751434209e+02    2.5710528330e+02    5.0162100000e+01
    3.0103133404e+02    2.6540656260e+03   -3.8775085793e+05   -9.6406906544e-02   -8.3508505973e-02   -6.3812554946e-03    5.4751434209e+02    2.5710528330e+02    5.0162100000e+01
    3.0066515416e+02    2.6508371732e+03   -3.8774847068e+05   -9.2933973492e-02   -8.1997004427e-02   -5.1976609017e-03    5.4751434209e+02    2.5710528330e+02    5.0162100000e+01
    3.0046570532e+02    2.6490787174e+03   -3.8774492193e+05   -9.3860337697e-02   -9.1139576000e-02   -2.5595928266e-04    5.4751434209e+02    2.5710528330e+02    5.0162100000e+01
    2.9967513701e+02    2.6421086118e+03   -3.8773897563e+05   -9.0747763604e-02   -8.4600163371e-02   -1.6217140589e-04    5.4751434209e+02    2.5710528330e+02    5.0162100000e+01
    3.0041261018e+02    2.6486106001e+03   -3.8774525656e+05   -8.8181930550e-02   -9.3469882071e-02   -8.0497597168e-03    5.4751434209e+02    2.5710528330e+02    5.0162100000e+01
    3.0093834083e+02    2.6532457443e+03   -3.8775115040e+05   -9.5773260530e-02   -8.1350060012e-02    4.1862084631e-05    5.4751434209e+02    2.5710528330e+02    5.0162100000e+01
    3.0045544973e+02    2.6489882982e+03   -3.8774458726e+05   -8.8926773357e-02   -9.0076695318e-02    8.4549639873e-04    5.4751434209e+02    2.5710528330e+02    5.0162100000e+01
    2.9996575013e+02    2.6446708245e+03   -3.8774174044e+05   -8.6155277180e-02   -8.2025538582e-02    2.1184196441e-03    5.4751434209e+02    2.5710528330e+02    5.0162100000e+01
    2.9952944451e+02    2.6408241028e+03   -3.8773720562e+05   -9.1074121526e-02   -8.6351085991e-02    3.6099836879e-03    5.4751434209e+02    2.5710528330e+02    5.0162100000e+01
    2.9959492321e+02    2.6414014008e+03   -3.8773744335e+05   -9.1597213028e-02   -9.0673769241e-02   -1.0870374959e-02    5.4751434209e+02    2.5710528330e+02    5.0162100000e+01
    3.0026893765e+02    2.6473439003e+03   -3.8774650281e+05   -8.7297663152e-02   -8.1569891353e-02   -5.0345767647e-03    5.4751434209e+02    2.5710528330e+02    5.0162100000e+01
    3.0051853238e+02    2.6495444712e+03   -3.8774453511e+05   -9.5440191724e-02   -8.6331543785e-02   -1.0334185760e-02    5.4751434209e+02    2.5710528330e+02    5.0162100000e+01
    3.0053013944e+02    2.6496468057e+03   -3.8774422419e+05   -8.6300735009e-02   -8.9181183229e-02   -2.7953616909e-03    5.4751434209e+02    2.5710528330e+02    5.0162100000e+01
    3.0071414201e+02    2.6512690783e+03   -3.8774406923e+05   -9.2984166180e-02   -9.0291061418e-02   -5.9528540643e-03    5.4751434209e+02    2.5710528330e+02    5.0162100000e+01
    3.0067311271e+02    2.6509073404e+03   -3.8774680702e+05   -9.5057310700e-02   -8.7804385617e-02    2.2013859070e-03    5.4751434209e+02    2.5710528330e+02    5.0162100000e+01
    3.0048461891e+02    2.6492454705e+03   -3.8774540957e+05   -8.8340648913e-02   -8.1217780112e-02   -2.6291666024e-03    5.4751434209e+02    2.5710528330e+02    5.0162100000e+01
    3.0024396011e+02    2.6471236839e+03   -3.8774147468e+05   -9.2333138880e-02   -8.3571616956e-02   -2.7711916954e-03    5.4751434209e+02    2.5710528330e+02    5.0162100000e+01
    3.0094656022e+02    2.6533182112e+03   -3.8774887011e+05   -9.2849490701e-02   -8.9682132182e-02   -3.2067554487e-03    5.4751434209e+02    2.5710528330e+02    5.0162100000e+01
    3.0032146153e+02    2.6478069810e+03   -3.8774317662e+05   -9.3295269796e-02   -8.9740342831e-02   -3.7883065989e-03    5.4751434209e+02    2.5710528330e+02    5.0162100000e+01
    3.0009226548e+02    2.6457862566e+03   -3.8774131419e+05   -8.6304180709e-02   -8.8974453330e-02    3.6258475082e-03    5.4751434209e+02    2.5710528330e+02    5.0162100000e+01
    2.9926495895e+02    2.6384922458e+03   -3.8773449714e+05   -9.1446396382e-02   -9.5000782026e-02    1.0145968346e-04    5.4751434209e+02    2.5710528330e+02    5.0162100000e+01
    3.0089947539e+02    2.6529030841e+03   -3.8775089680e+05   -9.7565633447e-02   -8.6464963533e-02   -8.9120428068e-03    5.4751434209e+02    2.5710528330e+02    5.0162100000e+01
    3.0022310821e+02    2.6469398415e+03   -3.8774157535e+05   -9.0134152772e-02   -8.8099036411e-02   -4.7378768740e-03    5.4751434209e+02    2.5710528330e+02    5.0162100000e+01
    2.9956032152e+02    2.6410963323e+03   -3.8773408812e+05   -8.6119246401e-02   -9.2236150598e-02    1.0123536584e-03    5.4751434209e+02    2.5710528330e+02    5.0162100000e+01
    3.0005552787e+02    2.6454623568e+03   -3.8774194836e+05   -8.5188085109e-02   -8.6674938451e-02   -1.6870368421e-03    5.4751434209e+02    2.5710528330e+02    5.0162100000e+01
    3.0077729374e+02    2.6518258603e+03   -3.8774582669e+05   -9.0165900161e-02   -8.3075049719e-02    2.1788112276e-03    5.4751434209e+02    2.5710528330e+02    5.0162100000e+01
    2.9948139260e+02    2.6404004495e+03   -3.8773408350e+05   -9.2596927570e-02   -9.2770622090e-02   -1.0018173010e-03    5.4751434209e+02    2.5710528330e+02    5.0162100000e+01
    2.9915923630e+02    2.6375601340e+03   -3.8773344266e+05   -8.6633210515e-02   -8.2367901014e-02   -1.2346136016e-03    5.4751434209e+02    2.5710528330e+02    5.0162100000e+01
    3.0017987217e+02    2.6465586477e+03   -3.8774088528e+05   -8.6787379882e-02   -8.9476374556e-02   -3.0870259875e-03    5.4751434209e+02    2.5710528330e+02    5.0162100000e+01
    3.0022629813e+02    2.6469679657e+03   -3.8774144247e+05   -9.2253532447e-02   -9.2180189585e-02   -7.0597959906e-03    5.4751434209e+02    2.5710528330e+02    5.0162100000e+01
    2.9977316131e+02    2.6429728505e+03   -3.8773790336e+05   -9.5810928006e-02   -8.8125026337e-02   -1.3187470602e-02    5.4751434209e+02    2.5710528330e+02    5.0162100000e+01
    2.9984569319e+02    2.6436123333e+03   -3.8773848004e+05   -8.6908177071e-02   -8.8375540342e-02   -2.5641065413e-03    5.4751434209e+02    2.5710528330e+02    5.0162100000e+01
    3.0029354511e+02    2.6475608538e+03   -3.8774165539e+05   -8.6187210830e-02   -9.0133771674e-02   -2.7444331416e-03    5.4751434209e+02    2.5710528330e+02    5.0162100000e+01
    3.0005334545e+02    2.6454431153e+03   -3.8773946306e+05   -9.4079180207e-02   -8.1379822790e-02    4.5995142569e-03    5.4751434209e+02    2.5710528330e+02    5.0162100000e+01
    3.0110916892e+02    2.6547518631e+03   -3.8775416697e+05   -8.7441439677e-02   -9.0129277018e-02   -7.5750891221e-03    5.4751434209e+02    2.5710528330e+02    5.0162100000e+01
    3.0039423914e+02    2.6484486304e+03   -3.8774211126e+05   -8.6172522253e-02   -8.6585889564e-02    5.8165142976e-03    5.4751434209e+02    2.5710528330e+02    5.0162100000e+01
    2.9978973848e+02    2.6431190044e+03   -3.8773972462e+05   -8.7048236715e-02   -8.7433167541e-02   -5.1017702244e-03    5.4751434209e+02    2.5710528330e+02    5.0162100000e+01
    3.0034791826e+02    2.6480402388e+03   -3.8774491499e+05   -9.3507060115e-02   -8.7953995897e-02    9.3610665305e-04    5.4751434209e+02    2.5710528330e+02    5.0162100000e+01
    2.9977109401e+02    2.6429546240e+03   -3.8774028568e+05   -8.9860457133e-02   -8.9401290030e-02   -7.2615310570e-03    5.4751434209e+02    2.5710528330e+02    5.0162100000e+01
    2.9965062687e+02    2.6418925163e+03   -3.8773780168e+05   -8.9045204172e-02   -9.0555041362e-02    3.5741443859e-04    5.4751434209e+02    2.5710528330e+02    5.0162100000e+01
    3.0025708037e+02    2.6472393597e+03   -3.8774254306e+05   -9.2879123372e-02   -8.8068954011e-02    3.0222236797e-04    5.4751434209e+02    2.5710528330e+02    5.0162100000e+01
    2.9939637854e+02    2.6396509165e+03   -3.8773242853e+05   -9.2355307547e-02   -8.7939927363e-02   -1.7668136741e-03    5.4751434209e+02    2.5710528330e+02    5.0162100000e+01
    2.9962767924e+02    2.6416901968e+03   -3.8774009096e+05   -8.7370143649e-02   -8.4743782562e-02    4.8631474799e-03    5.4751434209e+02    2.5710528330e+02    5.0162100000e+01
    3.0234090325e+02    2.6656115424e+03   -3.8779223396e+05   -1.4281392117e-01   -1.2755605913e-01   -1.9202600568e-02    5.4751434209e+02    2.5710528330e+02    5.0162100000e+01
    2.9914896510e+02    2.6374695772e+03   -3.8773591257e+05   -4.7151911015e-02   -4.6705700559e-02    1.6695386911e-02    5.4751434209e+02    2.5710528330e+02    5.0162100000e+01
    3.0000552645e+02    2.6450215154e+03   -3.8772946586e+05   -8.3051932953e-02   -7.2889204209e-02    4.6880203825e-03    5.4751434209e+02    2.5710528330e+02    5.0162100000e+01
    3.0001751499e+02    2.6451272133e+03   -3.8774150370e+05   -9.9542795530e-02   -7.4886597945e-02    1.0345704367e-02    5.4751434209e+02    2.5710528330e+02    5.0162100000e+01
    2.9913411212e+02    2.6373386248e+03   -3.8772789601e+05   -9.0760030149e-02   -1.2224486797e-01   -4.8092527284e-04    5.4751434209e+02    2.5710528330e+02    5.0162100000e+01
    3.0049707584e+02    2.6493552980e+03   -3.8774951392e+05   -8.7022529710e-02   -9.6977295706e-02   -1.0766558256e-02    5.4751434209e+02    2.5710528330e+02    5.0162100000e+01
    3.0003466478e+02    2.6452784157e+03   -3.8773505447e+05   -1.0773587800e-01   -9.5151888483e-02   -4.0300414211e-03    5.4751434209e+02    2.5710528330e+02    5.0162100000e+01
    3.0006841790e+02    2.6455760026e+03   -3.8774466780e+05   -9.3517196863e-02   -9.1661924990e-02   -9.6031716935e-04    5.4751434209e+02    2.5710528330e+02    5.0162100000e+01
    2.9993368026e+02    2.6443880780e+03   -3.8773755345e+05   -8.7817779512e-02   -9.3227814710e-02   -5.9672875905e-03    5.4751434209e+02    2.5710528330e+02    5.0162100000e+01
    3.0052499999e+02    2.6496014933e+03   -3.8774443034e+05   -9.4989120826e-02   -9.0547688887e-02   -1.3748050175e-04    5.4751434209e+02    2.5710528330e+02    5.0162100000e+01
    3.0103738982e+02    2.6541190172e+03   -3.8774574330e+05   -1.0273677555e-01   -9.0073060327e-02   -8.2263601190e-03    5.4751434209e+02    2.5710528330e+02    5.0162100000e+01
    3.0049036699e+02    2.6492961488e+03   -3.8774486609e+05   -9.0571459091e-02   -8.7403685451e-02    4.7036915577e-04    5.4751434209e+02    2.5710528330e+02    5.0162100000e+01
    3.0019511998e+02    2.6466930812e+03   -3.8774139572e+05   -8.4722075942e-02   -8.8060880501e-02    3.2441963281e-03    5.4751434209e+02    2.5710528330e+02    5.0162100000e+01
    3.0006146342e+02    2.6455146879e+03   -3.8773642305e+05   -9.7426395126e-02   -8.8513007733e-02   -1.7656960088e-03    5.4751434209e+02    2.5710528330e+02    5.0162100000e+01
    3.0112424595e+02    2.6548847908e+03   -3.8775197274e+05   -9.1228027891e-02   -8.7881395970e-02   -9.5441403701e-04    5.4751434209e+02    2.5710528330e+02    5.0162100000e+01
    3.0072609614e+02    2.6513744728e+03   -3.8774464135e+05   -8.9489119967e-02   -9.4280131685e-02   -9.0645335086e-03    5.4751434209e+02    2.5710528330e+02    5.0162100000e+01
    3.0018933347e+02    2.6466420640e+03   -3.8774099087e+05   -8.8452159638e-02   -8.5269205801e-02    4.2765117595e-03    5.4751434209e+02    2.5710528330e+02    5.0162100000e+01
    2.9916637637e+02    2.6376230849e+03   -3.8773447883e+05   -9.9968861676e-02   -8.6190851699e-02   -7.0043459294e-03    5.4751434209e+02    2.5710528330e+02    5.0162100000e+01
    3.0005046123e+02    2.6454176864e+03   -3.8774438992e+05   -9.7969817499e-02   -9.0844541291e-02   -7.4139639558e-03    5.4751434209e+02    2.5710528330e+02    5.0162100000e+01
    3.0065550072e+02    2.6507520629e+03   -3.8774541053e+05   -8.7736817314e-02   -9.1396804870e-02   -2.3584773880e-03    5.4751434209e+02    2.5710528330e+02    5.0162100000e+01
    2.9978907263e+02    2.6431131339e+03   -3.8773777408e+05   -8.6646023239e-02   -9.9015367893e-02    3.3168453026e-03    5.4751434209e+02    2.5710528330e+02    5.0162100000e+01
    3.0019200894e+02    2.6466656524e+03   -3.8774180738e+05   -8.9769125697e-02   -9.0323080431e-02   -2.5030378013e-03    5.4751434209e+02    2.5710528330e+02    5.0162100000e+01
    3.0076106106e+02    2.6516827437e+03   -3.8774563573e+05   -8.9765614583e-02   -8.8561537718e-02   -1.0011977482e-02    5.4751434209e+02    2.5710528330e+02    5.0162100000e+01
    3.0093981450e+02    2.6532587370e+03   -3.8774687270e+05   -9.7143864946e-02   -8.8284361594e-02   -1.4911386876e-03    5.4751434209e+02    2.5710528330e+02    5.0162100000e+01
    2.9998251524e+02    2.6448186353e+03   -3.8774335270e+05   -9.2942854241e-02   -8.7788419168e-02   -3.5328098831e-03    5.4751434209e+02    2.5710528330e+02    5.0162100000e+01
    2.9948067475e+02    2.6403941205e+03   -3.8773319476e+05   -9.2811434921e-02   -8.3233243816e-02   -1.1524415393e-03    5.4751434209e+02    2.5710528330e+02    5.0162100000e+01
    3.0038957800e+02    2.6484075351e+03   -3.8774725487e+05   -9.0254119988e-02   -8.9443517682e-02   -3.2623376401e-03    5.4751434209e+02    2.5710528330e+02    5.0162100000e+01
    3.0123533614e+02    2.6558642259e+03   -3.8774884819e+05   -9.7670069382e-02   -8.4488770800e-02   -7.4840348398e-04    5.4751434209e+02    2.5710528330e+02    5.0162100000e+01
    2.9927201023e+02    2.6385544140e+03   -3.8773017636e+05   -8.9694469590e-02   -8.8305436234e-02   -5.4527659922e-03    5.4751434209e+02    2.5710528330e+02    5.0162100000e+01
    3.0052624885e+02    2.6496125040e+03   -3.8774477214e+05   -9.3210858308e-02   -8.5324201421e-02    2.6310761562e-04    5.4751434209e+02    2.5710528330e+02    5.0162100000e+01
    2.9955744386e+02    2.6410709613e+03   -3.8773259703e+05   -9.1086164162e-02   -8.6839250548e-02    4.2175511151e-03    5.4751434209e+02    2.5710528330e+02    5.0162100000e+01
    3.0051496152e+02    2.6495129884e+03   -3.8774578510e+05   -9.1107781394e-02   -8.3989195931e-02   -3.8029843434e-03    5.4751434209e+02    2.5710528330e+02    5.0162100000e+01
    2.9923639907e+02    2.6382404454e+03   -3.8773095187e+05   -8.8210938502e-02   -8.5620296704e-02   -7.7972168351e-03    5.4751434209e+02    2.5710528330e+02    5.0162100000e+01
    3.0049663392e+02    2.6493514018e+03   -3.8774439512e+05   -9.2556564407e-02   -8.9110550414e-02   -5.7277548315e-03    5.4751434209e+02    2.5710528330e+02    5.0162100000e+01
    3.0012664265e+02    2.6460893456e+03   -3.8774252903e+05   -9.5170867088e-02   -8.7235151772e-02    1.5756193304e-03    5.4751434209e+02    2.5710528330e+02    5.0162100000e+01
    2.9929907006e+02    2.6387929890e+03   -3.8773445424e+05   -9.3272824005e-02   -8.4374510752e-02   -3.2499973911e-04    5.4751434209e+02    2.5710528330e+02    5.0162100000e+01
    3.0054155037e+02    2.6497474110e+03   -3.8774262331e+05   -9.4401191509e-02   -8.9330281007e-02   -3.7156070309e-03    5.4751434209e+02    2.5710528330e+02    5.0162100000e+01
    3.0040837978e+02    2.6485733024e+03   -3.8774225294e+05   -8.8958950106e-02   -8.1325626225e-02    1.4036250460e-03    5.4751434209e+02    2.5710528330e+02    5.0162100000e+01
    3.0086683737e+02    2.6526153286e+03   -3.8774734989e+05   -9.2815664711e-02   -8.4756547867e-02   -4.2054263108e-03    5.4751434209e+02    2.5710528330e+02    5.0162100000e+01
    2.9944853375e+02    2.6401107469e+03   -3.8773671448e+05   -8.8780151781e-02   -8.6247946542e-02   -7.8456122242e-03    5.4751434209e+02    2.5710528330e+02    5.0162100000e+01
    2.9941588943e+02    2.6398229358e+03   -3.8773685524e+05   -9.1496944998e-02   -8.5600244012e-02   -2.4683955991e-03    5.4751434209e+02    2.5710528330e+02    5.0162100000e+01
    3.0038395613e+02    2.6483579695e+03   -3.8774056846e+05   -8.9551374298e-02   -8.8858639177e-02   -1.2106985579e-03    5.4751434209e+02    2.5710528330e+02    5.0162100000e+01
    3.0055567994e+02    2.6498719855e+03   -3.8774125127e+05   -9.0024264203e-02   -8.9432140163e-02    1.1499038366e-03    5.4751434209e+02    2.5710528330e+02    5.0162100000e+01
    3.0065894266e+02    2.6507824091e+03   -3.8774467605e+05   -9.4067392605e-02   -9.5788638315e-02   -1.0906941702e-03    5.4751434209e+02    2.5710528330e+02    5.0162100000e+01
    2.9960676580e+02    2.6415058118e+03   -3.8773932295e+05   -9.9208062880e-02   -8.6301461758e-02   -1.5117950302e-03    5.4751434209e+02    2.5710528330e+02    5.0162100000e+01
    2.9983276781e+02    2.6434983757e+03   -3.8773855595e+05   -1.0338061260e-01   -8.7917677798e-02   -4.4444154723e-03    5.4751434209e+02    2.5710528330e+02    5.0162100000e+01
    3.0048186271e+02    2.6492211703e+03   -3.8774624985e+05   -9.0599429986e-02   -8.0581037281e-02   -3.4001197646e-03    5.4751434209e+02    2.5710528330e+02    5.0162100000e+01
    2.9982072435e+02    2.6433921936e+03   -3.8773442530e+05   -9.6277543025e-02   -8.7713597673e-02    3.1104164707e-04    5.4751434209e+02    2.5710528330e+02    5.0162100000e+01
    2.9971158290e+02    2.6424299398e+03   -3.8773473565e+05   -9.5170794040e-02   -8.8394581712e-02   -1.0163678624e-03    5.4751434209e+02    2.5710528330e+02    5.0162100000e+01
    2.9891980200e+02    2.6354491433e+03   -3.8772970731e+05   -9.3621553017e-02   -9.2168875498e-02    2.9105288436e-03    5.4751434209e+02    2.5710528330e+02    5.0162100000e+01
    3.0000893758e+02    2.6450515899e+03   -3.8773788035e+05   -9.4173238820e-02   -8.8780244914e-02    2.8895181448e-03    5.4751434209e+02    2.5710528330e+02    5.0162100000e+01
    2.9966084350e+02    2.6419825920e+03   -3.8773885472e+05   -8.9586512313e-02   -8.5473944834e-02   -1.8089551184e-03    5.4751434209e+02    2.5710528330e+02    5.0162100000e+01
    3.0016718323e+02    2.6464467747e+03   -3.8774021174e+05   -9.3093436422e-02   -9.3171797463e-02   -6.9990175686e-03    5.4751434209e+02    2.5710528330e+02    5.0162100000e+01
    2.9858657618e+02    2.6325112326e+03   -3.8772794053e+05   -8.6505525312e-02   -9.3125106796e-02   -1.6165671551e-04    5.4751434209e+02    2.5710528330e+02    5.0162100000e+01
    2.9968671788e+02    2.6422107154e+03   -3.8773878993e+05   -8.8616769651e-02   -8.3290082307e-02   -2.9551382673e-03    5.4751434209e+02    2.5710528330e+02    5.0162100000e+01
    3.0001707879e+02    2.6451233675e+03   -3.8773711214e+05   -8.8245953847e-02   -9.1314411625e-02   -2.3827498333e-03    5.4751434209e+02    2.5710528330e+02    5.0162100000e+01
    2.9998193132e+02    2.6448134872e+03   -3.8773919557e+05   -8.6192282780e-02   -9.0421195069e-02    1.0971583592e-03    5.4751434209e+02    2.5710528330e+02    5.0162100000e+01
    2.9959269016e+02    2.6413817129e+03   -3.8773303605e+05   -8.9857157789e-02   -8.8637737616e-02   -1.7982831406e-04    5.4751434209e+02    2.5710528330e+02    5.0162100000e+01
    3.0054815159e+02    2.6498056112e+03   -3.8774577957e+05   -8.6849534521e-02   -9.2390209647e-02   -7.8345142899e-03    5.4751434209e+02    2.5710528330e+02    5.0162100000e+01
    3.0101281109e+02    2.6539023170e+03   -3.8775082443e+05   -9.2323241323e-02   -9.2520017301e-02   -2.4747623377e-03    5.4751434209e+02    2.5710528330e+02    5.0162100000e+01
    2.9960742922e+02    2.6415116610e+03   -3.8773523716e+05   -9.2555050822e-02   -8.4272643245e-02    2.8816761104e-03    5.4751434209e+02    2.5710528330e+02    5.0162100000e+01
    2.9958837289e+02    2.6413436494e+03   -3.8773468864e+05   -9.2186546826e-02   -8.6170578161e-02    9.0894889058e-04    5.4751434209e+02    2.5710528330e+02    5.0162100000e+01
    3.0143626650e+02    2.6576357437e+03   -3.8775176611e+05   -9.5821484324e-02   -8.3925973266e-02   -4.8032038639e-03    5.4751434209e+02    2.5710528330e+02    5.0162100000e+01
    2.9993896290e+02    2.6444346528e+03   -3.8774175762e+05   -9.2861967502e-02   -8.6141880379e-02   -3.0877635359e-03    5.4751434209e+02    2.5710528330e+02    5.0162100000e+01
    2.9926405000e+02    2.6384842320e+03   -3.8773144241e+05   -9.3392941203e-02   -8.4035449484e-02   -1.7771871794e-03    5.4751434209e+02    2.5710528330e+02    5.0162100000e+01
    2.9950905161e+02    2.6406443072e+03   -3.8773714814e+05   -9.1969659555e-02   -8.6602898225e-02    1.1186256687e-03    5.4751434209e+02    2.5710528330e+02    5.0162100000e+01
    2.9909781035e+02    2.6370185675e+03   -3.8773483702e+05   -9.4032514070e-02   -8.7459981918e-02   -1.3990330357e-03    5.4751434209e+02    2.5710528330e+02    5.0162100000e+01
    3.0004714101e+02    2.6453884134e+03   -3.8773896390e+05   -8.6674175420e-02   -9.1014270731e-02    1.4948988791e-04    5.4751434209e+02    2.5710528330e+02    5.0162100000e+01
    3.0052381781e+02    2.6495910706e+03   -3.8774643918e+05   -8.9545174687e-02   -8.6552190459e-02    6.0378130027e-03    5.4751434209e+02    2.5710528330e+02    5.0162100000e+01
    3.0051821030e+02    2.6495416315e+03   -3.8774543279e+05   -9.3138319061e-02   -9.3503084427e-02   -1.0462341209e-03    5.4751434209e+02    2.5710528330e+02    5.0162100000e+01
    2.9979985853e+02    2.6432082285e+03   -3.8773785111e+05   -9.6609633141e-02   -8.7012060604e-02   -9.4538886068e-03    5.4751434209e+02    2.5710528330e+02    5.0162100000e+01
    2.9974963381e+02    2.6427654185e+03   -3.8773884060e+05   -8.7511851702e-02   -9.3541892882e-02   -8.6332709998e-03    5.4751434209e+02    2.5710528330e+02    5.0162100000e+01
    2.9984868919e+02    2.6436387478e+03   -3.8773837898e+05   -8.9256739912e-02   -8.9057775516e-02   -9.0988617860e-04    5.4751434209e+02    2.5710528330e+02    5.0162100000e+01
    3.0013232528e+02    2.6461394469e+03   -3.8774152116e+05   -8.4535712020e-02   -8.7358469765e-02    2.5538736140e-03    5.4751434209e+02    2.5710528330e+02    5.0162100000e+01
    2.9982484254e+02    2.6434285020e+03   -3.8774086631e+05   -8.8147453802e-02   -8.2985309202e-02   -4.2438231717e-03    5.4751434209e+02    2.5710528330e+02    5.0162100000e+01
    3.0040059644e+02    2.6485046800e+03   -3.8774375151e+05   -7.9493104448e-02   -8.3326781971e-02   -1.0387694020e-03    5.4751434209e+02    2.5710528330e+02    5.0162100000e+01
    2.9991659097e+02    2.6442374090e+03   -3.8774235316e+05   -9.1982386673e-02   -8.8993603081e-02   -2.7357190346e-03    5.4751434209e+02    2.5710528330e+02    5.0162100000e+01
    3.0024530681e+02    2.6471355572e+03   -3.8774337156e+05   -9.0673483149e-02   -8.2246651064e-02    1.8773152128e-03    5.4751434209e+02    2.5710528330e+02    5.0162100000e+01
    3.0075666745e+02    2.6516440071e+03   -3.8774672987e+05   -9.8420041220e-02   -8.4940463907e-02   -8.0962226152e-03    5.4751434209e+02    2.5710528330e+02    5.0162100000e+01
    2.9944475588e+02    2.6400774391e+03   -3.8773114122e+05   -9.0531635419e-02   -8.6776745138e-02    2.8197298531e-03    5.4751434209e+02    2.5710528330e+02    5.0162100000e+01
    2.9998620888e+02    2.6448512006e+03   -3.8773799748e+05   -9.0354715656e-02   -8.8828577202e-02    2.9222880476e-03    5.4751434209e+02    2.5710528330e+02    5.0162100000e+01
    3.0023641491e+02    2.6470571611e+03   -3.8774349146e+05   -9.4414491767e-02   -9.0241939126e-02   -5.7352511007e-03    5.4751434209e+02    2.5710528330e+02    5.0162100000e+01
    2.9997342722e+02    2.6447385101e+03   -3.8773926358e+05   -8.8824571619e-02   -8.6769822151e-02   -2.8729014556e-03    5.4751434209e+02    2.5710528330e+02    5.0162100000e+01
    2.9997902910e+02    2.6447878995e+03   -3.8774015633e+05   -8.7631730254e-02   -8.9743977105e-02    4.3050480870e-04    5.4751434209e+02    2.5710528330e+02    5.0162100000e+01
    3.0071459896e+02    2.6512731071e+03   -3.8774381766e+05   -9.2638633304e-02   -9.0625006911e-02   -3.6861521706e-03    5.4751434209e+02    2.5710528330e+02    5.0162100000e+01
    3.0001217600e+02    2.6450801417e+03   -3.8773990071e+05   -9.3198569492e-02   -8.6723250782e-02   -7.1590259121e-03    5.4751434209e+02    2.5710528330e+02    5.0162100000e+01
    3.0031956133e+02    2.6477902278e+03   -3.8774394638e+05   -9.2303852700e-02   -9.0196194437e-02   -5.3738758844e-03    5.4751434209e+02    2.5710528330e+02    5.0162100000e+01
    3.0040510351e+02    2.6485444169e+03   -3.8774422247e+05   -9.1788314811e-02   -9.0879484552e-02   -8.8352159417e-03    5.4751434209e+02    2.5710528330e+02    5.0162100000e+01
    3.0021519150e+02    2.6468700433e+03   -3.8774369200e+05   -9.5830543650e-02   -8.5633128790e-02   -2.4857701164e-03    5.4751434209e+02    2.5710528330e+02    5.0162100000e+01
    3.0083273359e+02    2.6523146500e+03   -3.8774484647e+05   -8.7208080912e-02   -8.5803048458e-02   -1.1370196042e-03    5.4751434209e+02    2.5710528330e+02    5.0162100000e+01
    2.9895285484e+02    2.6357405562e+03   -3.8773135103e+05   -9.0041150299e-02   -8.5122456773e-02    6.9559469478e-04    5.4751434209e+02    2.5710528330e+02    5.0162100000e+01
    2.9888047818e+02    2.6351024419e+03   -3.8773138991e+05   -8.8065396684e-02   -8.9728324414e-02   -6.3671897005e-03    5.4751434209e+02    2.5710528330e+02    5.0162100000e+01
    2.9983202720e+02    2.6434918461e+03   -3.8773860341e+05   -9.9791990684e-02   -9.0917597833e-02   -1.0077001636e-02    5.4751434209e+02    2.5710528330e+02    5.0162100000e+01
    3.0017198134e+02    2.6464890776e+03   -3.8773991650e+05   -8.9091762732e-02   -8.6981989269e-02    1.8653337393e-03    5.4751434209e+02    2.5710528330e+02    5.0162100000e+01
    3.0028883340e+02    2.6475193126e+03   -3.8774227620e+05   -9.3384245120e-02   -8.7141359396e-02   -5.3722221845e-03    5.4751434209e+02    2.5710528330e+02    5.0162100000e+01
    3.0014893902e+02    2.6462859233e+03   -3.8774101768e+05   -8.7364281299e-02   -9.0121883353e-02   -1.2565255348e-03    5.4751434209e+02    2.5710528330e+02    5.0162100000e+01
    3.0060268355e+02    2.6502863964e+03   -3.8774627606e+05   -8.9175495737e-02   -8.5528664077e-02   -2.0300490942e-03    5.4751434209e+02    2.5710528330e+02    5.0162100000e+01
    2.9983752889e+02    2.6435403522e+03   -3.8773803247e+05   -9.0257559914e-02   -8.0678964138e-02    3.7964128973e-03    5.4751434209e+02    2.5710528330e+02    5.0162100000e+01
    2.9954754135e+02    2.6409836550e+03   -3.8773553583e+05   -8.7364883914e-02   -9.3458284684e-02   -9.0041215033e-03    5.4751434209e+02    2.5710528330e+02    5.0162100000e+01
    3.0038817638e+02    2.6483951776e+03   -3.8774466967e+05   -9.8828137531e-02   -7.9803758899e-02    5.3214192305e-04    5.4751434209e+02    2.5710528330e+02    5.0162100000e+01
    3.0207425673e+02    2.6632606331e+03   -3.8779052191e+05   -1.4033754137e-01   -1.2432393198e-01   -1.4733105214e-02    5.4751434209e+02    2.5710528330e+02    5.0162100000e+01
    2.9832128254e+02    2.6301722510e+03   -3.8773141179e+05   -4.4162338107e-02   -4.5342424554e-02    2.3160982886e-02    5.4751434209e+02    2.5710528330e+02    5.0162100000e+01
    2.9861101656e+02    2.6327267131e+03   -3.8771831781e+05   -9.5035524925e-02   -7.4355924447e-02    7.7810752678e-04    5.4751434209e+02    2.5710528330e+02    5.0162100000e+01
    2.9924007156e+02    2.6382728242e+03   -3.8773270333e+05   -1.0167738915e-01   -8.0672953563e-02    8.3826178825e-03    5.4751434209e+02    2.5710528330e+02    5.0162100000e+01
    2.9931951082e+02    2.6389732065e+03   -3.8773104834e+05   -8.8800027229e-02   -1.2473781354e-01   -5.9376479467e-03    5.4751434209e+02    2.5710528330e+02    5.0162100000e+01
    2.9972495492e+02    2.6425478352e+03   -3.8774029575e+05   -8.5654784829e-02   -1.0010236785e-01   -1.4153175415e-02    5.4751434209e+02    2.5710528330e+02    5.0162100000e+01
    3.0034459215e+02    2.6480109139e+03   -3.8773753461e+05   -1.0234580381e-01   -9.4582946619e-02    1.3183373192e-03    5.4751434209e+02    2.5710528330e+02    5.0162100000e+01
    2.9886851640e+02    2.6349969799e+03   -3.8773141692e+05   -8.8597282426e-02   -8.7899945414e-02    2.2806144656e-03    5.4751434209e+02    2.5710528330e+02    5.0162100000e+01
    2.9971716341e+02    2.6424791408e+03   -3.8773402915e+05   -8.1653378531e-02   -9.5604819776e-02   -8.6217590429e-03    5.4751434209e+02    2.5710528330e+02    5.0162100000e+01
    3.0148590306e+02    2.6580733683e+03   -3.8775482178e+05   -9.8580387616e-02   -9.6689011495e-02   -3.3809653932e-04    5.4751434209e+02    2.5710528330e+02    5.0162100000e+01
    2.9937227933e+02    2.6394384440e+03   -3.8773361744e+05   -1.0028531668e-01   -9.3891184335e-02    4.3675085657e-03    5.4751434209e+02    2.5710528330e+02    5.0162100000e+01
    3.0036673099e+02    2.6482061026e+03   -3.8774147625e+05   -9.2785199507e-02   -9.6035210556e-02    4.2412580194e-03    5.4751434209e+02    2.5710528330e+02    5.0162100000e+01
    2.9923087364e+02    2.6381917301e+03   -3.8773646767e+05   -9.1331024928e-02   -9.4280526496e-02   -5.6227070294e-03    5.4751434209e+02    2.5710528330e+02    5.0162100000e+01
    3.0016832985e+02    2.6464568839e+03   -3.8774191807e+05   -9.7607104640e-02   -8.5735652971e-02   -3.7305931702e-03    5.4751434209e+02    2.5710528330e+02    5.0162100000e+01
    2.9949334154e+02    2.6405057983e+03   -3.8773621940e+05   -9.0504329741e-02   -8.9790415596e-02    3.3805667501e-03    5.4751434209e+02    2.5710528330e+02    5.0162100000e+01
    3.0029658745e+02    2.6475876768e+03   -3.8774322963e+05   -8.1690840137e-02   -9.3384908341e-02   -4.3352451091e-03    5.4751434209e+02    2.5710528330e+02    5.0162100000e+01
    2.9857823089e+02    2.6324376557e+03   -3.8772649000e+05   -9.3960072072e-02   -9.5614399965e-02   -6.3452150593e-03    5.4751434209e+02    2.5710528330e+02    5.0162100000e+01
    2.9946550782e+02    2.6402604001e+03   -3.8773880926e+05   -9.6176258945e-02   -8.5039880603e-02    1.7895891897e-03    5.4751434209e+02    2.5710528330e+02    5.0162100000e+01
    2.9937855526e+02    2.6394937763e+03   -3.8773483675e+05   -8.6610389932e-02   -9.4315961771e-02   -3.4106477361e-03    5.4751434209e+02    2.5710528330e+02    5.0162100000e+01
    3.0141946476e+02    2.6574876099e+03   -3.8775154983e+05   -9.1619897821e-02   -8.9305179842e-02   -7.0104575362e-03    5.4751434209e+02    2.5710528330e+02    5.0162100000e+01
    3.0103658164e+02    2.6541118918e+03   -3.8774621642e+05   -1.0375262432e-01   -9.5873371432e-02   -2.2418777764e-03    5.4751434209e+02    2.5710528330e+02    5.0162100000e+01
    2.9967521059e+02    2.6421092606e+03   -3.8774033957e+05   -1.0588082267e-01   -9.2165839559e-02   -7.7360612998e-03    5.4751434209e+02    2.5710528330e+02    5.0162100000e+01
    2.9972966907e+02    2.6425893978e+03   -3.8773810164e+05   -9.3017826387e-02   -9.6471720713e-02   -4.9162215391e-03    5.4751434209e+02    2.5710528330e+02    5.0162100000e+01
    3.0126312674e+02    2.6561092439e+03   -3.8775052783e+05   -9.1819869041e-02   -8.8399545651e-02   -5.2248156052e-03    5.4751434209e+02    2.5710528330e+02    5.0162100000e+01
    2.9980909566e+02    2.6432896685e+03   -3.8773795399e+05   -9.3796304870e-02   -8.5084357798e-02   -1.4801269004e-03    5.4751434209e+02    2.5710528330e+02    5.0162100000e+01
    2.9986536892e+02    2.6437858059e+03   -3.8773956395e+05   -9.5012465335e-02   -9.3441741973e-02   -2.2356377522e-03    5.4751434209e+02    2.5710528330e+02    5.0162100000e+01
    3.0056466297e+02    2.6499511850e+03   -3.8774491732e+05   -8.8078079902e-02   -9.2724378603e-02    2.7144626152e-03    5.4751434209e+02    2.5710528330e+02    5.0162100000e+01
    2.9942559775e+02    2.6399085300e+03   -3.8773451442e+05   -9.4210919413e-02   -9.2062211813e-02    4.0349661470e-03    5.4751434209e+02    2.5710528330e+02    5.0162100000e+01
    2.9896656525e+02    2.6358614350e+03   -3.8773271692e+05   -9.2422688145e-02   -9.0185004425e-02    2.0723840767e-03    5.4751434209e+02    2.5710528330e+02    5.0162100000e+01
    3.0031349507e+02    2.6477367442e+03   -3.8774567800e+05   -8.9031144461e-02   -9.0369543641e-02   -2.4969962203e-03    5.4751434209e+02    2.5710528330e+02    5.0162100000e+01
    2.9867557427e+02    2.6332958910e+03   -3.8772970520e+05   -9.1842638997e-02   -8.2033750732e-02   -3.3669614381e-03    5.4751434209e+02    2.5710528330e+02    5.0162100000e+01
    2.9954136806e+02    2.6409292277e+03   -3.8773530761e+05   -9.1159636157e-02   -8.9748154798e-02   -6.7127339053e-03    5.4751434209e+02    2.5710528330e+02    5.0162100000e+01
    3.0046238015e+02    2.6490494007e+03   -3.8774520806e+05   -9.7540848285e-02   -8.6213634470e-02   -9.2762151604e-03    5.4751434209e+02    2.5710528330e+02    5.0162100000e+01
    2.9929220490e+02    2.6387324618e+03   -3.8773228701e+05   -9.6671445829e-02   -9.3575472785e-02   -7.2058893066e-03    5.4751434209e+02    2.5710528330e+02    5.0162100000e+01
    2.9962185389e+02    2.6416388371e+03   -3.8773651222e+05   -9.3154970918e-02   -8.5510264050e-02   -5.0308646033e-03    5.4751434209e+02    2.5710528330e+02    5.0162100000e+01
    3.0044516833e+02    2.6488976515e+03   -3.8774439382e+05   -9.3837442160e-02   -8.3784569318e-02    2.7915483770e-03    5.4751434209e+02    2.5710528330e+02    5.0162100000e+01
    2.9969239596e+02    2.6422607767e+03   -3.8773591127e+05   -8.6841604686e-02   -9.1800401421e-02   -1.9235101414e-03    5.4751434209e+02    2.5710528330e+02    5.0162100000e+01
    3.0001857197e+02    2.6451365323e+03   -3.8774315350e+05   -9.6039328047e-02   -8.8809570949e-02   -6.9509287934e-03    5.4751434209e+02    2.5710528330e+02    5.0162100000e+01
    3.0060677668e+02    2.6503224837e+03   -3.8774740393e+05   -8.9209745399e-02   -8.0372218986e-02   -3.5714080248e-03    5.4751434209e+02    2.5710528330e+02    5.0162100000e+01
    3.0044170974e+02    2.6488671586e+03   -3.8774259210e+05   -9.0188829241e-02   -8.8542428199e-02    2.0511409431e-03    5.4751434209e+02    2.5710528330e+02    5.0162100000e+01
    2.9991021333e+02    2.6441811800e+03   -3.8773556740e+05   -9.0385701753e-02   -8.9118009909e-02   -3.0620785592e-03    5.4751434209e+02    2.5710528330e+02    5.0162100000e+01
    3.0028275977e+02    2.6474657641e+03   -3.8774010498e+05   -9.6347901509e-02   -9.0858987173e-02   -6.0928156897e-03    5.4751434209e+02    2.5710528330e+02    5.0162100000e+01
    2.9948675586e+02    2.6404477351e+03   -3.8773679162e+05   -9.1839435919e-02   -9.5617778246e-02   -7.2356168590e-03    5.4751434209e+02    2.5710528330e+02    5.0162100000e+01
    3.0042762785e+02    2.6487430045e+03   -3.8774888528e+05   -9.1107074503e-02   -8.4549369417e-02    3.7366382208e-03    5.4751434209e+02    2.5710528330e+02    5.0162100000e+01
    3.0075348311e+02    2.6516159321e+03   -3.8774380546e+05   -9.4198697926e-02   -9.6884884992e-02   -7.1361710422e-03    5.4751434209e+02    2.5710528330e+02    5.0162100000e+01
    2.9872579172e+02    2.6337386369e+03   -3.8772681984e+05   -9.0280850986e-02   -8.6873212289e-02   -5.0852425183e-03    5.4751434209e+02    2.5710528330e+02    5.0162100000e+01
    2.9958653839e+02    2.6413274754e+03   -3.8773583996e+05   -8.5309111865e-02   -9.4091286917e-02   -1.0005300742e-03    5.4751434209e+02    2.5710528330e+02    5.0162100000e+01
    3.0024206794e+02    2.6471070015e+03   -3.8774158130e+05   -9.2966662846e-02   -8.3490013523e-02   -6.5581935144e-04    5.4751434209e+02    2.5710528330e+02    5.0162100000e+01
    3.0000636822e+02    2.6450289369e+03   -3.8773896197e+05   -8.9489993299e-02   -8.9567228499e-02    6.0978087581e-04    5.4751434209e+02    2.5710528330e+02    5.0162100000e+01
    3.0033172566e+02    2.6478974755e+03   -3.8774588793e+05   -9.4071197836e-02   -8.7248050220e-02   -1.1443054534e-02    5.4751434209e+02    2.5710528330e+02    5.0162100000e+01
    2.9926623945e+02    2.6385035354e+03   -3.8773368698e+05   -9.3022821161e-02   -8.9068368994e-02   -8.3753313872e-03    5.4751434209e+02    2.5710528330e+02    5.0162100000e+01
    3.0019593068e+02    2.6467002288e+03   -3.8774457679e+05   -9.3041439263e-02   -8.5641339429e-02   -2.6982615126e-03    5.4751434209e+02    2.5710528330e+02    5.0162100000e+01
    2.9968869299e+02    2.6422281291e+03   -3.8773747156e+05   -9.9013338229e-02   -9.0392718561e-02   -8.4155885028e-03    5.4751434209e+02    2.5710528330e+02    5.0162100000e+01
    2.9962898569e+02    2.6417017152e+03   -3.8773720478e+05   -8.5598940608e-02   -8.3540458193e-02   -8.7767904387e-04    5.4751434209e+02    2.5710528330e+02    5.0162100000e+01
    3.0035755451e+02    2.6481251975e+03   -3.8774280813e+05   -9.6171468312e-02   -8.2456252733e-02   -3.6057290281e-03    5.4751434209e+02    2.5710528330e+02    5.0162100000e+01
    3.0020315610e+02    2.6467639323e+03   -3.8774133317e+05   -9.3555452960e-02   -8.4822388898e-02    2.2567971328e-03    5.4751434209e+02    2.5710528330e+02    5.0162100000e+01
    3.0076633181e+02    2.6517292137e+03   -3.8774900525e+05   -9.0284734548e-02   -9.0508656653e-02    1.1940069223e-03    5.4751434209e+02    2.5710528330e+02    5.0162100000e+01
    3.0096109218e+02    2.6534463333e+03   -3.8774721305e+05   -9.5062470350e-02   -9.1201960273e-02   -3.8843372140e-03    5.4751434209e+02    2.5710528330e+02    5.0162100000e+01
    2.9883178361e+02    2.6346731225e+03   -3.8772992564e+05   -9.4380865728e-02   -8.2519175070e-02   -2.8735933713e-03    5.4751434209e+02    2.5710528330e+02    5.0162100000e+01
    3.0117963810e+02    2.6553731599e+03   -3.8775116581e+05   -9.6432432093e-02   -8.9763103452e-02   -3.9503305586e-03    5.4751434209e+02    2.5710528330e+02    5.0162100000e+01
    3.0015082784e+02    2.6463025761e+03   -3.8774318684e+05   -9.5050272834e-02   -7.9144729124e-02   -4.7444896459e-03    5.4751434209e+02    2.5710528330e+02    5.0162100000e+01
    3.0035133864e+02    2.6480703949e+03   -3.8774346776e+05   -9.0671226347e-02   -8.6437653285e-02    3.2367456483e-03    5.4751434209e+02    2.5710528330e+02    5.0162100000e+01
    3.0040935484e+02    2.6485818991e+03   -3.8774304697e+05   -9.3029393863e-02   -8.4346127847e-02    1.5709147548e-04    5.4751434209e+02    2.5710528330e+02    5.0162100000e+01
    2.9982709589e+02    2.6434483689e+03   -3.8773989703e+05   -9.1977390365e-02   -8.7230741414e-02   -6.4156543910e-03    5.4751434209e+02    2.5710528330e+02    5.0162100000e+01
    2.9923233116e+02    2.6382045804e+03   -3.8773397527e+05   -9.7662265425e-02   -9.1674583820e-02   -8.1075906415e-03    5.4751434209e+02    2.5710528330e+02    5.0162100000e+01
    2.9995695759e+02    2.6445933043e+03   -3.8774016374e+05   -9.6971682625e-02   -8.7303346046e-02   -7.0895112796e-03    5.4751434209e+02    2.5710528330e+02    5.0162100000e+01
    2.9968477773e+02    2.6421936100e+03   -3.8773829965e+05   -9.2831891219e-02   -8.7250113898e-02    5.5075642210e-03    5.4751434209e+02    2.5710528330e+02    5.0162100000e+01
    2.9980592024e+02    2.6432616721e+03   -3.8773826713e+05   -8.6707932308e-02   -8.5999627159e-02   -8.7574347565e-04    5.4751434209e+02    2.5710528330e+02    5.0162100000e+01
    3.0144143537e+02    2.6576813155e+03   -3.8775281423e+05   -9.1457476814e-02   -9.1058586905e-02   -8.0328281106e-04    5.4751434209e+02    2.5710528330e+02    5.0162100000e+01
    3.0011221803e+02    2.6459621699e+03   -3.8773949292e+05   -8.8588290197e-02   -9.1857244349e-02   -2.4581844499e-03    5.4751434209e+02    2.5710528330e+02    5.0162100000e+01
    3.0061158486e+02    2.6503648754e+03   -3.8774621999e+05   -8.8712418691e-02   -8.9750025695e-02   -3.7281971355e-03    5.4751434209e+02    2.5710528330e+02    5.0162100000e+01
    3.0025488350e+02    2.6472199908e+03   -3.8774038092e+05   -8.9157692868e-02   -9.2765015832e-02   -2.9097818583e-03    5.4751434209e+02    2.5710528330e+02    5.0162100000e+01
    3.0009328107e+02    2.6457952107e+03   -3.8774102912e+05   -9.2820343762e-02   -8.8938016374e-02   -6.7855254546e-03    5.4751434209e+02    2.5710528330e+02    5.0162100000e+01
    2.9987951642e+02    2.6439105384e+03   -3.8773829634e+05   -9.5508255628e-02   -8.6371172966e-02   -5.4355176296e-04    5.4751434209e+02    2.5710528330e+02    5.0162100000e+01
    2.9947958037e+02    2.6403844718e+03   -3.8773784324e+05   -8.1916068712e-02   -8.5911584204e-02    4.6943346715e-03    5.4751434209e+02    2.5710528330e+02    5.0162100000e+01
    2.9880362767e+02    2.6344248836e+03   -3.8773073203e+05   -8.8750524855e-02   -8.9672997610e-02   -3.0424469438e-03    5.4751434209e+02    2.5710528330e+02    5.0162100000e+01
    3.0003494539e+02    2.6452808897e+03   -3.8774309319e+05   -9.9430449774e-02   -8.1587890967e-02   -5.2129703286e-03    5.4751434209e+02    2.5710528330e+02    5.0162100000e+01
    2.9988849385e+02    2.6439896886e+03   -3.8774111612e+05   -9.2545239891e-02   -9.2401856624e-02   -5.2519298268e-03    5.4751434209e+02    2.5710528330e+02    5.0162100000e+01
    2.9992968297e+02    2.6443528356e+03   -3.8774084385e+05   -9.2942948055e-02   -8.1096309292e-02    2.2750734123e-05    5.4751434209e+02    2.5710528330e+02    5.0162100000e+01
    2.9926473510e+02    2.6384902722e+03   -3.8773512599e+05   -8.8617053649e-02   -8.8754476806e-02   -2.4881678483e-03    5.4751434209e+02    2.5710528330e+02    5.0162100000e+01
    3.0051437763e+02    2.6495078405e+03   -3.8774259661e+05   -9.7432208754e-02   -8.7242663513e-02   -4.4258144399e-04    5.4751434209e+02    2.5710528330e+02    5.0162100000e+01
    3.0012294020e+02    2.6460567027e+03   -3.8774510358e+05   -9.2791350195e-02   -8.8308322137e-02   -3.7966472806e-03    5.4751434209e+02    2.5710528330e+02    5.0162100000e+01
    3.0012851619e+02    2.6461058638e+03   -3.8774088982e+05   -9.1042800310e-02   -8.4359339208e-02   -2.8911294039e-03    5.4751434209e+02    2.5710528330e+02    5.0162100000e+01
    2.9992956749e+02    2.6443518174e+03   -3.8773589877e+05   -9.9038617597e-02   -8.4243854527e-02   -7.4204010469e-03    5.4751434209e+02    2.5710528330e+02    5.0162100000e+01
    3.0022664847e+02    2.6469710545e+03   -3.8774221959e+05   -8.9262409054e-02   -8.4991761074e-02    1.6567421871e-03    5.4751434209e+02    2.5710528330e+02    5.0162100000e+01
    2.9946461305e+02    2.6402525113e+03   -3.8773344593e+05   -9.3137635288e-02   -9.3239018095e-02   -3.9234437041e-03    5.4751434209e+02    2.5710528330e+02    5.0162100000e+01
    3.0064121094e+02    2.6506260760e+03   -3.8774350698e+05   -8.9720408539e-02   -8.1006615572e-02   -2.5444496521e-03    5.4751434209e+02    2.5710528330e+02    5.0162100000e+01
    3.0035907306e+02    2.6481385859e+03   -3.8774272531e+05   -9.2836066015e-02   -8.8342508290e-02   -3.2263684836e-04    5.4751434209e+02    2.5710528330e+02    5.0162100000e+01
    3.0090914388e+02    2.6529883271e+03   -3.8774793553e+05   -8.5318513211e-02   -8.3101068138e-02    1.0963262911e-03    5.4751434209e+02    2.5710528330e+02    5.0162100000e+01
    2.9851151902e+02    2.6318494854e+03   -3.8772721387e+05   -8.8130561891e-02   -8.8479305864e-02    4.1664987371e-03    5.4751434209e+02    2.5710528330e+02    5.0162100000e+01
    2.9971162275e+02    2.6424302911e+03   -3.8773976712e+05   -9.4427662797e-02   -8.4362932683e-02    1.0417164052e-02    5.4751434209e+02    2.5710528330e+02    5.0162100000e+01
    2.9955416415e+02    2.6410420454e+03   -3.8773511224e+05   -9.2385690106e-02   -8.3577014841e-02   -2.6159624332e-03    5.4751434209e+02    2.5710528330e+02    5.0162100000e+01
    3.0008298393e+02    2.6457044252e+03   -3.8774208402e+05   -8.9917695685e-02   -8.3210949416e-02   -3.9170009827e-03    5.4751434209e+02    2.5710528330e+02    5.0162100000e+01
    2.9999352369e+02    2.6449156922e+03   -3.8774355085e+05   -8.8578652333e-02   -8.6306216443e-02    1.2787729295e-03    5.4751434209e+02    2.5710528330e+02    5.0162100000e+01
    2.9887662645e+02    2.6350684828e+03   -3.8773065015e+05   -9.4600829907e-02   -9.0064400563e-02   -5.8945299030e-03    5.4751434209e+02    2.5710528330e+02    5.0162100000e+01
    3.0145663296e+02    2.6578153062e+03   -3.8775418545e+05   -9.0507353521e-02   -8.2685698101e-02   -1.4751651904e-03    5.4751434209e+02    2.5710528330e+02    5.0162100000e+01
    3.0021181332e+02    2.6468402592e+03   -3.8774209252e+05   -9.7512849691e-02   -8.4371277921e-02   -1.0399244017e-04    5.4751434209e+02    2.5710528330e+02    5.0162100000e+01
    2.9905964553e+02    2.6366820844e+03   -3.8773104196e+05   -8.7757305768e-02   -8.4949274804e-02    2.7727087803e-03    5.4751434209e+02    2.5710528330e+02    5.0162100000e+01
    2.9937406421e+02    2.6394541806e+03   -3.8773526494e+05   -9.1224487173e-02   -8.9043053975e-02   -9.6829797276e-03    5.4751434209e+02    2.5710528330e+02    5.0162100000e+01
    2.9936047704e+02    2.6393343883e+03   -3.8773345168e+05   -8.9861835329e-02   -8.7486228191e-02   -3.8088355056e-03    5.4751434209e+02    2.5710528330e+02    5.0162100000e+01
    3.0337397715e+02    2.6747197169e+03   -3.8780236669e+05   -1.4241529746e-01   -1.2030482973e-01   -1.6015371814e-02    5.4751434209e+02    2.5710528330e+02    5.0162100000e+01
    2.9784749478e+02    2.6259950653e+03   -3.8772729084e+05   -4.2708229039e-02   -4.4384946436e-02    2.6055107809e-02    5.4751434209e+02    2.5710528330e+02    5.0162100000e+01
    2.9942301808e+02    2.6398857861e+03   -3.8772385342e+05   -8.4405516211e-02   -7.5879394611e-02    2.0846743036e-03    5.4751434209e+02    2.5710528330e+02    5.0162100000e+01
    3.0027345345e+02    2.6473837142e+03   -3.8774466065e+05   -1.0212281840e-01   -8.5747264728e-02    1.3068260024e-03    5.4751434209e+02    2.5710528330e+02    5.0162100000e+01
    2.9938748112e+02    2.6395724718e+03   -3.8773127674e+05   -8.8152251785e-02   -1.1821627390e-01   -1.1758452229e-02    5.4751434209e+02    2.5710528330e+02    5.0162100000e+01
    3.0037168557e+02    2.6482497851e+03   -3.8774477295e+05   -8.5580234326e-02   -1.0706313863e-01   -1.2484170546e-02    5.4751434209e+02    2.5710528330e+02    5.0162100000e+01
    3.0007355016e+02    2.6456212517e+03   -3.8773584122e+05   -9.8914377116e-02   -1.0337944134e-01   -1.8845300254e-03    5.4751434209e+02    2.5710528330e+02    5.0162100000e+01
    2.9988547100e+02    2.6439630374e+03   -3.8774166529e+05   -8.6525551857e-02   -8.6859998972e-02   -1.3182024758e-03    5.4751434209e+02    2.5710528330e+02    5.0162100000e+01
    3.0018766349e+02    2.6466273404e+03   -3.8773927986e+05   -7.5577609293e-02   -8.9559904831e-02   -1.7111790134e-04    5.4751434209e+02    2.5710528330e+02    5.0162100000e+01
    2.9992480515e+02    2.6443098299e+03   -3.8774202162e+05   -9.2801298292e-02   -8.8047824730e-02    2.9865656976e-03    5.4751434209e+02    2.5710528330e+02    5.0162100000e+01
    2.9929540554e+02    2.6387606805e+03   -3.8773456184e+05   -9.9085222513e-02   -9.2976821747e-02   -6.7558713676e-03    5.4751434209e+02    2.5710528330e+02    5.0162100000e+01
    2.9933596419e+02    2.6391182689e+03   -3.8773515868e+05   -1.0007212141e-01   -9.8179481776e-02   -4.0405912234e-03    5.4751434209e+02    2.5710528330e+02    5.0162100000e+01
    3.0027685390e+02    2.6474136945e+03   -3.8774371373e+05   -9.0345571657e-02   -9.4025002245e-02   -6.0290584473e-03    5.4751434209e+02    2.5710528330e+02    5.0162100000e+01
    2.9925955278e+02    2.6384445819e+03   -3.8773100621e+05   -9.5707942384e-02   -9.0812331194e-02   -5.8690201480e-04    5.4751434209e+02    2.5710528330e+02    5.0162100000e+01
    2.9993951617e+02    2.6444395308e+03   -3.8774340076e+05   -9.2343742787e-02   -8.4250391369e-02    3.0478196665e-03    5.4751434209e+02    2.5710528330e+02    5.0162100000e+01
    2.9963681002e+02    2.6417706990e+03   -3.8773621480e+05   -9.1579835144e-02   -8.3705119401e-02    3.4382940845e-03    5.4751434209e+02    2.5710528330e+02    5.0162100000e+01
    3.0146941038e+02    2.6579279593e+03   -3.8775201694e+05   -9.6183972360e-02   -8.3653813510e-02    1.4585250020e-03    5.4751434209e+02    2.5710528330e+02    5.0162100000e+01
    2.9912946508e+02    2.6372976538e+03   -3.8773373065e+05   -1.0049522917e-01   -8.9550890617e-02   -2.2384082513e-03    5.4751434209e+02    2.5710528330e+02    5.0162100000e+01
    2.9893448856e+02    2.6355786285e+03   -3.8773254968e+05   -9.1868433562e-02   -8.3980501384e-02   -1.1666963856e-03    5.4751434209e+02    2.5710528330e+02    5.0162100000e+01
    2.9950940199e+02    2.6406473964e+03   -3.8773594569e+05   -8.6199244241e-02   -9.0340735137e-02    2.7762755518e-04    5.4751434209e+02    2.5710528330e+02    5.0162100000e+01
    2.9984804490e+02    2.6436330674e+03   -3.8773960195e+05   -8.8091309286e-02   -8.5642572232e-02   -1.6385780053e-03    5.4751434209e+02    2.5710528330e+02    5.0162100000e+01
    2.9960432173e+02    2.6414842636e+03   -3.8774053594e+05   -8.5227964166e-02   -9.0226825682e-02   -2.4675276723e-03    5.4751434209e+02    2.5710528330e+02    5.0162100000e+01
    3.0025323069e+02    2.6472054187e+03   -3.8774427489e+05   -9.1011463758e-02   -9.1518369534e-02   -1.4087891183e-03    5.4751434209e+02    2.5710528330e+02    5.0162100000e+01
    3.0056922254e+02    2.6499913848e+03   -3.8774302489e+05   -8.9964560000e-02   -9.4302224056e-02    1.7118840820e-03    5.4751434209e+02    2.5710528330e+02    5.0162100000e+01
    3.0047860479e+02    2.6491924465e+03   -3.8774367591e+05   -9.8615946219e-02   -8.8525023818e-02   -2.3855751773e-03    5.4751434209e+02    2.5710528330e+02    5.0162100000e+01
    3.0004433564e+02    2.6453636796e+03   -3.8774224473e+05   -8.8618909245e-02   -8.3325923161e-02   -2.8589788325e-03    5.4751434209e+02    2.5710528330e+02    5.0162100000e+01
    3.0063330317e+02    2.6505563565e+03   -3.8774775029e+05   -9.0357541355e-02   -8.6325561381e-02    1.1706322334e-03    5.4751434209e+02    2.5710528330e+02    5.0162100000e+01
    3.0015423971e+02    2.6463326572e+03   -3.8773820937e+05   -9.7998069627e-02   -8.6152582471e-02   -7.9332413553e-03    5.4751434209e+02    2.5710528330e+02    5.0162100000e+01
    3.0003767182e+02    2.6453049275e+03   -3.8774276889e+05   -9.2989112068e-02   -9.4280919042e-02   -9.2889462861e-03    5.4751434209e+02    2.5710528330e+02    5.0162100000e+01
    3.0131399226e+02    2.6565577036e+03   -3.8775354388e+05   -9.0119742507e-02   -8.7706985201e-02   -3.9144540487e-04    5.4751434209e+02    2.5710528330e+02    5.0162100000e+01
    2.9973171528e+02    2.6426074385e+03   -3.8773537265e+05   -8.9812486314e-02   -8.8635000164e-02   -2.6728919666e-03    5.4751434209e+02    2.5710528330e+02    5.0162100000e+01
    2.9995532637e+02    2.6445789226e+03   -3.8774043350e+05   -9.2766457782e-02   -8.6487201089e-02    3.7593410388e-03    5.4751434209e+02    2.5710528330e+02    5.0162100000e+01
    3.0073293869e+02    2.6514348007e+03   -3.8774890377e+05   -8.9031339407e-02   -9.0806897189e-02    5.2403052744e-04    5.4751434209e+02    2.5710528330e+02    5.0162100000e+01
    2.9914789795e+02    2.6374601686e+03   -3.8773490753e+05   -9.1956299616e-02   -8.4799978066e-02   -3.9677464418e-03    5.4751434209e+02    2.5710528330e+02    5.0162100000e+01
    2.9928105964e+02    2.6386341987e+03   -3.8773657153e+05   -8.9253583970e-02   -9.7300217461e-02   -7.3443281794e-03    5.4751434209e+02    2.5710528330e+02    5.0162100000e+01
    3.0065318459e+02    2.6507316427e+03   -3.8774865378e+05   -9.5332321078e-02   -9.1803857891e-02   -6.5714159110e-03    5.4751434209e+02    2.5710528330e+02    5.0162100000e+01
    2.9950045763e+02    2.6405685378e+03   -3.8773530950e+05   -9.1709647885e-02   -8.7139853258e-02   -4.9380109580e-03    5.4751434209e+02    2.5710528330e+02    5.0162100000e+01
    3.0019554293e+02    2.6466968101e+03   -3.8774079431e+05   -8.5426292478e-02   -8.5438547315e-02    2.7343607571e-03    5.4751434209e+02    2.5710528330e+02    5.0162100000e+01
    3.0011002664e+02    2.6459428493e+03   -3.8774165272e+05   -8.9894775369e-02   -8.8874930301e-02   -9.8478344786e-04    5.4751434209e+02    2.5710528330e+02    5.0162100000e+01
    2.9908400441e+02    2.6368968463e+03   -3.8773358442e+05   -8.7287337105e-02   -7.9937393373e-02   -4.6912418677e-03    5.4751434209e+02    2.5710528330e+02    5.0162100000e+01
    2.9971548156e+02    2.6424643126e+03   -3.8773729604e+05   -9.3952201892e-02   -8.7540081706e-02   -2.4741029350e-03    5.4751434209e+02    2.5710528330e+02    5.0162100000e+01
    3.0121806003e+02    2.6557119098e+03   -3.8775285367e+05   -9.1695477079e-02   -9.0994996744e-02   -2.3844248372e-03    5.4751434209e+02    2.5710528330e+02    5.0162100000e+01
    2.9993786047e+02    2.6444249332e+03   -3.8773781756e+05   -9.9691316898e-02   -8.0039082069e-02   -6.5617988782e-04    5.4751434209e+02    2.5710528330e+02    5.0162100000e+01
    3.0012615876e+02    2.6460850794e+03   -3.8774294851e+05   -1.0073652286e-01   -8.7047683566e-02   -3.5811777082e-03    5.4751434209e+02    2.5710528330e+02    5.0162100000e+01
    3.0011945380e+02    2.6460259646e+03   -3.8774219123e+05   -8.4681592449e-02   -9.2432492827e-02    9.7260936713e-04    5.4751434209e+02    2.5710528330e+02    5.0162100000e+01
    2.9981869808e+02    2.6433743289e+03   -3.8773545924e+05   -9.2440638149e-02   -8.8882258683e-02   -5.2835687467e-03    5.4751434209e+02    2.5710528330e+02    5.0162100000e+01
    2.9991415016e+02    2.6442158894e+03   -3.8774223855e+05   -9.4131142073e-02   -8.3597511105e-02   -6.1451518665e-03    5.4751434209e+02    2.5710528330e+02    5.0162100000e+01
    3.0017617777e+02    2.6465260757e+03   -3.8774386276e+05   -9.1384068375e-02   -8.6387137224e-02   -3.3227306423e-03    5.4751434209e+02    2.5710528330e+02    5.0162100000e+01
    2.9925070851e+02    2.6383666057e+03   -3.8773466391e+05   -9.2703541673e-02   -8.4557535642e-02   -7.8344348748e-04    5.4751434209e+02    2.5710528330e+02    5.0162100000e+01
    2.9942848729e+02    2.6399340058e+03   -3.8773614256e+05   -8.8624849472e-02   -8.6781278701e-02   -7.7416833538e-03    5.4751434209e+02    2.5710528330e+02    5.0162100000e+01
    3.0158922396e+02    2.6589843048e+03   -3.8775611700e+05   -9.3335015818e-02   -8.4402090842e-02   -6.8640554796e-03    5.4751434209e+02    2.5710528330e+02    5.0162100000e+01
    2.9950099084e+02    2.6405732389e+03   -3.8773612514e+05   -8.7054085376e-02   -9.2394324662e-02   -6.3961682232e-03    5.4751434209e+02    2.5710528330e+02    5.0162100000e+01
    3.0018270607e+02    2.6465836330e+03   -3.8774295841e+05   -9.7993743373e-02   -8.8779344804e-02   -1.1118237434e-02    5.4751434209e+02    2.5710528330e+02    5.0162100000e+01
    3.0044389571e+02    2.6488864313e+03   -3.8774246734e+05   -9.2116605250e-02   -9.1004773729e-02   -2.3795361538e-03    5.4751434209e+02    2.5710528330e+02    5.0162100000e+01
    3.0065291875e+02    2.6507292988e+03   -3.8774373012e+05   -9.6179567749e-02   -8.9156080897e-02    3.3327399981e-03    5.4751434209e+02    2.5710528330e+02    5.0162100000e+01
    2.9980386005e+02    2.6432435083e+03   -3.8773542834e+05   -9.0225871699e-02   -9.1466040700e-02    4.5391635329e-03    5.4751434209e+02    2.5710528330e+02    5.0162100000e+01
    3.0033538003e+02    2.6479296946e+03   -3.8774004835e+05   -8.9081352638e-02   -8.5142085748e-02    2.4833060396e-03    5.4751434209e+02    2.5710528330e+02    5.0162100000e+01
    3.0063622755e+02    2.6505821396e+03   -3.8774227315e+05   -9.0561350224e-02   -8.3031045740e-02   -1.4897088106e-04    5.4751434209e+02    2.5710528330e+02    5.0162100000e+01
    3.0092134809e+02    2.6530959265e+03   -3.8774914703e+05   -8.6969455029e-02   -8.7550862830e-02   -1.6662208560e-03    5.4751434209e+02    2.5710528330e+02    5.0162100000e+01
    3.0025863655e+02    2.6472530799e+03   -3.8774036061e+05   -9.3350799240e-02   -8.8894999597e-02   -1.2260770181e-02    5.4751434209e+02    2.5710528330e+02    5.0162100000e+01
    2.9983203949e+02    2.6434919545e+03   -3.8773845511e+05   -9.5456176314e-02   -8.7866763463e-02   -9.1418564444e-04    5.4751434209e+02    2.5710528330e+02    5.0162100000e+01
    2.9934030906e+02    2.6391565758e+03   -3.8773572096e+05   -9.1260682982e-02   -8.0630245477e-02    4.9821267173e-03    5.4751434209e+02    2.5710528330e+02    5.0162100000e+01
    2.9862503430e+02    2.6328503015e+03   -3.8772798366e+05   -9.5368349149e-02   -8.4302063994e-02    3.6337004031e-04    5.4751434209e+02    2.5710528330e+02    5.0162100000e+01
    2.9992632311e+02    2.6443232131e+03   -3.8773648042e+05   -9.5878740892e-02   -8.4086049463e-02   -8.5367366164e-03    5.4751434209e+02    2.5710528330e+02    5.0162100000e+01
    3.0052417137e+02    2.6495941877e+03   -3.8774540679e+05   -8.9460897530e-02   -8.8506477074e-02   -6.2897825227e-03    5.4751434209e+02    2.5710528330e+02    5.0162100000e+01
    2.9944052160e+02    2.6400401072e+03   -3.8773329088e+05   -9.7826999117e-02   -9.2341509832e-02   -1.0555090876e-02    5.4751434209e+02    2.5710528330e+02    5.0162100000e+01
    2.9953141839e+02    2.6408415057e+03   -3.8773760729e+05   -9.4612936292e-02   -9.1036564410e-02   -5.5035490090e-03    5.4751434209e+02    2.5710528330e+02    5.0162100000e+01
    3.0079682144e+02    2.6519980278e+03   -3.8774697615e+05   -9.5286173930e-02   -8.9482301302e-02    3.0102474437e-03    5.4751434209e+02    2.5710528330e+02    5.0162100000e+01
    3.0007394463e+02    2.6456247295e+03   -3.8773930158e+05   -9.2828563324e-02   -8.3163754817e-02    2.7386192136e-03    5.4751434209e+02    2.5710528330e+02    5.0162100000e+01
    3.0014702484e+02    2.6462690468e+03   -3.8773946872e+05   -9.0248195466e-02   -8.6328942504e-02   -1.1470172901e-03    5.4751434209e+02    2.5710528330e+02    5.0162100000e+01
    2.9992928205e+02    2.6443493009e+03   -3.8773882829e+05   -8.3365313779e-02   -8.6188114279e-02   -1.1896501344e-03    5.4751434209e+02    2.5710528330e+02    5.0162100000e+01
    3.0011133404e+02    2.6459543761e+03   -3.8774076128e+05   -9.8945453701e-02   -8.3467954776e-02   -2.4635916340e-03    5.4751434209e+02    2.5710528330e+02    5.0162100000e+01
    2.9956176677e+02    2.6411090745e+03   -3.8773543307e+05   -9.8422813700e-02   -8.4484596313e-02   -2.1247893600e-03    5.4751434209e+02    2.5710528330e+02    5.0162100000e+01
    2.9983087213e+02    2.6434816623e+03   -3.8773928083e+05   -9.4272702913e-02   -9.8970735845e-02   -1.0132831582e-02    5.4751434209e+02    2.5710528330e+02    5.0162100000e+01
    3.0015843979e+02    2.6463696875e+03   -3.8774380443e+05   -9.4684319431e-02   -8.7671494829e-02    4.5505736922e-03    5.4751434209e+02    2.5710528330e+02    5.0162100000e+01
    2.9959985254e+02    2.6414448606e+03   -3.8773653509e+05   -8.7027029091e-02   -8.9285399415e-02   -2.3001249667e-03    5.4751434209e+02    2.5710528330e+02    5.0162100000e+01
    2.9957261716e+02    2.6412047378e+03   -3.8774158605e+05   -8.8065825736e-02   -8.7875912444e-02   -5.9259982912e-03    5.4751434209e+02    2.5710528330e+02    5.0162100000e+01
    2.9953962134e+02    2.6409138276e+03   -3.8773710810e+05   -8.8274808409e-02   -9.2095976039e-02   -1.0805546060e-02    5.4751434209e+02    2.5710528330e+02    5.0162100000e+01
    2.9974585973e+02    2.6427321441e+03   -3.8774177450e+05   -9.0501060142e-02   -8.2929260896e-02   -5.7067772700e-03    5.4751434209e+02    2.5710528330e+02    5.0162100000e+01
    2.9946925246e+02    2.6402934150e+03   -3.8773381101e+05   -9.1003422154e-02   -8.7997365444e-02    2.5037614696e-03    5.4751434209e+02    2.5710528330e+02    5.0162100000e+01
    3.0075664802e+02    2.6516438358e+03   -3.8774616949e+05   -9.1858098847e-02   -9.4033179263e-02   -7.0167971548e-03    5.4751434209e+02    2.5710528330e+02    5.0162100000e+01
    2.9996448142e+02    2.6446596388e+03   -3.8774119885e+05   -9.3198708898e-02   -8.6634847669e-02    3.3595183912e-04    5.4751434209e+02    2.5710528330e+02    5.0162100000e+01
    3.0052180389e+02    2.6495733147e+03   -3.8774543706e+05   -9.3210542294e-02   -9.0332305134e-02    4.4000444736e-04    5.4751434209e+02    2.5710528330e+02    5.0162100000e+01
    3.0036476170e+02    2.6481887403e+03   -3.8774330670e+05   -9.9294727376e-02   -8.6870977750e-02   -3.6298860454e-03    5.4751434209e+02    2.5710528330e+02    5.0162100000e+01
    3.0101324716e+02    2.6539061616e+03   -3.8775206791e+05   -9.4694200509e-02   -8.8016035089e-02    1.7284281142e-03    5.4751434209e+02    2.5710528330e+02    5.0162100000e+01
    3.0019374693e+02    2.6466809756e+03   -3.8774194314e+05   -9.6616326090e-02   -8.6341366031e-02   -8.8495202620e-04    5.4751434209e+02    2.5710528330e+02    5.0162100000e+01
    3.0026004880e+02    2.6472655310e+03   -3.8774326337e+05   -9.0098235564e-02   -8.8213189666e-02    3.0846547959e-03    5.4751434209e+02    2.5710528330e+02    5.0162100000e+01
    3.0062813847e+02    2.6505108216e+03   -3.8774368874e+05   -9.2096718011e-02   -8.5987269966e-02   -7.2423389421e-03    5.4751434209e+02    2.5710528330e+02    5.0162100000e+01
    3.0062359259e+02    2.6504707425e+03   -3.8774643369e+05   -9.5079305011e-02   -9.1290619264e-02   -7.1925944611e-03    5.4751434209e+02    2.5710528330e+02    5.0162100000e+01
    2.9927104553e+02    2.6385459086e+03   -3.8773029111e+05   -9.4021428722e-02   -8.1591817023e-02    2.0821734519e-03    5.4751434209e+02    2.5710528330e+02    5.0162100000e+01
    2.9974782474e+02    2.6427494687e+03   -3.8773875463e+05   -9.2013955082e-02   -9.0091624637e-02   -2.3659567519e-03    5.4751434209e+02    2.5710528330e+02    5.0162100000e+01
    2.9982858817e+02    2.6434615256e+03   -3.8773655396e+05   -1.0191861202e-01   -8.9356930398e-02   -9.3937623845e-03    5.4751434209e+02    2.5710528330e+02    5.0162100000e+01
    3.0055653454e+02    2.6498795201e+03   -3.8774687604e+05   -9.0938171011e-02   -9.1734634944e-02    1.7400739442e-03    5.4751434209e+02    2.5710528330e+02    5.0162100000e+01
    2.9979086690e+02    2.6431289532e+03   -3.8774022088e+05   -9.1345294154e-02   -7.6296304544e-02   -7.5375568903e-05    5.4751434209e+02    2.5710528330e+02    5.0162100000e+01
    3.0014659509e+02    2.6462652578e+03   -3.8774287964e+05   -9.1816823851e-02   -8.7942516392e-02   -8.3274988788e-03    5.4751434209e+02    2.5710528330e+02    5.0162100000e+01
    2.9933290575e+02    2.6390913039e+03   -3.8773411792e+05   -8.9198686937e-02   -8.3439673312e-02   -2.5687563765e-03    5.4751434209e+02    2.5710528330e+02    5.0162100000e+01
    2.9875751823e+02    2.6340183561e+03   -3.8773072610e+05   -9.0314730724e-02   -8.2324821828e-02   -4.4727888249e-03    5.4751434209e+02    2.5710528330e+02    5.0162100000e+01
    2.9983031899e+02    2.6434767855e+03   -3.8773973644e+05   -8.9110649173e-02   -9.0159064170e-02   -6.5753303957e-03    5.4751434209e+02    2.5710528330e+02    5.0162100000e+01
    3.0007524896e+02    2.6456362292e+03   -3.8774092773e+05   -9.3635171081e-02   -8.2359040774e-02    2.2795046796e-03    5.4751434209e+02    2.5710528330e+02    5.0162100000e+01
    2.9949025640e+02    2.6404785979e+03   -3.8773388812e+05   -9.0960608824e-02   -9.8335128111e-02   -6.5422572494e-03    5.4751434209e+02    2.5710528330e+02    5.0162100000e+01
