    3.0476585566e+02    1.3765866859e+03   -1.9571018699e+05   -1.0730677610e+00   -1.1304521191e-01   -2.1038646605e-01    2.5342672964e+02    5.2723503514e+02    5.2500000000e+00
    2.9867645755e+02    1.3490816875e+03   -1.9567495629e+05   -1.2102671293e+00   -1.8182256030e-01   -3.5559262135e-01    2.5342672964e+02    5.2723503514e+02    5.2500000000e+00
    2.9834270030e+02    1.3475741505e+03   -1.9567554764e+05   -1.0610726214e+00   -1.1660579017e-01   -1.0029729095e-01    2.5342672964e+02    5.2723503514e+02    5.2500000000e+00
    3.0095278334e+02    1.3593635472e+03   -1.9568926116e+05   -9.1948791995e-01   -4.5007652286e-02    2.1209738694e-01    2.5342672964e+02    5.2723503514e+02    5.2500000000e+00
    2.9969135024e+02    1.3536658223e+03   -1.9568578127e+05   -9.3590818162e-01   -4.7167781369e-02    1.5563444950e-01    2.5342672964e+02    5.2723503514e+02    5.2500000000e+00
    2.9903441224e+02    1.3506985211e+03   -1.9568074049e+05   -1.0012323555e+00   -8.5306643442e-02   -3.5696098629e-02    2.5342672964e+02    5.2723503514e+02    5.2500000000e+00
    2.9951660462e+02    1.3528765197e+03   -1.9568443763e+05   -1.0188035447e+00   -7.2411208153e-02   -8.8084702323e-02    2.5342672964e+02    5.2723503514e+02    5.2500000000e+00
    3.0009334930e+02    1.3554815984e+03   -1.9568547517e+05   -9.8796064123e-01   -6.5325280455e-02   -3.1229989109e-02    2.5342672964e+02    5.2723503514e+02    5.2500000000e+00
    3.0154656313e+02    1.3620455713e+03   -1.9569115097e+05   -9.5601079551e-01   -5.5579716186e-02    3.8461118157e-02    2.5342672964e+02    5.2723503514e+02    5.2500000000e+00
    2.9910359729e+02    1.3510110207e+03   -1.9567943357e+05   -9.7111352131e-01   -7.1991833763e-02    2.0998870067e-02    2.5342672964e+02    5.2723503514e+02    5.2500000000e+00
    2.9896222084e+02    1.3503724421e+03   -1.9567872266e+05   -1.0096594790e+00   -9.2019217118e-02   -1.1988152485e-02    2.5342672964e+02    5.2723503514e+02    5.2500000000e+00
    2.9950880036e+02    1.3528412688e+03   -1.9568140792e+05   -9.5628289801e-01   -5.9294867723e-02    2.3488076685e-02    2.5342672964e+02    5.2723503514e+02    5.2500000000e+00
    2.9903856342e+02    1.3507172714e+03   -1.9568123110e+05   -9.6449573643e-01   -4.2225746287e-02    4.3696289537e-02    2.5342672964e+02    5.2723503514e+02    5.2500000000e+00
    3.0109487133e+02    1.3600053397e+03   -1.9569035554e+05   -9.4674023673e-01   -5.4384377093e-02    2.9461223242e-03    2.5342672964e+02    5.2723503514e+02    5.2500000000e+00
    2.9888709372e+02    1.3500331030e+03   -1.9568189939e+05   -9.8815795606e-01   -7.6000304231e-02   -1.9052810476e-02    2.5342672964e+02    5.2723503514e+02    5.2500000000e+00
    3.0005618612e+02    1.3553137373e+03   -1.9568443941e+05   -9.5862067935e-01   -6.5607687801e-02    2.0149767101e-02    2.5342672964e+02    5.2723503514e+02    5.2500000000e+00
    3.0113927010e+02    1.3602058830e+03   -1.9568652169e+05   -9.6950977941e-01   -6.8618916758e-02    3.4060253586e-02    2.5342672964e+02    5.2723503514e+02    5.2500000000e+00
    3.0123527845e+02    1.3606395399e+03   -1.9568886190e+05   -9.7649811270e-01   -5.6974441708e-02   -4.0228286890e-03    2.5342672964e+02    5.2723503514e+02    5.2500000000e+00
    2.9990981427e+02    1.3546525952e+03   -1.9568545453e+05   -9.6879256387e-01   -3.5685291180e-02   -4.7553775523e-03    2.5342672964e+02    5.2723503514e+02    5.2500000000e+00
    2.9903344749e+02    1.3506941634e+03   -1.9568297999e+05   -9.6547963634e-01   -2.7133099279e-02    2.5171479942e-02    2.5342672964e+02    5.2723503514e+02    5.2500000000e+00
    2.9963175599e+02    1.3533966430e+03   -1.9568254958e+05   -9.4231078439e-01   -3.3502590117e-02    3.8335244042e-02    2.5342672964e+02    5.2723503514e+02    5.2500000000e+00
    3.0159630730e+02    1.3622702590e+03   -1.9569342050e+05   -9.8326492933e-01   -5.8404550720e-02    4.7685266633e-03    2.5342672964e+02    5.2723503514e+02    5.2500000000e+00
    3.0031550746e+02    1.3564850571e+03   -1.9568496092e+05   -9.9559542069e-01   -6.9543458687e-02   -3.3129557957e-02    2.5342672964e+02    5.2723503514e+02    5.2500000000e+00
    2.9842196457e+02    1.3479321767e+03   -1.9567649320e+05   -9.6452382869e-01   -5.5895952966e-02    1.5216012060e-02    2.5342672964e+02    5.2723503514e+02    5.2500000000e+00
    3.0101367311e+02    1.3596385782e+03   -1.9568906773e+05   -9.6205348030e-01   -5.0116665852e-02    5.2579845715e-02    2.5342672964e+02    5.2723503514e+02    5.2500000000e+00
    3.0045152376e+02    1.3570994246e+03   -1.9568693364e+05   -9.6529252760e-01   -4.8349549188e-02   -5.5309588237e-03    2.5342672964e+02    5.2723503514e+02    5.2500000000e+00
    3.0058916630e+02    1.3577211376e+03   -1.9568817547e+05   -9.9703192599e-01   -7.1231830440e-02    2.0996904482e-02    2.5342672964e+02    5.2723503514e+02    5.2500000000e+00
    2.9856575807e+02    1.3485816727e+03   -1.9567908061e+05   -9.6108186675e-01   -4.9103298501e-02    1.7011284889e-02    2.5342672964e+02    5.2723503514e+02    5.2500000000e+00
    2.9923562554e+02    1.3516073747e+03   -1.9568115694e+05   -9.3689935754e-01   -4.5521320623e-02    1.7190559701e-02    2.5342672964e+02    5.2723503514e+02    5.2500000000e+00
    3.0017452450e+02    1.3558482559e+03   -1.9568671695e+05   -9.6224283307e-01   -5.6892291505e-02    6.8057357858e-02    2.5342672964e+02    5.2723503514e+02    5.2500000000e+00
    2.9999819100e+02    1.3550517810e+03   -1.9568399338e+05   -9.4525698156e-01   -5.8942287494e-02    1.5413312310e-02    2.5342672964e+02    5.2723503514e+02    5.2500000000e+00
    2.9961502025e+02    1.3533210499e+03   -1.9568413355e+05   -9.5196111275e-01   -3.9652629166e-02   -2.3649001446e-02    2.5342672964e+02    5.2723503514e+02    5.2500000000e+00
    2.9919515659e+02    1.3514245818e+03   -1.9568244988e+05   -1.0061161979e+00   -7.7067616171e-02   -1.2011344560e-02    2.5342672964e+02    5.2723503514e+02    5.2500000000e+00
    2.9871112771e+02    1.3492382880e+03   -1.9567559333e+05   -9.7895658039e-01   -6.4227846204e-02    3.7014671078e-02    2.5342672964e+02    5.2723503514e+02    5.2500000000e+00
    2.9979185372e+02    1.3541197831e+03   -1.9568364170e+05   -9.3205934042e-01   -2.9718864453e-02    3.9504679210e-02    2.5342672964e+02    5.2723503514e+02    5.2500000000e+00
    2.9936177412e+02    1.3521771710e+03   -1.9568106019e+05   -9.6147378462e-01   -3.2300062719e-02   -2.7997213471e-02    2.5342672964e+02    5.2723503514e+02    5.2500000000e+00
    2.9991561828e+02    1.3546788111e+03   -1.9568301645e+05   -9.3750610979e-01   -4.1266493326e-02   -4.5357351274e-03    2.5342672964e+02    5.2723503514e+02    5.2500000000e+00
    3.0002051792e+02    1.3551526288e+03   -1.9568385984e+05   -9.6045201568e-01   -5.5298744013e-02    3.7851016361e-02    2.5342672964e+02    5.2723503514e+02    5.2500000000e+00
    3.0063160030e+02    1.3579128063e+03   -1.9568731179e+05   -9.4453749938e-01   -3.9800851944e-02    3.6734632032e-02    2.5342672964e+02    5.2723503514e+02    5.2500000000e+00
    2.9964649284e+02    1.3534632074e+03   -1.9568499212e+05   -9.6126464659e-01   -5.8988113421e-02   -2.9098340224e-02    2.5342672964e+02    5.2723503514e+02    5.2500000000e+00
    2.9919903286e+02    1.3514420904e+03   -1.9568185869e+05   -9.6823596960e-01   -5.4837274360e-02   -8.0514974338e-03    2.5342672964e+02    5.2723503514e+02    5.2500000000e+00
    3.0132659524e+02    1.3610520057e+03   -1.9568984760e+05   -9.6392445171e-01   -5.6246009275e-02    3.4526488532e-02    2.5342672964e+02    5.2723503514e+02    5.2500000000e+00
    3.0087208201e+02    1.3589990301e+03   -1.9568898560e+05   -9.4127151306e-01   -4.8098631753e-02    2.6726871296e-03    2.5342672964e+02    5.2723503514e+02    5.2500000000e+00
    2.9954630154e+02    1.3530106567e+03   -1.9568417056e+05   -9.6780977857e-01   -5.4522727103e-02   -8.0962073838e-03    2.5342672964e+02    5.2723503514e+02    5.2500000000e+00
    3.0012389040e+02    1.3556195485e+03   -1.9568502577e+05   -9.5607538294e-01   -6.6454462948e-02   -1.9856050484e-02    2.5342672964e+02    5.2723503514e+02    5.2500000000e+00
    3.0140857386e+02    1.3614222922e+03   -1.9569163827e+05   -9.2557295545e-01   -4.9042000022e-02    4.8418856579e-02    2.5342672964e+02    5.2723503514e+02    5.2500000000e+00
    2.9879726631e+02    1.3496273645e+03   -1.9567813161e+05   -9.7891875449e-01   -5.9611169160e-02    2.0877366303e-02    2.5342672964e+02    5.2723503514e+02    5.2500000000e+00
    2.9994675384e+02    1.3548194463e+03   -1.9568334568e+05   -9.4949093231e-01   -4.8826385250e-02    1.1008590435e-02    2.5342672964e+02    5.2723503514e+02    5.2500000000e+00
    2.9993956078e+02    1.3547869562e+03   -1.9568304353e+05   -9.6527655806e-01   -4.5153476331e-02    2.4711272413e-02    2.5342672964e+02    5.2723503514e+02    5.2500000000e+00
    2.9877081667e+02    1.3495078950e+03   -1.9567958561e+05   -9.2660674508e-01   -3.6890174290e-02    6.2771150760e-03    2.5342672964e+02    5.2723503514e+02    5.2500000000e+00
    2.9933905640e+02    1.3520745581e+03   -1.9568256949e+05   -9.7618945718e-01   -4.1095628276e-02    1.0827674634e-02    2.5342672964e+02    5.2723503514e+02    5.2500000000e+00
    2.9941087018e+02    1.3523989313e+03   -1.9568054728e+05   -9.2421327630e-01   -3.7565208824e-02   -1.7823599870e-02    2.5342672964e+02    5.2723503514e+02    5.2500000000e+00
    3.0089020662e+02    1.3590808965e+03   -1.9568876214e+05   -9.5800529704e-01   -5.2436232115e-02    3.5309277504e-02    2.5342672964e+02    5.2723503514e+02    5.2500000000e+00
    2.9796111562e+02    1.3458505835e+03   -1.9567327255e+05   -9.3208626524e-01   -4.8537973250e-02    5.6570613517e-03    2.5342672964e+02    5.2723503514e+02    5.2500000000e+00
    2.9950366607e+02    1.3528180780e+03   -1.9568196364e+05   -9.4540861416e-01   -3.5571927749e-02    3.1175041457e-02    2.5342672964e+02    5.2723503514e+02    5.2500000000e+00
    3.0073200127e+02    1.3583663041e+03   -1.9568929401e+05   -9.4499916689e-01   -2.7428464920e-02    1.1541957242e-02    2.5342672964e+02    5.2723503514e+02    5.2500000000e+00
    2.9973814290e+02    1.3538771785e+03   -1.9568352500e+05   -9.7478418110e-01   -5.2208755923e-02    9.3114190846e-03    2.5342672964e+02    5.2723503514e+02    5.2500000000e+00
    2.9946198744e+02    1.3526298212e+03   -1.9568280096e+05   -9.5020222637e-01   -3.8412060302e-02    1.0680569430e-02    2.5342672964e+02    5.2723503514e+02    5.2500000000e+00
    3.0146575803e+02    1.3616805854e+03   -1.9569335496e+05   -9.5926885514e-01   -4.6134543684e-02   -1.8077384600e-02    2.5342672964e+02    5.2723503514e+02    5.2500000000e+00
    2.9955541756e+02    1.3530518325e+03   -1.9568307115e+05   -9.5066555233e-01   -5.4586383925e-02    8.5088781990e-03    2.5342672964e+02    5.2723503514e+02    5.2500000000e+00
    3.0004775932e+02    1.3552756745e+03   -1.9568370142e+05   -9.3282717149e-01   -5.4946871761e-02   -2.9813918977e-03    2.5342672964e+02    5.2723503514e+02    5.2500000000e+00
    2.9987849305e+02    1.3545111214e+03   -1.9568389105e+05   -9.8262744714e-01   -7.3987555901e-02    1.2779325395e-02    2.5342672964e+02    5.2723503514e+02    5.2500000000e+00
    3.0034616372e+02    1.3566235274e+03   -1.9568449288e+05   -9.1786353513e-01   -3.7806608229e-02   -9.3771141610e-03    2.5342672964e+02    5.2723503514e+02    5.2500000000e+00
    2.9989384260e+02    1.3545804533e+03   -1.9568484672e+05   -9.6856896890e-01   -3.7907641801e-02    2.4264310818e-02    2.5342672964e+02    5.2723503514e+02    5.2500000000e+00
    2.9859173170e+02    1.3486989921e+03   -1.9567710049e+05   -9.4806048023e-01   -4.0950139647e-02    1.3339528987e-02    2.5342672964e+02    5.2723503514e+02    5.2500000000e+00
    2.9963182150e+02    1.3533969389e+03   -1.9568336908e+05   -9.5380972503e-01   -5.0218639835e-02   -4.5563170352e-03    2.5342672964e+02    5.2723503514e+02    5.2500000000e+00
    2.9850422233e+02    1.3483037240e+03   -1.9567741708e+05   -9.4834398472e-01   -4.6431126597e-02   -4.7711404961e-02    2.5342672964e+02    5.2723503514e+02    5.2500000000e+00
    3.0006528232e+02    1.3553548236e+03   -1.9568458083e+05   -9.0565467816e-01   -2.7862471017e-02    6.0959351300e-02    2.5342672964e+02    5.2723503514e+02    5.2500000000e+00
    2.9924344828e+02    1.3516427089e+03   -1.9567972421e+05   -9.2015968224e-01   -3.2363820653e-02    3.0354877262e-02    2.5342672964e+02    5.2723503514e+02    5.2500000000e+00
    3.0005254719e+02    1.3552973007e+03   -1.9568503247e+05   -9.2638097510e-01   -2.1645777030e-02    1.2075433884e-02    2.5342672964e+02    5.2723503514e+02    5.2500000000e+00
    3.0059907872e+02    1.3577659107e+03   -1.9568763208e+05   -9.3595160501e-01   -3.6172075251e-02    1.9436860452e-02    2.5342672964e+02    5.2723503514e+02    5.2500000000e+00
    3.0075213489e+02    1.3584572450e+03   -1.9569080921e+05   -9.4778696143e-01   -4.0156254807e-02   -1.8160631501e-02    2.5342672964e+02    5.2723503514e+02    5.2500000000e+00
    2.9870310824e+02    1.3492020651e+03   -1.9567618621e+05   -9.4546331485e-01   -4.9283798987e-02    2.5939678556e-03    2.5342672964e+02    5.2723503514e+02    5.2500000000e+00
    3.0104482090e+02    1.3597792686e+03   -1.9568695200e+05   -9.1927970939e-01   -5.2096841710e-02   -4.5673047625e-03    2.5342672964e+02    5.2723503514e+02    5.2500000000e+00
    3.0005674953e+02    1.3553162821e+03   -1.9568466172e+05   -9.7624648461e-01   -5.1535185262e-02    2.4357975311e-02    2.5342672964e+02    5.2723503514e+02    5.2500000000e+00
    2.9880900492e+02    1.3496803863e+03   -1.9567729926e+05   -9.2244947841e-01   -1.6050513420e-02   -2.1162820168e-02    2.5342672964e+02    5.2723503514e+02    5.2500000000e+00
    2.9970630862e+02    1.3537333873e+03   -1.9568381521e+05   -9.5715934530e-01   -3.3653407496e-02    3.7279101483e-02    2.5342672964e+02    5.2723503514e+02    5.2500000000e+00
    3.0084058307e+02    1.3588567536e+03   -1.9568748281e+05   -9.2479278988e-01   -2.9677598778e-02    2.3645244553e-02    2.5342672964e+02    5.2723503514e+02    5.2500000000e+00
    2.9978935821e+02    1.3541085112e+03   -1.9568634109e+05   -9.2269159387e-01   -2.0770773411e-02   -2.2736405341e-02    2.5342672964e+02    5.2723503514e+02    5.2500000000e+00
    3.0019219210e+02    1.3559280581e+03   -1.9568581768e+05   -9.4417285390e-01   -4.4730264575e-02   -1.0004019854e-02    2.5342672964e+02    5.2723503514e+02    5.2500000000e+00
    3.0014823951e+02    1.3557295302e+03   -1.9568491087e+05   -9.3045906891e-01   -4.9867265452e-02   -2.5418658874e-03    2.5342672964e+02    5.2723503514e+02    5.2500000000e+00
    3.0030451705e+02    1.3564354149e+03   -1.9568287737e+05   -9.4716792030e-01   -4.7318435166e-02    7.2035571415e-02    2.5342672964e+02    5.2723503514e+02    5.2500000000e+00
    3.0098857468e+02    1.3595252119e+03   -1.9568860860e+05   -9.3854454695e-01   -5.6874347581e-02   -4.2271289245e-04    2.5342672964e+02    5.2723503514e+02    5.2500000000e+00
    3.0022207641e+02    1.3560630415e+03   -1.9568588846e+05   -9.7307271761e-01   -4.9512544296e-02    5.1111987655e-02    2.5342672964e+02    5.2723503514e+02    5.2500000000e+00
    2.9963626406e+02    1.3534170054e+03   -1.9568306417e+05   -9.3184217569e-01   -3.7243979289e-02   -1.6687501081e-02    2.5342672964e+02    5.2723503514e+02    5.2500000000e+00
    2.9879797260e+02    1.3496305548e+03   -1.9567786523e+05   -9.8142922594e-01   -7.0727255022e-02   -1.2348315225e-02    2.5342672964e+02    5.2723503514e+02    5.2500000000e+00
    3.0110024227e+02    1.3600295995e+03   -1.9568949226e+05   -9.2805161982e-01   -3.8949872281e-02    4.5430740819e-02    2.5342672964e+02    5.2723503514e+02    5.2500000000e+00
    3.0056714116e+02    1.3576216530e+03   -1.9568676227e+05   -9.2930936503e-01   -4.1468634550e-02    8.9888185723e-02    2.5342672964e+02    5.2723503514e+02    5.2500000000e+00
    2.9870488706e+02    1.3492100998e+03   -1.9567794461e+05   -9.1758897374e-01   -3.4040225534e-02   -1.6414827652e-02    2.5342672964e+02    5.2723503514e+02    5.2500000000e+00
    2.9996292435e+02    1.3548924863e+03   -1.9568464736e+05   -9.7953248329e-01   -5.2168695955e-02   -9.9343095090e-03    2.5342672964e+02    5.2723503514e+02    5.2500000000e+00
    3.0008218817e+02    1.3554311851e+03   -1.9568509580e+05   -9.3602580346e-01   -2.4914394503e-02   -3.0114727176e-02    2.5342672964e+02    5.2723503514e+02    5.2500000000e+00
    2.9885965479e+02    1.3499091650e+03   -1.9568094086e+05   -9.3378965807e-01   -1.8151740772e-02   -6.7224689144e-03    2.5342672964e+02    5.2723503514e+02    5.2500000000e+00
    3.0103492029e+02    1.3597345488e+03   -1.9568887911e+05   -9.4079272946e-01   -3.4188585010e-02    2.4859761622e-02    2.5342672964e+02    5.2723503514e+02    5.2500000000e+00
    2.9990299410e+02    1.3546217894e+03   -1.9568280425e+05   -9.0219412341e-01   -1.0314006312e-02   -4.1012861175e-04    2.5342672964e+02    5.2723503514e+02    5.2500000000e+00
    3.0150687551e+02    1.3618663076e+03   -1.9568909192e+05   -9.6896418235e-01   -6.1746683369e-02   -1.4180943295e-02    2.5342672964e+02    5.2723503514e+02    5.2500000000e+00
    3.0062745718e+02    1.3578940924e+03   -1.9568681788e+05   -9.3473821134e-01   -4.3534527299e-02    5.1557854980e-03    2.5342672964e+02    5.2723503514e+02    5.2500000000e+00
    3.0055044344e+02    1.3575462316e+03   -1.9568620625e+05   -9.5785227125e-01   -4.9433451540e-02    2.1653164419e-02    2.5342672964e+02    5.2723503514e+02    5.2500000000e+00
    2.9947776165e+02    1.3527010712e+03   -1.9568051572e+05   -9.3249314139e-01   -4.1610672544e-02    1.0242532801e-02    2.5342672964e+02    5.2723503514e+02    5.2500000000e+00
    3.0192148101e+02    1.3637390253e+03   -1.9569209644e+05   -9.5252722542e-01   -4.8950991375e-02    2.2425453372e-02    2.5342672964e+02    5.2723503514e+02    5.2500000000e+00
    3.0070985769e+02    1.3582662845e+03   -1.9568937566e+05   -9.1250377144e-01   -2.3839899489e-02    1.0433839599e-02    2.5342672964e+02    5.2723503514e+02    5.2500000000e+00
    3.0372500737e+02    1.3718853131e+03   -1.9570867321e+05   -1.0809032539e+00   -1.1634699590e-01   -2.1229235783e-01    2.5342672964e+02    5.2723503514e+02    5.2500000000e+00
    2.9749332638e+02    1.3437376419e+03   -1.9566753720e+05   -1.2065431242e+00   -1.9746762471e-01   -3.9133340096e-01    2.5342672964e+02    5.2723503514e+02    5.2500000000e+00
    2.9897955336e+02    1.3504507308e+03   -1.9568023472e+05   -1.0750726149e+00   -1.2214910626e-01   -4.9681959817e-02    2.5342672964e+02    5.2723503514e+02    5.2500000000e+00
    3.0024077276e+02    1.3561474905e+03   -1.9568696103e+05   -9.2845897040e-01   -6.6184397112e-02    1.6871532003e-01    2.5342672964e+02    5.2723503514e+02    5.2500000000e+00
    2.9881009389e+02    1.3496853050e+03   -1.9567901896e+05   -9.5872276344e-01   -7.9782213759e-02    1.1500498598e-01    2.5342672964e+02    5.2723503514e+02    5.2500000000e+00
    3.0023558625e+02    1.3561240637e+03   -1.9568571333e+05   -1.0399091374e+00   -1.3188042839e-01   -5.7927250854e-02    2.5342672964e+02    5.2723503514e+02    5.2500000000e+00
    2.9953297727e+02    1.3529504728e+03   -1.9568559872e+05   -1.0747471392e+00   -1.3788200491e-01   -8.8560694313e-02    2.5342672964e+02    5.2723503514e+02    5.2500000000e+00
    3.0036436155e+02    1.3567057246e+03   -1.9568910570e+05   -9.7967101011e-01   -9.7769806785e-02    2.8264883415e-02    2.5342672964e+02    5.2723503514e+02    5.2500000000e+00
    3.0107462704e+02    1.3599138989e+03   -1.9568831438e+05   -9.6996175730e-01   -9.0661112783e-02    5.3680214317e-02    2.5342672964e+02    5.2723503514e+02    5.2500000000e+00
    3.0054327487e+02    1.3575138521e+03   -1.9568691792e+05   -9.6734962794e-01   -7.9748334867e-02    3.4118097997e-02    2.5342672964e+02    5.2723503514e+02    5.2500000000e+00
    2.9964142608e+02    1.3534403215e+03   -1.9568277026e+05   -9.9672609906e-01   -9.3179510618e-02    1.6002420278e-02    2.5342672964e+02    5.2723503514e+02    5.2500000000e+00
    2.9895315396e+02    1.3503314882e+03   -1.9567817132e+05   -9.8352673995e-01   -8.9120864454e-02    1.0761340549e-02    2.5342672964e+02    5.2723503514e+02    5.2500000000e+00
    3.0042352069e+02    1.3569729385e+03   -1.9568476775e+05   -1.0191829463e+00   -1.1647475511e-01   -2.9096022077e-02    2.5342672964e+02    5.2723503514e+02    5.2500000000e+00
    3.0049209346e+02    1.3572826725e+03   -1.9568551683e+05   -9.7559618833e-01   -7.7769531362e-02    2.2324642142e-02    2.5342672964e+02    5.2723503514e+02    5.2500000000e+00
    3.0101551672e+02    1.3596469055e+03   -1.9569327301e+05   -9.9367320318e-01   -7.4766394396e-02    5.8974274474e-02    2.5342672964e+02    5.2723503514e+02    5.2500000000e+00
    3.0054634000e+02    1.3575276969e+03   -1.9568680704e+05   -9.5670323930e-01   -7.3864372698e-02   -5.5607588368e-03    2.5342672964e+02    5.2723503514e+02    5.2500000000e+00
    2.9879072732e+02    1.3495978288e+03   -1.9567788898e+05   -1.0533635595e+00   -1.0502210468e-01    3.7712551042e-03    2.5342672964e+02    5.2723503514e+02    5.2500000000e+00
    2.9880965927e+02    1.3496833419e+03   -1.9568052204e+05   -9.4902175958e-01   -6.5666268337e-02   -4.1788808454e-02    2.5342672964e+02    5.2723503514e+02    5.2500000000e+00
    2.9881585919e+02    1.3497113461e+03   -1.9568235627e+05   -1.0018873492e+00   -8.8445414266e-02    2.9073773038e-02    2.5342672964e+02    5.2723503514e+02    5.2500000000e+00
    3.0057155185e+02    1.3576415755e+03   -1.9568905438e+05   -9.5708831567e-01   -6.8846287555e-02    8.2182415692e-03    2.5342672964e+02    5.2723503514e+02    5.2500000000e+00
    2.9998712802e+02    1.3550018111e+03   -1.9568418235e+05   -1.0140028492e+00   -7.8543380890e-02    5.9212292280e-02    2.5342672964e+02    5.2723503514e+02    5.2500000000e+00
    2.9971051865e+02    1.3537524034e+03   -1.9568447788e+05   -9.6297291062e-01   -6.4176027827e-02    3.9202045783e-03    2.5342672964e+02    5.2723503514e+02    5.2500000000e+00
    3.0004354972e+02    1.3552566603e+03   -1.9568387968e+05   -9.9212056422e-01   -8.3413992506e-02   -3.6170095913e-04    2.5342672964e+02    5.2723503514e+02    5.2500000000e+00
    3.0065046567e+02    1.3579980187e+03   -1.9568573005e+05   -9.6108133308e-01   -5.8976873358e-02    8.3750058260e-03    2.5342672964e+02    5.2723503514e+02    5.2500000000e+00
    3.0125140155e+02    1.3607123658e+03   -1.9569270840e+05   -9.6847861942e-01   -4.6452459011e-02    4.5690348152e-02    2.5342672964e+02    5.2723503514e+02    5.2500000000e+00
    3.0047966342e+02    1.3572265277e+03   -1.9568731650e+05   -9.4196195614e-01   -4.2209222960e-02   -2.0390589392e-03    2.5342672964e+02    5.2723503514e+02    5.2500000000e+00
    2.9983575696e+02    1.3543180882e+03   -1.9568223865e+05   -9.9448324779e-01   -8.4678958564e-02    1.2180074687e-02    2.5342672964e+02    5.2723503514e+02    5.2500000000e+00
    3.0045764403e+02    1.3571270691e+03   -1.9568791253e+05   -9.5907118358e-01   -7.2281903234e-02   -4.7671385034e-02    2.5342672964e+02    5.2723503514e+02    5.2500000000e+00
    2.9916771702e+02    1.3513006410e+03   -1.9567822502e+05   -1.0169666879e+00   -8.0287673504e-02    3.8437965694e-02    2.5342672964e+02    5.2723503514e+02    5.2500000000e+00
    2.9907408365e+02    1.3508777115e+03   -1.9567950855e+05   -1.0019015357e+00   -8.0020193299e-02    7.1795939834e-03    2.5342672964e+02    5.2723503514e+02    5.2500000000e+00
    3.0105502674e+02    1.3598253670e+03   -1.9568793277e+05   -9.7091122723e-01   -7.3200652318e-02    8.7306999330e-03    2.5342672964e+02    5.2723503514e+02    5.2500000000e+00
    3.0092776578e+02    1.3592505462e+03   -1.9569019781e+05   -9.4682021960e-01   -5.3405861517e-02    2.3869708883e-02    2.5342672964e+02    5.2723503514e+02    5.2500000000e+00
    2.9924079632e+02    1.3516307304e+03   -1.9568264088e+05   -9.7944485566e-01   -6.1466325197e-02    4.0614994572e-02    2.5342672964e+02    5.2723503514e+02    5.2500000000e+00
    2.9996020898e+02    1.3548802214e+03   -1.9568482763e+05   -9.7368041738e-01   -6.6379749232e-02    2.5206931035e-04    2.5342672964e+02    5.2723503514e+02    5.2500000000e+00
    3.0078590745e+02    1.3586097911e+03   -1.9568976042e+05   -9.6330800654e-01   -5.8309868332e-02   -1.6234829034e-03    2.5342672964e+02    5.2723503514e+02    5.2500000000e+00
    3.0011533824e+02    1.3555809195e+03   -1.9568458678e+05   -9.7338237494e-01   -6.7802179369e-02    2.4002209023e-02    2.5342672964e+02    5.2723503514e+02    5.2500000000e+00
    3.0154277796e+02    1.3620284742e+03   -1.9569133984e+05   -9.6233656341e-01   -7.3868909780e-02   -4.8393128945e-05    2.5342672964e+02    5.2723503514e+02    5.2500000000e+00
    3.0098774621e+02    1.3595214698e+03   -1.9568865849e+05   -1.0008824670e+00   -7.7957342555e-02    4.2332455637e-03    2.5342672964e+02    5.2723503514e+02    5.2500000000e+00
    2.9984808138e+02    1.3543737559e+03   -1.9568535858e+05   -9.2678228665e-01   -2.9753507694e-02   -1.1114619079e-02    2.5342672964e+02    5.2723503514e+02    5.2500000000e+00
    2.9946037435e+02    1.3526225350e+03   -1.9568356136e+05   -9.8135806009e-01   -7.1423568291e-02    3.6528237594e-02    2.5342672964e+02    5.2723503514e+02    5.2500000000e+00
    3.0067416920e+02    1.3581050843e+03   -1.9568755752e+05   -9.7447369298e-01   -9.4189081657e-02    1.7043070088e-02    2.5342672964e+02    5.2723503514e+02    5.2500000000e+00
    2.9998712032e+02    1.3550017763e+03   -1.9568537196e+05   -9.7799039302e-01   -8.7221852526e-02   -1.5315079736e-02    2.5342672964e+02    5.2723503514e+02    5.2500000000e+00
    2.9979874223e+02    1.3541508976e+03   -1.9568344495e+05   -9.6913709677e-01   -8.5441159020e-02    2.2412205303e-02    2.5342672964e+02    5.2723503514e+02    5.2500000000e+00
    3.0008073465e+02    1.3554246197e+03   -1.9568538888e+05   -9.5284158435e-01   -7.2724088376e-02    4.4603871436e-02    2.5342672964e+02    5.2723503514e+02    5.2500000000e+00
    3.0000443778e+02    1.3550799969e+03   -1.9568160143e+05   -9.6469972908e-01   -1.0627824537e-01    1.4715564705e-02    2.5342672964e+02    5.2723503514e+02    5.2500000000e+00
    2.9987134619e+02    1.3544788400e+03   -1.9568153089e+05   -9.8825631115e-01   -9.8292014083e-02   -3.9498772434e-02    2.5342672964e+02    5.2723503514e+02    5.2500000000e+00
    2.9886812666e+02    1.3499474313e+03   -1.9568003809e+05   -9.8560849451e-01   -7.8415837070e-02   -1.1161512881e-02    2.5342672964e+02    5.2723503514e+02    5.2500000000e+00
    3.0030488499e+02    1.3564370769e+03   -1.9568522636e+05   -9.5564416632e-01   -6.9489392723e-02    5.3976932798e-02    2.5342672964e+02    5.2723503514e+02    5.2500000000e+00
    2.9926339623e+02    1.3517328112e+03   -1.9567910087e+05   -9.6580680187e-01   -6.4923393633e-02    4.3068863766e-02    2.5342672964e+02    5.2723503514e+02    5.2500000000e+00
    2.9928409723e+02    1.3518263148e+03   -1.9568327182e+05   -9.4799408154e-01   -5.9107656021e-02   -2.8448657834e-02    2.5342672964e+02    5.2723503514e+02    5.2500000000e+00
    2.9995024290e+02    1.3548352059e+03   -1.9568319225e+05   -1.0032239690e+00   -9.0875165557e-02    1.4788851570e-02    2.5342672964e+02    5.2723503514e+02    5.2500000000e+00
    3.0110007255e+02    1.3600288329e+03   -1.9568858330e+05   -9.7403661140e-01   -8.6497153445e-02    3.6814297232e-02    2.5342672964e+02    5.2723503514e+02    5.2500000000e+00
    2.9980913366e+02    1.3541978343e+03   -1.9568249382e+05   -9.6062722237e-01   -7.6788739021e-02    1.9970132383e-02    2.5342672964e+02    5.2723503514e+02    5.2500000000e+00
    2.9792265368e+02    1.3456768560e+03   -1.9567644559e+05   -9.5450824217e-01   -5.7789708830e-02    1.4434424809e-02    2.5342672964e+02    5.2723503514e+02    5.2500000000e+00
    2.9968847032e+02    1.3536528141e+03   -1.9568516124e+05   -9.6304104016e-01   -4.5713521307e-02    3.3582546456e-02    2.5342672964e+02    5.2723503514e+02    5.2500000000e+00
    2.9966255075e+02    1.3535357388e+03   -1.9568239673e+05   -9.3724299041e-01   -4.7898512010e-02   -3.5341553661e-02    2.5342672964e+02    5.2723503514e+02    5.2500000000e+00
    2.9912121342e+02    1.3510905904e+03   -1.9568174228e+05   -9.5611064739e-01   -4.5979156667e-02    4.5843093291e-02    2.5342672964e+02    5.2723503514e+02    5.2500000000e+00
    3.0004492909e+02    1.3552628908e+03   -1.9568687252e+05   -9.1185824710e-01   -2.6367615277e-02    4.0994105625e-02    2.5342672964e+02    5.2723503514e+02    5.2500000000e+00
    3.0042379737e+02    1.3569741882e+03   -1.9568868626e+05   -9.7105964550e-01   -8.0476231724e-02    1.5279257699e-02    2.5342672964e+02    5.2723503514e+02    5.2500000000e+00
    3.0008848203e+02    1.3554596136e+03   -1.9568425183e+05   -9.4638823758e-01   -8.4264941139e-02   -3.2921282074e-02    2.5342672964e+02    5.2723503514e+02    5.2500000000e+00
    2.9782892989e+02    1.3452535182e+03   -1.9567592760e+05   -9.9634343923e-01   -9.4281936989e-02    3.9193103418e-02    2.5342672964e+02    5.2723503514e+02    5.2500000000e+00
    3.0028014012e+02    1.3563253076e+03   -1.9568358610e+05   -9.8277184490e-01   -9.0696306334e-02   -5.0960844401e-02    2.5342672964e+02    5.2723503514e+02    5.2500000000e+00
    2.9975732127e+02    1.3539638046e+03   -1.9568414483e+05   -9.3455933582e-01   -6.0218212129e-02    1.4926945618e-02    2.5342672964e+02    5.2723503514e+02    5.2500000000e+00
    2.9857573596e+02    1.3486267415e+03   -1.9567600035e+05   -9.2647550709e-01   -4.6110716311e-02    4.5717195551e-02    2.5342672964e+02    5.2723503514e+02    5.2500000000e+00
    2.9950356108e+02    1.3528176037e+03   -1.9568309373e+05   -9.5756955092e-01   -5.8968609319e-02   -5.0739161539e-03    2.5342672964e+02    5.2723503514e+02    5.2500000000e+00
    3.0034083698e+02    1.3565994672e+03   -1.9568495169e+05   -9.9281464263e-01   -9.4499672018e-02   -3.8181514611e-02    2.5342672964e+02    5.2723503514e+02    5.2500000000e+00
    3.0254940982e+02    1.3665752959e+03   -1.9569424327e+05   -9.8267011341e-01   -9.3461603036e-02    1.4303441950e-02    2.5342672964e+02    5.2723503514e+02    5.2500000000e+00
    2.9940078747e+02    1.3523533891e+03   -1.9567984703e+05   -9.1754429267e-01   -4.9167900513e-02    3.4088598406e-02    2.5342672964e+02    5.2723503514e+02    5.2500000000e+00
    3.0052569094e+02    1.3574344278e+03   -1.9568729320e+05   -9.7717885960e-01   -8.0227650049e-02    3.2822918486e-02    2.5342672964e+02    5.2723503514e+02    5.2500000000e+00
    3.0010535771e+02    1.3555358388e+03   -1.9568550887e+05   -9.7103776006e-01   -9.5879755711e-02   -4.9430304615e-02    2.5342672964e+02    5.2723503514e+02    5.2500000000e+00
    2.9902410416e+02    1.3506519608e+03   -1.9567987727e+05   -1.0204617809e+00   -1.0150017344e-01   -1.0439565850e-02    2.5342672964e+02    5.2723503514e+02    5.2500000000e+00
    3.0033296400e+02    1.3565639060e+03   -1.9568537836e+05   -9.2580157149e-01   -6.9273657373e-02   -9.2563047011e-03    2.5342672964e+02    5.2723503514e+02    5.2500000000e+00
    3.0055131047e+02    1.3575501479e+03   -1.9568514971e+05   -9.8084373619e-01   -9.1464364259e-02    8.0083418395e-02    2.5342672964e+02    5.2723503514e+02    5.2500000000e+00
    3.0029984770e+02    1.3564143241e+03   -1.9568587085e+05   -9.2469357531e-01   -8.1761780625e-02   -1.7728275977e-02    2.5342672964e+02    5.2723503514e+02    5.2500000000e+00
    2.9816501382e+02    1.3467715645e+03   -1.9567729037e+05   -9.8839579967e-01   -9.1395694042e-02   -8.2103620748e-03    2.5342672964e+02    5.2723503514e+02    5.2500000000e+00
    2.9957640081e+02    1.3531466111e+03   -1.9568102113e+05   -9.6089993538e-01   -8.8344579860e-02   -3.7026351838e-02    2.5342672964e+02    5.2723503514e+02    5.2500000000e+00
    2.9961308580e+02    1.3533123123e+03   -1.9567961604e+05   -9.4410594854e-01   -8.9925563729e-02    4.4723815384e-02    2.5342672964e+02    5.2723503514e+02    5.2500000000e+00
    2.9930793948e+02    1.3519340071e+03   -1.9568087857e+05   -8.9515921752e-01   -5.6832791612e-02    8.4969889162e-03    2.5342672964e+02    5.2723503514e+02    5.2500000000e+00
    3.0031069032e+02    1.3564632988e+03   -1.9568869527e+05   -9.9501612354e-01   -8.4155624896e-02    4.6993520595e-03    2.5342672964e+02    5.2723503514e+02    5.2500000000e+00
    2.9883353118e+02    1.3497911681e+03   -1.9567947335e+05   -9.3214754610e-01   -9.1491689740e-02   -5.5645750071e-02    2.5342672964e+02    5.2723503514e+02    5.2500000000e+00
    2.9939673574e+02    1.3523350879e+03   -1.9567863113e+05   -9.8743973832e-01   -9.8267791461e-02    6.0897668017e-02    2.5342672964e+02    5.2723503514e+02    5.2500000000e+00
    3.0004238899e+02    1.3552514175e+03   -1.9568514363e+05   -9.1598774989e-01   -5.8804994178e-02    1.2552174186e-02    2.5342672964e+02    5.2723503514e+02    5.2500000000e+00
    3.0025312318e+02    1.3562032757e+03   -1.9568482936e+05   -9.7538103130e-01   -7.3991203854e-02    3.0736426987e-02    2.5342672964e+02    5.2723503514e+02    5.2500000000e+00
    2.9891852827e+02    1.3501750886e+03   -1.9567794951e+05   -9.7362535568e-01   -8.6565284318e-02   -2.7960795132e-02    2.5342672964e+02    5.2723503514e+02    5.2500000000e+00
    2.9933222260e+02    1.3520436907e+03   -1.9568229481e+05   -9.5376856544e-01   -7.2386275026e-02    4.4783804513e-04    2.5342672964e+02    5.2723503514e+02    5.2500000000e+00
    3.0003648252e+02    1.3552247387e+03   -1.9568696978e+05   -9.4199828022e-01   -5.2168753841e-02    4.6663165798e-02    2.5342672964e+02    5.2723503514e+02    5.2500000000e+00
    2.9837160905e+02    1.3477047275e+03   -1.9567910181e+05   -8.9422714921e-01   -4.5819826289e-02    5.8920495505e-02    2.5342672964e+02    5.2723503514e+02    5.2500000000e+00
    2.9896307738e+02    1.3503763110e+03   -1.9567710523e+05   -9.7443977803e-01   -7.1532285681e-02    2.2977168747e-02    2.5342672964e+02    5.2723503514e+02    5.2500000000e+00
    3.0042286049e+02    1.3569699564e+03   -1.9568715236e+05   -9.7228165963e-01   -6.4306869206e-02   -3.2616880569e-02    2.5342672964e+02    5.2723503514e+02    5.2500000000e+00
    3.0008161846e+02    1.3554286118e+03   -1.9568405634e+05   -9.5720563275e-01   -4.7075780853e-02   -2.6206868157e-02    2.5342672964e+02    5.2723503514e+02    5.2500000000e+00
    3.0003582652e+02    1.3552217757e+03   -1.9568753300e+05   -9.2780889002e-01   -2.8926944849e-02    2.6841241673e-02    2.5342672964e+02    5.2723503514e+02    5.2500000000e+00
    2.9927236845e+02    1.3517733375e+03   -1.9567973104e+05   -9.5470570722e-01   -4.4939059530e-02    2.4935917330e-02    2.5342672964e+02    5.2723503514e+02    5.2500000000e+00
    2.9904500565e+02    1.3507463701e+03   -1.9568061359e+05   -9.3413813174e-01   -4.6118698773e-02   -2.3684057027e-02    2.5342672964e+02    5.2723503514e+02    5.2500000000e+00
    2.9816318232e+02    1.3467632918e+03   -1.9567904946e+05   -9.7857665124e-01   -5.9238769387e-02    7.3637368330e-03    2.5342672964e+02    5.2723503514e+02    5.2500000000e+00
    3.0001913353e+02    1.3551463756e+03   -1.9568468661e+05   -9.1882203410e-01   -6.1595450437e-02    3.7701320071e-02    2.5342672964e+02    5.2723503514e+02    5.2500000000e+00
    2.9960586848e+02    1.3532797126e+03   -1.9568222234e+05   -9.4204936458e-01   -6.9080342640e-02    3.0703165381e-02    2.5342672964e+02    5.2723503514e+02    5.2500000000e+00
    3.0110107589e+02    1.3600333649e+03   -1.9568687823e+05   -9.8187869818e-01   -1.0124699454e-01   -3.3291390776e-03    2.5342672964e+02    5.2723503514e+02    5.2500000000e+00
    3.0111646326e+02    1.3601028676e+03   -1.9568824579e+05   -9.8070729189e-01   -9.5249974769e-02   -1.4213114531e-02    2.5342672964e+02    5.2723503514e+02    5.2500000000e+00
    3.0093295378e+02    1.3592739797e+03   -1.9568857200e+05   -9.1152721251e-01   -5.7016035043e-02    5.8261751949e-03    2.5342672964e+02    5.2723503514e+02    5.2500000000e+00
    2.9993198217e+02    1.3547527246e+03   -1.9568751808e+05   -9.0252121783e-01   -2.9406014554e-02    8.0563320202e-02    2.5342672964e+02    5.2723503514e+02    5.2500000000e+00
    3.0435494690e+02    1.3747306659e+03   -1.9570923260e+05   -1.0266601842e+00   -1.1644952545e-01   -1.8810710093e-01    2.5342672964e+02    5.2723503514e+02    5.2500000000e+00
    2.9788364528e+02    1.3455006603e+03   -1.9567200662e+05   -1.2000708851e+00   -1.9699879483e-01   -3.2541035569e-01    2.5342672964e+02    5.2723503514e+02    5.2500000000e+00
    2.9975244701e+02    1.3539417882e+03   -1.9568330127e+05   -1.0480689317e+00   -1.2123347481e-01   -1.2057402137e-01    2.5342672964e+02    5.2723503514e+02    5.2500000000e+00
    3.0009082219e+02    1.3554701838e+03   -1.9568690722e+05   -9.0948098221e-01   -4.8026390288e-02    2.1610126191e-01    2.5342672964e+02    5.2723503514e+02    5.2500000000e+00
    3.0040732542e+02    1.3568997866e+03   -1.9568561011e+05   -9.1156312106e-01   -5.6628726716e-02    1.2643123070e-01    2.5342672964e+02    5.2723503514e+02    5.2500000000e+00
    3.0016769533e+02    1.3558174095e+03   -1.9568503268e+05   -1.0523289311e+00   -1.0377231677e-01   -3.8349698880e-02    2.5342672964e+02    5.2723503514e+02    5.2500000000e+00
    3.0063306276e+02    1.3579194120e+03   -1.9569159046e+05   -1.0445968008e+00   -1.0579164696e-01   -1.0990721309e-01    2.5342672964e+02    5.2723503514e+02    5.2500000000e+00
    2.9946481830e+02    1.3526426078e+03   -1.9568378923e+05   -9.9256342186e-01   -7.9689747772e-02    1.3368982331e-02    2.5342672964e+02    5.2723503514e+02    5.2500000000e+00
    3.0152856037e+02    1.3619642552e+03   -1.9569056774e+05   -9.6077174800e-01   -8.1181214770e-02    5.4059680313e-02    2.5342672964e+02    5.2723503514e+02    5.2500000000e+00
    2.9937980417e+02    1.3522586103e+03   -1.9568194728e+05   -1.0046523072e+00   -1.1547083547e-01    1.2854004815e-02    2.5342672964e+02    5.2723503514e+02    5.2500000000e+00
    3.0161258720e+02    1.3623437932e+03   -1.9569188774e+05   -1.0030866648e+00   -1.0232360512e-01   -1.6378651546e-02    2.5342672964e+02    5.2723503514e+02    5.2500000000e+00
    2.9947151876e+02    1.3526728728e+03   -1.9568028195e+05   -9.8396216194e-01   -7.7821406894e-02   -1.2774761341e-02    2.5342672964e+02    5.2723503514e+02    5.2500000000e+00
    3.0084599746e+02    1.3588812097e+03   -1.9569084333e+05   -1.0033856071e+00   -7.2437765885e-02    1.7141145335e-02    2.5342672964e+02    5.2723503514e+02    5.2500000000e+00
    2.9936499228e+02    1.3521917070e+03   -1.9568271041e+05   -9.6843930254e-01   -5.1491832801e-02    2.3413313273e-03    2.5342672964e+02    5.2723503514e+02    5.2500000000e+00
    2.9986632861e+02    1.3544561763e+03   -1.9568759518e+05   -9.6366646145e-01   -4.9669304333e-02    7.5703570258e-03    2.5342672964e+02    5.2723503514e+02    5.2500000000e+00
    2.9952310958e+02    1.3529059017e+03   -1.9568150326e+05   -1.0145044194e+00   -8.5420747915e-02    6.5589745329e-03    2.5342672964e+02    5.2723503514e+02    5.2500000000e+00
    2.9980651069e+02    1.3541859867e+03   -1.9568128213e+05   -9.4945273870e-01   -6.4315962296e-02   -3.7124577484e-03    2.5342672964e+02    5.2723503514e+02    5.2500000000e+00
    3.0037670393e+02    1.3567614734e+03   -1.9568599549e+05   -1.0136719134e+00   -8.2810872267e-02    2.5114438744e-02    2.5342672964e+02    5.2723503514e+02    5.2500000000e+00
    2.9997873628e+02    1.3549639067e+03   -1.9568765250e+05   -9.1389651217e-01   -3.5333185582e-02    3.2835708915e-02    2.5342672964e+02    5.2723503514e+02    5.2500000000e+00
    3.0071281789e+02    1.3582796553e+03   -1.9568840453e+05   -9.9744212019e-01   -6.6816522636e-02    6.1357328942e-03    2.5342672964e+02    5.2723503514e+02    5.2500000000e+00
    2.9947696920e+02    1.3526974918e+03   -1.9568381517e+05   -9.8146262896e-01   -6.5930064888e-02    5.9130071045e-03    2.5342672964e+02    5.2723503514e+02    5.2500000000e+00
    2.9967864352e+02    1.3536084277e+03   -1.9568223638e+05   -9.2538538570e-01   -5.9934952011e-02    3.4740188414e-02    2.5342672964e+02    5.2723503514e+02    5.2500000000e+00
    2.9953999262e+02    1.3529821601e+03   -1.9567939562e+05   -9.8005498179e-01   -8.5251022425e-02    4.1529372003e-02    2.5342672964e+02    5.2723503514e+02    5.2500000000e+00
    2.9837164806e+02    1.3477049037e+03   -1.9567662783e+05   -9.9349483699e-01   -1.0146613251e-01   -1.7983650035e-02    2.5342672964e+02    5.2723503514e+02    5.2500000000e+00
    3.0130509287e+02    1.3609548823e+03   -1.9569035831e+05   -9.8162674791e-01   -9.2477643192e-02   -1.0314147785e-02    2.5342672964e+02    5.2723503514e+02    5.2500000000e+00
    3.0115136122e+02    1.3602604970e+03   -1.9568848375e+05   -9.7876055326e-01   -9.1882579953e-02    2.1195191345e-03    2.5342672964e+02    5.2723503514e+02    5.2500000000e+00
    2.9974951986e+02    1.3539285667e+03   -1.9568377543e+05   -9.6640425010e-01   -7.3631803781e-02   -1.6122479699e-03    2.5342672964e+02    5.2723503514e+02    5.2500000000e+00
    2.9990368965e+02    1.3546249311e+03   -1.9568788627e+05   -9.3992115013e-01   -5.2126253600e-02   -8.7010712000e-03    2.5342672964e+02    5.2723503514e+02    5.2500000000e+00
    3.0018163258e+02    1.3558803622e+03   -1.9568592352e+05   -9.7532186176e-01   -7.6140028231e-02    4.3130238132e-03    2.5342672964e+02    5.2723503514e+02    5.2500000000e+00
    2.9869531357e+02    1.3491668576e+03   -1.9567915504e+05   -9.5663961433e-01   -6.5156909212e-02    4.0205115470e-02    2.5342672964e+02    5.2723503514e+02    5.2500000000e+00
    3.0028941752e+02    1.3563672124e+03   -1.9568437453e+05   -9.5615170770e-01   -5.9896897912e-02    2.0248683340e-02    2.5342672964e+02    5.2723503514e+02    5.2500000000e+00
    3.0138065145e+02    1.3612961704e+03   -1.9569242711e+05   -9.5741595587e-01   -5.9037321797e-02    3.7984600081e-03    2.5342672964e+02    5.2723503514e+02    5.2500000000e+00
    3.0075449455e+02    1.3584679032e+03   -1.9569082909e+05   -9.5983768979e-01   -5.8954093077e-02    2.4344406726e-02    2.5342672964e+02    5.2723503514e+02    5.2500000000e+00
    2.9966865824e+02    1.3535633256e+03   -1.9568126233e+05   -9.4052651520e-01   -5.8558935041e-02    6.6794076396e-02    2.5342672964e+02    5.2723503514e+02    5.2500000000e+00
    2.9908091844e+02    1.3509085833e+03   -1.9568359573e+05   -9.5025385931e-01   -4.7773372192e-02    1.2243479749e-02    2.5342672964e+02    5.2723503514e+02    5.2500000000e+00
    3.0044653976e+02    1.3570769126e+03   -1.9568722895e+05   -9.8235997688e-01   -6.4086271862e-02   -2.5142508135e-02    2.5342672964e+02    5.2723503514e+02    5.2500000000e+00
    2.9861795732e+02    1.3488174498e+03   -1.9567829206e+05   -9.6861440526e-01   -6.7342696186e-02    9.5663365422e-03    2.5342672964e+02    5.2723503514e+02    5.2500000000e+00
    2.9995835997e+02    1.3548718696e+03   -1.9568584437e+05   -9.4715025124e-01   -5.4711565590e-02    4.1027472882e-03    2.5342672964e+02    5.2723503514e+02    5.2500000000e+00
    2.9977706350e+02    1.3540529777e+03   -1.9568552126e+05   -9.7770004481e-01   -7.7699634443e-02    4.1365583170e-02    2.5342672964e+02    5.2723503514e+02    5.2500000000e+00
    3.0040420474e+02    1.3568856909e+03   -1.9568501940e+05   -9.6278485946e-01   -8.9769563646e-02   -1.9831276977e-02    2.5342672964e+02    5.2723503514e+02    5.2500000000e+00
    2.9981061835e+02    1.3542045404e+03   -1.9568377483e+05   -9.6097652132e-01   -7.9861242441e-02    3.0050556387e-03    2.5342672964e+02    5.2723503514e+02    5.2500000000e+00
    3.0129374752e+02    1.3609036369e+03   -1.9568668690e+05   -9.7940957540e-01   -9.7634141244e-02   -1.1160327698e-02    2.5342672964e+02    5.2723503514e+02    5.2500000000e+00
    3.0011937120e+02    1.3555991359e+03   -1.9568314248e+05   -9.5726054645e-01   -6.1787209905e-02    3.4746533638e-02    2.5342672964e+02    5.2723503514e+02    5.2500000000e+00
    2.9962894957e+02    1.3533839668e+03   -1.9568438757e+05   -9.4562958094e-01   -5.8413739563e-02    2.0185659573e-02    2.5342672964e+02    5.2723503514e+02    5.2500000000e+00
    2.9999248075e+02    1.3550259886e+03   -1.9568379466e+05   -9.6839465008e-01   -7.7861196301e-02    1.2217579999e-02    2.5342672964e+02    5.2723503514e+02    5.2500000000e+00
    3.0110174252e+02    1.3600363760e+03   -1.9568864671e+05   -9.5644414764e-01   -7.6348510095e-02    9.1425485548e-03    2.5342672964e+02    5.2723503514e+02    5.2500000000e+00
    3.0021879642e+02    1.3560482263e+03   -1.9568637782e+05   -9.4225489929e-01   -4.4078546382e-02    6.2766785342e-02    2.5342672964e+02    5.2723503514e+02    5.2500000000e+00
    2.9971956492e+02    1.3537932642e+03   -1.9568379220e+05   -9.3850005858e-01   -3.7008236698e-02    1.4501367811e-02    2.5342672964e+02    5.2723503514e+02    5.2500000000e+00
    2.9991634142e+02    1.3546820774e+03   -1.9568455463e+05   -9.8694577028e-01   -5.5665716639e-02    2.2925049728e-02    2.5342672964e+02    5.2723503514e+02    5.2500000000e+00
    2.9993579056e+02    1.3547699266e+03   -1.9568620044e+05   -9.1588728259e-01   -3.3035851086e-02   -8.8703202346e-03    2.5342672964e+02    5.2723503514e+02    5.2500000000e+00
    2.9864016960e+02    1.3489177797e+03   -1.9568111316e+05   -9.3883534790e-01   -2.4249597197e-02    8.1879848986e-02    2.5342672964e+02    5.2723503514e+02    5.2500000000e+00
    2.9936415843e+02    1.3521879406e+03   -1.9567882732e+05   -9.4185898989e-01   -4.9823415448e-02   -1.3979523513e-03    2.5342672964e+02    5.2723503514e+02    5.2500000000e+00
    2.9910684274e+02    1.3510256799e+03   -1.9568339371e+05   -9.6620786506e-01   -6.1246833498e-02    9.2286303517e-03    2.5342672964e+02    5.2723503514e+02    5.2500000000e+00
    2.9957257127e+02    1.3531293136e+03   -1.9568105156e+05   -9.5309936650e-01   -7.6645969290e-02   -1.2834355943e-02    2.5342672964e+02    5.2723503514e+02    5.2500000000e+00
    3.0000814363e+02    1.3550967358e+03   -1.9568430335e+05   -9.6286098494e-01   -7.1029198313e-02    1.7744304178e-02    2.5342672964e+02    5.2723503514e+02    5.2500000000e+00
    3.0002232026e+02    1.3551607697e+03   -1.9568258260e+05   -9.4039930125e-01   -5.9895433661e-02   -1.3739317081e-02    2.5342672964e+02    5.2723503514e+02    5.2500000000e+00
    3.0008501037e+02    1.3554439326e+03   -1.9568604511e+05   -9.2436481425e-01   -4.5070441083e-02    4.4741562070e-03    2.5342672964e+02    5.2723503514e+02    5.2500000000e+00
    2.9934611265e+02    1.3521064302e+03   -1.9568154471e+05   -9.5662094476e-01   -5.4465944962e-02    3.8767855443e-02    2.5342672964e+02    5.2723503514e+02    5.2500000000e+00
    3.0067489460e+02    1.3581083609e+03   -1.9568764786e+05   -9.5470137845e-01   -6.6722013502e-02    1.3226911824e-02    2.5342672964e+02    5.2723503514e+02    5.2500000000e+00
    2.9941826476e+02    1.3524323316e+03   -1.9568149921e+05   -9.7331418218e-01   -8.2101921849e-02   -3.4660094177e-02    2.5342672964e+02    5.2723503514e+02    5.2500000000e+00
    2.9934191554e+02    1.3520874724e+03   -1.9567879037e+05   -9.5953337295e-01   -6.0014430975e-02    3.2135706623e-02    2.5342672964e+02    5.2723503514e+02    5.2500000000e+00
    3.0046438235e+02    1.3571575052e+03   -1.9568613581e+05   -9.1351743307e-01   -3.2804743628e-02    5.0546875426e-02    2.5342672964e+02    5.2723503514e+02    5.2500000000e+00
    2.9969616056e+02    1.3536875499e+03   -1.9568167745e+05   -9.5142636185e-01   -3.7103574098e-02    8.2363773081e-03    2.5342672964e+02    5.2723503514e+02    5.2500000000e+00
    2.9911809615e+02    1.3510765101e+03   -1.9568141835e+05   -9.4216986680e-01   -3.5545793855e-02   -2.7320757707e-02    2.5342672964e+02    5.2723503514e+02    5.2500000000e+00
    3.0015227059e+02    1.3557477380e+03   -1.9568612157e+05   -9.5904793612e-01   -4.0150235108e-02    2.1692872770e-02    2.5342672964e+02    5.2723503514e+02    5.2500000000e+00
    3.0024374377e+02    1.3561609101e+03   -1.9568588022e+05   -9.3076045782e-01   -4.3855358875e-02    1.4103186907e-02    2.5342672964e+02    5.2723503514e+02    5.2500000000e+00
    3.0008248281e+02    1.3554325159e+03   -1.9568693327e+05   -9.2950564948e-01   -2.1869612678e-02    5.0165250378e-02    2.5342672964e+02    5.2723503514e+02    5.2500000000e+00
    2.9981059498e+02    1.3542044349e+03   -1.9568365170e+05   -9.6324999615e-01   -5.2940379336e-02    2.3809235783e-02    2.5342672964e+02    5.2723503514e+02    5.2500000000e+00
    2.9992951144e+02    1.3547415646e+03   -1.9568435413e+05   -9.6034806866e-01   -7.4636130102e-02   -2.7503210730e-02    2.5342672964e+02    5.2723503514e+02    5.2500000000e+00
    2.9904483820e+02    1.3507456137e+03   -1.9567902559e+05   -9.5062785078e-01   -5.1763325107e-02    1.0176631958e-03    2.5342672964e+02    5.2723503514e+02    5.2500000000e+00
    3.0224265006e+02    1.3651897030e+03   -1.9569525626e+05   -9.4157679173e-01   -4.1710782269e-02    2.1309216023e-03    2.5342672964e+02    5.2723503514e+02    5.2500000000e+00
    3.0038928108e+02    1.3568182827e+03   -1.9568693299e+05   -9.5348474679e-01   -4.6307429239e-02    3.8161558546e-02    2.5342672964e+02    5.2723503514e+02    5.2500000000e+00
    3.0083591817e+02    1.3588356828e+03   -1.9568924586e+05   -9.4409238103e-01   -6.2805949381e-02    1.7859570838e-02    2.5342672964e+02    5.2723503514e+02    5.2500000000e+00
    3.0059450811e+02    1.3577452658e+03   -1.9568616616e+05   -9.4852627637e-01   -7.8314191694e-02   -1.0791811439e-02    2.5342672964e+02    5.2723503514e+02    5.2500000000e+00
    2.9992445027e+02    1.3547187040e+03   -1.9568269504e+05   -9.7750490840e-01   -7.8482808714e-02   -1.8257384797e-02    2.5342672964e+02    5.2723503514e+02    5.2500000000e+00
    2.9982046589e+02    1.3542490205e+03   -1.9568429787e+05   -9.6327472617e-01   -6.5287514947e-02    2.6978138431e-02    2.5342672964e+02    5.2723503514e+02    5.2500000000e+00
    3.0098790621e+02    1.3595221925e+03   -1.9568793146e+05   -9.2283295186e-01   -3.6042577066e-02    4.7411258597e-02    2.5342672964e+02    5.2723503514e+02    5.2500000000e+00
    3.0069619686e+02    1.3582045804e+03   -1.9568773852e+05   -9.5518373677e-01   -5.0033140501e-02    1.8035292201e-02    2.5342672964e+02    5.2723503514e+02    5.2500000000e+00
    3.0036971239e+02    1.3567298936e+03   -1.9568774241e+05   -9.5151093669e-01   -4.2796938580e-02   -2.9149486264e-02    2.5342672964e+02    5.2723503514e+02    5.2500000000e+00
    2.9902129751e+02    1.3506392836e+03   -1.9568129566e+05   -9.4655625693e-01   -3.5816306630e-02    4.3343400890e-02    2.5342672964e+02    5.2723503514e+02    5.2500000000e+00
    3.0020906016e+02    1.3560042489e+03   -1.9568639261e+05   -9.1428078512e-01   -3.2145643777e-02    1.9768882621e-02    2.5342672964e+02    5.2723503514e+02    5.2500000000e+00
    3.0148303154e+02    1.3617586076e+03   -1.9569113499e+05   -9.6499759569e-01   -5.3087811622e-02    1.9210555205e-02    2.5342672964e+02    5.2723503514e+02    5.2500000000e+00
    2.9918673430e+02    1.3513865395e+03   -1.9568066078e+05   -9.3431433828e-01   -3.4804333222e-02   -3.2809566238e-02    2.5342672964e+02    5.2723503514e+02    5.2500000000e+00
    2.9920756213e+02    1.3514806160e+03   -1.9568214973e+05   -9.8363799230e-01   -5.0129199159e-02    5.4851035514e-02    2.5342672964e+02    5.2723503514e+02    5.2500000000e+00
    3.0062233621e+02    1.3578709617e+03   -1.9568563782e+05   -9.1252367603e-01   -3.1797997697e-02   -1.0440219789e-02    2.5342672964e+02    5.2723503514e+02    5.2500000000e+00
    2.9847515717e+02    1.3481724405e+03   -1.9567752143e+05   -9.6068132876e-01   -3.6208243245e-02    1.2629040825e-02    2.5342672964e+02    5.2723503514e+02    5.2500000000e+00
    2.9960563855e+02    1.3532786740e+03   -1.9568305030e+05   -9.0565845202e-01   -2.4547060555e-02    5.3167651198e-03    2.5342672964e+02    5.2723503514e+02    5.2500000000e+00
    3.0020872844e+02    1.3560027506e+03   -1.9568483058e+05   -9.5277194402e-01   -5.7747775160e-02   -1.4570481206e-02    2.5342672964e+02    5.2723503514e+02    5.2500000000e+00
    3.0172679237e+02    1.3628596427e+03   -1.9569262327e+05   -9.4098390789e-01   -6.1193028597e-02    1.3201368222e-02    2.5342672964e+02    5.2723503514e+02    5.2500000000e+00
    2.9945927256e+02    1.3526175584e+03   -1.9568103349e+05   -9.6347581774e-01   -6.7392484770e-02    1.3073173058e-02    2.5342672964e+02    5.2723503514e+02    5.2500000000e+00
    2.9983955522e+02    1.3543352444e+03   -1.9568242326e+05   -9.2737853893e-01   -3.8996144764e-02    2.1890201377e-02    2.5342672964e+02    5.2723503514e+02    5.2500000000e+00
    3.0015550315e+02    1.3557623390e+03   -1.9568539404e+05   -9.2970538822e-01   -4.2337536660e-02    1.7585392790e-02    2.5342672964e+02    5.2723503514e+02    5.2500000000e+00
    2.9964378076e+02    1.3534509573e+03   -1.9568313582e+05   -9.4511378991e-01   -3.8750625432e-02    4.2749583197e-03    2.5342672964e+02    5.2723503514e+02    5.2500000000e+00
    2.9998962973e+02    1.3550131109e+03   -1.9568411010e+05   -9.5208411231e-01   -5.9689566136e-02   -2.3363140934e-02    2.5342672964e+02    5.2723503514e+02    5.2500000000e+00
    3.0103123367e+02    1.3597178969e+03   -1.9568784895e+05   -9.4712163813e-01   -5.9589433747e-02    2.4726923418e-02    2.5342672964e+02    5.2723503514e+02    5.2500000000e+00
    2.9995182177e+02    1.3548423374e+03   -1.9568318397e+05   -9.3841736449e-01   -4.2143978528e-02    2.4928023567e-02    2.5342672964e+02    5.2723503514e+02    5.2500000000e+00
    3.0085599189e+02    1.3589263532e+03   -1.9568909637e+05   -9.4081001205e-01   -3.8333932406e-02   -1.6985682303e-02    2.5342672964e+02    5.2723503514e+02    5.2500000000e+00
    2.9854771975e+02    1.3485001960e+03   -1.9567626340e+05   -9.7375812643e-01   -5.8668853095e-02    1.2795842979e-02    2.5342672964e+02    5.2723503514e+02    5.2500000000e+00
    2.9787232630e+02    1.3454495340e+03   -1.9567300630e+05   -9.4155707372e-01   -4.2972934633e-02    9.0127426847e-03    2.5342672964e+02    5.2723503514e+02    5.2500000000e+00
    2.9927342301e+02    1.3517781008e+03   -1.9568403233e+05   -9.1328689971e-01   -1.0776286078e-02   -3.2229136849e-03    2.5342672964e+02    5.2723503514e+02    5.2500000000e+00
    3.0519481584e+02    1.3785242417e+03   -1.9571638724e+05   -1.0837794286e+00   -1.2609901986e-01   -2.2776905538e-01    2.5342672964e+02    5.2723503514e+02    5.2500000000e+00
    2.9909549909e+02    1.3509744422e+03   -1.9567863010e+05   -1.1909518547e+00   -1.9164525242e-01   -3.5147190127e-01    2.5342672964e+02    5.2723503514e+02    5.2500000000e+00
    3.0085731152e+02    1.3589323138e+03   -1.9568697859e+05   -1.0591621376e+00   -1.1663578420e-01   -1.0354402441e-01    2.5342672964e+02    5.2723503514e+02    5.2500000000e+00
    3.0128166725e+02    1.3608490720e+03   -1.9569055008e+05   -9.0516188983e-01   -3.3384629743e-02    2.1954235406e-01    2.5342672964e+02    5.2723503514e+02    5.2500000000e+00
    3.0234646110e+02    1.3656586036e+03   -1.9569537919e+05   -8.9792684645e-01   -2.8283855613e-02    1.2818806621e-01    2.5342672964e+02    5.2723503514e+02    5.2500000000e+00
    2.9810367039e+02    1.3464944844e+03   -1.9567933000e+05   -1.0471072390e+00   -9.9260012339e-02   -6.6905342618e-02    2.5342672964e+02    5.2723503514e+02    5.2500000000e+00
    3.0148267684e+02    1.3617570054e+03   -1.9569157166e+05   -1.0285016551e+00   -1.1382785429e-01   -1.4525084359e-01    2.5342672964e+02    5.2723503514e+02    5.2500000000e+00
    2.9993680893e+02    1.3547745265e+03   -1.9568503419e+05   -1.0078891265e+00   -9.6237551345e-02    2.3448080224e-02    2.5342672964e+02    5.2723503514e+02    5.2500000000e+00
    2.9999868925e+02    1.3550540316e+03   -1.9568445359e+05   -8.9305010645e-01   -4.3804918873e-02    7.1374310228e-02    2.5342672964e+02    5.2723503514e+02    5.2500000000e+00
    3.0161250707e+02    1.3623434313e+03   -1.9569114475e+05   -9.8079193515e-01   -6.8169471838e-02    4.0214574810e-02    2.5342672964e+02    5.2723503514e+02    5.2500000000e+00
    2.9900888625e+02    1.3505832236e+03   -1.9568167303e+05   -9.8824135118e-01   -8.3789128368e-02   -5.8618506292e-02    2.5342672964e+02    5.2723503514e+02    5.2500000000e+00
    3.0047754873e+02    1.3572169759e+03   -1.9568444442e+05   -9.6274454373e-01   -7.4782470560e-02    1.3783759045e-02    2.5342672964e+02    5.2723503514e+02    5.2500000000e+00
    2.9935541753e+02    1.3521484591e+03   -1.9568280886e+05   -9.5814924567e-01   -7.2494483027e-02    4.1286211543e-02    2.5342672964e+02    5.2723503514e+02    5.2500000000e+00
    3.0194437951e+02    1.3638424547e+03   -1.9569364041e+05   -9.6826204533e-01   -8.1150194452e-02    6.2539874064e-03    2.5342672964e+02    5.2723503514e+02    5.2500000000e+00
    3.0142434003e+02    1.3614935058e+03   -1.9569342418e+05   -9.4867037876e-01   -6.2489041927e-02   -7.1246220632e-03    2.5342672964e+02    5.2723503514e+02    5.2500000000e+00
    2.9942287748e+02    1.3524531667e+03   -1.9568530209e+05   -9.7998461483e-01   -6.9799916574e-02    2.9785214768e-02    2.5342672964e+02    5.2723503514e+02    5.2500000000e+00
    2.9920060950e+02    1.3514492119e+03   -1.9567836013e+05   -9.6701124444e-01   -7.8789316728e-02   -1.8396793727e-02    2.5342672964e+02    5.2723503514e+02    5.2500000000e+00
    2.9994362187e+02    1.3548052996e+03   -1.9568188504e+05   -1.0104725550e+00   -1.0421233845e-01    1.5162221335e-02    2.5342672964e+02    5.2723503514e+02    5.2500000000e+00
    2.9929420920e+02    1.3518719892e+03   -1.9568397915e+05   -9.2674639841e-01   -6.2884705752e-02    2.2635008742e-02    2.5342672964e+02    5.2723503514e+02    5.2500000000e+00
    3.0139920783e+02    1.3613799870e+03   -1.9569175705e+05   -9.6140569710e-01   -9.2595468329e-02    4.1882521791e-02    2.5342672964e+02    5.2723503514e+02    5.2500000000e+00
    2.9964809864e+02    1.3534704606e+03   -1.9568175077e+05   -9.8922981303e-01   -9.9183788692e-02   -2.3621101966e-02    2.5342672964e+02    5.2723503514e+02    5.2500000000e+00
    2.9978856212e+02    1.3541049154e+03   -1.9568238658e+05   -1.0097084849e+00   -9.8817518250e-02   -3.2087472864e-02    2.5342672964e+02    5.2723503514e+02    5.2500000000e+00
    2.9986517050e+02    1.3544509452e+03   -1.9568138314e+05   -9.7527778326e-01   -1.0442964407e-01    8.9642779264e-03    2.5342672964e+02    5.2723503514e+02    5.2500000000e+00
    3.0058398948e+02    1.3576977546e+03   -1.9568586195e+05   -9.7400832100e-01   -9.6184316087e-02    6.7550601955e-02    2.5342672964e+02    5.2723503514e+02    5.2500000000e+00
    3.0045411780e+02    1.3571111415e+03   -1.9568774301e+05   -9.5139368252e-01   -7.0034472287e-02    2.1480975231e-02    2.5342672964e+02    5.2723503514e+02    5.2500000000e+00
    2.9920464803e+02    1.3514674534e+03   -1.9568256356e+05   -9.7179990498e-01   -7.5874361021e-02    1.3000940480e-04    2.5342672964e+02    5.2723503514e+02    5.2500000000e+00
    3.0060630684e+02    1.3577985591e+03   -1.9568681798e+05   -9.9481690152e-01   -1.0272141528e-01   -6.3156956949e-03    2.5342672964e+02    5.2723503514e+02    5.2500000000e+00
    3.0007940073e+02    1.3554185946e+03   -1.9568406599e+05   -9.2030161925e-01   -6.6341295518e-02   -3.3405014656e-03    2.5342672964e+02    5.2723503514e+02    5.2500000000e+00
    2.9851897896e+02    1.3483703777e+03   -1.9567842573e+05   -9.9370167615e-01   -1.0345032668e-01    4.5661765200e-02    2.5342672964e+02    5.2723503514e+02    5.2500000000e+00
    2.9906818959e+02    1.3508510888e+03   -1.9568211612e+05   -9.5973204071e-01   -8.0648398933e-02   -1.7429618769e-02    2.5342672964e+02    5.2723503514e+02    5.2500000000e+00
    2.9891634460e+02    1.3501652253e+03   -1.9567661762e+05   -9.8457860946e-01   -1.0926633005e-01    8.5039480506e-03    2.5342672964e+02    5.2723503514e+02    5.2500000000e+00
    2.9938630150e+02    1.3522879578e+03   -1.9568123855e+05   -9.8629506121e-01   -9.5166064125e-02   -3.5970903942e-02    2.5342672964e+02    5.2723503514e+02    5.2500000000e+00
    3.0074686531e+02    1.3584334430e+03   -1.9568606806e+05   -9.5445503676e-01   -9.3284976321e-02    3.8956490624e-02    2.5342672964e+02    5.2723503514e+02    5.2500000000e+00
    3.0119296347e+02    1.3604484088e+03   -1.9568957728e+05   -9.5496148658e-01   -9.7873576761e-02   -1.4733894264e-02    2.5342672964e+02    5.2723503514e+02    5.2500000000e+00
    3.0028216830e+02    1.3563344686e+03   -1.9568644299e+05   -1.0063177578e+00   -1.1543673277e-01   -2.3934028128e-04    2.5342672964e+02    5.2723503514e+02    5.2500000000e+00
    3.0159817093e+02    1.3622786768e+03   -1.9568987273e+05   -1.0060627115e+00   -1.1327069117e-01   -7.1964344200e-03    2.5342672964e+02    5.2723503514e+02    5.2500000000e+00
    3.0192763989e+02    1.3637668441e+03   -1.9569036906e+05   -9.6928718660e-01   -1.0187116431e-01    9.0243768309e-03    2.5342672964e+02    5.2723503514e+02    5.2500000000e+00
    2.9878576873e+02    1.3495754315e+03   -1.9568020005e+05   -9.5711597629e-01   -6.9157721304e-02    3.3336217571e-02    2.5342672964e+02    5.2723503514e+02    5.2500000000e+00
    3.0021524914e+02    1.3560322037e+03   -1.9568476173e+05   -9.4732552147e-01   -8.2357217730e-02   -2.8198362469e-02    2.5342672964e+02    5.2723503514e+02    5.2500000000e+00
    3.0056350895e+02    1.3576052468e+03   -1.9568921218e+05   -9.9743711213e-01   -1.0279033481e-01    1.5760763263e-02    2.5342672964e+02    5.2723503514e+02    5.2500000000e+00
    3.0094300039e+02    1.3593193589e+03   -1.9568791338e+05   -9.2740194280e-01   -7.6134222095e-02    3.0600794618e-02    2.5342672964e+02    5.2723503514e+02    5.2500000000e+00
    2.9878611510e+02    1.3495769960e+03   -1.9567898513e+05   -9.5310420874e-01   -7.9299057279e-02    6.6883539492e-02    2.5342672964e+02    5.2723503514e+02    5.2500000000e+00
    3.0029901340e+02    1.3564105557e+03   -1.9568674032e+05   -9.3706570701e-01   -6.5403097528e-02    9.9689350276e-03    2.5342672964e+02    5.2723503514e+02    5.2500000000e+00
    2.9966810915e+02    1.3535608454e+03   -1.9568499720e+05   -9.9957843252e-01   -9.2327848153e-02   -3.4223631133e-03    2.5342672964e+02    5.2723503514e+02    5.2500000000e+00
    3.0069590016e+02    1.3582032402e+03   -1.9568416509e+05   -9.7160930409e-01   -1.1239288980e-01   -3.4755927363e-02    2.5342672964e+02    5.2723503514e+02    5.2500000000e+00
    2.9946767785e+02    1.3526555240e+03   -1.9568198667e+05   -9.5219338640e-01   -8.3280160529e-02    2.0961079109e-02    2.5342672964e+02    5.2723503514e+02    5.2500000000e+00
    3.0138485010e+02    1.3613151351e+03   -1.9569035596e+05   -9.2102100974e-01   -6.0228859084e-02    8.5345626636e-02    2.5342672964e+02    5.2723503514e+02    5.2500000000e+00
    3.0010034558e+02    1.3555131997e+03   -1.9568644244e+05   -9.3507492234e-01   -6.2180420572e-02    1.9387312206e-02    2.5342672964e+02    5.2723503514e+02    5.2500000000e+00
    2.9731481184e+02    1.3429313156e+03   -1.9567225432e+05   -9.6282623597e-01   -7.5194513459e-02    7.4566368408e-03    2.5342672964e+02    5.2723503514e+02    5.2500000000e+00
    3.0051923200e+02    1.3574052537e+03   -1.9568504864e+05   -9.4183585623e-01   -7.9983118037e-02   -1.0649223844e-02    2.5342672964e+02    5.2723503514e+02    5.2500000000e+00
    2.9935072265e+02    1.3521272529e+03   -1.9568158302e+05   -9.6531930116e-01   -7.4796694961e-02    4.4878092655e-02    2.5342672964e+02    5.2723503514e+02    5.2500000000e+00
    3.0022471469e+02    1.3560749583e+03   -1.9568602479e+05   -9.2745122747e-01   -5.8172331207e-02   -7.9256472723e-03    2.5342672964e+02    5.2723503514e+02    5.2500000000e+00
    3.0039137081e+02    1.3568277218e+03   -1.9568765900e+05   -9.7232101365e-01   -6.4632550324e-02    2.3021416793e-02    2.5342672964e+02    5.2723503514e+02    5.2500000000e+00
    3.0060618863e+02    1.3577980252e+03   -1.9568857256e+05   -9.2733714448e-01   -4.8921695363e-02   -2.8869169331e-02    2.5342672964e+02    5.2723503514e+02    5.2500000000e+00
    3.0048757045e+02    1.3572622427e+03   -1.9568609922e+05   -9.5973918362e-01   -5.8468361341e-02    3.9891369108e-02    2.5342672964e+02    5.2723503514e+02    5.2500000000e+00
    3.0073757268e+02    1.3583914694e+03   -1.9568660139e+05   -9.5332541214e-01   -5.4469088764e-02   -9.1588573461e-03    2.5342672964e+02    5.2723503514e+02    5.2500000000e+00
    3.0028957759e+02    1.3563679354e+03   -1.9568487651e+05   -9.5057090413e-01   -3.6210134058e-02    5.3617356507e-03    2.5342672964e+02    5.2723503514e+02    5.2500000000e+00
    3.0078670793e+02    1.3586134068e+03   -1.9568910147e+05   -9.2857349593e-01   -1.8340807747e-02    2.2103403340e-02    2.5342672964e+02    5.2723503514e+02    5.2500000000e+00
    2.9906258667e+02    1.3508257812e+03   -1.9568171908e+05   -9.0993650696e-01   -2.8088067496e-02   -1.5379932784e-02    2.5342672964e+02    5.2723503514e+02    5.2500000000e+00
    2.9985767883e+02    1.3544171063e+03   -1.9568492936e+05   -9.3804189487e-01   -5.1167478069e-02    7.5476788280e-02    2.5342672964e+02    5.2723503514e+02    5.2500000000e+00
    2.9997557719e+02    1.3549496375e+03   -1.9568156938e+05   -9.4097204540e-01   -7.6514963142e-02   -2.7473229869e-02    2.5342672964e+02    5.2723503514e+02    5.2500000000e+00
    2.9997074862e+02    1.3549278275e+03   -1.9568327184e+05   -9.8203528405e-01   -8.0847958682e-02   -7.6170007196e-03    2.5342672964e+02    5.2723503514e+02    5.2500000000e+00
    3.0069153610e+02    1.3581835283e+03   -1.9568885275e+05   -9.6124444848e-01   -6.4187958946e-02   -4.0657767650e-02    2.5342672964e+02    5.2723503514e+02    5.2500000000e+00
    2.9896690753e+02    1.3503936113e+03   -1.9567957077e+05   -9.2455011854e-01   -4.4674321625e-02    3.8424700348e-02    2.5342672964e+02    5.2723503514e+02    5.2500000000e+00
    2.9915072165e+02    1.3512238751e+03   -1.9567916150e+05   -9.2223558664e-01   -3.6263871423e-02    8.5793644755e-02    2.5342672964e+02    5.2723503514e+02    5.2500000000e+00
    2.9889258659e+02    1.3500579135e+03   -1.9567938450e+05   -9.2600012058e-01   -5.0934638317e-02   -2.1818076919e-03    2.5342672964e+02    5.2723503514e+02    5.2500000000e+00
    3.0035142115e+02    1.3566472745e+03   -1.9568424967e+05   -9.8547765401e-01   -7.9063856546e-02   -1.1405757083e-02    2.5342672964e+02    5.2723503514e+02    5.2500000000e+00
    3.0020179571e+02    1.3559714364e+03   -1.9568621261e+05   -9.1989024255e-01   -3.7929213392e-02    8.3558528441e-03    2.5342672964e+02    5.2723503514e+02    5.2500000000e+00
    2.9920035122e+02    1.3514480453e+03   -1.9568060162e+05   -9.1371792805e-01   -3.7279967682e-02    6.1554037560e-02    2.5342672964e+02    5.2723503514e+02    5.2500000000e+00
    2.9902774752e+02    1.3506684174e+03   -1.9568134155e+05   -9.3191050203e-01   -3.0890107501e-02    1.7090427726e-02    2.5342672964e+02    5.2723503514e+02    5.2500000000e+00
    2.9787485228e+02    1.3454609435e+03   -1.9567532226e+05   -9.5497887189e-01   -5.6074684794e-02   -1.0499333690e-02    2.5342672964e+02    5.2723503514e+02    5.2500000000e+00
    2.9900768804e+02    1.3505778114e+03   -1.9567740198e+05   -9.5044253141e-01   -7.7367727660e-02    8.6379124046e-03    2.5342672964e+02    5.2723503514e+02    5.2500000000e+00
    2.9962889701e+02    1.3533837294e+03   -1.9568244107e+05   -9.4249229826e-01   -7.5212865344e-02    2.1758816498e-03    2.5342672964e+02    5.2723503514e+02    5.2500000000e+00
    2.9884409755e+02    1.3498388950e+03   -1.9568095379e+05   -9.5982706660e-01   -6.1250290919e-02    3.5021257647e-02    2.5342672964e+02    5.2723503514e+02    5.2500000000e+00
    2.9921632796e+02    1.3515202101e+03   -1.9568082673e+05   -9.2276347325e-01   -5.5848203804e-02    2.6859478863e-03    2.5342672964e+02    5.2723503514e+02    5.2500000000e+00
    3.0024825244e+02    1.3561812752e+03   -1.9568414312e+05   -9.5979655179e-01   -7.9960079129e-02    2.5953611579e-02    2.5342672964e+02    5.2723503514e+02    5.2500000000e+00
    3.0065638590e+02    1.3580247595e+03   -1.9568467672e+05   -9.3640659110e-01   -7.7332336036e-02    4.5450210867e-03    2.5342672964e+02    5.2723503514e+02    5.2500000000e+00
    3.0076964467e+02    1.3585363343e+03   -1.9568905417e+05   -9.6658901371e-01   -8.4344044749e-02   -1.1747925974e-02    2.5342672964e+02    5.2723503514e+02    5.2500000000e+00
    3.0025564288e+02    1.3562146568e+03   -1.9568525892e+05   -9.5286707819e-01   -7.5119383160e-02   -1.6392303350e-02    2.5342672964e+02    5.2723503514e+02    5.2500000000e+00
    3.0046953216e+02    1.3571807662e+03   -1.9568665546e+05   -9.5089516347e-01   -7.7244878076e-02    3.7128933077e-02    2.5342672964e+02    5.2723503514e+02    5.2500000000e+00
    2.9998813901e+02    1.3550063776e+03   -1.9568496200e+05   -9.2807255697e-01   -8.2806559903e-02    1.1679294101e-02    2.5342672964e+02    5.2723503514e+02    5.2500000000e+00
    3.0093217602e+02    1.3592704667e+03   -1.9568733131e+05   -9.4885724922e-01   -7.5885490322e-02    7.9621168521e-04    2.5342672964e+02    5.2723503514e+02    5.2500000000e+00
    3.0041557004e+02    1.3569370264e+03   -1.9568682367e+05   -9.5818635933e-01   -7.8546423136e-02   -1.7335821132e-02    2.5342672964e+02    5.2723503514e+02    5.2500000000e+00
    2.9986625108e+02    1.3544558261e+03   -1.9568184895e+05   -9.5899795212e-01   -6.8841274098e-02    1.9474248153e-02    2.5342672964e+02    5.2723503514e+02    5.2500000000e+00
    2.9949334125e+02    1.3527714421e+03   -1.9568179574e+05   -9.4836528210e-01   -6.3281942960e-02    1.5492146573e-02    2.5342672964e+02    5.2723503514e+02    5.2500000000e+00
    2.9943288607e+02    1.3524983742e+03   -1.9567977528e+05   -9.4712145632e-01   -7.4091309738e-02    1.9901329797e-02    2.5342672964e+02    5.2723503514e+02    5.2500000000e+00
    3.0021008954e+02    1.3560088985e+03   -1.9568447992e+05   -9.1748008172e-01   -4.9777806530e-02    2.8057273421e-02    2.5342672964e+02    5.2723503514e+02    5.2500000000e+00
    2.9965936376e+02    1.3535213436e+03   -1.9568222815e+05   -9.7724399351e-01   -8.8817000949e-02    3.5778867699e-02    2.5342672964e+02    5.2723503514e+02    5.2500000000e+00
    3.0110484349e+02    1.3600503826e+03   -1.9568786217e+05   -9.4332900814e-01   -7.8492516429e-02   -8.3441550119e-03    2.5342672964e+02    5.2723503514e+02    5.2500000000e+00
    2.9980578353e+02    1.3541827022e+03   -1.9568311770e+05   -9.5741562110e-01   -6.9359121826e-02   -2.8922107922e-02    2.5342672964e+02    5.2723503514e+02    5.2500000000e+00
    3.0051323684e+02    1.3573781744e+03   -1.9568650313e+05   -9.6432511417e-01   -6.9561833950e-02    3.8045199677e-02    2.5342672964e+02    5.2723503514e+02    5.2500000000e+00
    3.0073309240e+02    1.3583712326e+03   -1.9568567186e+05   -9.5380878338e-01   -9.6073831611e-02    3.1319993963e-02    2.5342672964e+02    5.2723503514e+02    5.2500000000e+00
    2.9867703818e+02    1.3490843101e+03   -1.9567604203e+05   -9.7663898101e-01   -9.5813428074e-02   -5.7052537846e-03    2.5342672964e+02    5.2723503514e+02    5.2500000000e+00
    3.0081486779e+02    1.3587406011e+03   -1.9568767500e+05   -9.1372621593e-01   -6.1438986355e-02   -4.5288274408e-03    2.5342672964e+02    5.2723503514e+02    5.2500000000e+00
    3.0015393118e+02    1.3557552387e+03   -1.9568360550e+05   -9.6141164845e-01   -7.3546038372e-02    5.7361595339e-02    2.5342672964e+02    5.2723503514e+02    5.2500000000e+00
    2.9961821655e+02    1.3533354872e+03   -1.9568289937e+05   -9.4636872823e-01   -6.6666299469e-02    5.0309953540e-03    2.5342672964e+02    5.2723503514e+02    5.2500000000e+00
    3.0103692437e+02    1.3597436010e+03   -1.9568484596e+05   -9.1013311848e-01   -6.6817635277e-02   -1.2101405818e-02    2.5342672964e+02    5.2723503514e+02    5.2500000000e+00
    3.0085707672e+02    1.3589312532e+03   -1.9568700284e+05   -9.7574004946e-01   -8.2104829213e-02    4.3257386748e-02    2.5342672964e+02    5.2723503514e+02    5.2500000000e+00
    3.0080614907e+02    1.3587012198e+03   -1.9568867792e+05   -9.2474129619e-01   -4.4905005748e-02    4.1443859180e-03    2.5342672964e+02    5.2723503514e+02    5.2500000000e+00
    3.0008136419e+02    1.3554274632e+03   -1.9568188923e+05   -9.4898348729e-01   -5.9429547865e-02    3.9685368820e-02    2.5342672964e+02    5.2723503514e+02    5.2500000000e+00
    3.0637030880e+02    1.3838337865e+03   -1.9572166621e+05   -1.0801333892e+00   -1.2484454472e-01   -2.7866678188e-01    2.5342672964e+02    5.2723503514e+02    5.2500000000e+00
    2.9721215012e+02    1.3424676063e+03   -1.9566467173e+05   -1.2404829390e+00   -2.2263120556e-01   -3.7840183495e-01    2.5342672964e+02    5.2723503514e+02    5.2500000000e+00
    2.9965367660e+02    1.3534956555e+03   -1.9568396640e+05   -1.0432601663e+00   -1.1103523263e-01   -7.7950937987e-02    2.5342672964e+02    5.2723503514e+02    5.2500000000e+00
    3.0117676530e+02    1.3603752438e+03   -1.9568828060e+05   -8.8317563754e-01   -2.5973573544e-02    2.2352460400e-01    2.5342672964e+02    5.2723503514e+02    5.2500000000e+00
    3.0147323067e+02    1.3617143383e+03   -1.9568967789e+05   -9.6129630441e-01   -9.4574064743e-02    6.4578014110e-02    2.5342672964e+02    5.2723503514e+02    5.2500000000e+00
    3.0006052215e+02    1.3553333225e+03   -1.9568688138e+05   -1.0382012376e+00   -1.2057310781e-01   -9.1060000777e-02    2.5342672964e+02    5.2723503514e+02    5.2500000000e+00
    2.9890150870e+02    1.3500982135e+03   -1.9567897929e+05   -1.0501324277e+00   -1.1897125084e-01   -7.3167104497e-02    2.5342672964e+02    5.2723503514e+02    5.2500000000e+00
    3.0054181580e+02    1.3575072617e+03   -1.9568570552e+05   -9.8039571288e-01   -9.6287871010e-02    3.5960137705e-02    2.5342672964e+02    5.2723503514e+02    5.2500000000e+00
    3.0032710293e+02    1.3565374323e+03   -1.9568733787e+05   -9.3474900533e-01   -6.4817647164e-02    7.0362826948e-02    2.5342672964e+02    5.2723503514e+02    5.2500000000e+00
    2.9879615394e+02    1.3496223401e+03   -1.9567906733e+05   -9.7928338654e-01   -8.0535883156e-02    3.3088135079e-02    2.5342672964e+02    5.2723503514e+02    5.2500000000e+00
    2.9944259832e+02    1.3525422431e+03   -1.9568354171e+05   -9.9362112823e-01   -6.7871980673e-02   -1.9749586318e-02    2.5342672964e+02    5.2723503514e+02    5.2500000000e+00
    2.9937477191e+02    1.3522358802e+03   -1.9568340408e+05   -9.8934024138e-01   -7.8552822580e-02   -2.9736744758e-02    2.5342672964e+02    5.2723503514e+02    5.2500000000e+00
    2.9926246400e+02    1.3517286004e+03   -1.9568194404e+05   -9.6400158421e-01   -6.2390827609e-02    3.6104963131e-02    2.5342672964e+02    5.2723503514e+02    5.2500000000e+00
    2.9951060414e+02    1.3528494163e+03   -1.9568272360e+05   -9.5614870037e-01   -5.4112443897e-02    2.4888661713e-02    2.5342672964e+02    5.2723503514e+02    5.2500000000e+00
    3.0048791223e+02    1.3572637865e+03   -1.9569109420e+05   -9.6143820536e-01   -6.1473982869e-02    3.8987061560e-02    2.5342672964e+02    5.2723503514e+02    5.2500000000e+00
    2.9980074470e+02    1.3541599425e+03   -1.9568431397e+05   -9.8287822669e-01   -6.7039584771e-02    9.7582639449e-04    2.5342672964e+02    5.2723503514e+02    5.2500000000e+00
    2.9988647982e+02    1.3545471966e+03   -1.9568365667e+05   -9.8422575274e-01   -7.4588877949e-02    1.1408948301e-02    2.5342672964e+02    5.2723503514e+02    5.2500000000e+00
    2.9954818726e+02    1.3530191742e+03   -1.9568305614e+05   -9.6043294908e-01   -5.9820287898e-02    5.5636161813e-03    2.5342672964e+02    5.2723503514e+02    5.2500000000e+00
    2.9935551869e+02    1.3521489160e+03   -1.9568389818e+05   -9.5391777539e-01   -5.1565199234e-02    4.0964406259e-02    2.5342672964e+02    5.2723503514e+02    5.2500000000e+00
    3.0021263954e+02    1.3560204165e+03   -1.9568610079e+05   -9.7215840868e-01   -6.9328665171e-02   -9.8386633981e-03    2.5342672964e+02    5.2723503514e+02    5.2500000000e+00
    3.0016895360e+02    1.3558230929e+03   -1.9568407838e+05   -9.6250232953e-01   -6.6247906254e-02   -2.3567317929e-02    2.5342672964e+02    5.2723503514e+02    5.2500000000e+00
    3.0021973486e+02    1.3560524651e+03   -1.9568827360e+05   -9.7416329249e-01   -7.0399849017e-02    3.7642178536e-02    2.5342672964e+02    5.2723503514e+02    5.2500000000e+00
    2.9844486498e+02    1.3480356148e+03   -1.9567674133e+05   -9.5541432440e-01   -7.4635334534e-02    8.5612988571e-03    2.5342672964e+02    5.2723503514e+02    5.2500000000e+00
    3.0079834416e+02    1.3586659661e+03   -1.9568757682e+05   -9.7523385848e-01   -6.6883624878e-02    4.1711833833e-02    2.5342672964e+02    5.2723503514e+02    5.2500000000e+00
    2.9883614894e+02    1.3498029922e+03   -1.9568204483e+05   -9.3945414561e-01   -4.5917618692e-02    1.5395733434e-02    2.5342672964e+02    5.2723503514e+02    5.2500000000e+00
    2.9863906746e+02    1.3489128014e+03   -1.9567885109e+05   -1.0020125985e+00   -9.2173588324e-02   -9.8739189212e-03    2.5342672964e+02    5.2723503514e+02    5.2500000000e+00
    3.0169258404e+02    1.3627051282e+03   -1.9568986153e+05   -1.0077471918e+00   -9.5875562653e-02   -7.3379453555e-03    2.5342672964e+02    5.2723503514e+02    5.2500000000e+00
    3.0123592934e+02    1.3606424799e+03   -1.9568956840e+05   -9.4560475756e-01   -6.2824659308e-02    2.7499942572e-02    2.5342672964e+02    5.2723503514e+02    5.2500000000e+00
    3.0104946461e+02    1.3598002436e+03   -1.9569162945e+05   -9.4126168989e-01   -6.5097131633e-02    1.0494143112e-02    2.5342672964e+02    5.2723503514e+02    5.2500000000e+00
    2.9967165902e+02    1.3535768797e+03   -1.9568493604e+05   -1.0001159430e+00   -8.6154908477e-02    2.3784101108e-03    2.5342672964e+02    5.2723503514e+02    5.2500000000e+00
    3.0053579639e+02    1.3574800728e+03   -1.9568497350e+05   -9.7673052283e-01   -7.5368463057e-02   -2.1586158314e-02    2.5342672964e+02    5.2723503514e+02    5.2500000000e+00
    3.0054598169e+02    1.3575260785e+03   -1.9568788309e+05   -9.5623592138e-01   -4.8357682762e-02    3.3919605047e-02    2.5342672964e+02    5.2723503514e+02    5.2500000000e+00
    2.9853562448e+02    1.3484455633e+03   -1.9567913988e+05   -9.4486133153e-01   -4.9102790238e-02    2.6913723241e-02    2.5342672964e+02    5.2723503514e+02    5.2500000000e+00
    3.0002120069e+02    1.3551557127e+03   -1.9568259704e+05   -9.7143497200e-01   -6.4919362425e-02   -1.6554064365e-02    2.5342672964e+02    5.2723503514e+02    5.2500000000e+00
    3.0136959357e+02    1.3612462234e+03   -1.9569303008e+05   -9.5587732674e-01   -4.9958948610e-02    6.6992335442e-03    2.5342672964e+02    5.2723503514e+02    5.2500000000e+00
    3.0063613265e+02    1.3579332783e+03   -1.9568942170e+05   -9.6209346067e-01   -5.4480649006e-02   -8.3984095024e-03    2.5342672964e+02    5.2723503514e+02    5.2500000000e+00
    2.9968660579e+02    1.3536443922e+03   -1.9567919545e+05   -9.7967465743e-01   -6.7794285358e-02    2.4229268015e-03    2.5342672964e+02    5.2723503514e+02    5.2500000000e+00
    3.0027131895e+02    1.3562854635e+03   -1.9568749093e+05   -9.2009129762e-01   -2.8474173309e-02    1.2427306245e-02    2.5342672964e+02    5.2723503514e+02    5.2500000000e+00
    2.9932833675e+02    1.3520261388e+03   -1.9568419031e+05   -9.3621554642e-01   -3.8084543082e-02    3.1211881315e-02    2.5342672964e+02    5.2723503514e+02    5.2500000000e+00
    3.0009577720e+02    1.3554925649e+03   -1.9568691637e+05   -9.3827237733e-01   -5.0243374984e-02    2.6122357520e-02    2.5342672964e+02    5.2723503514e+02    5.2500000000e+00
    2.9976691796e+02    1.3540071516e+03   -1.9568381627e+05   -9.2933282550e-01   -4.6334055087e-02    3.5885376467e-02    2.5342672964e+02    5.2723503514e+02    5.2500000000e+00
    2.9904805267e+02    1.3507601331e+03   -1.9567750846e+05   -9.7945944662e-01   -9.6992841353e-02    2.4074800983e-03    2.5342672964e+02    5.2723503514e+02    5.2500000000e+00
    3.0133045430e+02    1.3610694365e+03   -1.9568994281e+05   -9.6317325918e-01   -9.1648949219e-02   -2.0599033466e-02    2.5342672964e+02    5.2723503514e+02    5.2500000000e+00
    3.0235385927e+02    1.3656920202e+03   -1.9569600636e+05   -9.4252372132e-01   -6.9690170239e-02    1.6872482387e-02    2.5342672964e+02    5.2723503514e+02    5.2500000000e+00
    3.0046664128e+02    1.3571677084e+03   -1.9568548588e+05   -9.0339274709e-01   -6.1981530768e-02    4.2203264431e-02    2.5342672964e+02    5.2723503514e+02    5.2500000000e+00
    2.9925120765e+02    1.3516777570e+03   -1.9567941072e+05   -9.8963474603e-01   -8.9779318231e-02    1.7534101472e-02    2.5342672964e+02    5.2723503514e+02    5.2500000000e+00
    3.0106350995e+02    1.3598636846e+03   -1.9568930395e+05   -9.7430831676e-01   -8.9491615079e-02   -5.0891874572e-02    2.5342672964e+02    5.2723503514e+02    5.2500000000e+00
    3.0126857378e+02    1.3607899305e+03   -1.9568970224e+05   -1.0014200482e+00   -9.5756681196e-02   -3.2472012009e-02    2.5342672964e+02    5.2723503514e+02    5.2500000000e+00
    2.9965671706e+02    1.3535093888e+03   -1.9568224607e+05   -9.4613424489e-01   -6.1476572079e-02    2.2086491673e-03    2.5342672964e+02    5.2723503514e+02    5.2500000000e+00
    2.9939635011e+02    1.3523333461e+03   -1.9568405241e+05   -9.4821264635e-01   -4.8943173978e-02    7.0045152131e-02    2.5342672964e+02    5.2723503514e+02    5.2500000000e+00
    2.9847712194e+02    1.3481813151e+03   -1.9567671715e+05   -9.3006866869e-01   -5.4183336692e-02    1.7281026048e-02    2.5342672964e+02    5.2723503514e+02    5.2500000000e+00
    3.0006639491e+02    1.3553598490e+03   -1.9568379545e+05   -9.9091731975e-01   -6.5887131498e-02   -3.4218660048e-03    2.5342672964e+02    5.2723503514e+02    5.2500000000e+00
    2.9870853421e+02    1.3492265735e+03   -1.9567816336e+05   -9.4084646533e-01   -4.6948723600e-02   -3.4374517982e-02    2.5342672964e+02    5.2723503514e+02    5.2500000000e+00
    2.9918434803e+02    1.3513757610e+03   -1.9567886872e+05   -9.5545735717e-01   -6.6844242613e-02    2.2539945308e-02    2.5342672964e+02    5.2723503514e+02    5.2500000000e+00
    3.0100730806e+02    1.3596098281e+03   -1.9568865707e+05   -9.2301877291e-01   -4.4204460313e-02    7.6497793453e-03    2.5342672964e+02    5.2723503514e+02    5.2500000000e+00
    3.0103684688e+02    1.3597432510e+03   -1.9568848686e+05   -9.4402291372e-01   -5.5109931448e-02    2.0077039376e-02    2.5342672964e+02    5.2723503514e+02    5.2500000000e+00
    2.9886892408e+02    1.3499510331e+03   -1.9568110098e+05   -9.5802199328e-01   -5.6183555924e-02   -1.5846243782e-02    2.5342672964e+02    5.2723503514e+02    5.2500000000e+00
    3.0139029614e+02    1.3613397341e+03   -1.9568953692e+05   -9.4102181543e-01   -6.1213380721e-02   -1.1848439303e-02    2.5342672964e+02    5.2723503514e+02    5.2500000000e+00
    2.9822095461e+02    1.3470242415e+03   -1.9567544743e+05   -9.5922966713e-01   -6.5046977834e-02    3.6867680881e-02    2.5342672964e+02    5.2723503514e+02    5.2500000000e+00
    3.0095355370e+02    1.3593670268e+03   -1.9568777306e+05   -9.2373749003e-01   -6.3344151829e-02    1.5104785181e-02    2.5342672964e+02    5.2723503514e+02    5.2500000000e+00
    3.0012798559e+02    1.3556380459e+03   -1.9568655940e+05   -9.6736410410e-01   -7.3679922042e-02    6.2394218823e-02    2.5342672964e+02    5.2723503514e+02    5.2500000000e+00
    2.9918351753e+02    1.3513720098e+03   -1.9568015646e+05   -9.3764648871e-01   -8.3059245887e-02   -3.6931778609e-02    2.5342672964e+02    5.2723503514e+02    5.2500000000e+00
    2.9931129006e+02    1.3519491412e+03   -1.9568005597e+05   -9.6519660817e-01   -7.8699909157e-02   -2.6669249758e-02    2.5342672964e+02    5.2723503514e+02    5.2500000000e+00
    2.9937898155e+02    1.3522548946e+03   -1.9568252370e+05   -9.3628123135e-01   -5.6338397415e-02    3.9786091580e-02    2.5342672964e+02    5.2723503514e+02    5.2500000000e+00
    2.9953494829e+02    1.3529593756e+03   -1.9568107480e+05   -9.3269202311e-01   -5.5953512501e-02    8.8587852641e-02    2.5342672964e+02    5.2723503514e+02    5.2500000000e+00
    2.9798643339e+02    1.3459649405e+03   -1.9567474128e+05   -9.4946933552e-01   -6.3646256144e-02    2.6218731433e-02    2.5342672964e+02    5.2723503514e+02    5.2500000000e+00
    2.9867474700e+02    1.3490739612e+03   -1.9567649247e+05   -9.4160742855e-01   -5.2121999688e-02   -3.8166587142e-02    2.5342672964e+02    5.2723503514e+02    5.2500000000e+00
    3.0097206884e+02    1.3594506572e+03   -1.9568856751e+05   -9.5925619609e-01   -6.4914498687e-02    1.9406885388e-02    2.5342672964e+02    5.2723503514e+02    5.2500000000e+00
    3.0138628502e+02    1.3613216164e+03   -1.9569142905e+05   -9.1165296644e-01   -4.1368367697e-02    6.4703800327e-02    2.5342672964e+02    5.2723503514e+02    5.2500000000e+00
    2.9939246216e+02    1.3523157847e+03   -1.9568445756e+05   -9.1391069360e-01   -3.5478425634e-02    1.9192279602e-02    2.5342672964e+02    5.2723503514e+02    5.2500000000e+00
    3.0130368465e+02    1.3609485216e+03   -1.9568902901e+05   -9.8610374101e-01   -7.7735590731e-02    1.0214076276e-02    2.5342672964e+02    5.2723503514e+02    5.2500000000e+00
    2.9915920524e+02    1.3512621944e+03   -1.9568011866e+05   -9.4677437616e-01   -8.2705941936e-02   -1.0990435041e-02    2.5342672964e+02    5.2723503514e+02    5.2500000000e+00
    2.9909939995e+02    1.3509920618e+03   -1.9567653559e+05   -9.3710533585e-01   -7.3193887100e-02   -3.4272440085e-03    2.5342672964e+02    5.2723503514e+02    5.2500000000e+00
    3.0022240363e+02    1.3560645196e+03   -1.9568467227e+05   -9.5752221338e-01   -5.8997616542e-02    2.8835707865e-02    2.5342672964e+02    5.2723503514e+02    5.2500000000e+00
    2.9966039379e+02    1.3535259962e+03   -1.9568585320e+05   -9.0569474892e-01   -3.9306449463e-02   -1.5970101830e-02    2.5342672964e+02    5.2723503514e+02    5.2500000000e+00
    3.0102625340e+02    1.3596954017e+03   -1.9568756379e+05   -9.5833268149e-01   -7.8094281519e-02    4.3373251710e-02    2.5342672964e+02    5.2723503514e+02    5.2500000000e+00
    2.9997641062e+02    1.3549534020e+03   -1.9568286417e+05   -9.6311379592e-01   -5.9745617935e-02   -3.6336273682e-02    2.5342672964e+02    5.2723503514e+02    5.2500000000e+00
    2.9947818993e+02    1.3527030056e+03   -1.9568269269e+05   -9.7262232215e-01   -7.1163034868e-02   -2.5864258348e-02    2.5342672964e+02    5.2723503514e+02    5.2500000000e+00
    2.9900843320e+02    1.3505811772e+03   -1.9568105003e+05   -9.2411143320e-01   -4.2770344099e-02    3.6065222172e-02    2.5342672964e+02    5.2723503514e+02    5.2500000000e+00
    3.0010089882e+02    1.3555156986e+03   -1.9568357001e+05   -9.5351933401e-01   -6.6845156545e-02    4.9878647572e-02    2.5342672964e+02    5.2723503514e+02    5.2500000000e+00
    2.9805530521e+02    1.3462760253e+03   -1.9567523166e+05   -9.3890689901e-01   -5.2521612232e-02   -4.0177711631e-02    2.5342672964e+02    5.2723503514e+02    5.2500000000e+00
    3.0042711644e+02    1.3569891800e+03   -1.9568458125e+05   -9.7749999167e-01   -7.5025938836e-02   -7.1488274445e-03    2.5342672964e+02    5.2723503514e+02    5.2500000000e+00
    2.9938691096e+02    1.3522907107e+03   -1.9568087551e+05   -9.3021946742e-01   -4.9327143337e-02    2.0336490283e-03    2.5342672964e+02    5.2723503514e+02    5.2500000000e+00
    3.0091608058e+02    1.3591977657e+03   -1.9568932970e+05   -9.1892847126e-01   -4.4525796839e-02    2.8026121781e-02    2.5342672964e+02    5.2723503514e+02    5.2500000000e+00
    3.0110369917e+02    1.3600452139e+03   -1.9569147461e+05   -9.2695244737e-01   -3.4671981952e-02    6.9145564738e-02    2.5342672964e+02    5.2723503514e+02    5.2500000000e+00
    2.9930531540e+02    1.3519221545e+03   -1.9568091752e+05   -9.1714030348e-01   -3.7418871029e-02    6.0609296019e-03    2.5342672964e+02    5.2723503514e+02    5.2500000000e+00
    2.9992551493e+02    1.3547235130e+03   -1.9568074574e+05   -9.6195971166e-01   -5.5091183081e-02   -3.1924695382e-03    2.5342672964e+02    5.2723503514e+02    5.2500000000e+00
    2.9882124807e+02    1.3497356870e+03   -1.9567910384e+05   -9.3186600194e-01   -3.4429313248e-02   -3.5504566853e-02    2.5342672964e+02    5.2723503514e+02    5.2500000000e+00
    3.0033869770e+02    1.3565898044e+03   -1.9568462106e+05   -9.5010538877e-01   -3.0117746338e-02    1.2049584135e-02    2.5342672964e+02    5.2723503514e+02    5.2500000000e+00
    3.0046610496e+02    1.3571652859e+03   -1.9568708533e+05   -9.2972851376e-01   -9.4673011644e-03    3.4968912214e-02    2.5342672964e+02    5.2723503514e+02    5.2500000000e+00
    2.9979531451e+02    1.3541354150e+03   -1.9568498505e+05   -9.1918221490e-01   -1.7245529481e-02    3.3940157098e-02    2.5342672964e+02    5.2723503514e+02    5.2500000000e+00
    3.0036236194e+02    1.3566966926e+03   -1.9568301098e+05   -9.6692866976e-01   -5.2874351595e-02   -3.4626697884e-02    2.5342672964e+02    5.2723503514e+02    5.2500000000e+00
    2.9935553971e+02    1.3521490110e+03   -1.9568110600e+05   -9.4016212606e-01   -3.8568639366e-02    1.1893807690e-03    2.5342672964e+02    5.2723503514e+02    5.2500000000e+00
    2.9964448566e+02    1.3534541413e+03   -1.9568070986e+05   -9.0245344803e-01   -3.4775425177e-02    4.4771112478e-02    2.5342672964e+02    5.2723503514e+02    5.2500000000e+00
    2.9942568591e+02    1.3524658520e+03   -1.9568117096e+05   -9.4417213034e-01   -3.9529908771e-02    3.0702391877e-02    2.5342672964e+02    5.2723503514e+02    5.2500000000e+00
    2.9949164500e+02    1.3527637804e+03   -1.9568293387e+05   -9.5890101668e-01   -4.7936505758e-02   -5.9396153668e-03    2.5342672964e+02    5.2723503514e+02    5.2500000000e+00
    2.9935667537e+02    1.3521541406e+03   -1.9567940923e+05   -9.6701340271e-01   -5.9590752439e-02   -6.3325274631e-03    2.5342672964e+02    5.2723503514e+02    5.2500000000e+00
    2.9940368737e+02    1.3523664875e+03   -1.9567805833e+05   -9.3092166329e-01   -4.6860541461e-02    5.6994353028e-03    2.5342672964e+02    5.2723503514e+02    5.2500000000e+00
    3.0059892680e+02    1.3577652245e+03   -1.9568390343e+05   -9.4250429178e-01   -4.8388900112e-02    4.2972862106e-02    2.5342672964e+02    5.2723503514e+02    5.2500000000e+00
    2.9916262272e+02    1.3512776307e+03   -1.9568349125e+05   -9.0946298238e-01   -1.7747244813e-02    3.4166437521e-02    2.5342672964e+02    5.2723503514e+02    5.2500000000e+00
