    2.9358810295e+02    1.0892950067e+03   -1.5963567991e+05    5.0379959004e-02    4.9277277049e-02    2.5407064005e-02    2.5450077604e+02    5.3110345124e+02    4.5850000000e+01
    2.9973233470e+02    1.1120918466e+03   -1.5964887610e+05    2.7105740080e-02    2.5514753936e-02   -1.5989240331e-02    2.5450077604e+02    5.3110345124e+02    4.5850000000e+01
    3.0034386245e+02    1.1143607877e+03   -1.5964988279e+05    2.2380354461e-02    2.1000370230e-02   -1.5137713386e-02    2.5450077604e+02    5.3110345124e+02    4.5850000000e+01
    2.9821339456e+02    1.1064561485e+03   -1.5964282942e+05    2.5759695232e-02    2.2916249581e-02    5.8767919281e-03    2.5450077604e+02    5.3110345124e+02    4.5850000000e+01
    3.0183101825e+02    1.1198785569e+03   -1.5965519914e+05    2.0779556862e-02    1.9331708962e-02    5.2590844995e-03    2.5450077604e+02    5.3110345124e+02    4.5850000000e+01
    2.9920459684e+02    1.1101337897e+03   -1.5964706467e+05    1.8340406523e-02    1.5897121805e-02    3.3011325765e-04    2.5450077604e+02    5.3110345124e+02    4.5850000000e+01
    2.9875260605e+02    1.1084567758e+03   -1.5964511246e+05    1.7533483500e-02    1.4355107827e-02   -8.1028798836e-04    2.5450077604e+02    5.3110345124e+02    4.5850000000e+01
    2.9856448466e+02    1.1077587922e+03   -1.5964576714e+05    1.6034799805e-02    1.8089250839e-02    2.1114674056e-03    2.5450077604e+02    5.3110345124e+02    4.5850000000e+01
    3.0006192417e+02    1.1133147168e+03   -1.5964745791e+05    1.0691851845e-02    1.3125084658e-02    2.7607997742e-03    2.5450077604e+02    5.3110345124e+02    4.5850000000e+01
    2.9905641160e+02    1.1095839804e+03   -1.5964503850e+05    1.0381234870e-02    1.1021016062e-02    2.2788816450e-03    2.5450077604e+02    5.3110345124e+02    4.5850000000e+01
    2.9871005208e+02    1.1082988885e+03   -1.5964021429e+05    6.7416056989e-03    7.3605032987e-03   -5.4608296920e-03    2.5450077604e+02    5.3110345124e+02    4.5850000000e+01
    3.0078552354e+02    1.1159994754e+03   -1.5965008239e+05    7.4675999902e-03    1.2451024958e-02    1.1518185105e-03    2.5450077604e+02    5.3110345124e+02    4.5850000000e+01
    3.0028014653e+02    1.1141243836e+03   -1.5964762611e+05    7.7774230257e-03    1.5662046872e-02    4.6273706804e-03    2.5450077604e+02    5.3110345124e+02    4.5850000000e+01
    2.9905001732e+02    1.1095602558e+03   -1.5964785908e+05    1.1404730743e-02    1.6937884153e-02    3.0351415841e-03    2.5450077604e+02    5.3110345124e+02    4.5850000000e+01
    2.9955907636e+02    1.1114490091e+03   -1.5964705949e+05    7.9652526479e-03    1.2443698302e-02   -5.4816192313e-03    2.5450077604e+02    5.3110345124e+02    4.5850000000e+01
    3.0154853556e+02    1.1188304661e+03   -1.5965715037e+05    1.1993062232e-02    1.2096775305e-02   -3.2612182797e-03    2.5450077604e+02    5.3110345124e+02    4.5850000000e+01
    3.0065104789e+02    1.1155005327e+03   -1.5965098561e+05    1.1609070760e-02    1.2836148341e-02    6.1654631724e-03    2.5450077604e+02    5.3110345124e+02    4.5850000000e+01
    3.0044316522e+02    1.1147292291e+03   -1.5964814148e+05    8.6662221367e-03    8.8664082083e-03    1.6483810760e-03    2.5450077604e+02    5.3110345124e+02    4.5850000000e+01
    2.9920044272e+02    1.1101183767e+03   -1.5964541466e+05    6.4555741614e-03    9.4637245950e-03   -5.2073262728e-04    2.5450077604e+02    5.3110345124e+02    4.5850000000e+01
    2.9985586924e+02    1.1125501947e+03   -1.5964845090e+05    4.0166663861e-03    7.6609114760e-03   -3.0652702799e-03    2.5450077604e+02    5.3110345124e+02    4.5850000000e+01
    3.0086921458e+02    1.1163099929e+03   -1.5965376757e+05    4.8902364056e-03    1.0238239035e-02   -1.5993408806e-03    2.5450077604e+02    5.3110345124e+02    4.5850000000e+01
    2.9880642603e+02    1.1086564632e+03   -1.5964315685e+05    3.3481184056e-03    7.0978154651e-03   -1.7200706206e-03    2.5450077604e+02    5.3110345124e+02    4.5850000000e+01
    3.0079054542e+02    1.1160181080e+03   -1.5965150016e+05    2.0222056701e-03    6.4981848007e-03   -1.6056782216e-03    2.5450077604e+02    5.3110345124e+02    4.5850000000e+01
    3.0056881717e+02    1.1151954334e+03   -1.5964965267e+05    3.6787716044e-03    5.5684431158e-03    8.3237445975e-04    2.5450077604e+02    5.3110345124e+02    4.5850000000e+01
    3.0218745698e+02    1.1212010455e+03   -1.5965252482e+05    4.4956041558e-03    3.3126191363e-03   -2.2520373842e-03    2.5450077604e+02    5.3110345124e+02    4.5850000000e+01
    3.0109679817e+02    1.1171543925e+03   -1.5965045250e+05    6.2975925558e-03    7.2333991887e-03   -3.1025248435e-03    2.5450077604e+02    5.3110345124e+02    4.5850000000e+01
    2.9977071027e+02    1.1122342308e+03   -1.5964808366e+05    1.3533248219e-02    1.3326776700e-02    2.6464642841e-03    2.5450077604e+02    5.3110345124e+02    4.5850000000e+01
    3.0094243891e+02    1.1165816759e+03   -1.5965493189e+05    1.7683203875e-02    1.3239557321e-02    1.4068686910e-03    2.5450077604e+02    5.3110345124e+02    4.5850000000e+01
    3.0042788463e+02    1.1146725338e+03   -1.5964991331e+05    1.2538004439e-02    1.0031331626e-02   -1.0743635463e-03    2.5450077604e+02    5.3110345124e+02    4.5850000000e+01
    2.9978320692e+02    1.1122805969e+03   -1.5964890168e+05    1.4108870851e-02    9.6314892494e-03   -3.8780461591e-03    2.5450077604e+02    5.3110345124e+02    4.5850000000e+01
    3.0057270232e+02    1.1152098484e+03   -1.5965134572e+05    1.4042648583e-02    1.1832938413e-02    5.7269044375e-04    2.5450077604e+02    5.3110345124e+02    4.5850000000e+01
    3.0039932458e+02    1.1145665679e+03   -1.5964824814e+05    1.4581024352e-02    7.3538437317e-03    5.9180824350e-04    2.5450077604e+02    5.3110345124e+02    4.5850000000e+01
    3.0119953489e+02    1.1175355748e+03   -1.5965410744e+05    1.8553910258e-02    9.4464817712e-03   -1.6324460900e-03    2.5450077604e+02    5.3110345124e+02    4.5850000000e+01
    2.9966129556e+02    1.1118282712e+03   -1.5964908995e+05    1.8761831003e-02    1.3518601930e-02   -1.4558094606e-03    2.5450077604e+02    5.3110345124e+02    4.5850000000e+01
    3.0132812563e+02    1.1180126828e+03   -1.5965418866e+05    2.0183549835e-02    1.2526071888e-02    1.4217757568e-03    2.5450077604e+02    5.3110345124e+02    4.5850000000e+01
    3.0062112721e+02    1.1153895185e+03   -1.5965671746e+05    2.1015491053e-02    1.3866663190e-02    3.2875474117e-04    2.5450077604e+02    5.3110345124e+02    4.5850000000e+01
    3.0054409851e+02    1.1151037202e+03   -1.5964901311e+05    1.5578180213e-02    9.8606142775e-03   -1.7582431571e-03    2.5450077604e+02    5.3110345124e+02    4.5850000000e+01
    3.0043148421e+02    1.1146858892e+03   -1.5964978118e+05    1.6866115372e-02    9.0640536304e-03    1.0265077374e-04    2.5450077604e+02    5.3110345124e+02    4.5850000000e+01
    2.9971333684e+02    1.1120213591e+03   -1.5964609846e+05    1.9463014844e-02    6.8847626691e-03    2.3409004749e-03    2.5450077604e+02    5.3110345124e+02    4.5850000000e+01
    2.9908540543e+02    1.1096915558e+03   -1.5964561618e+05    1.6628292928e-02    7.1016045195e-03   -3.5621084322e-04    2.5450077604e+02    5.3110345124e+02    4.5850000000e+01
    2.9909592980e+02    1.1097306042e+03   -1.5964689777e+05    1.4895832315e-02    6.6694771527e-03   -3.0601887569e-03    2.5450077604e+02    5.3110345124e+02    4.5850000000e+01
    2.9985211259e+02    1.1125362565e+03   -1.5964842203e+05    1.3885544482e-02    3.9906723483e-03   -1.4872553903e-03    2.5450077604e+02    5.3110345124e+02    4.5850000000e+01
    3.0110259488e+02    1.1171758999e+03   -1.5965033879e+05    1.5113701485e-02    2.9271209100e-03   -1.0049675806e-03    2.5450077604e+02    5.3110345124e+02    4.5850000000e+01
    3.0050614652e+02    1.1149629076e+03   -1.5965220609e+05    1.7190891935e-02    1.6885092266e-03    1.7818764177e-04    2.5450077604e+02    5.3110345124e+02    4.5850000000e+01
    2.9958172574e+02    1.1115330447e+03   -1.5964525275e+05    1.6822535862e-02    3.9748305128e-03    2.7685401836e-03    2.5450077604e+02    5.3110345124e+02    4.5850000000e+01
    2.9965333296e+02    1.1117987277e+03   -1.5964974346e+05    1.9857000066e-02    4.1312398927e-03    3.9042592063e-04    2.5450077604e+02    5.3110345124e+02    4.5850000000e+01
    2.9970827143e+02    1.1120025650e+03   -1.5964648858e+05    1.8100659311e-02    3.7069210131e-03    1.0765455799e-03    2.5450077604e+02    5.3110345124e+02    4.5850000000e+01
    2.9997752941e+02    1.1130015884e+03   -1.5964961345e+05    1.8107485358e-02    3.1912155389e-03    3.3640651917e-04    2.5450077604e+02    5.3110345124e+02    4.5850000000e+01
    3.0073737136e+02    1.1158208172e+03   -1.5965265657e+05    1.6301173880e-02   -6.2039388256e-06   -3.6469224757e-03    2.5450077604e+02    5.3110345124e+02    4.5850000000e+01
    2.9862960313e+02    1.1080004002e+03   -1.5964396586e+05    1.6662889118e-02   -1.9877161015e-03    1.4774156284e-03    2.5450077604e+02    5.3110345124e+02    4.5850000000e+01
    3.0022957663e+02    1.1139367550e+03   -1.5964466864e+05    1.1984132361e-02   -4.2354511954e-03   -7.5892486360e-04    2.5450077604e+02    5.3110345124e+02    4.5850000000e+01
    3.0134461926e+02    1.1180738789e+03   -1.5965108445e+05    1.4412485625e-02   -3.8856508476e-03   -3.1400359330e-03    2.5450077604e+02    5.3110345124e+02    4.5850000000e+01
    2.9965477642e+02    1.1118040834e+03   -1.5965021110e+05    1.7126540286e-02   -5.7769119137e-04    3.9526820054e-03    2.5450077604e+02    5.3110345124e+02    4.5850000000e+01
    3.0076060909e+02    1.1159070357e+03   -1.5964923881e+05    1.6887701099e-02    8.9279119665e-04    4.4464801755e-03    2.5450077604e+02    5.3110345124e+02    4.5850000000e+01
    2.9914797111e+02    1.1099236922e+03   -1.5964681187e+05    1.5116523817e-02   -1.5640344341e-05   -1.1988410397e-03    2.5450077604e+02    5.3110345124e+02    4.5850000000e+01
    3.0035853435e+02    1.1144152246e+03   -1.5965112302e+05    1.6535116546e-02    6.1067397599e-04   -2.6601989589e-03    2.5450077604e+02    5.3110345124e+02    4.5850000000e+01
    2.9836095241e+02    1.1070036299e+03   -1.5964246050e+05    1.4185545275e-02    4.5267643494e-05   -4.7373627618e-04    2.5450077604e+02    5.3110345124e+02    4.5850000000e+01
    2.9901628916e+02    1.1094351148e+03   -1.5964234698e+05    9.2431061107e-03   -2.9727899213e-03    7.6753202751e-04    2.5450077604e+02    5.3110345124e+02    4.5850000000e+01
    3.0010149599e+02    1.1134615395e+03   -1.5964592585e+05    8.1579324888e-03   -5.0246083577e-03    3.0548069086e-03    2.5450077604e+02    5.3110345124e+02    4.5850000000e+01
    3.0029550581e+02    1.1141813709e+03   -1.5964637223e+05    9.8109901022e-03   -3.6868813541e-03    7.7982760307e-04    2.5450077604e+02    5.3110345124e+02    4.5850000000e+01
    3.0008824931e+02    1.1134123906e+03   -1.5964878780e+05    8.8654589086e-03   -3.2596171652e-03   -2.5928515232e-03    2.5450077604e+02    5.3110345124e+02    4.5850000000e+01
    3.0119949770e+02    1.1175354368e+03   -1.5965033435e+05    9.9104641393e-03   -3.1328253602e-03    6.0625201821e-04    2.5450077604e+02    5.3110345124e+02    4.5850000000e+01
    3.0104843599e+02    1.1169749551e+03   -1.5965106155e+05    1.2206834423e-02   -7.1731921764e-04    5.0924121971e-04    2.5450077604e+02    5.3110345124e+02    4.5850000000e+01
    3.0121310741e+02    1.1175859327e+03   -1.5965213059e+05    1.1914337258e-02   -5.3239571176e-04    1.6024314633e-03    2.5450077604e+02    5.3110345124e+02    4.5850000000e+01
    3.0203266619e+02    1.1206267278e+03   -1.5965474118e+05    1.5143166564e-02   -1.5168220485e-03   -2.1429195904e-03    2.5450077604e+02    5.3110345124e+02    4.5850000000e+01
    3.0040032051e+02    1.1145702631e+03   -1.5964918903e+05    1.7529227901e-02   -1.0021128654e-03   -1.0309600441e-03    2.5450077604e+02    5.3110345124e+02    4.5850000000e+01
    2.9929767809e+02    1.1104791474e+03   -1.5964754238e+05    1.8800042320e-02    1.6787025167e-03    1.6660931134e-04    2.5450077604e+02    5.3110345124e+02    4.5850000000e+01
    2.9926096734e+02    1.1103429402e+03   -1.5964840341e+05    2.0151610082e-02    5.5921350080e-03    1.5340759098e-03    2.5450077604e+02    5.3110345124e+02    4.5850000000e+01
    3.0034612518e+02    1.1143691831e+03   -1.5965056311e+05    1.7881208101e-02    5.4348458720e-03    3.5873342330e-04    2.5450077604e+02    5.3110345124e+02    4.5850000000e+01
    3.0070550526e+02    1.1157025849e+03   -1.5964927627e+05    1.6622029505e-02    2.9809299282e-03   -1.4741557291e-03    2.5450077604e+02    5.3110345124e+02    4.5850000000e+01
    3.0134429599e+02    1.1180726795e+03   -1.5965164455e+05    1.5471728438e-02    2.9832766079e-03   -5.0681835002e-03    2.5450077604e+02    5.3110345124e+02    4.5850000000e+01
    2.9991573437e+02    1.1127723113e+03   -1.5964912726e+05    1.9133539754e-02    7.3430670847e-03    2.7481559134e-04    2.5450077604e+02    5.3110345124e+02    4.5850000000e+01
    2.9844133061e+02    1.1073018558e+03   -1.5964573855e+05    1.8720099996e-02    9.1239236617e-03   -2.2245020142e-03    2.5450077604e+02    5.3110345124e+02    4.5850000000e+01
    2.9979769049e+02    1.1123343350e+03   -1.5964903514e+05    1.7439581370e-02    8.8199702636e-03   -1.3987045618e-03    2.5450077604e+02    5.3110345124e+02    4.5850000000e+01
    3.0289110413e+02    1.1238117757e+03   -1.5965753666e+05    1.4665593623e-02    1.0148841563e-02    4.2642973955e-03    2.5450077604e+02    5.3110345124e+02    4.5850000000e+01
    3.0107521748e+02    1.1170743220e+03   -1.5965003498e+05    1.6794616302e-02    8.7280485297e-03    3.9684583788e-03    2.5450077604e+02    5.3110345124e+02    4.5850000000e+01
    2.9929820370e+02    1.1104810976e+03   -1.5964504987e+05    2.0101569988e-02    1.0448176631e-02    5.0389312895e-03    2.5450077604e+02    5.3110345124e+02    4.5850000000e+01
    2.9900119585e+02    1.1093791144e+03   -1.5964610327e+05    1.8418161088e-02    9.0684691413e-03   -4.7815353808e-03    2.5450077604e+02    5.3110345124e+02    4.5850000000e+01
    2.9773481526e+02    1.1046804837e+03   -1.5963949221e+05    1.7132953667e-02    1.0012837951e-02   -3.3335573628e-03    2.5450077604e+02    5.3110345124e+02    4.5850000000e+01
    2.9805585503e+02    1.1058716322e+03   -1.5964144544e+05    1.9963477015e-02    1.1762816862e-02   -1.7710289682e-04    2.5450077604e+02    5.3110345124e+02    4.5850000000e+01
    2.9878639565e+02    1.1085821448e+03   -1.5964331997e+05    2.2206860018e-02    1.2999359895e-02    1.0075694574e-03    2.5450077604e+02    5.3110345124e+02    4.5850000000e+01
    2.9937045458e+02    1.1107491688e+03   -1.5964831146e+05    2.5320562673e-02    1.4707826062e-02   -1.4957665848e-03    2.5450077604e+02    5.3110345124e+02    4.5850000000e+01
    3.0041724555e+02    1.1146330598e+03   -1.5965265980e+05    2.4877307107e-02    1.6300493025e-02   -3.1498855596e-03    2.5450077604e+02    5.3110345124e+02    4.5850000000e+01
    2.9987640949e+02    1.1126264048e+03   -1.5964892973e+05    2.4012217458e-02    1.3025194403e-02   -1.3607685534e-03    2.5450077604e+02    5.3110345124e+02    4.5850000000e+01
    2.9974096129e+02    1.1121238536e+03   -1.5964730141e+05    2.2832823440e-02    1.4819326316e-02    2.4922483106e-03    2.5450077604e+02    5.3110345124e+02    4.5850000000e+01
    2.9940242416e+02    1.1108677850e+03   -1.5964916886e+05    2.3216709954e-02    1.8127880091e-02    2.4746056952e-03    2.5450077604e+02    5.3110345124e+02    4.5850000000e+01
    2.9998699421e+02    1.1130367055e+03   -1.5964589400e+05    1.7085999091e-02    1.3671877993e-02   -2.6901388695e-03    2.5450077604e+02    5.3110345124e+02    4.5850000000e+01
    2.9966702851e+02    1.1118495421e+03   -1.5964640232e+05    1.6240802008e-02    1.0791420265e-02   -2.4693426979e-03    2.5450077604e+02    5.3110345124e+02    4.5850000000e+01
    2.9933699888e+02    1.1106250387e+03   -1.5964625942e+05    1.3884831429e-02    9.0812845899e-03   -1.2987866566e-03    2.5450077604e+02    5.3110345124e+02    4.5850000000e+01
    2.9981364501e+02    1.1123935308e+03   -1.5964609911e+05    1.3705531245e-02    7.5167281363e-03    2.7704359596e-03    2.5450077604e+02    5.3110345124e+02    4.5850000000e+01
    2.9939761110e+02    1.1108499272e+03   -1.5964303780e+05    1.3139762333e-02    6.9836907670e-03    2.8119036585e-03    2.5450077604e+02    5.3110345124e+02    4.5850000000e+01
    3.0099973243e+02    1.1167942511e+03   -1.5965146470e+05    1.5045878654e-02    1.1656583421e-02   -1.8152662799e-04    2.5450077604e+02    5.3110345124e+02    4.5850000000e+01
    3.0024752143e+02    1.1140033352e+03   -1.5965336387e+05    2.0576885539e-02    1.3205017661e-02   -3.9136050426e-03    2.5450077604e+02    5.3110345124e+02    4.5850000000e+01
    3.0031209950e+02    1.1142429382e+03   -1.5965286977e+05    2.0315358008e-02    1.2939269166e-02   -9.5961395722e-04    2.5450077604e+02    5.3110345124e+02    4.5850000000e+01
    3.0194215267e+02    1.1202908971e+03   -1.5965644206e+05    2.0910414234e-02    1.4089958082e-02    2.9488880376e-03    2.5450077604e+02    5.3110345124e+02    4.5850000000e+01
    2.9931824493e+02    1.1105554563e+03   -1.5964601877e+05    1.7628181771e-02    1.1315447767e-02   -9.2690505707e-04    2.5450077604e+02    5.3110345124e+02    4.5850000000e+01
    2.9924827478e+02    1.1102958472e+03   -1.5964567290e+05    1.2695907825e-02    6.3471407996e-03   -1.5864847542e-03    2.5450077604e+02    5.3110345124e+02    4.5850000000e+01
    2.9938028001e+02    1.1107856240e+03   -1.5964385229e+05    1.0455080539e-02    4.9088182824e-03    2.6428853531e-03    2.5450077604e+02    5.3110345124e+02    4.5850000000e+01
    3.0078710929e+02    1.1160053590e+03   -1.5964924489e+05    6.3107195034e-03    4.2318029768e-03    1.4586142379e-03    2.5450077604e+02    5.3110345124e+02    4.5850000000e+01
    2.9980538274e+02    1.1123628755e+03   -1.5964681574e+05    7.6362318333e-03    5.9946170299e-03   -7.9998640196e-04    2.5450077604e+02    5.3110345124e+02    4.5850000000e+01
    2.9407797083e+02    1.0911125553e+03   -1.5963712684e+05    4.8221695093e-02    4.9176275403e-02    2.8332018261e-02    2.5450077604e+02    5.3110345124e+02    4.5850000000e+01
    2.9831463741e+02    1.1068317881e+03   -1.5964057057e+05    2.5570452196e-02    2.2995828430e-02   -1.4900602469e-02    2.5450077604e+02    5.3110345124e+02    4.5850000000e+01
    2.9896534247e+02    1.1092460882e+03   -1.5964695830e+05    2.2828044417e-02    1.9724884433e-02   -1.3843206063e-02    2.5450077604e+02    5.3110345124e+02    4.5850000000e+01
    2.9966305498e+02    1.1118347992e+03   -1.5964893603e+05    2.4876599209e-02    2.4007720521e-02    5.4683290813e-03    2.5450077604e+02    5.3110345124e+02    4.5850000000e+01
    2.9989942190e+02    1.1127117874e+03   -1.5965103214e+05    2.6484225328e-02    1.9114413897e-02    9.2964309109e-03    2.5450077604e+02    5.3110345124e+02    4.5850000000e+01
    2.9897129440e+02    1.1092681715e+03   -1.5964568169e+05    2.2070391823e-02    1.5854145110e-02   -1.0302822669e-03    2.5450077604e+02    5.3110345124e+02    4.5850000000e+01
    2.9769312014e+02    1.1045257830e+03   -1.5963704211e+05    1.7415592842e-02    1.3581250105e-02   -3.3306573561e-03    2.5450077604e+02    5.3110345124e+02    4.5850000000e+01
    3.0023611644e+02    1.1139610195e+03   -1.5965256633e+05    2.1769720430e-02    1.6139497615e-02    4.6984088061e-05    2.5450077604e+02    5.3110345124e+02    4.5850000000e+01
    3.0041528087e+02    1.1146257703e+03   -1.5965205266e+05    2.0518196494e-02    1.6856542834e-02    7.4297534231e-04    2.5450077604e+02    5.3110345124e+02    4.5850000000e+01
    3.0043964993e+02    1.1147161864e+03   -1.5964965760e+05    1.7966694297e-02    1.3257107334e-02   -1.7221539680e-03    2.5450077604e+02    5.3110345124e+02    4.5850000000e+01
    3.0023407020e+02    1.1139534274e+03   -1.5965057486e+05    1.8127655805e-02    1.1610211188e-02    9.2306199135e-05    2.5450077604e+02    5.3110345124e+02    4.5850000000e+01
    3.0187895069e+02    1.1200563998e+03   -1.5965420947e+05    1.7338301535e-02    1.2080136802e-02   -1.5737752253e-03    2.5450077604e+02    5.3110345124e+02    4.5850000000e+01
    2.9942635627e+02    1.1109565799e+03   -1.5964665217e+05    1.6016695697e-02    1.3970418360e-02   -8.5485012465e-04    2.5450077604e+02    5.3110345124e+02    4.5850000000e+01
    2.9957568946e+02    1.1115106483e+03   -1.5964848459e+05    1.5479969765e-02    1.3510659459e-02    1.5707062187e-03    2.5450077604e+02    5.3110345124e+02    4.5850000000e+01
    3.0008297139e+02    1.1133928080e+03   -1.5965056007e+05    1.6350894548e-02    1.4429311393e-02    3.1474736225e-03    2.5450077604e+02    5.3110345124e+02    4.5850000000e+01
    3.0024878723e+02    1.1140080317e+03   -1.5965039210e+05    1.6779629101e-02    1.2981547139e-02   -3.3501147454e-03    2.5450077604e+02    5.3110345124e+02    4.5850000000e+01
    3.0051197299e+02    1.1149845254e+03   -1.5964942540e+05    1.7923693451e-02    1.0239864797e-02   -9.9796790715e-04    2.5450077604e+02    5.3110345124e+02    4.5850000000e+01
    3.0167007432e+02    1.1192814093e+03   -1.5965646466e+05    1.9799518127e-02    8.1645709570e-03    2.4769951229e-03    2.5450077604e+02    5.3110345124e+02    4.5850000000e+01
    2.9957728017e+02    1.1115165503e+03   -1.5964578447e+05    1.5654243233e-02    9.6352169894e-03   -7.2337957549e-04    2.5450077604e+02    5.3110345124e+02    4.5850000000e+01
    2.9935081319e+02    1.1106762937e+03   -1.5964660653e+05    1.5651845705e-02    8.4753145807e-03    4.2585137420e-04    2.5450077604e+02    5.3110345124e+02    4.5850000000e+01
    2.9929714113e+02    1.1104771552e+03   -1.5964548228e+05    1.6460906539e-02    7.3424308011e-03    1.1122079998e-04    2.5450077604e+02    5.3110345124e+02    4.5850000000e+01
    3.0122514461e+02    1.1176305941e+03   -1.5965027656e+05    1.4201112413e-02    8.3300141354e-03   -2.4976830636e-03    2.5450077604e+02    5.3110345124e+02    4.5850000000e+01
    3.0001022740e+02    1.1131229072e+03   -1.5965135046e+05    1.5652681464e-02    9.3088710559e-03    1.7300637984e-04    2.5450077604e+02    5.3110345124e+02    4.5850000000e+01
    2.9869434631e+02    1.1082406157e+03   -1.5964261701e+05    1.3959153280e-02    8.7515291169e-03    7.8042091910e-04    2.5450077604e+02    5.3110345124e+02    4.5850000000e+01
    3.0101691283e+02    1.1168579952e+03   -1.5965203562e+05    1.3366926776e-02    9.2771989264e-03    2.9878756604e-03    2.5450077604e+02    5.3110345124e+02    4.5850000000e+01
    2.9975694657e+02    1.1121831635e+03   -1.5964547228e+05    1.4049670185e-02    8.3674580225e-03   -2.4170621691e-03    2.5450077604e+02    5.3110345124e+02    4.5850000000e+01
    2.9955620349e+02    1.1114383499e+03   -1.5964782823e+05    1.7801536227e-02    1.2199582201e-02    1.4782323306e-03    2.5450077604e+02    5.3110345124e+02    4.5850000000e+01
    3.0002844376e+02    1.1131904950e+03   -1.5965046163e+05    1.6752680515e-02    1.2715399585e-02    1.3524585640e-03    2.5450077604e+02    5.3110345124e+02    4.5850000000e+01
    3.0044329096e+02    1.1147296956e+03   -1.5965078636e+05    1.4658998499e-02    9.9530734097e-03   -3.4809758475e-03    2.5450077604e+02    5.3110345124e+02    4.5850000000e+01
    3.0062083999e+02    1.1153884528e+03   -1.5965057622e+05    1.5802111793e-02    1.2003072967e-02   -1.4887665020e-03    2.5450077604e+02    5.3110345124e+02    4.5850000000e+01
    3.0095994340e+02    1.1166466225e+03   -1.5965087722e+05    1.5230827872e-02    1.3937082321e-02   -2.5289956968e-04    2.5450077604e+02    5.3110345124e+02    4.5850000000e+01
    2.9975161177e+02    1.1121633699e+03   -1.5964571333e+05    1.4325744685e-02    1.4329179163e-02    5.4201023939e-04    2.5450077604e+02    5.3110345124e+02    4.5850000000e+01
    3.0086945955e+02    1.1163109018e+03   -1.5964954782e+05    1.7382594046e-02    1.3261416333e-02    1.5008995195e-03    2.5450077604e+02    5.3110345124e+02    4.5850000000e+01
    2.9934038983e+02    1.1106376201e+03   -1.5964773846e+05    2.1052158115e-02    1.5570691143e-02   -3.7313737670e-03    2.5450077604e+02    5.3110345124e+02    4.5850000000e+01
    2.9930052160e+02    1.1104896977e+03   -1.5965309795e+05    2.4681840498e-02    1.9882627705e-02   -2.7756899725e-03    2.5450077604e+02    5.3110345124e+02    4.5850000000e+01
    2.9916784405e+02    1.1099974264e+03   -1.5964729270e+05    2.2872871677e-02    1.6997269372e-02    1.7192137840e-04    2.5450077604e+02    5.3110345124e+02    4.5850000000e+01
    2.9996364255e+02    1.1129500642e+03   -1.5964838316e+05    1.9703888108e-02    1.4346334130e-02   -3.5398727894e-05    2.5450077604e+02    5.3110345124e+02    4.5850000000e+01
    2.9946560352e+02    1.1111021984e+03   -1.5964818145e+05    2.2359328002e-02    1.2881382692e-02   -2.1193008003e-03    2.5450077604e+02    5.3110345124e+02    4.5850000000e+01
    3.0076797698e+02    1.1159343727e+03   -1.5965272779e+05    2.2415052048e-02    1.4019917039e-02    4.5638269798e-03    2.5450077604e+02    5.3110345124e+02    4.5850000000e+01
    3.0139928285e+02    1.1182766963e+03   -1.5965528153e+05    1.8579519207e-02    1.5294744837e-02    1.2821245133e-03    2.5450077604e+02    5.3110345124e+02    4.5850000000e+01
    3.0040053511e+02    1.1145710593e+03   -1.5965103470e+05    1.7141466730e-02    1.3378695190e-02   -5.6765814051e-04    2.5450077604e+02    5.3110345124e+02    4.5850000000e+01
    3.0167048698e+02    1.1192829404e+03   -1.5965288247e+05    1.7207857473e-02    8.5080132139e-03    7.5505984295e-04    2.5450077604e+02    5.3110345124e+02    4.5850000000e+01
    2.9966177999e+02    1.1118300686e+03   -1.5964666717e+05    1.6300906871e-02    7.3239658653e-03    5.8442151356e-05    2.5450077604e+02    5.3110345124e+02    4.5850000000e+01
    2.9997890021e+02    1.1130066744e+03   -1.5964930800e+05    1.6685225907e-02    1.0386883434e-02   -1.3128084120e-03    2.5450077604e+02    5.3110345124e+02    4.5850000000e+01
    2.9951760509e+02    1.1112951389e+03   -1.5964840334e+05    1.9564860135e-02    1.2872379376e-02   -2.0261698367e-04    2.5450077604e+02    5.3110345124e+02    4.5850000000e+01
    3.0011897762e+02    1.1135264013e+03   -1.5965338133e+05    1.7882282368e-02    1.2273228668e-02    1.6751945826e-03    2.5450077604e+02    5.3110345124e+02    4.5850000000e+01
    3.0039076054e+02    1.1145347929e+03   -1.5964968727e+05    1.2820220695e-02    5.1507049788e-03   -3.5917148357e-03    2.5450077604e+02    5.3110345124e+02    4.5850000000e+01
    2.9983749627e+02    1.1124820257e+03   -1.5964757147e+05    1.4934932356e-02    5.9717747934e-03    1.9271096689e-03    2.5450077604e+02    5.3110345124e+02    4.5850000000e+01
    3.0139207719e+02    1.1182499612e+03   -1.5965464946e+05    1.3198588667e-02    6.2367587538e-03   -5.5685977605e-04    2.5450077604e+02    5.3110345124e+02    4.5850000000e+01
    2.9928281343e+02    1.1104239954e+03   -1.5964427540e+05    1.3809457880e-02    3.5973996982e-03    2.5275743707e-03    2.5450077604e+02    5.3110345124e+02    4.5850000000e+01
    3.0093199806e+02    1.1165429374e+03   -1.5965106084e+05    1.1582459534e-02    3.9914601435e-03   -1.1174970752e-03    2.5450077604e+02    5.3110345124e+02    4.5850000000e+01
    3.0161006055e+02    1.1190587412e+03   -1.5965461431e+05    1.3617423958e-02    6.6879777732e-03   -3.5936141409e-05    2.5450077604e+02    5.3110345124e+02    4.5850000000e+01
    3.0001741717e+02    1.1131495833e+03   -1.5964694968e+05    1.4542085226e-02    6.1566367384e-03   -3.9635736424e-04    2.5450077604e+02    5.3110345124e+02    4.5850000000e+01
    3.0077302516e+02    1.1159531029e+03   -1.5965242410e+05    1.2351154307e-02    3.8026264360e-03   -2.7513446215e-03    2.5450077604e+02    5.3110345124e+02    4.5850000000e+01
    3.0082752682e+02    1.1161553195e+03   -1.5965446323e+05    1.6183281507e-02    2.1450773785e-03   -1.3060462988e-03    2.5450077604e+02    5.3110345124e+02    4.5850000000e+01
    2.9993950938e+02    1.1128605233e+03   -1.5965016200e+05    1.5094064821e-02    1.3240503574e-03    1.3030998182e-04    2.5450077604e+02    5.3110345124e+02    4.5850000000e+01
    3.0133150105e+02    1.1180252066e+03   -1.5965328552e+05    1.2689825296e-02   -1.4707097844e-03   -1.7185931285e-03    2.5450077604e+02    5.3110345124e+02    4.5850000000e+01
    2.9866382931e+02    1.1081273889e+03   -1.5963986372e+05    1.0755586314e-02   -1.3639575075e-03   -2.0162151843e-03    2.5450077604e+02    5.3110345124e+02    4.5850000000e+01
    3.0010982949e+02    1.1134924591e+03   -1.5964777039e+05    1.3746298356e-02   -3.0213650404e-04    3.6636307307e-03    2.5450077604e+02    5.3110345124e+02    4.5850000000e+01
    3.0052084102e+02    1.1150174283e+03   -1.5964683472e+05    1.3643817968e-02   -5.5774377929e-04    2.3700657335e-03    2.5450077604e+02    5.3110345124e+02    4.5850000000e+01
    2.9889676292e+02    1.1089916386e+03   -1.5964441509e+05    1.4687902065e-02   -2.6694847423e-04   -2.9718272138e-03    2.5450077604e+02    5.3110345124e+02    4.5850000000e+01
    3.0081174942e+02    1.1160967809e+03   -1.5965042075e+05    1.4872149567e-02    2.3934942322e-03    4.3455308733e-04    2.5450077604e+02    5.3110345124e+02    4.5850000000e+01
    3.0011543765e+02    1.1135132670e+03   -1.5965029332e+05    1.7408192203e-02    5.6364193232e-03   -2.2237063186e-04    2.5450077604e+02    5.3110345124e+02    4.5850000000e+01
    2.9968212742e+02    1.1119055633e+03   -1.5964745843e+05    1.4758665912e-02    4.2432367124e-03   -6.1242425519e-03    2.5450077604e+02    5.3110345124e+02    4.5850000000e+01
    3.0015830415e+02    1.1136723139e+03   -1.5965281118e+05    1.8416104944e-02    7.6417571109e-03   -8.2581151642e-04    2.5450077604e+02    5.3110345124e+02    4.5850000000e+01
    3.0027028415e+02    1.1140877914e+03   -1.5964950783e+05    1.7882220493e-02    5.0738603918e-03    1.6893024094e-03    2.5450077604e+02    5.3110345124e+02    4.5850000000e+01
    2.9960335184e+02    1.1116132836e+03   -1.5964812327e+05    1.6167928601e-02    5.1229985312e-03   -3.5017156889e-03    2.5450077604e+02    5.3110345124e+02    4.5850000000e+01
    2.9899436979e+02    1.1093537877e+03   -1.5964510411e+05    1.2614255337e-02    3.9907966051e-03   -1.5865396364e-03    2.5450077604e+02    5.3110345124e+02    4.5850000000e+01
    2.9806315921e+02    1.1058987328e+03   -1.5963949958e+05    1.2256347808e-02    7.0032865594e-04    4.9641142632e-04    2.5450077604e+02    5.3110345124e+02    4.5850000000e+01
    3.0046701440e+02    1.1148177163e+03   -1.5964896852e+05    1.2739262809e-02   -3.2958774661e-05    1.7441638944e-04    2.5450077604e+02    5.3110345124e+02    4.5850000000e+01
    2.9824844258e+02    1.1065861866e+03   -1.5964483082e+05    1.4979093118e-02    8.2552357902e-05   -1.4515893342e-03    2.5450077604e+02    5.3110345124e+02    4.5850000000e+01
    2.9939263549e+02    1.1108314663e+03   -1.5964237998e+05    1.3310732186e-02   -2.6847564309e-03   -3.0347760787e-04    2.5450077604e+02    5.3110345124e+02    4.5850000000e+01
    3.0086378448e+02    1.1162898457e+03   -1.5965311625e+05    1.4735233381e-02   -1.0538990859e-03   -1.5914793933e-03    2.5450077604e+02    5.3110345124e+02    4.5850000000e+01
    2.9907831374e+02    1.1096652436e+03   -1.5964413163e+05    1.6274401802e-02   -8.2763201093e-04    1.1463935707e-03    2.5450077604e+02    5.3110345124e+02    4.5850000000e+01
    3.0209971755e+02    1.1208755074e+03   -1.5965693676e+05    1.7006147956e-02   -1.3421141332e-03   -1.7908302065e-03    2.5450077604e+02    5.3110345124e+02    4.5850000000e+01
    2.9966690550e+02    1.1118490857e+03   -1.5964416208e+05    1.9247433807e-02   -3.2358393648e-03    7.1660808028e-04    2.5450077604e+02    5.3110345124e+02    4.5850000000e+01
    3.0181781088e+02    1.1198295538e+03   -1.5965347940e+05    1.8158312583e-02   -2.7062932647e-03   -1.3077984921e-03    2.5450077604e+02    5.3110345124e+02    4.5850000000e+01
    2.9930435287e+02    1.1105039128e+03   -1.5964284756e+05    1.6691760540e-02   -3.8343359845e-03    9.2645203320e-04    2.5450077604e+02    5.3110345124e+02    4.5850000000e+01
    2.9835024525e+02    1.1069639033e+03   -1.5964131847e+05    1.9094809519e-02   -2.3550849908e-03   -7.1298751391e-04    2.5450077604e+02    5.3110345124e+02    4.5850000000e+01
    2.9851160005e+02    1.1075625753e+03   -1.5964394390e+05    1.9286684513e-02   -1.4846823617e-03   -1.4490556305e-04    2.5450077604e+02    5.3110345124e+02    4.5850000000e+01
    3.0204198760e+02    1.1206613129e+03   -1.5965837165e+05    2.1869517900e-02    1.0179205064e-03   -1.0136284257e-03    2.5450077604e+02    5.3110345124e+02    4.5850000000e+01
    3.0019255912e+02    1.1137994095e+03   -1.5964900291e+05    2.0944754016e-02    1.6943840325e-03   -2.0261397228e-04    2.5450077604e+02    5.3110345124e+02    4.5850000000e+01
    2.9806672670e+02    1.1059119692e+03   -1.5964060804e+05    2.0252071736e-02    1.8215468132e-03    4.2109197476e-03    2.5450077604e+02    5.3110345124e+02    4.5850000000e+01
    2.9980860492e+02    1.1123748307e+03   -1.5964558398e+05    1.7750292301e-02   -1.1778177947e-03   -1.0793300958e-03    2.5450077604e+02    5.3110345124e+02    4.5850000000e+01
    3.0020264483e+02    1.1138368303e+03   -1.5964777869e+05    1.7765102484e-02   -2.9505075920e-03   -3.2350166460e-04    2.5450077604e+02    5.3110345124e+02    4.5850000000e+01
    3.0216916161e+02    1.1211331645e+03   -1.5965365739e+05    1.6459294959e-02   -1.9391779309e-03   -1.1197006032e-03    2.5450077604e+02    5.3110345124e+02    4.5850000000e+01
    3.0115355134e+02    1.1173649628e+03   -1.5965229420e+05    2.1192140070e-02    2.6614635479e-03    6.6358760558e-04    2.5450077604e+02    5.3110345124e+02    4.5850000000e+01
    2.9957359963e+02    1.1115028945e+03   -1.5964817370e+05    2.0373235527e-02    3.2724239293e-03    2.9312894720e-03    2.5450077604e+02    5.3110345124e+02    4.5850000000e+01
    3.0028546210e+02    1.1141441059e+03   -1.5964963683e+05    2.0708499339e-02    3.4742610520e-03    2.3158659359e-03    2.5450077604e+02    5.3110345124e+02    4.5850000000e+01
    2.9974872752e+02    1.1121526686e+03   -1.5964962512e+05    2.0861309958e-02    3.1533883642e-03   -1.2264522870e-03    2.5450077604e+02    5.3110345124e+02    4.5850000000e+01
    3.0121749886e+02    1.1176022262e+03   -1.5965145568e+05    1.8012822198e-02    3.4339018319e-04    1.1868218969e-03    2.5450077604e+02    5.3110345124e+02    4.5850000000e+01
    3.0019259897e+02    1.1137995574e+03   -1.5964908445e+05    1.9573165847e-02    1.2317962423e-03   -7.1062733903e-04    2.5450077604e+02    5.3110345124e+02    4.5850000000e+01
    2.9978767982e+02    1.1122971926e+03   -1.5964692614e+05    1.9763055334e-02    1.1906936220e-03    2.6627524782e-04    2.5450077604e+02    5.3110345124e+02    4.5850000000e+01
    3.0117474058e+02    1.1174435809e+03   -1.5965372917e+05    1.8260095363e-02    4.6786204913e-04   -3.9421883806e-04    2.5450077604e+02    5.3110345124e+02    4.5850000000e+01
    3.0188533479e+02    1.1200800866e+03   -1.5965330431e+05    1.7065619558e-02   -9.5048252742e-04   -1.6285676544e-03    2.5450077604e+02    5.3110345124e+02    4.5850000000e+01
    2.9787178222e+02    1.1051886700e+03   -1.5963735112e+05    1.3508886085e-02   -4.0599641119e-03   -4.8385437032e-03    2.5450077604e+02    5.3110345124e+02    4.5850000000e+01
    2.9971276963e+02    1.1120192546e+03   -1.5964686975e+05    1.7523322251e-02   -3.9444003340e-04    3.1731581941e-04    2.5450077604e+02    5.3110345124e+02    4.5850000000e+01
    3.0039567313e+02    1.1145530200e+03   -1.5964811304e+05    2.1740285247e-02   -1.0250912179e-03   -5.4233248942e-04    2.5450077604e+02    5.3110345124e+02    4.5850000000e+01
    3.0065512242e+02    1.1155156503e+03   -1.5965011875e+05    2.3739084761e-02   -1.6725163540e-03    1.7747801588e-04    2.5450077604e+02    5.3110345124e+02    4.5850000000e+01
    3.0046631560e+02    1.1148151235e+03   -1.5965280791e+05    2.2542846666e-02    8.6312375617e-04   -7.8101284854e-04    2.5450077604e+02    5.3110345124e+02    4.5850000000e+01
    2.9326166370e+02    1.0880838246e+03   -1.5963641336e+05    5.1115848965e-02    5.4174450393e-02    2.7926576287e-02    2.5450077604e+02    5.3110345124e+02    4.5850000000e+01
    2.9985275752e+02    1.1125386493e+03   -1.5964660376e+05    2.8793040803e-02    2.9414508353e-02   -8.7228331991e-03    2.5450077604e+02    5.3110345124e+02    4.5850000000e+01
    2.9927507801e+02    1.1103952947e+03   -1.5964828660e+05    2.2017162462e-02    2.3130466804e-02   -1.5457990510e-02    2.5450077604e+02    5.3110345124e+02    4.5850000000e+01
    2.9751873944e+02    1.1038787813e+03   -1.5963791706e+05    1.9244206700e-02    2.2407555133e-02   -4.8009660704e-04    2.5450077604e+02    5.3110345124e+02    4.5850000000e+01
    2.9894470228e+02    1.1091695072e+03   -1.5964741754e+05    2.3511986166e-02    2.4067865389e-02    8.3685828381e-03    2.5450077604e+02    5.3110345124e+02    4.5850000000e+01
    3.0206895697e+02    1.1207613769e+03   -1.5965694537e+05    1.8601531326e-02    2.1414982926e-02    3.8189395951e-03    2.5450077604e+02    5.3110345124e+02    4.5850000000e+01
    2.9942441367e+02    1.1109493723e+03   -1.5964563903e+05    1.3998078437e-02    1.7229722558e-02   -1.0034415775e-03    2.5450077604e+02    5.3110345124e+02    4.5850000000e+01
    2.9972672234e+02    1.1120710231e+03   -1.5964778409e+05    1.5275339097e-02    1.1157771798e-02   -4.8201632372e-03    2.5450077604e+02    5.3110345124e+02    4.5850000000e+01
    2.9894105420e+02    1.1091559718e+03   -1.5964301206e+05    1.4989988883e-02    1.3202207164e-02   -1.1059903326e-03    2.5450077604e+02    5.3110345124e+02    4.5850000000e+01
    2.9922106898e+02    1.1101949059e+03   -1.5964520823e+05    1.5829754876e-02    1.3212380532e-02    1.0395478247e-03    2.5450077604e+02    5.3110345124e+02    4.5850000000e+01
    3.0007048263e+02    1.1133464711e+03   -1.5965182853e+05    1.5065874171e-02    1.3080738844e-02   -8.5216304633e-04    2.5450077604e+02    5.3110345124e+02    4.5850000000e+01
    3.0028616298e+02    1.1141467063e+03   -1.5965089001e+05    1.3094800179e-02    1.3266528089e-02   -5.4434728994e-04    2.5450077604e+02    5.3110345124e+02    4.5850000000e+01
    2.9965528703e+02    1.1118059779e+03   -1.5964516620e+05    7.8864194053e-03    1.2068776232e-02   -9.9303669815e-04    2.5450077604e+02    5.3110345124e+02    4.5850000000e+01
    3.0132185588e+02    1.1179894203e+03   -1.5965229910e+05    9.8711864812e-03    1.3332079264e-02    3.3873211590e-04    2.5450077604e+02    5.3110345124e+02    4.5850000000e+01
    2.9936850251e+02    1.1107419261e+03   -1.5964767236e+05    1.0341598668e-02    1.3633476416e-02   -1.8542471955e-03    2.5450077604e+02    5.3110345124e+02    4.5850000000e+01
    3.0063342383e+02    1.1154351424e+03   -1.5965025625e+05    1.2538506777e-02    1.3686029678e-02   -8.6144305425e-04    2.5450077604e+02    5.3110345124e+02    4.5850000000e+01
    3.0128985435e+02    1.1178706856e+03   -1.5965111121e+05    1.4891823523e-02    1.5349775610e-02    2.0866785320e-03    2.5450077604e+02    5.3110345124e+02    4.5850000000e+01
    3.0025083483e+02    1.1140156289e+03   -1.5964711895e+05    1.2311160998e-02    1.4282656960e-02    3.0976162364e-04    2.5450077604e+02    5.3110345124e+02    4.5850000000e+01
    2.9877501418e+02    1.1085399163e+03   -1.5964243126e+05    8.4767176746e-03    1.1122085863e-02   -6.6739380341e-03    2.5450077604e+02    5.3110345124e+02    4.5850000000e+01
    3.0123310607e+02    1.1176601334e+03   -1.5965174314e+05    9.2009479662e-03    1.2992156586e-02    9.7653898201e-04    2.5450077604e+02    5.3110345124e+02    4.5850000000e+01
    3.0013447153e+02    1.1135838881e+03   -1.5964590341e+05    1.1664004031e-02    1.2204162245e-02    1.5033979428e-03    2.5450077604e+02    5.3110345124e+02    4.5850000000e+01
    3.0021536027e+02    1.1138840082e+03   -1.5964893680e+05    1.3784113344e-02    1.4189306409e-02    2.4338822021e-03    2.5450077604e+02    5.3110345124e+02    4.5850000000e+01
    3.0045900886e+02    1.1147880135e+03   -1.5965206760e+05    1.4645781435e-02    1.7317230331e-02    2.8980324932e-03    2.5450077604e+02    5.3110345124e+02    4.5850000000e+01
    3.0034428353e+02    1.1143623500e+03   -1.5964783343e+05    1.1829252684e-02    1.5276944958e-02   -4.4117067760e-04    2.5450077604e+02    5.3110345124e+02    4.5850000000e+01
    2.9830064073e+02    1.1067798565e+03   -1.5964382020e+05    1.2278886215e-02    1.8566537183e-02   -4.1668091405e-03    2.5450077604e+02    5.3110345124e+02    4.5850000000e+01
    3.0043783828e+02    1.1147094646e+03   -1.5965109245e+05    1.1923403450e-02    1.6318159311e-02   -3.2804526001e-03    2.5450077604e+02    5.3110345124e+02    4.5850000000e+01
    2.9990474232e+02    1.1127315277e+03   -1.5964970653e+05    1.5883144338e-02    1.9044697213e-02    5.4390267619e-03    2.5450077604e+02    5.3110345124e+02    4.5850000000e+01
    3.0008491252e+02    1.1134000101e+03   -1.5965030463e+05    1.3988929134e-02    1.5407137065e-02   -1.7192660736e-04    2.5450077604e+02    5.3110345124e+02    4.5850000000e+01
    3.0070424796e+02    1.1156979200e+03   -1.5965231694e+05    1.3307162434e-02    1.6475220949e-02   -2.0266359884e-03    2.5450077604e+02    5.3110345124e+02    4.5850000000e+01
    2.9981005928e+02    1.1123802268e+03   -1.5964955084e+05    1.1841582593e-02    1.5097968325e-02    2.0841973174e-04    2.5450077604e+02    5.3110345124e+02    4.5850000000e+01
    3.0126257406e+02    1.1177694679e+03   -1.5965101358e+05    1.2976432390e-02    1.4158283433e-02    1.9725783970e-03    2.5450077604e+02    5.3110345124e+02    4.5850000000e+01
    3.0089290717e+02    1.1163978991e+03   -1.5965177099e+05    1.1742602457e-02    1.3268765578e-02   -4.4355379108e-04    2.5450077604e+02    5.3110345124e+02    4.5850000000e+01
    2.9900280366e+02    1.1093850798e+03   -1.5964198699e+05    1.2424640766e-02    1.1821134134e-02   -6.4706184974e-07    2.5450077604e+02    5.3110345124e+02    4.5850000000e+01
    3.0051212566e+02    1.1149850918e+03   -1.5964821525e+05    1.1733915443e-02    1.0788564873e-02    3.2753632711e-03    2.5450077604e+02    5.3110345124e+02    4.5850000000e+01
    2.9935136499e+02    1.1106783410e+03   -1.5964340874e+05    1.0761936535e-02    8.4838868957e-03   -4.0695671176e-03    2.5450077604e+02    5.3110345124e+02    4.5850000000e+01
    2.9951195723e+02    1.1112741837e+03   -1.5964705247e+05    1.3152090315e-02    1.2608879119e-02   -1.4171240250e-03    2.5450077604e+02    5.3110345124e+02    4.5850000000e+01
    2.9974586172e+02    1.1121420356e+03   -1.5964506864e+05    1.3413732146e-02    1.3367014018e-02    4.7611714356e-06    2.5450077604e+02    5.3110345124e+02    4.5850000000e+01
    2.9992546625e+02    1.1128084193e+03   -1.5964968886e+05    1.5855859947e-02    1.4923177678e-02   -1.3414079214e-03    2.5450077604e+02    5.3110345124e+02    4.5850000000e+01
    2.9915465987e+02    1.1099485093e+03   -1.5964675568e+05    1.7356600814e-02    1.4778333759e-02    1.9694012382e-03    2.5450077604e+02    5.3110345124e+02    4.5850000000e+01
    2.9986256594e+02    1.1125750414e+03   -1.5964962295e+05    1.4652477518e-02    1.4792185531e-02   -2.0526552351e-03    2.5450077604e+02    5.3110345124e+02    4.5850000000e+01
    2.9924793128e+02    1.1102945727e+03   -1.5964724996e+05    1.4083144445e-02    1.5651315323e-02    2.3437630977e-04    2.5450077604e+02    5.3110345124e+02    4.5850000000e+01
    2.9989971900e+02    1.1127128897e+03   -1.5964714408e+05    1.2480102618e-02    1.3533988767e-02   -4.3703708518e-03    2.5450077604e+02    5.3110345124e+02    4.5850000000e+01
    3.0001608969e+02    1.1131446579e+03   -1.5964932161e+05    1.4824116803e-02    1.6853332532e-02   -2.4418362353e-03    2.5450077604e+02    5.3110345124e+02    4.5850000000e+01
    2.9969326601e+02    1.1119468906e+03   -1.5964883186e+05    2.0227187306e-02    1.9257167075e-02    5.1355419614e-03    2.5450077604e+02    5.3110345124e+02    4.5850000000e+01
    2.9972748516e+02    1.1120738534e+03   -1.5964934475e+05    1.6354679276e-02    1.8592700292e-02   -8.4295919681e-04    2.5450077604e+02    5.3110345124e+02    4.5850000000e+01
    3.0122965145e+02    1.1176473158e+03   -1.5965151842e+05    1.4501377920e-02    1.5990482962e-02    2.6387386927e-04    2.5450077604e+02    5.3110345124e+02    4.5850000000e+01
    3.0062074178e+02    1.1153880884e+03   -1.5964721168e+05    1.5116747311e-02    1.3226486903e-02    9.5380191002e-05    2.5450077604e+02    5.3110345124e+02    4.5850000000e+01
    3.0018227032e+02    1.1137612351e+03   -1.5964983255e+05    1.6368212423e-02    1.5658306341e-02   -4.1698847670e-03    2.5450077604e+02    5.3110345124e+02    4.5850000000e+01
    2.9875326717e+02    1.1084592287e+03   -1.5964694145e+05    1.7939112161e-02    1.9489478499e-02   -2.9297926242e-03    2.5450077604e+02    5.3110345124e+02    4.5850000000e+01
    2.9993903608e+02    1.1128587672e+03   -1.5964859134e+05    1.8123641332e-02    1.8659504875e-02    1.8975714342e-03    2.5450077604e+02    5.3110345124e+02    4.5850000000e+01
    3.0043586808e+02    1.1147021546e+03   -1.5964864532e+05    1.7445954149e-02    1.3664257724e-02    4.1574102412e-04    2.5450077604e+02    5.3110345124e+02    4.5850000000e+01
    3.0125845867e+02    1.1177541987e+03   -1.5965181026e+05    1.2991108093e-02    1.1988847627e-02   -1.5078078971e-03    2.5450077604e+02    5.3110345124e+02    4.5850000000e+01
    2.9876360141e+02    1.1084975717e+03   -1.5964241251e+05    1.6677354509e-02    1.0654848839e-02   -2.1755947272e-03    2.5450077604e+02    5.3110345124e+02    4.5850000000e+01
    2.9935786427e+02    1.1107024552e+03   -1.5964500234e+05    1.8669854886e-02    1.3347817808e-02   -4.1394887642e-03    2.5450077604e+02    5.3110345124e+02    4.5850000000e+01
    2.9866212871e+02    1.1081210792e+03   -1.5964632248e+05    2.2670699730e-02    1.7681734978e-02    1.7807172290e-03    2.5450077604e+02    5.3110345124e+02    4.5850000000e+01
    3.0027945724e+02    1.1141218261e+03   -1.5965184004e+05    2.1480048787e-02    1.6479315362e-02    4.8384464447e-04    2.5450077604e+02    5.3110345124e+02    4.5850000000e+01
    3.0007562107e+02    1.1133655362e+03   -1.5964779944e+05    1.6917881290e-02    1.4926337360e-02   -1.0734079647e-03    2.5450077604e+02    5.3110345124e+02    4.5850000000e+01
    3.0175515962e+02    1.1195970999e+03   -1.5965445149e+05    1.9416183009e-02    1.6746109731e-02   -3.2554208832e-03    2.5450077604e+02    5.3110345124e+02    4.5850000000e+01
    3.0033915412e+02    1.1143433185e+03   -1.5965133688e+05    2.0152574005e-02    1.4609626922e-02   -2.1874279552e-03    2.5450077604e+02    5.3110345124e+02    4.5850000000e+01
    2.9966148434e+02    1.1118289717e+03   -1.5964813604e+05    2.0453601118e-02    1.7076706562e-02    6.2108498683e-04    2.5450077604e+02    5.3110345124e+02    4.5850000000e+01
    2.9899668415e+02    1.1093623747e+03   -1.5964588593e+05    2.0927238149e-02    1.4841036127e-02    1.2034115357e-03    2.5450077604e+02    5.3110345124e+02    4.5850000000e+01
    2.9979855102e+02    1.1123375279e+03   -1.5964819578e+05    1.8249666910e-02    1.2622583964e-02   -1.1129902618e-03    2.5450077604e+02    5.3110345124e+02    4.5850000000e+01
    3.0083272530e+02    1.1161746073e+03   -1.5965315230e+05    1.8229775736e-02    1.0964879896e-02   -2.5950306312e-03    2.5450077604e+02    5.3110345124e+02    4.5850000000e+01
    3.0082460704e+02    1.1161444863e+03   -1.5964969040e+05    1.7200360935e-02    6.4416574665e-03    4.4329032976e-04    2.5450077604e+02    5.3110345124e+02    4.5850000000e+01
    2.9932740835e+02    1.1105894551e+03   -1.5964404034e+05    1.9531982706e-02    5.2348945101e-03    9.2843998312e-04    2.5450077604e+02    5.3110345124e+02    4.5850000000e+01
    2.9979986418e+02    1.1123424000e+03   -1.5964800196e+05    1.7728184330e-02    5.1770702847e-03   -3.2240412517e-03    2.5450077604e+02    5.3110345124e+02    4.5850000000e+01
    2.9971238050e+02    1.1120178108e+03   -1.5964190295e+05    1.5054209289e-02    2.0427966351e-03   -1.1328263148e-03    2.5450077604e+02    5.3110345124e+02    4.5850000000e+01
    2.9867629848e+02    1.1081736531e+03   -1.5964217041e+05    1.7124673892e-02    8.4275155040e-03    8.5162547111e-04    2.5450077604e+02    5.3110345124e+02    4.5850000000e+01
    2.9971142877e+02    1.1120142796e+03   -1.5964693832e+05    1.8366991937e-02    9.4697445160e-03    2.5039434517e-03    2.5450077604e+02    5.3110345124e+02    4.5850000000e+01
    3.0041695151e+02    1.1146319688e+03   -1.5965161886e+05    1.8725053905e-02    1.0012363301e-02   -3.9984748431e-04    2.5450077604e+02    5.3110345124e+02    4.5850000000e+01
    2.9911837673e+02    1.1098138886e+03   -1.5964597098e+05    1.7894233768e-02    9.4743399193e-03    4.4675331844e-04    2.5450077604e+02    5.3110345124e+02    4.5850000000e+01
    3.0067692464e+02    1.1155965427e+03   -1.5964844532e+05    1.6043484715e-02    4.7775142931e-03   -1.6693867687e-03    2.5450077604e+02    5.3110345124e+02    4.5850000000e+01
    2.9885841109e+02    1.1088493425e+03   -1.5964472871e+05    1.7885723142e-02    3.1150276131e-03   -2.7642501218e-03    2.5450077604e+02    5.3110345124e+02    4.5850000000e+01
    3.0057752508e+02    1.1152277422e+03   -1.5965321347e+05    1.7207347811e-02    3.6783381005e-03    1.7010447480e-03    2.5450077604e+02    5.3110345124e+02    4.5850000000e+01
    3.0026800572e+02    1.1140793378e+03   -1.5965024069e+05    1.6683593828e-02    6.2133895662e-04   -4.1695897031e-04    2.5450077604e+02    5.3110345124e+02    4.5850000000e+01
    2.9995603305e+02    1.1129218308e+03   -1.5964777561e+05    1.6752194999e-02   -1.8290753345e-03   -1.7177057415e-03    2.5450077604e+02    5.3110345124e+02    4.5850000000e+01
    3.0145580595e+02    1.1184864130e+03   -1.5965366992e+05    1.4426984135e-02   -1.4450416079e-03   -6.2843708177e-04    2.5450077604e+02    5.3110345124e+02    4.5850000000e+01
    3.0075004372e+02    1.1158678352e+03   -1.5965150578e+05    1.4508237491e-02   -1.7818629064e-03    9.4472947011e-04    2.5450077604e+02    5.3110345124e+02    4.5850000000e+01
    2.9952614610e+02    1.1113268285e+03   -1.5964596874e+05    1.3938065190e-02   -5.5258045108e-04   -2.0376431657e-03    2.5450077604e+02    5.3110345124e+02    4.5850000000e+01
    3.0089334409e+02    1.1163995202e+03   -1.5965358053e+05    1.7394608872e-02    5.0701689350e-04    1.0638506412e-03    2.5450077604e+02    5.3110345124e+02    4.5850000000e+01
    2.9934607493e+02    1.1106587134e+03   -1.5964736956e+05    1.7095595096e-02   -8.4709278459e-04    3.1894897642e-04    2.5450077604e+02    5.3110345124e+02    4.5850000000e+01
    2.9879851096e+02    1.1086270960e+03   -1.5964550179e+05    1.9019066038e-02    7.0680580042e-04    1.1669317749e-04    2.5450077604e+02    5.3110345124e+02    4.5850000000e+01
    2.9865406076e+02    1.1080911449e+03   -1.5964324633e+05    1.4132707425e-02   -1.5237081635e-03    2.0430135004e-05    2.5450077604e+02    5.3110345124e+02    4.5850000000e+01
    3.0001890112e+02    1.1131550891e+03   -1.5964778050e+05    1.2626634258e-02   -4.4938016666e-03   -1.9541987217e-03    2.5450077604e+02    5.3110345124e+02    4.5850000000e+01
    2.9945268062e+02    1.1110542507e+03   -1.5964416367e+05    1.3833595100e-02   -1.7965488480e-03    2.8224284164e-03    2.5450077604e+02    5.3110345124e+02    4.5850000000e+01
    3.0053101535e+02    1.1150551780e+03   -1.5964880671e+05    1.1390018128e-02   -1.4088228896e-03    2.2319517557e-03    2.5450077604e+02    5.3110345124e+02    4.5850000000e+01
    2.9918138184e+02    1.1100476554e+03   -1.5964550587e+05    1.1105253404e-02   -2.3584517153e-03   -1.8127399285e-03    2.5450077604e+02    5.3110345124e+02    4.5850000000e+01
    2.9864179409e+02    1.1080456320e+03   -1.5964253603e+05    1.1749393465e-02   -3.9486832162e-03   -1.6306797444e-03    2.5450077604e+02    5.3110345124e+02    4.5850000000e+01
    3.0036396183e+02    1.1144353621e+03   -1.5964933035e+05    9.4394757466e-03   -3.1798802779e-03   -2.6324473129e-03    2.5450077604e+02    5.3110345124e+02    4.5850000000e+01
    2.9947848967e+02    1.1111500096e+03   -1.5964301378e+05    6.5778887550e-03   -6.3967925736e-03    1.2431579366e-03    2.5450077604e+02    5.3110345124e+02    4.5850000000e+01
    2.9956377896e+02    1.1114664570e+03   -1.5964153799e+05    8.7495528290e-03   -5.4112946537e-03    1.4955380587e-03    2.5450077604e+02    5.3110345124e+02    4.5850000000e+01
    2.9980005618e+02    1.1123431124e+03   -1.5964862491e+05    9.5601454651e-03   -1.9660545738e-03   -1.0864189370e-03    2.5450077604e+02    5.3110345124e+02    4.5850000000e+01
    2.9829425014e+02    1.1067561456e+03   -1.5964144006e+05    1.2558047660e-02   -2.7916075489e-03    5.4411767387e-04    2.5450077604e+02    5.3110345124e+02    4.5850000000e+01
    2.9740757010e+02    1.1034663115e+03   -1.5963858696e+05    1.3160539062e-02   -4.7430792259e-03    4.9355412715e-04    2.5450077604e+02    5.3110345124e+02    4.5850000000e+01
    2.9929243770e+02    1.1104597041e+03   -1.5964182972e+05    1.0957310668e-02   -7.7282723186e-03    2.7211763683e-03    2.5450077604e+02    5.3110345124e+02    4.5850000000e+01
    3.0073409284e+02    1.1158086530e+03   -1.5965014558e+05    1.2889059096e-02   -4.8310980228e-03   -3.3863759919e-03    2.5450077604e+02    5.3110345124e+02    4.5850000000e+01
    2.9921378317e+02    1.1101678735e+03   -1.5964321940e+05    1.3469422876e-02   -2.4550034923e-03    6.6604575390e-04    2.5450077604e+02    5.3110345124e+02    4.5850000000e+01
    2.9932454673e+02    1.1105788377e+03   -1.5964679123e+05    1.5496491281e-02    7.2149770016e-04    1.8071406364e-03    2.5450077604e+02    5.3110345124e+02    4.5850000000e+01
    3.0094831902e+02    1.1166034927e+03   -1.5965267982e+05    1.4837568645e-02    4.6131040745e-04    4.7271280553e-04    2.5450077604e+02    5.3110345124e+02    4.5850000000e+01
    2.9987961315e+02    1.1126382913e+03   -1.5964752340e+05    1.3106686156e-02    6.2160438363e-04   -2.8674245160e-03    2.5450077604e+02    5.3110345124e+02    4.5850000000e+01
    2.9268518479e+02    1.0859449246e+03   -1.5962983404e+05    4.6571968380e-02    4.9351251270e-02    2.8258367500e-02    2.5450077604e+02    5.3110345124e+02    4.5850000000e+01
    3.0086333020e+02    1.1162881602e+03   -1.5965144543e+05    2.6694618024e-02    2.4763580923e-02   -1.4486648992e-02    2.5450077604e+02    5.3110345124e+02    4.5850000000e+01
    2.9828059550e+02    1.1067054830e+03   -1.5964120163e+05    1.8676020826e-02    2.1633344061e-02   -1.3809554316e-02    2.5450077604e+02    5.3110345124e+02    4.5850000000e+01
    2.9885169804e+02    1.1088244352e+03   -1.5964401662e+05    2.1665505071e-02    2.8381135825e-02    3.0171174840e-03    2.5450077604e+02    5.3110345124e+02    4.5850000000e+01
    3.0125205482e+02    1.1177304386e+03   -1.5965496161e+05    2.0547219668e-02    2.6879126533e-02    6.3080230255e-03    2.5450077604e+02    5.3110345124e+02    4.5850000000e+01
    3.0079363491e+02    1.1160295709e+03   -1.5965208217e+05    1.8990266784e-02    2.3098764691e-02    2.5409252107e-04    2.5450077604e+02    5.3110345124e+02    4.5850000000e+01
    3.0066814002e+02    1.1155639493e+03   -1.5965035349e+05    1.6999665645e-02    2.2728803780e-02   -5.1327940199e-03    2.5450077604e+02    5.3110345124e+02    4.5850000000e+01
    2.9864539757e+02    1.1080590020e+03   -1.5964560627e+05    1.7900078511e-02    2.3658059624e-02   -3.8885084506e-03    2.5450077604e+02    5.3110345124e+02    4.5850000000e+01
    2.9931337603e+02    1.1105373912e+03   -1.5964775517e+05    1.6311755155e-02    2.2548944807e-02    1.3183738596e-03    2.5450077604e+02    5.3110345124e+02    4.5850000000e+01
    3.0066144918e+02    1.1155391244e+03   -1.5964870842e+05    1.4297490832e-02    1.4783071855e-02    2.4531094076e-04    2.5450077604e+02    5.3110345124e+02    4.5850000000e+01
    2.9980137637e+02    1.1123480107e+03   -1.5964708187e+05    1.2080631384e-02    1.5827003171e-02   -4.3909003436e-03    2.5450077604e+02    5.3110345124e+02    4.5850000000e+01
    3.0042749476e+02    1.1146710872e+03   -1.5965116281e+05    1.2761674884e-02    1.9958728759e-02   -1.4240038648e-03    2.5450077604e+02    5.3110345124e+02    4.5850000000e+01
    3.0104311390e+02    1.1169552086e+03   -1.5965438404e+05    1.2159461528e-02    2.1157010966e-02    2.4137100457e-03    2.5450077604e+02    5.3110345124e+02    4.5850000000e+01
    2.9941410492e+02    1.1109111240e+03   -1.5964542850e+05    9.6808779282e-03    1.9562404230e-02   -4.9270811114e-04    2.5450077604e+02    5.3110345124e+02    4.5850000000e+01
    2.9984045815e+02    1.1124930152e+03   -1.5964863296e+05    1.0380265152e-02    2.2078580746e-02   -1.0989627435e-03    2.5450077604e+02    5.3110345124e+02    4.5850000000e+01
    2.9825201209e+02    1.1065994304e+03   -1.5964257353e+05    1.2516673177e-02    1.9874162840e-02   -2.6033699389e-03    2.5450077604e+02    5.3110345124e+02    4.5850000000e+01
    3.0005482477e+02    1.1132883761e+03   -1.5965062879e+05    1.4956228874e-02    1.8920853871e-02   -1.9879176777e-03    2.5450077604e+02    5.3110345124e+02    4.5850000000e+01
    2.9995621017e+02    1.1129224879e+03   -1.5965009456e+05    1.5942372298e-02    1.6937176148e-02    2.1230471533e-03    2.5450077604e+02    5.3110345124e+02    4.5850000000e+01
    3.0113579098e+02    1.1172990668e+03   -1.5965206708e+05    1.4357089921e-02    1.4968988563e-02   -5.6051346092e-04    2.5450077604e+02    5.3110345124e+02    4.5850000000e+01
    3.0005865012e+02    1.1133025692e+03   -1.5965068336e+05    1.0624472015e-02    1.5447611594e-02   -3.3722435075e-03    2.5450077604e+02    5.3110345124e+02    4.5850000000e+01
    3.0130604239e+02    1.1179307478e+03   -1.5965525633e+05    1.2740889142e-02    1.6748615236e-02    2.8657394296e-04    2.5450077604e+02    5.3110345124e+02    4.5850000000e+01
    2.9896445894e+02    1.1092428100e+03   -1.5964703787e+05    8.6239372896e-03    1.7678221092e-02    6.6671589365e-04    2.5450077604e+02    5.3110345124e+02    4.5850000000e+01
    3.0199180860e+02    1.1204751346e+03   -1.5965464439e+05    6.9678526609e-03    1.2490383975e-02   -2.8009687610e-04    2.5450077604e+02    5.3110345124e+02    4.5850000000e+01
    2.9959926248e+02    1.1115981110e+03   -1.5964687105e+05    5.0972218246e-03    1.0286438400e-02   -6.4544509036e-04    2.5450077604e+02    5.3110345124e+02    4.5850000000e+01
    3.0089996890e+02    1.1164241001e+03   -1.5965035359e+05    1.9616009990e-03    7.6021308007e-03   -2.5383449145e-03    2.5450077604e+02    5.3110345124e+02    4.5850000000e+01
    2.9917126546e+02    1.1100101208e+03   -1.5963928407e+05    7.0602679600e-04    7.1853866726e-03   -5.1834831411e-03    2.5450077604e+02    5.3110345124e+02    4.5850000000e+01
    3.0082989874e+02    1.1161641200e+03   -1.5964966880e+05    4.4892729927e-03    9.8272103841e-03   -2.3331325475e-03    2.5450077604e+02    5.3110345124e+02    4.5850000000e+01
    3.0077181765e+02    1.1159486227e+03   -1.5965023846e+05    8.5678365109e-03    1.3633671719e-02    3.9565364508e-03    2.5450077604e+02    5.3110345124e+02    4.5850000000e+01
    2.9979279871e+02    1.1123161852e+03   -1.5964945010e+05    9.9545235678e-03    1.3343892986e-02    1.8766785033e-03    2.5450077604e+02    5.3110345124e+02    4.5850000000e+01
    3.0048131324e+02    1.1148707690e+03   -1.5964756870e+05    6.8562870958e-03    1.2862960534e-02   -3.3743761259e-03    2.5450077604e+02    5.3110345124e+02    4.5850000000e+01
    2.9901996170e+02    1.1094487410e+03   -1.5964472449e+05    1.2071102247e-02    1.5804935289e-02    3.1844662937e-03    2.5450077604e+02    5.3110345124e+02    4.5850000000e+01
    2.9926944703e+02    1.1103744022e+03   -1.5964639095e+05    7.8620358287e-03    1.5098882148e-02   -9.5895694738e-04    2.5450077604e+02    5.3110345124e+02    4.5850000000e+01
    2.9960984400e+02    1.1116373714e+03   -1.5964662434e+05    1.1189665509e-02    1.5774920225e-02    2.4299935941e-03    2.5450077604e+02    5.3110345124e+02    4.5850000000e+01
    3.0098344280e+02    1.1167338119e+03   -1.5965261482e+05    1.0249822054e-02    1.6573821323e-02   -5.5617268895e-04    2.5450077604e+02    5.3110345124e+02    4.5850000000e+01
    3.0156291898e+02    1.1188838327e+03   -1.5965730622e+05    8.6359364217e-03    1.5151257550e-02   -2.6394629414e-03    2.5450077604e+02    5.3110345124e+02    4.5850000000e+01
    2.9918781013e+02    1.1100715062e+03   -1.5964317628e+05    8.5209026357e-03    1.2439737308e-02    8.6259506348e-04    2.5450077604e+02    5.3110345124e+02    4.5850000000e+01
    3.0005110797e+02    1.1132745857e+03   -1.5964845618e+05    9.5993983770e-03    1.3510185006e-02   -3.0896895790e-04    2.5450077604e+02    5.3110345124e+02    4.5850000000e+01
    2.9996913729e+02    1.1129704512e+03   -1.5964804915e+05    1.1896831925e-02    1.5674936414e-02   -6.2561119632e-04    2.5450077604e+02    5.3110345124e+02    4.5850000000e+01
    3.0174485186e+02    1.1195588552e+03   -1.5965413077e+05    1.0259212557e-02    1.5369070226e-02   -1.3347017127e-03    2.5450077604e+02    5.3110345124e+02    4.5850000000e+01
    3.0045048418e+02    1.1147563845e+03   -1.5964937606e+05    1.1286119063e-02    1.6779067027e-02   -1.3307756703e-03    2.5450077604e+02    5.3110345124e+02    4.5850000000e+01
    3.0074048361e+02    1.1158323645e+03   -1.5964965089e+05    1.3294280895e-02    1.6679402128e-02    4.1003557879e-03    2.5450077604e+02    5.3110345124e+02    4.5850000000e+01
    3.0052224233e+02    1.1150226276e+03   -1.5965104705e+05    1.2920513482e-02    1.5309649279e-02    8.7229727924e-04    2.5450077604e+02    5.3110345124e+02    4.5850000000e+01
    3.0003119569e+02    1.1132007055e+03   -1.5964978326e+05    1.3217522373e-02    1.5996345846e-02   -1.6147792235e-03    2.5450077604e+02    5.3110345124e+02    4.5850000000e+01
    3.0011032369e+02    1.1134942928e+03   -1.5964936760e+05    1.3649343745e-02    1.5396958634e-02   -1.6847566205e-03    2.5450077604e+02    5.3110345124e+02    4.5850000000e+01
    2.9868578360e+02    1.1082088456e+03   -1.5964291679e+05    1.4888114147e-02    1.6564102391e-02   -1.8961457209e-03    2.5450077604e+02    5.3110345124e+02    4.5850000000e+01
    2.9917131020e+02    1.1100102868e+03   -1.5964841792e+05    1.9097917488e-02    1.6296405331e-02    2.1741941461e-03    2.5450077604e+02    5.3110345124e+02    4.5850000000e+01
    3.0069338725e+02    1.1156576237e+03   -1.5965175859e+05    2.0425747892e-02    1.2659979639e-02    9.0863875751e-05    2.5450077604e+02    5.3110345124e+02    4.5850000000e+01
    2.9803507814e+02    1.1057945440e+03   -1.5964238535e+05    1.9000314891e-02    1.5036669543e-02    1.8695475589e-04    2.5450077604e+02    5.3110345124e+02    4.5850000000e+01
    3.0077450429e+02    1.1159585909e+03   -1.5965139696e+05    1.7512373639e-02    1.1402818631e-02   -1.9180990214e-03    2.5450077604e+02    5.3110345124e+02    4.5850000000e+01
    2.9914847509e+02    1.1099255620e+03   -1.5964801927e+05    1.9467758689e-02    1.2548749875e-02   -1.4938308993e-03    2.5450077604e+02    5.3110345124e+02    4.5850000000e+01
    2.9913606419e+02    1.1098795141e+03   -1.5964487554e+05    2.0032072575e-02    1.3130943476e-02    5.4224344276e-03    2.5450077604e+02    5.3110345124e+02    4.5850000000e+01
    2.9994327027e+02    1.1128744772e+03   -1.5964665421e+05    1.9054954964e-02    1.0410085801e-02    6.1950436583e-03    2.5450077604e+02    5.3110345124e+02    4.5850000000e+01
    3.0193316970e+02    1.1202575677e+03   -1.5965638778e+05    1.7956085440e-02    8.5348719268e-03   -2.8899024022e-03    2.5450077604e+02    5.3110345124e+02    4.5850000000e+01
    2.9984184806e+02    1.1124981721e+03   -1.5964998446e+05    1.8528325810e-02    1.1321812055e-02   -3.2990603486e-03    2.5450077604e+02    5.3110345124e+02    4.5850000000e+01
    3.0004760847e+02    1.1132616015e+03   -1.5965265415e+05    2.2743413081e-02    1.1642799679e-02    7.7444731696e-04    2.5450077604e+02    5.3110345124e+02    4.5850000000e+01
    2.9999793102e+02    1.1130772841e+03   -1.5964671137e+05    1.7946821629e-02    3.8865683403e-03    1.4089148548e-03    2.5450077604e+02    5.3110345124e+02    4.5850000000e+01
    3.0059557104e+02    1.1152946979e+03   -1.5965002159e+05    1.6101207600e-02    3.3419201141e-03   -5.8878195805e-04    2.5450077604e+02    5.3110345124e+02    4.5850000000e+01
    2.9868337116e+02    1.1081998948e+03   -1.5964092048e+05    1.7079212062e-02    2.0752262906e-03   -3.6250559225e-04    2.5450077604e+02    5.3110345124e+02    4.5850000000e+01
    3.0024912379e+02    1.1140092804e+03   -1.5964999874e+05    1.9146551749e-02    6.5020700865e-03   -8.5149752299e-04    2.5450077604e+02    5.3110345124e+02    4.5850000000e+01
    2.9971848678e+02    1.1120404668e+03   -1.5964529189e+05    1.8642034731e-02    7.0862927994e-03    6.3406988395e-04    2.5450077604e+02    5.3110345124e+02    4.5850000000e+01
    3.0099287168e+02    1.1167687957e+03   -1.5965336104e+05    2.1616639765e-02    8.2804197173e-03   -3.8565379652e-03    2.5450077604e+02    5.3110345124e+02    4.5850000000e+01
    3.0013357984e+02    1.1135805796e+03   -1.5964869076e+05    2.2450932441e-02    1.0129912732e-02   -7.7437456629e-04    2.5450077604e+02    5.3110345124e+02    4.5850000000e+01
    3.0041165191e+02    1.1146123058e+03   -1.5964720411e+05    2.1948890345e-02    4.6466444702e-03   -7.7740779121e-04    2.5450077604e+02    5.3110345124e+02    4.5850000000e+01
    3.0140972328e+02    1.1183154332e+03   -1.5965447063e+05    2.0491210532e-02    4.9976829872e-03   -1.6479059323e-03    2.5450077604e+02    5.3110345124e+02    4.5850000000e+01
    2.9878023342e+02    1.1085592812e+03   -1.5964524442e+05    2.1315335697e-02    6.3939560180e-03    2.6439519037e-04    2.5450077604e+02    5.3110345124e+02    4.5850000000e+01
    3.0145696233e+02    1.1184907035e+03   -1.5965418576e+05    2.1246716915e-02    4.5029260429e-03    1.7272476463e-03    2.5450077604e+02    5.3110345124e+02    4.5850000000e+01
    3.0081484100e+02    1.1161082515e+03   -1.5964936016e+05    1.9849791220e-02    3.8013539252e-03    7.2081223344e-04    2.5450077604e+02    5.3110345124e+02    4.5850000000e+01
    2.9960116130e+02    1.1116051561e+03   -1.5964616085e+05    1.8340886673e-02    3.3023392333e-03    1.3368002556e-03    2.5450077604e+02    5.3110345124e+02    4.5850000000e+01
    2.9830941534e+02    1.1068124127e+03   -1.5963940150e+05    1.7157733281e-02    3.1103797800e-03    1.4016959449e-03    2.5450077604e+02    5.3110345124e+02    4.5850000000e+01
    3.0022974113e+02    1.1139373653e+03   -1.5964825471e+05    1.9730601767e-02    3.3597954426e-03   -5.7172005717e-04    2.5450077604e+02    5.3110345124e+02    4.5850000000e+01
    2.9990669529e+02    1.1127387737e+03   -1.5964848533e+05    1.9581125971e-02    2.5635294028e-03   -8.8670525488e-04    2.5450077604e+02    5.3110345124e+02    4.5850000000e+01
    3.0055700526e+02    1.1151516079e+03   -1.5965210136e+05    2.2360943126e-02    2.2925960592e-03   -5.5001484430e-04    2.5450077604e+02    5.3110345124e+02    4.5850000000e+01
    2.9989553451e+02    1.1126973641e+03   -1.5964523379e+05    2.1321795321e-02    2.2255024785e-03    1.6290451413e-03    2.5450077604e+02    5.3110345124e+02    4.5850000000e+01
    2.9803860464e+02    1.1058076284e+03   -1.5964257297e+05    1.9625170594e-02    5.2411242945e-03   -5.9224756558e-04    2.5450077604e+02    5.3110345124e+02    4.5850000000e+01
    3.0101209778e+02    1.1168401300e+03   -1.5965454743e+05    2.0752441694e-02    6.6450601312e-03   -1.1878857115e-03    2.5450077604e+02    5.3110345124e+02    4.5850000000e+01
    3.0133958051e+02    1.1180551837e+03   -1.5965224258e+05    1.8562948775e-02    6.2587726559e-03    6.2288651206e-03    2.5450077604e+02    5.3110345124e+02    4.5850000000e+01
    3.0059325821e+02    1.1152861166e+03   -1.5965190296e+05    1.7261769168e-02    6.5847516094e-03   -2.0756847047e-03    2.5450077604e+02    5.3110345124e+02    4.5850000000e+01
    2.9961734843e+02    1.1116652149e+03   -1.5964920192e+05    1.6433869097e-02    2.1106158157e-03   -2.7197622973e-03    2.5450077604e+02    5.3110345124e+02    4.5850000000e+01
    3.0059301043e+02    1.1152851973e+03   -1.5964932542e+05    1.4142714122e-02   -5.9212545854e-04   -1.1792825978e-03    2.5450077604e+02    5.3110345124e+02    4.5850000000e+01
    3.0075088486e+02    1.1158709561e+03   -1.5964746398e+05    1.0252039200e-02   -4.4147276813e-03    8.5649739421e-04    2.5450077604e+02    5.3110345124e+02    4.5850000000e+01
    2.9962778273e+02    1.1117039292e+03   -1.5964613038e+05    1.2456663990e-02   -3.2251815289e-03    1.4064010552e-03    2.5450077604e+02    5.3110345124e+02    4.5850000000e+01
    3.0128931933e+02    1.1178687005e+03   -1.5965220395e+05    1.3751242810e-02    4.9349494716e-04   -1.1714028890e-03    2.5450077604e+02    5.3110345124e+02    4.5850000000e+01
    2.9847582519e+02    1.1074298404e+03   -1.5964088836e+05    1.3775639519e-02   -1.0994119921e-03    1.7993854056e-03    2.5450077604e+02    5.3110345124e+02    4.5850000000e+01
    3.0069839953e+02    1.1156762207e+03   -1.5965376245e+05    1.3999859352e-02    2.2515721673e-03   -2.5961126709e-03    2.5450077604e+02    5.3110345124e+02    4.5850000000e+01
    2.9897079841e+02    1.1092663313e+03   -1.5964401172e+05    1.1499383576e-02    2.5027503386e-03   -3.6891174317e-04    2.5450077604e+02    5.3110345124e+02    4.5850000000e+01
    2.9988556436e+02    1.1126603720e+03   -1.5964657703e+05    1.2069446608e-02    9.9189890169e-04    1.4397768713e-03    2.5450077604e+02    5.3110345124e+02    4.5850000000e+01
    3.0122202353e+02    1.1176190140e+03   -1.5965147792e+05    1.0415825973e-02    7.8328100921e-04   -1.8488538018e-03    2.5450077604e+02    5.3110345124e+02    4.5850000000e+01
    3.0092483748e+02    1.1165163696e+03   -1.5965357915e+05    1.2509905883e-02   -2.9261083632e-05    4.3274482303e-03    2.5450077604e+02    5.3110345124e+02    4.5850000000e+01
    2.9955231836e+02    1.1114239350e+03   -1.5964190038e+05    1.0247866746e-02   -1.3702246083e-03   -2.2628802145e-03    2.5450077604e+02    5.3110345124e+02    4.5850000000e+01
    2.9867003626e+02    1.1081504185e+03   -1.5964411583e+05    1.5604920015e-02    2.3809618953e-03    5.0969990140e-05    2.5450077604e+02    5.3110345124e+02    4.5850000000e+01
    3.0082326861e+02    1.1161395203e+03   -1.5965335510e+05    1.4611256772e-02    3.5507304555e-03    1.1860158934e-03    2.5450077604e+02    5.3110345124e+02    4.5850000000e+01
    2.9929178702e+02    1.1104572899e+03   -1.5964512709e+05    1.4222936701e-02    9.3651831510e-04   -1.6498136066e-03    2.5450077604e+02    5.3110345124e+02    4.5850000000e+01
    2.9959275150e+02    1.1115739533e+03   -1.5964561662e+05    1.4951671277e-02    2.0874864235e-03   -1.1087756011e-03    2.5450077604e+02    5.3110345124e+02    4.5850000000e+01
    3.0115080914e+02    1.1173547885e+03   -1.5965403659e+05    1.5692535097e-02    4.8402026919e-03    1.5270926537e-03    2.5450077604e+02    5.3110345124e+02    4.5850000000e+01
    3.0139010116e+02    1.1182426296e+03   -1.5965286336e+05    1.2439123240e-02    1.6404774849e-03    1.0712990736e-03    2.5450077604e+02    5.3110345124e+02    4.5850000000e+01
    2.9950195839e+02    1.1112370852e+03   -1.5964424664e+05    1.5891511439e-02    3.4742339572e-03    2.1442573050e-03    2.5450077604e+02    5.3110345124e+02    4.5850000000e+01
    2.9988633883e+02    1.1126632455e+03   -1.5965053207e+05    1.7420311195e-02    3.2858841700e-03   -1.8696562532e-03    2.5450077604e+02    5.3110345124e+02    4.5850000000e+01
    2.9916296254e+02    1.1099793146e+03   -1.5964669726e+05    1.6562234409e-02    4.2827148930e-03   -4.0022998434e-03    2.5450077604e+02    5.3110345124e+02    4.5850000000e+01
    3.0004435311e+02    1.1132495232e+03   -1.5964737149e+05    1.8228431216e-02    2.3810983722e-03   -1.0263513465e-05    2.5450077604e+02    5.3110345124e+02    4.5850000000e+01
    3.0100265056e+02    1.1168050781e+03   -1.5965249095e+05    1.9417762394e-02    5.3999280524e-03    1.1167388934e-03    2.5450077604e+02    5.3110345124e+02    4.5850000000e+01
    2.9337550986e+02    1.0885062261e+03   -1.5963483028e+05    5.0159267389e-02    4.9809146668e-02    2.9824042787e-02    2.5450077604e+02    5.3110345124e+02    4.5850000000e+01
    2.9991150110e+02    1.1127566046e+03   -1.5964694188e+05    2.9861330683e-02    2.4169542554e-02   -1.0467753378e-02    2.5450077604e+02    5.3110345124e+02    4.5850000000e+01
    2.9998183291e+02    1.1130175556e+03   -1.5965090236e+05    2.6281765904e-02    2.3308067243e-02   -1.3887604409e-02    2.5450077604e+02    5.3110345124e+02    4.5850000000e+01
    2.9725755817e+02    1.1029097248e+03   -1.5963741397e+05    2.5477286370e-02    1.8877796087e-02   -1.7951857432e-06    2.5450077604e+02    5.3110345124e+02    4.5850000000e+01
    2.9952920546e+02    1.1113381796e+03   -1.5964666512e+05    2.4145829681e-02    1.7243175514e-02    2.6296630169e-03    2.5450077604e+02    5.3110345124e+02    4.5850000000e+01
    3.0079916333e+02    1.1160500829e+03   -1.5965268030e+05    1.9652394535e-02    1.8006902709e-02   -8.6572413606e-05    2.5450077604e+02    5.3110345124e+02    4.5850000000e+01
    2.9969071071e+02    1.1119374098e+03   -1.5964557009e+05    1.8740795650e-02    1.3596924212e-02    6.6922822518e-04    2.5450077604e+02    5.3110345124e+02    4.5850000000e+01
    3.0085894021e+02    1.1162718721e+03   -1.5965411932e+05    1.7599745005e-02    1.0988944036e-02   -1.8940797029e-03    2.5450077604e+02    5.3110345124e+02    4.5850000000e+01
    3.0228630462e+02    1.1215677982e+03   -1.5965384497e+05    1.7561503357e-02    9.6214110065e-03    7.2247096233e-04    2.5450077604e+02    5.3110345124e+02    4.5850000000e+01
    3.0227903220e+02    1.1215408155e+03   -1.5965418588e+05    1.7635320254e-02    9.2998689424e-03   -2.7469991255e-03    2.5450077604e+02    5.3110345124e+02    4.5850000000e+01
    2.9986940424e+02    1.1126004134e+03   -1.5965100898e+05    1.8682735248e-02    1.5094603748e-02   -3.7746271105e-03    2.5450077604e+02    5.3110345124e+02    4.5850000000e+01
    3.0091437993e+02    1.1164775691e+03   -1.5965302819e+05    1.9302529006e-02    1.5789637729e-02    1.8046466586e-03    2.5450077604e+02    5.3110345124e+02    4.5850000000e+01
    3.0055750213e+02    1.1151534514e+03   -1.5965075286e+05    1.5882738697e-02    1.6369286606e-02    4.9375822146e-04    2.5450077604e+02    5.3110345124e+02    4.5850000000e+01
    2.9942143526e+02    1.1109383216e+03   -1.5964647838e+05    1.5290221308e-02    1.2194588280e-02   -2.0673562125e-03    2.5450077604e+02    5.3110345124e+02    4.5850000000e+01
    2.9843839650e+02    1.1072909694e+03   -1.5963950626e+05    1.3240827648e-02    6.6291606288e-03   -6.7333508166e-04    2.5450077604e+02    5.3110345124e+02    4.5850000000e+01
    2.9982689974e+02    1.1124427096e+03   -1.5964598862e+05    1.2369939849e-02    9.2908860811e-03   -6.9611474946e-04    2.5450077604e+02    5.3110345124e+02    4.5850000000e+01
    2.9808344286e+02    1.1059739908e+03   -1.5964038766e+05    1.4194906600e-02    9.2746991769e-03   -2.7162719462e-04    2.5450077604e+02    5.3110345124e+02    4.5850000000e+01
    2.9964619458e+02    1.1117722423e+03   -1.5965138302e+05    1.7834527261e-02    7.6561981691e-03   -1.0970124614e-03    2.5450077604e+02    5.3110345124e+02    4.5850000000e+01
    2.9998578124e+02    1.1130322050e+03   -1.5964934115e+05    1.1909379286e-02    7.9191843508e-03   -2.1536795479e-03    2.5450077604e+02    5.3110345124e+02    4.5850000000e+01
    3.0064101287e+02    1.1154632999e+03   -1.5964836786e+05    1.0716776052e-02    4.4976745619e-03   -1.3390719772e-03    2.5450077604e+02    5.3110345124e+02    4.5850000000e+01
    3.0102559352e+02    1.1168902030e+03   -1.5965199639e+05    1.3926391937e-02    8.6684189850e-03    3.8773756728e-03    2.5450077604e+02    5.3110345124e+02    4.5850000000e+01
    2.9818553979e+02    1.1063527994e+03   -1.5964160208e+05    1.0077661589e-02    1.2178841433e-02    1.4027328343e-03    2.5450077604e+02    5.3110345124e+02    4.5850000000e+01
    2.9951138571e+02    1.1112720632e+03   -1.5965012109e+05    1.0933420631e-02    1.2537053545e-02    9.1495800048e-04    2.5450077604e+02    5.3110345124e+02    4.5850000000e+01
    3.0193422475e+02    1.1202614822e+03   -1.5965458665e+05    6.4331349374e-03    9.9518898139e-03    1.8829641028e-03    2.5450077604e+02    5.3110345124e+02    4.5850000000e+01
    2.9895050716e+02    1.1091910450e+03   -1.5964372337e+05    6.8095541218e-03    7.1172319295e-03   -2.2100952366e-03    2.5450077604e+02    5.3110345124e+02    4.5850000000e+01
    2.9923274287e+02    1.1102382194e+03   -1.5964021183e+05    5.1791729630e-03    3.2218121451e-03   -5.2703578701e-03    2.5450077604e+02    5.3110345124e+02    4.5850000000e+01
    2.9971806520e+02    1.1120389027e+03   -1.5964826675e+05    9.7400633968e-03    8.4507326851e-03   -2.5485643903e-03    2.5450077604e+02    5.3110345124e+02    4.5850000000e+01
    3.0060221539e+02    1.1153193503e+03   -1.5964941405e+05    9.4284538436e-03    1.0627372408e-02    4.6681246239e-03    2.5450077604e+02    5.3110345124e+02    4.5850000000e+01
    3.0023805125e+02    1.1139681982e+03   -1.5964660976e+05    8.5129257883e-03    1.1016770096e-02    1.6806005199e-03    2.5450077604e+02    5.3110345124e+02    4.5850000000e+01
    3.0057809455e+02    1.1152298551e+03   -1.5965100236e+05    9.5125839151e-03    1.4242123354e-02   -1.8269019507e-03    2.5450077604e+02    5.3110345124e+02    4.5850000000e+01
    2.9961524240e+02    1.1116574010e+03   -1.5964789607e+05    1.0785016871e-02    1.3355508238e-02   -6.6234518442e-03    2.5450077604e+02    5.3110345124e+02    4.5850000000e+01
    2.9860790241e+02    1.1079198843e+03   -1.5964422890e+05    1.2141752187e-02    1.7375143180e-02    1.1545913669e-03    2.5450077604e+02    5.3110345124e+02    4.5850000000e+01
    3.0191536895e+02    1.1201915219e+03   -1.5965608457e+05    1.3064955576e-02    1.8138580960e-02    3.2133152497e-03    2.5450077604e+02    5.3110345124e+02    4.5850000000e+01
    2.9932100361e+02    1.1105656917e+03   -1.5964687064e+05    1.5211618504e-02    1.6089947398e-02   -7.3626748334e-04    2.5450077604e+02    5.3110345124e+02    4.5850000000e+01
    3.0056056380e+02    1.1151648111e+03   -1.5965153212e+05    1.4725872243e-02    1.5333397738e-02   -2.0048478011e-03    2.5450077604e+02    5.3110345124e+02    4.5850000000e+01
    3.0075171427e+02    1.1158740335e+03   -1.5965296080e+05    1.9267385925e-02    1.6414286039e-02   -1.4383628369e-03    2.5450077604e+02    5.3110345124e+02    4.5850000000e+01
    2.9861839332e+02    1.1079588086e+03   -1.5964558403e+05    1.9861594960e-02    1.6190515394e-02    2.2043177342e-03    2.5450077604e+02    5.3110345124e+02    4.5850000000e+01
    2.9839409988e+02    1.1071266164e+03   -1.5964236634e+05    1.3346811923e-02    1.4844806478e-02   -4.8059678060e-04    2.5450077604e+02    5.3110345124e+02    4.5850000000e+01
    2.9968008113e+02    1.1118979710e+03   -1.5964496092e+05    1.2837731097e-02    1.0612839694e-02   -3.6037123693e-03    2.5450077604e+02    5.3110345124e+02    4.5850000000e+01
    2.9937990607e+02    1.1107842365e+03   -1.5964813861e+05    1.6778879670e-02    1.3847410984e-02   -1.7766574135e-03    2.5450077604e+02    5.3110345124e+02    4.5850000000e+01
    3.0119677743e+02    1.1175253438e+03   -1.5965557938e+05    1.6353252719e-02    1.4633546283e-02    3.4300999238e-03    2.5450077604e+02    5.3110345124e+02    4.5850000000e+01
    3.0047542697e+02    1.1148489293e+03   -1.5965145855e+05    1.7936459321e-02    1.3822031933e-02    3.6720126564e-03    2.5450077604e+02    5.3110345124e+02    4.5850000000e+01
    3.0022771716e+02    1.1139298558e+03   -1.5964469298e+05    1.2513314169e-02    1.2782321798e-02    3.4283562780e-03    2.5450077604e+02    5.3110345124e+02    4.5850000000e+01
    3.0162416307e+02    1.1191110656e+03   -1.5965340051e+05    1.5836559454e-02    1.4957623453e-02    1.1096566422e-03    2.5450077604e+02    5.3110345124e+02    4.5850000000e+01
    2.9887212342e+02    1.1089002191e+03   -1.5964819811e+05    1.9450062504e-02    1.6360019698e-02   -9.9000950073e-04    2.5450077604e+02    5.3110345124e+02    4.5850000000e+01
    2.9818259647e+02    1.1063418788e+03   -1.5964175645e+05    1.4259426408e-02    1.4345001112e-02    8.0641209762e-04    2.5450077604e+02    5.3110345124e+02    4.5850000000e+01
    3.0120188552e+02    1.1175442963e+03   -1.5965174462e+05    1.2676201268e-02    1.1538428934e-02   -1.4796418632e-04    2.5450077604e+02    5.3110345124e+02    4.5850000000e+01
    3.0016246934e+02    1.1136877679e+03   -1.5964884645e+05    1.0786649365e-02    1.0335514524e-02   -1.6053970931e-03    2.5450077604e+02    5.3110345124e+02    4.5850000000e+01
    2.9993889627e+02    1.1128582485e+03   -1.5964537351e+05    1.1969246542e-02    1.2289912370e-02   -5.5960716433e-04    2.5450077604e+02    5.3110345124e+02    4.5850000000e+01
    3.0159264946e+02    1.1189941412e+03   -1.5965518450e+05    1.5854692781e-02    1.3388960634e-02    1.4298825362e-03    2.5450077604e+02    5.3110345124e+02    4.5850000000e+01
    2.9907976962e+02    1.1096706453e+03   -1.5964512931e+05    1.7294348769e-02    1.3382576979e-02   -9.7565194198e-04    2.5450077604e+02    5.3110345124e+02    4.5850000000e+01
    2.9855466481e+02    1.1077223577e+03   -1.5964610164e+05    2.0839755679e-02    1.4652905437e-02   -6.2162909887e-04    2.5450077604e+02    5.3110345124e+02    4.5850000000e+01
    3.0005646544e+02    1.1132944634e+03   -1.5964829426e+05    2.1894622645e-02    1.3605993297e-02    2.0900582247e-03    2.5450077604e+02    5.3110345124e+02    4.5850000000e+01
    3.0071286826e+02    1.1157299037e+03   -1.5965348454e+05    2.1277376943e-02    1.3706360497e-02    4.4033409572e-04    2.5450077604e+02    5.3110345124e+02    4.5850000000e+01
    2.9888830868e+02    1.1089602710e+03   -1.5964348527e+05    1.7251279458e-02    9.5490426077e-03   -4.7196578877e-03    2.5450077604e+02    5.3110345124e+02    4.5850000000e+01
    3.0055529978e+02    1.1151452801e+03   -1.5965031192e+05    1.7593001957e-02    7.9982670779e-03    2.5369714710e-03    2.5450077604e+02    5.3110345124e+02    4.5850000000e+01
    3.0122725920e+02    1.1176384398e+03   -1.5965436527e+05    1.6780172569e-02    6.5603053493e-03    2.7112578016e-03    2.5450077604e+02    5.3110345124e+02    4.5850000000e+01
    2.9994642521e+02    1.1128861830e+03   -1.5964461475e+05    1.1197442181e-02    4.1362586150e-03   -1.3524049731e-03    2.5450077604e+02    5.3110345124e+02    4.5850000000e+01
    2.9984473050e+02    1.1125088668e+03   -1.5964831016e+05    1.2592574454e-02    5.3006611288e-03    3.1166094389e-03    2.5450077604e+02    5.3110345124e+02    4.5850000000e+01
    2.9893261640e+02    1.1091246652e+03   -1.5964182758e+05    1.1804681075e-02    3.6546226171e-03    1.6218731592e-03    2.5450077604e+02    5.3110345124e+02    4.5850000000e+01
    3.0130102353e+02    1.1179121264e+03   -1.5965311467e+05    1.2321012080e-02    6.3417634854e-03   -2.4945263466e-03    2.5450077604e+02    5.3110345124e+02    4.5850000000e+01
    3.0228429715e+02    1.1215603500e+03   -1.5965701601e+05    1.3294550841e-02    5.5690482732e-03    1.7155676856e-04    2.5450077604e+02    5.3110345124e+02    4.5850000000e+01
    3.0069707707e+02    1.1156713140e+03   -1.5965144760e+05    1.5964923594e-02    4.5919100923e-03    2.5908988123e-04    2.5450077604e+02    5.3110345124e+02    4.5850000000e+01
    2.9884697881e+02    1.1088069255e+03   -1.5964278563e+05    1.4762265996e-02    3.8743475746e-03    9.7250691368e-04    2.5450077604e+02    5.3110345124e+02    4.5850000000e+01
    2.9986001871e+02    1.1125655904e+03   -1.5964423463e+05    1.5060934060e-02    4.1108935864e-03    1.6154305589e-03    2.5450077604e+02    5.3110345124e+02    4.5850000000e+01
    2.9956133633e+02    1.1114573942e+03   -1.5964927907e+05    1.8106814311e-02    6.9191007803e-03   -7.3853599642e-04    2.5450077604e+02    5.3110345124e+02    4.5850000000e+01
    2.9951106563e+02    1.1112708756e+03   -1.5964696295e+05    1.8952878224e-02    4.7121477439e-03    1.4847327370e-03    2.5450077604e+02    5.3110345124e+02    4.5850000000e+01
    3.0182406305e+02    1.1198527511e+03   -1.5965699770e+05    2.1457052633e-02    3.2436625571e-03    2.8315521572e-03    2.5450077604e+02    5.3110345124e+02    4.5850000000e+01
    2.9969137118e+02    1.1119398603e+03   -1.5964626022e+05    2.1350745629e-02    3.0281895818e-03    8.0612562241e-04    2.5450077604e+02    5.3110345124e+02    4.5850000000e+01
    3.0037830433e+02    1.1144885768e+03   -1.5964906276e+05    2.0760050845e-02   -9.1636133414e-04   -3.7976974364e-03    2.5450077604e+02    5.3110345124e+02    4.5850000000e+01
    3.0133533989e+02    1.1180394498e+03   -1.5965251136e+05    2.4791464066e-02    2.5598586256e-04   -2.7427323859e-03    2.5450077604e+02    5.3110345124e+02    4.5850000000e+01
    3.0113872618e+02    1.1173099572e+03   -1.5965546611e+05    2.4406233174e-02    2.4025500049e-03    5.6007773146e-04    2.5450077604e+02    5.3110345124e+02    4.5850000000e+01
    3.0007841760e+02    1.1133759121e+03   -1.5965026344e+05    2.2017925115e-02    2.7271203398e-03    1.6585335731e-03    2.5450077604e+02    5.3110345124e+02    4.5850000000e+01
    3.0052893637e+02    1.1150474643e+03   -1.5965084571e+05    1.7285988068e-02    2.7017519003e-03    2.5805396038e-04    2.5450077604e+02    5.3110345124e+02    4.5850000000e+01
    3.0135472940e+02    1.1181113904e+03   -1.5965339164e+05    1.4182905996e-02    1.8415841738e-03   -3.6941745667e-03    2.5450077604e+02    5.3110345124e+02    4.5850000000e+01
    2.9943820108e+02    1.1110005275e+03   -1.5964664491e+05    1.7401505291e-02    1.7571279780e-03    2.2798046112e-03    2.5450077604e+02    5.3110345124e+02    4.5850000000e+01
    3.0010844958e+02    1.1134873393e+03   -1.5965159781e+05    1.8712700139e-02    5.3580043310e-03    2.2134641592e-03    2.5450077604e+02    5.3110345124e+02    4.5850000000e+01
    2.9953858747e+02    1.1113729895e+03   -1.5964793941e+05    1.5914414428e-02    5.4979421451e-04   -4.3313318882e-03    2.5450077604e+02    5.3110345124e+02    4.5850000000e+01
    2.9964850487e+02    1.1117808141e+03   -1.5964415681e+05    1.4986771142e-02   -4.7616903583e-03   -1.5120470863e-03    2.5450077604e+02    5.3110345124e+02    4.5850000000e+01
    3.0153323419e+02    1.1187736937e+03   -1.5965367846e+05    1.5060917657e-02   -2.3910353355e-03    3.5734777133e-03    2.5450077604e+02    5.3110345124e+02    4.5850000000e+01
    3.0012733896e+02    1.1135574242e+03   -1.5964828463e+05    1.4487371113e-02   -4.3979605561e-04    2.0360090645e-03    2.5450077604e+02    5.3110345124e+02    4.5850000000e+01
    3.0060942539e+02    1.1153461014e+03   -1.5964981658e+05    1.2569758208e-02   -9.7735513531e-04   -1.3378261574e-03    2.5450077604e+02    5.3110345124e+02    4.5850000000e+01
    3.0055716872e+02    1.1151522144e+03   -1.5964981603e+05    1.1425935594e-02   -6.9329433691e-04   -3.0063141192e-03    2.5450077604e+02    5.3110345124e+02    4.5850000000e+01
    2.9809597951e+02    1.1060205054e+03   -1.5964182544e+05    1.3290789590e-02   -2.1839705555e-03    5.5482744213e-05    2.5450077604e+02    5.3110345124e+02    4.5850000000e+01
    2.9928728948e+02    1.1104406028e+03   -1.5964260196e+05    8.7351318148e-03   -2.0786072755e-03    1.7314438156e-03    2.5450077604e+02    5.3110345124e+02    4.5850000000e+01
    3.0021655639e+02    1.1138884462e+03   -1.5964676956e+05    7.9076922809e-03   -2.1079431189e-03   -1.7136952302e-03    2.5450077604e+02    5.3110345124e+02    4.5850000000e+01
    3.0094343330e+02    1.1165853653e+03   -1.5965212674e+05    1.4385596583e-02   -4.8925694678e-04    8.9017836381e-04    2.5450077604e+02    5.3110345124e+02    4.5850000000e+01
    3.0099833734e+02    1.1167890749e+03   -1.5965376511e+05    1.4954636415e-02   -2.1197231273e-03   -1.1390755701e-03    2.5450077604e+02    5.3110345124e+02    4.5850000000e+01
    2.9883510612e+02    1.1087628744e+03   -1.5964255998e+05    1.5984991818e-02   -1.2235744230e-03   -2.3298352256e-03    2.5450077604e+02    5.3110345124e+02    4.5850000000e+01
    3.0039813679e+02    1.1145621609e+03   -1.5965333658e+05    1.6211549821e-02   -1.0926983804e-03    1.4836149900e-03    2.5450077604e+02    5.3110345124e+02    4.5850000000e+01
    2.9997779585e+02    1.1130025770e+03   -1.5964477033e+05    1.1898752421e-02   -5.4559321381e-04    1.7530312141e-03    2.5450077604e+02    5.3110345124e+02    4.5850000000e+01
    3.0164340843e+02    1.1191824713e+03   -1.5965365864e+05    1.2152113812e-02    5.9244472644e-04    2.0457622120e-03    2.5450077604e+02    5.3110345124e+02    4.5850000000e+01
    2.9864150595e+02    1.1080445630e+03   -1.5964232897e+05    1.1420869706e-02   -8.9132905141e-04   -5.9799724188e-06    2.5450077604e+02    5.3110345124e+02    4.5850000000e+01
    2.9992913896e+02    1.1128220461e+03   -1.5964544104e+05    1.2173290394e-02    3.1134599834e-03   -1.0048604978e-03    2.5450077604e+02    5.3110345124e+02    4.5850000000e+01
    3.0009195906e+02    1.1134261548e+03   -1.5965123147e+05    1.1183956552e-02    2.6505780916e-03    4.9763266603e-04    2.5450077604e+02    5.3110345124e+02    4.5850000000e+01
    3.0015146860e+02    1.1136469520e+03   -1.5964688853e+05    1.0813323404e-02    2.0047047123e-03   -1.4847959643e-03    2.5450077604e+02    5.3110345124e+02    4.5850000000e+01
    2.9973969674e+02    1.1121191618e+03   -1.5964825970e+05    1.4068328035e-02    3.2434971896e-03    1.9804332814e-03    2.5450077604e+02    5.3110345124e+02    4.5850000000e+01
    2.9953347912e+02    1.1113540360e+03   -1.5964351116e+05    1.1542316108e-02    1.5226955032e-03    3.0725247476e-03    2.5450077604e+02    5.3110345124e+02    4.5850000000e+01
    2.9978060253e+02    1.1122709339e+03   -1.5964773594e+05    9.1703618937e-03    1.5504093418e-03   -3.6170381614e-03    2.5450077604e+02    5.3110345124e+02    4.5850000000e+01
    2.9941031614e+02    1.1108970665e+03   -1.5964272521e+05    7.8185696600e-03   -1.5504472458e-03   -9.8616228280e-04    2.5450077604e+02    5.3110345124e+02    4.5850000000e+01
